[2.136s] Invoking command in '/home/mengo/amr_project_ws/src/exploration': PYTHONPATH=/home/mengo/amr_project_ws/build/exploration/prefix_override:/home/mengo/amr_project_ws/install/exploration/lib/python3.10/site-packages:${PYTHONPATH} /usr/bin/python3 setup.py egg_info --egg-base ../../build/exploration build --build-base /home/mengo/amr_project_ws/build/exploration/build install --record /home/mengo/amr_project_ws/build/exploration/install.log --single-version-externally-managed
[2.959s] running egg_info
[2.961s] writing ../../build/exploration/exploration.egg-info/PKG-INFO
[2.964s] writing dependency_links to ../../build/exploration/exploration.egg-info/dependency_links.txt
[2.964s] writing entry points to ../../build/exploration/exploration.egg-info/entry_points.txt
[2.964s] writing requirements to ../../build/exploration/exploration.egg-info/requires.txt
[2.964s] writing top-level names to ../../build/exploration/exploration.egg-info/top_level.txt
[2.967s] reading manifest file '../../build/exploration/exploration.egg-info/SOURCES.txt'
[2.967s] adding license file 'LICENSE'
[2.970s] writing manifest file '../../build/exploration/exploration.egg-info/SOURCES.txt'
[2.970s] running build
[2.970s] running build_py
[2.971s] copying exploration/exploration.py -> /home/mengo/amr_project_ws/build/exploration/build/lib/exploration
[2.971s] running install
[2.972s] running install_lib
[2.975s] copying /home/mengo/amr_project_ws/build/exploration/build/lib/exploration/exploration.py -> /home/mengo/amr_project_ws/install/exploration/lib/python3.10/site-packages/exploration
[2.979s] byte-compiling /home/mengo/amr_project_ws/install/exploration/lib/python3.10/site-packages/exploration/exploration.py to exploration.cpython-310.pyc
[2.982s] running install_data
[2.983s] running install_egg_info
[2.989s] removing '/home/mengo/amr_project_ws/install/exploration/lib/python3.10/site-packages/exploration-0.0.0-py3.10.egg-info' (and everything under it)
[2.989s] Copying ../../build/exploration/exploration.egg-info to /home/mengo/amr_project_ws/install/exploration/lib/python3.10/site-packages/exploration-0.0.0-py3.10.egg-info
[2.991s] running install_scripts
[3.047s] Installing exploration script to /home/mengo/amr_project_ws/install/exploration/lib/exploration
[3.048s] writing list of installed files to '/home/mengo/amr_project_ws/build/exploration/install.log'
[3.169s] Invoked command in '/home/mengo/amr_project_ws/src/exploration' returned '0': PYTHONPATH=/home/mengo/amr_project_ws/build/exploration/prefix_override:/home/mengo/amr_project_ws/install/exploration/lib/python3.10/site-packages:${PYTHONPATH} /usr/bin/python3 setup.py egg_info --egg-base ../../build/exploration build --build-base /home/mengo/amr_project_ws/build/exploration/build install --record /home/mengo/amr_project_ws/build/exploration/install.log --single-version-externally-managed
