[1.953s] Invoking command in '/home/mengo/amr_project_ws/src/exploration': PYTHONPATH=/home/mengo/amr_project_ws/build/exploration/prefix_override:/home/mengo/amr_project_ws/install/exploration/lib/python3.10/site-packages:${PYTHONPATH} /usr/bin/python3 setup.py egg_info --egg-base ../../build/exploration build --build-base /home/mengo/amr_project_ws/build/exploration/build install --record /home/mengo/amr_project_ws/build/exploration/install.log --single-version-externally-managed
[2.259s] running egg_info
[2.260s] writing ../../build/exploration/exploration.egg-info/PKG-INFO
[2.260s] writing dependency_links to ../../build/exploration/exploration.egg-info/dependency_links.txt
[2.260s] writing entry points to ../../build/exploration/exploration.egg-info/entry_points.txt
[2.261s] writing requirements to ../../build/exploration/exploration.egg-info/requires.txt
[2.261s] writing top-level names to ../../build/exploration/exploration.egg-info/top_level.txt
[2.263s] reading manifest file '../../build/exploration/exploration.egg-info/SOURCES.txt'
[2.263s] adding license file 'LICENSE'
[2.263s] writing manifest file '../../build/exploration/exploration.egg-info/SOURCES.txt'
[2.264s] running build
[2.264s] running build_py
[2.264s] running install
[2.264s] running install_lib
[2.266s] running install_data
[2.266s] running install_egg_info
[2.268s] removing '/home/mengo/amr_project_ws/install/exploration/lib/python3.10/site-packages/exploration-0.0.0-py3.10.egg-info' (and everything under it)
[2.268s] Copying ../../build/exploration/exploration.egg-info to /home/mengo/amr_project_ws/install/exploration/lib/python3.10/site-packages/exploration-0.0.0-py3.10.egg-info
[2.269s] running install_scripts
[2.289s] Installing exploration script to /home/mengo/amr_project_ws/install/exploration/lib/exploration
[2.290s] writing list of installed files to '/home/mengo/amr_project_ws/build/exploration/install.log'
[2.317s] Invoked command in '/home/mengo/amr_project_ws/src/exploration' returned '0': PYTHONPATH=/home/mengo/amr_project_ws/build/exploration/prefix_override:/home/mengo/amr_project_ws/install/exploration/lib/python3.10/site-packages:${PYTHONPATH} /usr/bin/python3 setup.py egg_info --egg-base ../../build/exploration build --build-base /home/mengo/amr_project_ws/build/exploration/build install --record /home/mengo/amr_project_ws/build/exploration/install.log --single-version-externally-managed
