[2.269s] Invoking command in '/home/mengo/amr_project_ws/src/sanification': CONDA_PROMPT_MODIFIER=(base) PYTHONPATH=/home/mengo/amr_project_ws/src/build/sanification/prefix_override:/home/mengo/amr_project_ws/src/install/sanification/lib/python3.10/site-packages:${PYTHONPATH} /usr/bin/python3 setup.py egg_info --egg-base ../build/sanification build --build-base /home/mengo/amr_project_ws/src/build/sanification/build install --record /home/mengo/amr_project_ws/src/build/sanification/install.log --single-version-externally-managed
[2.750s] running egg_info
[2.751s] writing ../build/sanification/sanification.egg-info/PKG-INFO
[2.751s] writing dependency_links to ../build/sanification/sanification.egg-info/dependency_links.txt
[2.752s] writing entry points to ../build/sanification/sanification.egg-info/entry_points.txt
[2.752s] writing requirements to ../build/sanification/sanification.egg-info/requires.txt
[2.752s] writing top-level names to ../build/sanification/sanification.egg-info/top_level.txt
[2.755s] reading manifest file '../build/sanification/sanification.egg-info/SOURCES.txt'
[2.757s] writing manifest file '../build/sanification/sanification.egg-info/SOURCES.txt'
[2.758s] running build
[2.758s] running build_py
[2.758s] copying sanification/test.py -> /home/mengo/amr_project_ws/src/build/sanification/build/lib/sanification
[2.758s] running install
[2.759s] running install_lib
[2.760s] copying /home/mengo/amr_project_ws/src/build/sanification/build/lib/sanification/test.py -> /home/mengo/amr_project_ws/src/install/sanification/lib/python3.10/site-packages/sanification
[2.761s] byte-compiling /home/mengo/amr_project_ws/src/install/sanification/lib/python3.10/site-packages/sanification/test.py to test.cpython-310.pyc
[2.762s] running install_data
[2.763s] running install_egg_info
[2.766s] removing '/home/mengo/amr_project_ws/src/install/sanification/lib/python3.10/site-packages/sanification-0.0.0-py3.10.egg-info' (and everything under it)
[2.766s] Copying ../build/sanification/sanification.egg-info to /home/mengo/amr_project_ws/src/install/sanification/lib/python3.10/site-packages/sanification-0.0.0-py3.10.egg-info
[2.767s] running install_scripts
[2.798s] Installing localization script to /home/mengo/amr_project_ws/src/install/sanification/lib/sanification
[2.798s] Installing navigation script to /home/mengo/amr_project_ws/src/install/sanification/lib/sanification
[2.798s] Installing planner script to /home/mengo/amr_project_ws/src/install/sanification/lib/sanification
[2.799s] Installing sanification script to /home/mengo/amr_project_ws/src/install/sanification/lib/sanification
[2.799s] writing list of installed files to '/home/mengo/amr_project_ws/src/build/sanification/install.log'
[2.848s] Invoked command in '/home/mengo/amr_project_ws/src/sanification' returned '0': CONDA_PROMPT_MODIFIER=(base) PYTHONPATH=/home/mengo/amr_project_ws/src/build/sanification/prefix_override:/home/mengo/amr_project_ws/src/install/sanification/lib/python3.10/site-packages:${PYTHONPATH} /usr/bin/python3 setup.py egg_info --egg-base ../build/sanification build --build-base /home/mengo/amr_project_ws/src/build/sanification/build install --record /home/mengo/amr_project_ws/src/build/sanification/install.log --single-version-externally-managed
