[1.502s] Invoking command in '/home/mengo/amr_project_ws/src/exploration': PYTHONPATH=/home/mengo/amr_project_ws/build/exploration/prefix_override:/home/mengo/amr_project_ws/install/exploration/lib/python3.10/site-packages:${PYTHONPATH} /usr/bin/python3 setup.py egg_info --egg-base ../../build/exploration build --build-base /home/mengo/amr_project_ws/build/exploration/build install --record /home/mengo/amr_project_ws/build/exploration/install.log --single-version-externally-managed
[1.895s] running egg_info
[1.896s] writing ../../build/exploration/exploration.egg-info/PKG-INFO
[1.896s] writing dependency_links to ../../build/exploration/exploration.egg-info/dependency_links.txt
[1.896s] writing entry points to ../../build/exploration/exploration.egg-info/entry_points.txt
[1.897s] writing requirements to ../../build/exploration/exploration.egg-info/requires.txt
[1.897s] writing top-level names to ../../build/exploration/exploration.egg-info/top_level.txt
[1.900s] reading manifest file '../../build/exploration/exploration.egg-info/SOURCES.txt'
[1.900s] adding license file 'LICENSE'
[1.901s] writing manifest file '../../build/exploration/exploration.egg-info/SOURCES.txt'
[1.901s] running build
[1.901s] running build_py
[1.902s] copying exploration/navigation_to_pose.py -> /home/mengo/amr_project_ws/build/exploration/build/lib/exploration
[1.902s] running install
[1.902s] running install_lib
[1.905s] copying /home/mengo/amr_project_ws/build/exploration/build/lib/exploration/navigation_to_pose.py -> /home/mengo/amr_project_ws/install/exploration/lib/python3.10/site-packages/exploration
[1.907s] byte-compiling /home/mengo/amr_project_ws/install/exploration/lib/python3.10/site-packages/exploration/navigation_to_pose.py to navigation_to_pose.cpython-310.pyc
[1.909s] running install_data
[1.910s] running install_egg_info
[1.913s] removing '/home/mengo/amr_project_ws/install/exploration/lib/python3.10/site-packages/exploration-0.0.0-py3.10.egg-info' (and everything under it)
[1.913s] Copying ../../build/exploration/exploration.egg-info to /home/mengo/amr_project_ws/install/exploration/lib/python3.10/site-packages/exploration-0.0.0-py3.10.egg-info
[1.914s] running install_scripts
[1.947s] Installing navigation_to_pose script to /home/mengo/amr_project_ws/install/exploration/lib/exploration
[1.947s] writing list of installed files to '/home/mengo/amr_project_ws/build/exploration/install.log'
[1.985s] Invoked command in '/home/mengo/amr_project_ws/src/exploration' returned '0': PYTHONPATH=/home/mengo/amr_project_ws/build/exploration/prefix_override:/home/mengo/amr_project_ws/install/exploration/lib/python3.10/site-packages:${PYTHONPATH} /usr/bin/python3 setup.py egg_info --egg-base ../../build/exploration build --build-base /home/mengo/amr_project_ws/build/exploration/build install --record /home/mengo/amr_project_ws/build/exploration/install.log --single-version-externally-managed
