[1.674s] Invoking command in '/home/mengo/amr_project_ws/src/sanification': PYTHONPATH=/home/mengo/amr_project_ws/build/sanification/prefix_override:/home/mengo/amr_project_ws/install/sanification/lib/python3.10/site-packages:${PYTHONPATH} /usr/bin/python3 setup.py egg_info --egg-base ../../build/sanification build --build-base /home/mengo/amr_project_ws/build/sanification/build install --record /home/mengo/amr_project_ws/build/sanification/install.log --single-version-externally-managed
[2.093s] running egg_info
[2.094s] writing ../../build/sanification/sanification.egg-info/PKG-INFO
[2.094s] writing dependency_links to ../../build/sanification/sanification.egg-info/dependency_links.txt
[2.094s] writing entry points to ../../build/sanification/sanification.egg-info/entry_points.txt
[2.095s] writing requirements to ../../build/sanification/sanification.egg-info/requires.txt
[2.095s] writing top-level names to ../../build/sanification/sanification.egg-info/top_level.txt
[2.098s] reading manifest file '../../build/sanification/sanification.egg-info/SOURCES.txt'
[2.099s] writing manifest file '../../build/sanification/sanification.egg-info/SOURCES.txt'
[2.099s] running build
[2.099s] running build_py
[2.099s] copying sanification/planner.py -> /home/mengo/amr_project_ws/build/sanification/build/lib/sanification
[2.100s] running install
[2.100s] running install_lib
[2.101s] copying /home/mengo/amr_project_ws/build/sanification/build/lib/sanification/planner.py -> /home/mengo/amr_project_ws/install/sanification/lib/python3.10/site-packages/sanification
[2.102s] byte-compiling /home/mengo/amr_project_ws/install/sanification/lib/python3.10/site-packages/sanification/planner.py to planner.cpython-310.pyc
[2.105s] running install_data
[2.106s] running install_egg_info
[2.108s] removing '/home/mengo/amr_project_ws/install/sanification/lib/python3.10/site-packages/sanification-0.0.0-py3.10.egg-info' (and everything under it)
[2.108s] Copying ../../build/sanification/sanification.egg-info to /home/mengo/amr_project_ws/install/sanification/lib/python3.10/site-packages/sanification-0.0.0-py3.10.egg-info
[2.110s] running install_scripts
[2.134s] Installing localization script to /home/mengo/amr_project_ws/install/sanification/lib/sanification
[2.135s] Installing navigation script to /home/mengo/amr_project_ws/install/sanification/lib/sanification
[2.135s] Installing planner script to /home/mengo/amr_project_ws/install/sanification/lib/sanification
[2.135s] Installing sanification script to /home/mengo/amr_project_ws/install/sanification/lib/sanification
[2.135s] writing list of installed files to '/home/mengo/amr_project_ws/build/sanification/install.log'
[2.243s] Invoked command in '/home/mengo/amr_project_ws/src/sanification' returned '0': PYTHONPATH=/home/mengo/amr_project_ws/build/sanification/prefix_override:/home/mengo/amr_project_ws/install/sanification/lib/python3.10/site-packages:${PYTHONPATH} /usr/bin/python3 setup.py egg_info --egg-base ../../build/sanification build --build-base /home/mengo/amr_project_ws/build/sanification/build install --record /home/mengo/amr_project_ws/build/sanification/install.log --single-version-externally-managed
