[2.209s] Invoking command in '/home/mengo/amr_project_ws/src/exploration': PYTHONPATH=/home/mengo/amr_project_ws/build/exploration/prefix_override:/home/mengo/amr_project_ws/install/exploration/lib/python3.10/site-packages:${PYTHONPATH} /usr/bin/python3 setup.py egg_info --egg-base ../../build/exploration build --build-base /home/mengo/amr_project_ws/build/exploration/build install --record /home/mengo/amr_project_ws/build/exploration/install.log --single-version-externally-managed
[2.505s] running egg_info
[2.505s] writing ../../build/exploration/exploration.egg-info/PKG-INFO
[2.505s] writing dependency_links to ../../build/exploration/exploration.egg-info/dependency_links.txt
[2.506s] writing entry points to ../../build/exploration/exploration.egg-info/entry_points.txt
[2.506s] writing requirements to ../../build/exploration/exploration.egg-info/requires.txt
[2.506s] writing top-level names to ../../build/exploration/exploration.egg-info/top_level.txt
[2.508s] reading manifest file '../../build/exploration/exploration.egg-info/SOURCES.txt'
[2.508s] adding license file 'LICENSE'
[2.509s] writing manifest file '../../build/exploration/exploration.egg-info/SOURCES.txt'
[2.509s] running build
[2.509s] running build_py
[2.509s] running install
[2.510s] running install_lib
[2.511s] running install_data
[2.512s] running install_egg_info
[2.513s] removing '/home/mengo/amr_project_ws/install/exploration/lib/python3.10/site-packages/exploration-0.0.0-py3.10.egg-info' (and everything under it)
[2.513s] Copying ../../build/exploration/exploration.egg-info to /home/mengo/amr_project_ws/install/exploration/lib/python3.10/site-packages/exploration-0.0.0-py3.10.egg-info
[2.515s] running install_scripts
[2.533s] Installing exploration script to /home/mengo/amr_project_ws/install/exploration/lib/exploration
[2.534s] writing list of installed files to '/home/mengo/amr_project_ws/build/exploration/install.log'
[2.560s] Invoked command in '/home/mengo/amr_project_ws/src/exploration' returned '0': PYTHONPATH=/home/mengo/amr_project_ws/build/exploration/prefix_override:/home/mengo/amr_project_ws/install/exploration/lib/python3.10/site-packages:${PYTHONPATH} /usr/bin/python3 setup.py egg_info --egg-base ../../build/exploration build --build-base /home/mengo/amr_project_ws/build/exploration/build install --record /home/mengo/amr_project_ws/build/exploration/install.log --single-version-externally-managed
