[1.614s] Invoking command in '/home/mengo/amr_project_ws/src/sanification': CONDA_PROMPT_MODIFIER=(base) PYTHONPATH=/home/mengo/amr_project_ws/build/sanification/prefix_override:/home/mengo/amr_project_ws/install/sanification/lib/python3.10/site-packages:${PYTHONPATH} /usr/bin/python3 setup.py egg_info --egg-base ../../build/sanification build --build-base /home/mengo/amr_project_ws/build/sanification/build install --record /home/mengo/amr_project_ws/build/sanification/install.log --single-version-externally-managed
[1.973s] running egg_info
[1.973s] writing ../../build/sanification/sanification.egg-info/PKG-INFO
[1.974s] writing dependency_links to ../../build/sanification/sanification.egg-info/dependency_links.txt
[1.974s] writing entry points to ../../build/sanification/sanification.egg-info/entry_points.txt
[1.974s] writing requirements to ../../build/sanification/sanification.egg-info/requires.txt
[1.974s] writing top-level names to ../../build/sanification/sanification.egg-info/top_level.txt
[1.976s] reading manifest file '../../build/sanification/sanification.egg-info/SOURCES.txt'
[1.977s] writing manifest file '../../build/sanification/sanification.egg-info/SOURCES.txt'
[1.977s] running build
[1.977s] running build_py
[1.978s] running install
[1.978s] running install_lib
[1.979s] running install_data
[1.980s] running install_egg_info
[1.982s] removing '/home/mengo/amr_project_ws/install/sanification/lib/python3.10/site-packages/sanification-0.0.0-py3.10.egg-info' (and everything under it)
[1.983s] Copying ../../build/sanification/sanification.egg-info to /home/mengo/amr_project_ws/install/sanification/lib/python3.10/site-packages/sanification-0.0.0-py3.10.egg-info
[1.984s] running install_scripts
[2.006s] Installing localization script to /home/mengo/amr_project_ws/install/sanification/lib/sanification
[2.006s] Installing navigation script to /home/mengo/amr_project_ws/install/sanification/lib/sanification
[2.006s] Installing planner script to /home/mengo/amr_project_ws/install/sanification/lib/sanification
[2.007s] Installing sanification script to /home/mengo/amr_project_ws/install/sanification/lib/sanification
[2.007s] writing list of installed files to '/home/mengo/amr_project_ws/build/sanification/install.log'
[2.103s] Invoked command in '/home/mengo/amr_project_ws/src/sanification' returned '0': CONDA_PROMPT_MODIFIER=(base) PYTHONPATH=/home/mengo/amr_project_ws/build/sanification/prefix_override:/home/mengo/amr_project_ws/install/sanification/lib/python3.10/site-packages:${PYTHONPATH} /usr/bin/python3 setup.py egg_info --egg-base ../../build/sanification build --build-base /home/mengo/amr_project_ws/build/sanification/build install --record /home/mengo/amr_project_ws/build/sanification/install.log --single-version-externally-managed
