[1.777s] Invoking command in '/home/mengo/amr_project_ws/src/exploration': CONDA_PROMPT_MODIFIER=(base) PYTHONPATH=/home/mengo/amr_project_ws/build/exploration/prefix_override:/home/mengo/amr_project_ws/install/exploration/lib/python3.10/site-packages:${PYTHONPATH} /usr/bin/python3 setup.py egg_info --egg-base ../../build/exploration build --build-base /home/mengo/amr_project_ws/build/exploration/build install --record /home/mengo/amr_project_ws/build/exploration/install.log --single-version-externally-managed
[2.126s] running egg_info
[2.126s] writing ../../build/exploration/exploration.egg-info/PKG-INFO
[2.127s] writing dependency_links to ../../build/exploration/exploration.egg-info/dependency_links.txt
[2.127s] writing entry points to ../../build/exploration/exploration.egg-info/entry_points.txt
[2.127s] writing requirements to ../../build/exploration/exploration.egg-info/requires.txt
[2.127s] writing top-level names to ../../build/exploration/exploration.egg-info/top_level.txt
[2.130s] reading manifest file '../../build/exploration/exploration.egg-info/SOURCES.txt'
[2.130s] adding license file 'LICENSE'
[2.131s] writing manifest file '../../build/exploration/exploration.egg-info/SOURCES.txt'
[2.131s] running build
[2.131s] running build_py
[2.131s] copying exploration/exploration.py -> /home/mengo/amr_project_ws/build/exploration/build/lib/exploration
[2.131s] running install
[2.132s] running install_lib
[2.133s] copying /home/mengo/amr_project_ws/build/exploration/build/lib/exploration/exploration.py -> /home/mengo/amr_project_ws/install/exploration/lib/python3.10/site-packages/exploration
[2.134s] byte-compiling /home/mengo/amr_project_ws/install/exploration/lib/python3.10/site-packages/exploration/exploration.py to exploration.cpython-310.pyc
[2.138s] running install_data
[2.139s] running install_egg_info
[2.141s] removing '/home/mengo/amr_project_ws/install/exploration/lib/python3.10/site-packages/exploration-0.0.0-py3.10.egg-info' (and everything under it)
[2.141s] Copying ../../build/exploration/exploration.egg-info to /home/mengo/amr_project_ws/install/exploration/lib/python3.10/site-packages/exploration-0.0.0-py3.10.egg-info
[2.143s] running install_scripts
[2.165s] Installing exploration script to /home/mengo/amr_project_ws/install/exploration/lib/exploration
[2.166s] writing list of installed files to '/home/mengo/amr_project_ws/build/exploration/install.log'
[2.271s] Invoked command in '/home/mengo/amr_project_ws/src/exploration' returned '0': CONDA_PROMPT_MODIFIER=(base) PYTHONPATH=/home/mengo/amr_project_ws/build/exploration/prefix_override:/home/mengo/amr_project_ws/install/exploration/lib/python3.10/site-packages:${PYTHONPATH} /usr/bin/python3 setup.py egg_info --egg-base ../../build/exploration build --build-base /home/mengo/amr_project_ws/build/exploration/build install --record /home/mengo/amr_project_ws/build/exploration/install.log --single-version-externally-managed
