[2.336s] Invoking command in '/home/mengo/amr_project_ws/src/exploration': PYTHONPATH=/home/mengo/amr_project_ws/build/exploration/prefix_override:/home/mengo/amr_project_ws/install/exploration/lib/python3.10/site-packages:${PYTHONPATH} /usr/bin/python3 setup.py egg_info --egg-base ../../build/exploration build --build-base /home/mengo/amr_project_ws/build/exploration/build install --record /home/mengo/amr_project_ws/build/exploration/install.log --single-version-externally-managed
[3.023s] running egg_info
[3.025s] writing ../../build/exploration/exploration.egg-info/PKG-INFO
[3.025s] writing dependency_links to ../../build/exploration/exploration.egg-info/dependency_links.txt
[3.025s] writing entry points to ../../build/exploration/exploration.egg-info/entry_points.txt
[3.026s] writing requirements to ../../build/exploration/exploration.egg-info/requires.txt
[3.026s] writing top-level names to ../../build/exploration/exploration.egg-info/top_level.txt
[3.029s] reading manifest file '../../build/exploration/exploration.egg-info/SOURCES.txt'
[3.029s] adding license file 'LICENSE'
[3.030s] writing manifest file '../../build/exploration/exploration.egg-info/SOURCES.txt'
[3.030s] running build
[3.031s] running build_py
[3.031s] copying exploration/exploration.py -> /home/mengo/amr_project_ws/build/exploration/build/lib/exploration
[3.031s] running install
[3.032s] running install_lib
[3.036s] copying /home/mengo/amr_project_ws/build/exploration/build/lib/exploration/exploration.py -> /home/mengo/amr_project_ws/install/exploration/lib/python3.10/site-packages/exploration
[3.037s] byte-compiling /home/mengo/amr_project_ws/install/exploration/lib/python3.10/site-packages/exploration/exploration.py to exploration.cpython-310.pyc
[3.039s] running install_data
[3.041s] running install_egg_info
[3.048s] removing '/home/mengo/amr_project_ws/install/exploration/lib/python3.10/site-packages/exploration-0.0.0-py3.10.egg-info' (and everything under it)
[3.049s] Copying ../../build/exploration/exploration.egg-info to /home/mengo/amr_project_ws/install/exploration/lib/python3.10/site-packages/exploration-0.0.0-py3.10.egg-info
[3.050s] running install_scripts
[3.095s] Installing exploration script to /home/mengo/amr_project_ws/install/exploration/lib/exploration
[3.095s] writing list of installed files to '/home/mengo/amr_project_ws/build/exploration/install.log'
[3.164s] Invoked command in '/home/mengo/amr_project_ws/src/exploration' returned '0': PYTHONPATH=/home/mengo/amr_project_ws/build/exploration/prefix_override:/home/mengo/amr_project_ws/install/exploration/lib/python3.10/site-packages:${PYTHONPATH} /usr/bin/python3 setup.py egg_info --egg-base ../../build/exploration build --build-base /home/mengo/amr_project_ws/build/exploration/build install --record /home/mengo/amr_project_ws/build/exploration/install.log --single-version-externally-managed
