[1.352s] DEBUG:colcon:Command line arguments: ['/usr/bin/colcon', 'build']
[1.352s] DEBUG:colcon:Parsed command line arguments: Namespace(log_base=None, log_level=None, verb_name='build', build_base='build', install_base='install', merge_install=False, symlink_install=False, test_result_base=None, continue_on_error=False, executor='parallel', parallel_workers=12, event_handlers=None, ignore_user_meta=False, metas=['./colcon.meta'], base_paths=['.'], packages_ignore=None, packages_ignore_regex=None, paths=None, packages_up_to=None, packages_up_to_regex=None, packages_above=None, packages_above_and_dependencies=None, packages_above_depth=None, packages_select_by_dep=None, packages_skip_by_dep=None, packages_skip_up_to=None, packages_select_build_failed=False, packages_skip_build_finished=False, packages_select_test_failures=False, packages_skip_test_passed=False, packages_select=None, packages_skip=None, packages_select_regex=None, packages_skip_regex=None, packages_start=None, packages_end=None, allow_overriding=[], cmake_args=None, cmake_target=None, cmake_target_skip_unavailable=False, cmake_clean_cache=False, cmake_clean_first=False, cmake_force_configure=False, ament_cmake_args=None, catkin_cmake_args=None, catkin_skip_building_tests=False, verb_parser=<colcon_defaults.argument_parser.defaults.DefaultArgumentsDecorator object at 0x70be129e7af0>, verb_extension=<colcon_core.verb.build.BuildVerb object at 0x70be12c51f90>, main=<bound method BuildVerb.main of <colcon_core.verb.build.BuildVerb object at 0x70be12c51f90>>)
[1.426s] Level 1:colcon.colcon_core.package_discovery:discover_packages(colcon_meta) check parameters
[1.426s] Level 1:colcon.colcon_core.package_discovery:discover_packages(recursive) check parameters
[1.426s] Level 1:colcon.colcon_core.package_discovery:discover_packages(ignore) check parameters
[1.427s] Level 1:colcon.colcon_core.package_discovery:discover_packages(path) check parameters
[1.427s] Level 1:colcon.colcon_core.package_discovery:discover_packages(colcon_meta) discover
[1.427s] Level 1:colcon.colcon_core.package_discovery:discover_packages(recursive) discover
[1.427s] INFO:colcon.colcon_core.package_discovery:Crawling recursively for packages in '/home/mengo/amr_project_ws/src'
[1.427s] Level 1:colcon.colcon_core.package_identification:_identify(.) by extensions ['ignore', 'ignore_ament_install']
[1.427s] Level 1:colcon.colcon_core.package_identification:_identify(.) by extension 'ignore'
[1.427s] Level 1:colcon.colcon_core.package_identification:_identify(.) by extension 'ignore_ament_install'
[1.427s] Level 1:colcon.colcon_core.package_identification:_identify(.) by extensions ['colcon_pkg']
[1.427s] Level 1:colcon.colcon_core.package_identification:_identify(.) by extension 'colcon_pkg'
[1.427s] Level 1:colcon.colcon_core.package_identification:_identify(.) by extensions ['colcon_meta']
[1.427s] Level 1:colcon.colcon_core.package_identification:_identify(.) by extension 'colcon_meta'
[1.427s] Level 1:colcon.colcon_core.package_identification:_identify(.) by extensions ['ros']
[1.427s] Level 1:colcon.colcon_core.package_identification:_identify(.) by extension 'ros'
[1.436s] Level 1:colcon.colcon_core.package_identification:_identify(.) by extensions ['cmake', 'python']
[1.437s] Level 1:colcon.colcon_core.package_identification:_identify(.) by extension 'cmake'
[1.437s] Level 1:colcon.colcon_core.package_identification:_identify(.) by extension 'python'
[1.437s] Level 1:colcon.colcon_core.package_identification:_identify(.) by extensions ['python_setup_py']
[1.437s] Level 1:colcon.colcon_core.package_identification:_identify(.) by extension 'python_setup_py'
[1.437s] Level 1:colcon.colcon_core.package_identification:_identify(build) by extensions ['ignore', 'ignore_ament_install']
[1.437s] Level 1:colcon.colcon_core.package_identification:_identify(build) by extension 'ignore'
[1.437s] Level 1:colcon.colcon_core.package_identification:_identify(build) ignored
[1.437s] Level 1:colcon.colcon_core.package_identification:_identify(exploration) by extensions ['ignore', 'ignore_ament_install']
[1.437s] Level 1:colcon.colcon_core.package_identification:_identify(exploration) by extension 'ignore'
[1.437s] Level 1:colcon.colcon_core.package_identification:_identify(exploration) by extension 'ignore_ament_install'
[1.437s] Level 1:colcon.colcon_core.package_identification:_identify(exploration) by extensions ['colcon_pkg']
[1.437s] Level 1:colcon.colcon_core.package_identification:_identify(exploration) by extension 'colcon_pkg'
[1.437s] Level 1:colcon.colcon_core.package_identification:_identify(exploration) by extensions ['colcon_meta']
[1.437s] Level 1:colcon.colcon_core.package_identification:_identify(exploration) by extension 'colcon_meta'
[1.437s] Level 1:colcon.colcon_core.package_identification:_identify(exploration) by extensions ['ros']
[1.437s] Level 1:colcon.colcon_core.package_identification:_identify(exploration) by extension 'ros'
[1.440s] DEBUG:colcon.colcon_core.package_identification:Package 'exploration' with type 'ros.ament_python' and name 'exploration'
[1.440s] Level 1:colcon.colcon_core.package_identification:_identify(install) by extensions ['ignore', 'ignore_ament_install']
[1.440s] Level 1:colcon.colcon_core.package_identification:_identify(install) by extension 'ignore'
[1.440s] Level 1:colcon.colcon_core.package_identification:_identify(install) ignored
[1.440s] Level 1:colcon.colcon_core.package_identification:_identify(log) by extensions ['ignore', 'ignore_ament_install']
[1.440s] Level 1:colcon.colcon_core.package_identification:_identify(log) by extension 'ignore'
[1.440s] Level 1:colcon.colcon_core.package_identification:_identify(log) ignored
[1.440s] Level 1:colcon.colcon_core.package_identification:_identify(sanification) by extensions ['ignore', 'ignore_ament_install']
[1.440s] Level 1:colcon.colcon_core.package_identification:_identify(sanification) by extension 'ignore'
[1.440s] Level 1:colcon.colcon_core.package_identification:_identify(sanification) by extension 'ignore_ament_install'
[1.440s] Level 1:colcon.colcon_core.package_identification:_identify(sanification) by extensions ['colcon_pkg']
[1.440s] Level 1:colcon.colcon_core.package_identification:_identify(sanification) by extension 'colcon_pkg'
[1.441s] Level 1:colcon.colcon_core.package_identification:_identify(sanification) by extensions ['colcon_meta']
[1.441s] Level 1:colcon.colcon_core.package_identification:_identify(sanification) by extension 'colcon_meta'
[1.441s] Level 1:colcon.colcon_core.package_identification:_identify(sanification) by extensions ['ros']
[1.441s] Level 1:colcon.colcon_core.package_identification:_identify(sanification) by extension 'ros'
[1.441s] DEBUG:colcon.colcon_core.package_identification:Package 'sanification' with type 'ros.ament_python' and name 'sanification'
[1.441s] Level 1:colcon.colcon_core.package_identification:_identify(turtlebot3_gazebo) by extensions ['ignore', 'ignore_ament_install']
[1.441s] Level 1:colcon.colcon_core.package_identification:_identify(turtlebot3_gazebo) by extension 'ignore'
[1.441s] Level 1:colcon.colcon_core.package_identification:_identify(turtlebot3_gazebo) by extension 'ignore_ament_install'
[1.441s] Level 1:colcon.colcon_core.package_identification:_identify(turtlebot3_gazebo) by extensions ['colcon_pkg']
[1.441s] Level 1:colcon.colcon_core.package_identification:_identify(turtlebot3_gazebo) by extension 'colcon_pkg'
[1.442s] Level 1:colcon.colcon_core.package_identification:_identify(turtlebot3_gazebo) by extensions ['colcon_meta']
[1.442s] Level 1:colcon.colcon_core.package_identification:_identify(turtlebot3_gazebo) by extension 'colcon_meta'
[1.442s] Level 1:colcon.colcon_core.package_identification:_identify(turtlebot3_gazebo) by extensions ['ros']
[1.442s] Level 1:colcon.colcon_core.package_identification:_identify(turtlebot3_gazebo) by extension 'ros'
[1.443s] DEBUG:colcon.colcon_core.package_identification:Package 'turtlebot3_gazebo' with type 'ros.ament_cmake' and name 'turtlebot3_gazebo'
[1.443s] Level 1:colcon.colcon_core.package_discovery:discover_packages(recursive) using defaults
[1.443s] Level 1:colcon.colcon_core.package_discovery:discover_packages(ignore) discover
[1.443s] Level 1:colcon.colcon_core.package_discovery:discover_packages(ignore) using defaults
[1.443s] Level 1:colcon.colcon_core.package_discovery:discover_packages(path) discover
[1.443s] Level 1:colcon.colcon_core.package_discovery:discover_packages(path) using defaults
[1.562s] Level 1:colcon.colcon_core.package_discovery:discover_packages(prefix_path) check parameters
[1.562s] Level 1:colcon.colcon_core.package_discovery:discover_packages(prefix_path) discover
[1.601s] DEBUG:colcon.colcon_installed_package_information.package_discovery:Found 3 installed packages in /home/mengo/amr_project_ws/install
[1.621s] DEBUG:colcon.colcon_installed_package_information.package_discovery:Found 378 installed packages in /opt/ros/humble
[1.623s] Level 1:colcon.colcon_core.package_discovery:discover_packages(prefix_path) using defaults
[1.731s] Level 5:colcon.colcon_core.verb:set package 'exploration' build argument 'cmake_args' from command line to 'None'
[1.731s] Level 5:colcon.colcon_core.verb:set package 'exploration' build argument 'cmake_target' from command line to 'None'
[1.731s] Level 5:colcon.colcon_core.verb:set package 'exploration' build argument 'cmake_target_skip_unavailable' from command line to 'False'
[1.731s] Level 5:colcon.colcon_core.verb:set package 'exploration' build argument 'cmake_clean_cache' from command line to 'False'
[1.731s] Level 5:colcon.colcon_core.verb:set package 'exploration' build argument 'cmake_clean_first' from command line to 'False'
[1.731s] Level 5:colcon.colcon_core.verb:set package 'exploration' build argument 'cmake_force_configure' from command line to 'False'
[1.731s] Level 5:colcon.colcon_core.verb:set package 'exploration' build argument 'ament_cmake_args' from command line to 'None'
[1.731s] Level 5:colcon.colcon_core.verb:set package 'exploration' build argument 'catkin_cmake_args' from command line to 'None'
[1.731s] Level 5:colcon.colcon_core.verb:set package 'exploration' build argument 'catkin_skip_building_tests' from command line to 'False'
[1.732s] DEBUG:colcon.colcon_core.verb:Building package 'exploration' with the following arguments: {'ament_cmake_args': None, 'build_base': '/home/mengo/amr_project_ws/src/build/exploration', 'catkin_cmake_args': None, 'catkin_skip_building_tests': False, 'cmake_args': None, 'cmake_clean_cache': False, 'cmake_clean_first': False, 'cmake_force_configure': False, 'cmake_target': None, 'cmake_target_skip_unavailable': False, 'install_base': '/home/mengo/amr_project_ws/src/install/exploration', 'merge_install': False, 'path': '/home/mengo/amr_project_ws/src/exploration', 'symlink_install': False, 'test_result_base': None}
[1.750s] Level 5:colcon.colcon_core.verb:set package 'sanification' build argument 'cmake_args' from command line to 'None'
[1.750s] Level 5:colcon.colcon_core.verb:set package 'sanification' build argument 'cmake_target' from command line to 'None'
[1.750s] Level 5:colcon.colcon_core.verb:set package 'sanification' build argument 'cmake_target_skip_unavailable' from command line to 'False'
[1.750s] Level 5:colcon.colcon_core.verb:set package 'sanification' build argument 'cmake_clean_cache' from command line to 'False'
[1.750s] Level 5:colcon.colcon_core.verb:set package 'sanification' build argument 'cmake_clean_first' from command line to 'False'
[1.750s] Level 5:colcon.colcon_core.verb:set package 'sanification' build argument 'cmake_force_configure' from command line to 'False'
[1.750s] Level 5:colcon.colcon_core.verb:set package 'sanification' build argument 'ament_cmake_args' from command line to 'None'
[1.750s] Level 5:colcon.colcon_core.verb:set package 'sanification' build argument 'catkin_cmake_args' from command line to 'None'
[1.750s] Level 5:colcon.colcon_core.verb:set package 'sanification' build argument 'catkin_skip_building_tests' from command line to 'False'
[1.750s] DEBUG:colcon.colcon_core.verb:Building package 'sanification' with the following arguments: {'ament_cmake_args': None, 'build_base': '/home/mengo/amr_project_ws/src/build/sanification', 'catkin_cmake_args': None, 'catkin_skip_building_tests': False, 'cmake_args': None, 'cmake_clean_cache': False, 'cmake_clean_first': False, 'cmake_force_configure': False, 'cmake_target': None, 'cmake_target_skip_unavailable': False, 'install_base': '/home/mengo/amr_project_ws/src/install/sanification', 'merge_install': False, 'path': '/home/mengo/amr_project_ws/src/sanification', 'symlink_install': False, 'test_result_base': None}
[1.770s] Level 5:colcon.colcon_core.verb:set package 'turtlebot3_gazebo' build argument 'cmake_args' from command line to 'None'
[1.770s] Level 5:colcon.colcon_core.verb:set package 'turtlebot3_gazebo' build argument 'cmake_target' from command line to 'None'
[1.770s] Level 5:colcon.colcon_core.verb:set package 'turtlebot3_gazebo' build argument 'cmake_target_skip_unavailable' from command line to 'False'
[1.770s] Level 5:colcon.colcon_core.verb:set package 'turtlebot3_gazebo' build argument 'cmake_clean_cache' from command line to 'False'
[1.770s] Level 5:colcon.colcon_core.verb:set package 'turtlebot3_gazebo' build argument 'cmake_clean_first' from command line to 'False'
[1.770s] Level 5:colcon.colcon_core.verb:set package 'turtlebot3_gazebo' build argument 'cmake_force_configure' from command line to 'False'
[1.770s] Level 5:colcon.colcon_core.verb:set package 'turtlebot3_gazebo' build argument 'ament_cmake_args' from command line to 'None'
[1.770s] Level 5:colcon.colcon_core.verb:set package 'turtlebot3_gazebo' build argument 'catkin_cmake_args' from command line to 'None'
[1.770s] Level 5:colcon.colcon_core.verb:set package 'turtlebot3_gazebo' build argument 'catkin_skip_building_tests' from command line to 'False'
[1.771s] DEBUG:colcon.colcon_core.verb:Building package 'turtlebot3_gazebo' with the following arguments: {'ament_cmake_args': None, 'build_base': '/home/mengo/amr_project_ws/src/build/turtlebot3_gazebo', 'catkin_cmake_args': None, 'catkin_skip_building_tests': False, 'cmake_args': None, 'cmake_clean_cache': False, 'cmake_clean_first': False, 'cmake_force_configure': False, 'cmake_target': None, 'cmake_target_skip_unavailable': False, 'install_base': '/home/mengo/amr_project_ws/src/install/turtlebot3_gazebo', 'merge_install': False, 'path': '/home/mengo/amr_project_ws/src/turtlebot3_gazebo', 'symlink_install': False, 'test_result_base': None}
[1.789s] INFO:colcon.colcon_core.executor:Executing jobs using 'parallel' executor
[1.808s] DEBUG:colcon.colcon_parallel_executor.executor.parallel:run_until_complete
[1.808s] INFO:colcon.colcon_ros.task.ament_python.build:Building ROS package in '/home/mengo/amr_project_ws/src/exploration' with build type 'ament_python'
[1.808s] Level 1:colcon.colcon_core.shell:create_environment_hook('exploration', 'ament_prefix_path')
[1.836s] INFO:colcon.colcon_core.plugin_system:Skipping extension 'colcon_core.shell.bat': Not used on non-Windows systems
[1.836s] INFO:colcon.colcon_core.shell:Creating environment hook '/home/mengo/amr_project_ws/src/install/exploration/share/exploration/hook/ament_prefix_path.ps1'
[1.837s] INFO:colcon.colcon_core.shell:Creating environment descriptor '/home/mengo/amr_project_ws/src/install/exploration/share/exploration/hook/ament_prefix_path.dsv'
[1.837s] INFO:colcon.colcon_core.shell:Creating environment hook '/home/mengo/amr_project_ws/src/install/exploration/share/exploration/hook/ament_prefix_path.sh'
[1.856s] INFO:colcon.colcon_core.shell:Skip shell extension 'powershell' for command environment: Not usable outside of PowerShell
[1.856s] DEBUG:colcon.colcon_core.shell:Skip shell extension 'dsv' for command environment
[1.914s] INFO:colcon.colcon_ros.task.ament_python.build:Building ROS package in '/home/mengo/amr_project_ws/src/sanification' with build type 'ament_python'
[1.915s] Level 1:colcon.colcon_core.shell:create_environment_hook('sanification', 'ament_prefix_path')
[1.934s] INFO:colcon.colcon_core.shell:Creating environment hook '/home/mengo/amr_project_ws/src/install/sanification/share/sanification/hook/ament_prefix_path.ps1'
[1.934s] INFO:colcon.colcon_core.shell:Creating environment descriptor '/home/mengo/amr_project_ws/src/install/sanification/share/sanification/hook/ament_prefix_path.dsv'
[1.935s] INFO:colcon.colcon_core.shell:Creating environment hook '/home/mengo/amr_project_ws/src/install/sanification/share/sanification/hook/ament_prefix_path.sh'
[1.954s] INFO:colcon.colcon_core.shell:Skip shell extension 'powershell' for command environment: Not usable outside of PowerShell
[1.954s] DEBUG:colcon.colcon_core.shell:Skip shell extension 'dsv' for command environment
[2.015s] INFO:colcon.colcon_ros.task.ament_cmake.build:Building ROS package in '/home/mengo/amr_project_ws/src/turtlebot3_gazebo' with build type 'ament_cmake'
[2.015s] INFO:colcon.colcon_cmake.task.cmake.build:Building CMake package in '/home/mengo/amr_project_ws/src/turtlebot3_gazebo'
[2.034s] INFO:colcon.colcon_core.shell:Skip shell extension 'powershell' for command environment: Not usable outside of PowerShell
[2.034s] DEBUG:colcon.colcon_core.shell:Skip shell extension 'dsv' for command environment
[2.365s] INFO:colcon.colcon_core.task.python.build:Building Python package in '/home/mengo/amr_project_ws/src/exploration'
[2.382s] INFO:colcon.colcon_core.shell:Skip shell extension 'powershell' for command environment: Not usable outside of PowerShell
[2.382s] DEBUG:colcon.colcon_core.shell:Skip shell extension 'dsv' for command environment
[2.734s] INFO:colcon.colcon_core.task.python.build:Building Python package in '/home/mengo/amr_project_ws/src/sanification'
[2.752s] INFO:colcon.colcon_core.shell:Skip shell extension 'powershell' for command environment: Not usable outside of PowerShell
[2.752s] DEBUG:colcon.colcon_core.shell:Skip shell extension 'dsv' for command environment
[2.812s] DEBUG:colcon.colcon_core.event_handler.log_command:Invoking command in '/home/mengo/amr_project_ws/src/build/turtlebot3_gazebo': CMAKE_PREFIX_PATH=${CMAKE_PREFIX_PATH}:/home/mengo/amr_project_ws/install/sanification:/home/mengo/amr_project_ws/install/exploration:/opt/ros/humble CONDA_PROMPT_MODIFIER=(base) /usr/bin/cmake --build /home/mengo/amr_project_ws/src/build/turtlebot3_gazebo -- -j12 -l12
[3.294s] DEBUG:colcon.colcon_core.event_handler.log_command:Invoking command in '/home/mengo/amr_project_ws/src/sanification': CONDA_PROMPT_MODIFIER=(base) PYTHONPATH=/home/mengo/amr_project_ws/src/build/sanification/prefix_override:/home/mengo/amr_project_ws/src/install/sanification/lib/python3.10/site-packages:${PYTHONPATH} /usr/bin/python3 setup.py egg_info --egg-base ../build/sanification build --build-base /home/mengo/amr_project_ws/src/build/sanification/build install --record /home/mengo/amr_project_ws/src/build/sanification/install.log --single-version-externally-managed
[3.315s] DEBUG:colcon.colcon_core.event_handler.log_command:Invoking command in '/home/mengo/amr_project_ws/src/exploration': CONDA_PROMPT_MODIFIER=(base) PYTHONPATH=/home/mengo/amr_project_ws/src/build/exploration/prefix_override:/home/mengo/amr_project_ws/src/install/exploration/lib/python3.10/site-packages:${PYTHONPATH} /usr/bin/python3 setup.py egg_info --egg-base ../build/exploration build --build-base /home/mengo/amr_project_ws/src/build/exploration/build install --record /home/mengo/amr_project_ws/src/build/exploration/install.log --single-version-externally-managed
[3.708s] DEBUG:colcon.colcon_core.event_handler.log_command:Invoked command in '/home/mengo/amr_project_ws/src/exploration' returned '0': CONDA_PROMPT_MODIFIER=(base) PYTHONPATH=/home/mengo/amr_project_ws/src/build/exploration/prefix_override:/home/mengo/amr_project_ws/src/install/exploration/lib/python3.10/site-packages:${PYTHONPATH} /usr/bin/python3 setup.py egg_info --egg-base ../build/exploration build --build-base /home/mengo/amr_project_ws/src/build/exploration/build install --record /home/mengo/amr_project_ws/src/build/exploration/install.log --single-version-externally-managed
[3.737s] Level 1:colcon.colcon_core.environment:checking '/home/mengo/amr_project_ws/src/install/exploration' for CMake module files
[3.738s] Level 1:colcon.colcon_core.environment:checking '/home/mengo/amr_project_ws/src/install/exploration' for CMake config files
[3.738s] Level 1:colcon.colcon_core.environment:checking '/home/mengo/amr_project_ws/src/install/exploration/lib'
[3.739s] Level 1:colcon.colcon_core.environment:checking '/home/mengo/amr_project_ws/src/install/exploration/bin'
[3.739s] Level 1:colcon.colcon_core.environment:checking '/home/mengo/amr_project_ws/src/install/exploration/lib/pkgconfig/exploration.pc'
[3.739s] Level 1:colcon.colcon_core.environment:checking '/home/mengo/amr_project_ws/src/install/exploration/lib/python3.10/site-packages'
[3.739s] Level 1:colcon.colcon_core.shell:create_environment_hook('exploration', 'pythonpath')
[3.763s] INFO:colcon.colcon_core.shell:Creating environment hook '/home/mengo/amr_project_ws/src/install/exploration/share/exploration/hook/pythonpath.ps1'
[3.763s] INFO:colcon.colcon_core.shell:Creating environment descriptor '/home/mengo/amr_project_ws/src/install/exploration/share/exploration/hook/pythonpath.dsv'
[3.764s] INFO:colcon.colcon_core.shell:Creating environment hook '/home/mengo/amr_project_ws/src/install/exploration/share/exploration/hook/pythonpath.sh'
[3.764s] Level 1:colcon.colcon_core.environment:checking '/home/mengo/amr_project_ws/src/install/exploration/bin'
[3.764s] Level 1:colcon.colcon_core.environment:create_environment_scripts_only(exploration)
[3.788s] INFO:colcon.colcon_core.shell:Creating package script '/home/mengo/amr_project_ws/src/install/exploration/share/exploration/package.ps1'
[3.789s] INFO:colcon.colcon_core.shell:Creating package descriptor '/home/mengo/amr_project_ws/src/install/exploration/share/exploration/package.dsv'
[3.790s] INFO:colcon.colcon_core.shell:Creating package script '/home/mengo/amr_project_ws/src/install/exploration/share/exploration/package.sh'
[3.791s] INFO:colcon.colcon_core.shell:Creating package script '/home/mengo/amr_project_ws/src/install/exploration/share/exploration/package.bash'
[3.791s] INFO:colcon.colcon_core.shell:Creating package script '/home/mengo/amr_project_ws/src/install/exploration/share/exploration/package.zsh'
[3.792s] Level 1:colcon.colcon_core.environment:create_file_with_runtime_dependencies(/home/mengo/amr_project_ws/src/install/exploration/share/colcon-core/packages/exploration)
[3.794s] DEBUG:colcon.colcon_core.event_handler.log_command:Invoked command in '/home/mengo/amr_project_ws/src/sanification' returned '0': CONDA_PROMPT_MODIFIER=(base) PYTHONPATH=/home/mengo/amr_project_ws/src/build/sanification/prefix_override:/home/mengo/amr_project_ws/src/install/sanification/lib/python3.10/site-packages:${PYTHONPATH} /usr/bin/python3 setup.py egg_info --egg-base ../build/sanification build --build-base /home/mengo/amr_project_ws/src/build/sanification/build install --record /home/mengo/amr_project_ws/src/build/sanification/install.log --single-version-externally-managed
[3.817s] Level 1:colcon.colcon_core.environment:checking '/home/mengo/amr_project_ws/src/install/sanification' for CMake module files
[3.817s] Level 1:colcon.colcon_core.environment:checking '/home/mengo/amr_project_ws/src/install/sanification' for CMake config files
[3.818s] Level 1:colcon.colcon_core.environment:checking '/home/mengo/amr_project_ws/src/install/sanification/lib'
[3.818s] Level 1:colcon.colcon_core.environment:checking '/home/mengo/amr_project_ws/src/install/sanification/bin'
[3.818s] Level 1:colcon.colcon_core.environment:checking '/home/mengo/amr_project_ws/src/install/sanification/lib/pkgconfig/sanification.pc'
[3.818s] Level 1:colcon.colcon_core.environment:checking '/home/mengo/amr_project_ws/src/install/sanification/lib/python3.10/site-packages'
[3.818s] Level 1:colcon.colcon_core.shell:create_environment_hook('sanification', 'pythonpath')
[3.841s] INFO:colcon.colcon_core.shell:Creating environment hook '/home/mengo/amr_project_ws/src/install/sanification/share/sanification/hook/pythonpath.ps1'
[3.841s] INFO:colcon.colcon_core.shell:Creating environment descriptor '/home/mengo/amr_project_ws/src/install/sanification/share/sanification/hook/pythonpath.dsv'
[3.842s] INFO:colcon.colcon_core.shell:Creating environment hook '/home/mengo/amr_project_ws/src/install/sanification/share/sanification/hook/pythonpath.sh'
[3.842s] Level 1:colcon.colcon_core.environment:checking '/home/mengo/amr_project_ws/src/install/sanification/bin'
[3.842s] Level 1:colcon.colcon_core.environment:create_environment_scripts_only(sanification)
[3.865s] INFO:colcon.colcon_core.shell:Creating package script '/home/mengo/amr_project_ws/src/install/sanification/share/sanification/package.ps1'
[3.866s] INFO:colcon.colcon_core.shell:Creating package descriptor '/home/mengo/amr_project_ws/src/install/sanification/share/sanification/package.dsv'
[3.866s] INFO:colcon.colcon_core.shell:Creating package script '/home/mengo/amr_project_ws/src/install/sanification/share/sanification/package.sh'
[3.866s] INFO:colcon.colcon_core.shell:Creating package script '/home/mengo/amr_project_ws/src/install/sanification/share/sanification/package.bash'
[3.867s] INFO:colcon.colcon_core.shell:Creating package script '/home/mengo/amr_project_ws/src/install/sanification/share/sanification/package.zsh'
[3.867s] Level 1:colcon.colcon_core.environment:create_file_with_runtime_dependencies(/home/mengo/amr_project_ws/src/install/sanification/share/colcon-core/packages/sanification)
[15.391s] DEBUG:colcon.colcon_core.event_handler.log_command:Invoked command in '/home/mengo/amr_project_ws/src/build/turtlebot3_gazebo' returned '0': CMAKE_PREFIX_PATH=${CMAKE_PREFIX_PATH}:/home/mengo/amr_project_ws/install/sanification:/home/mengo/amr_project_ws/install/exploration:/opt/ros/humble CONDA_PROMPT_MODIFIER=(base) /usr/bin/cmake --build /home/mengo/amr_project_ws/src/build/turtlebot3_gazebo -- -j12 -l12
[15.436s] DEBUG:colcon.colcon_core.event_handler.log_command:Invoking command in '/home/mengo/amr_project_ws/src/build/turtlebot3_gazebo': CMAKE_PREFIX_PATH=${CMAKE_PREFIX_PATH}:/home/mengo/amr_project_ws/install/sanification:/home/mengo/amr_project_ws/install/exploration:/opt/ros/humble CONDA_PROMPT_MODIFIER=(base) /usr/bin/cmake --install /home/mengo/amr_project_ws/src/build/turtlebot3_gazebo
[15.461s] Level 1:colcon.colcon_core.environment:create_environment_scripts_only(turtlebot3_gazebo)
[15.478s] DEBUG:colcon.colcon_core.event_handler.log_command:Invoked command in '/home/mengo/amr_project_ws/src/build/turtlebot3_gazebo' returned '0': CMAKE_PREFIX_PATH=${CMAKE_PREFIX_PATH}:/home/mengo/amr_project_ws/install/sanification:/home/mengo/amr_project_ws/install/exploration:/opt/ros/humble CONDA_PROMPT_MODIFIER=(base) /usr/bin/cmake --install /home/mengo/amr_project_ws/src/build/turtlebot3_gazebo
[15.506s] Level 1:colcon.colcon_core.environment:checking '/home/mengo/amr_project_ws/src/install/turtlebot3_gazebo' for CMake module files
[15.507s] Level 1:colcon.colcon_core.environment:checking '/home/mengo/amr_project_ws/src/install/turtlebot3_gazebo' for CMake config files
[15.507s] Level 1:colcon.colcon_core.shell:create_environment_hook('turtlebot3_gazebo', 'cmake_prefix_path')
[15.532s] INFO:colcon.colcon_core.shell:Creating environment hook '/home/mengo/amr_project_ws/src/install/turtlebot3_gazebo/share/turtlebot3_gazebo/hook/cmake_prefix_path.ps1'
[15.532s] INFO:colcon.colcon_core.shell:Creating environment descriptor '/home/mengo/amr_project_ws/src/install/turtlebot3_gazebo/share/turtlebot3_gazebo/hook/cmake_prefix_path.dsv'
[15.533s] INFO:colcon.colcon_core.shell:Creating environment hook '/home/mengo/amr_project_ws/src/install/turtlebot3_gazebo/share/turtlebot3_gazebo/hook/cmake_prefix_path.sh'
[15.533s] Level 1:colcon.colcon_core.environment:checking '/home/mengo/amr_project_ws/src/install/turtlebot3_gazebo/lib'
[15.533s] Level 1:colcon.colcon_core.environment:checking '/home/mengo/amr_project_ws/src/install/turtlebot3_gazebo/bin'
[15.533s] Level 1:colcon.colcon_core.environment:checking '/home/mengo/amr_project_ws/src/install/turtlebot3_gazebo/lib/pkgconfig/turtlebot3_gazebo.pc'
[15.533s] Level 1:colcon.colcon_core.environment:checking '/home/mengo/amr_project_ws/src/install/turtlebot3_gazebo/lib/python3.10/site-packages'
[15.534s] Level 1:colcon.colcon_core.environment:checking '/home/mengo/amr_project_ws/src/install/turtlebot3_gazebo/bin'
[15.556s] INFO:colcon.colcon_core.shell:Creating package script '/home/mengo/amr_project_ws/src/install/turtlebot3_gazebo/share/turtlebot3_gazebo/package.ps1'
[15.556s] INFO:colcon.colcon_core.shell:Creating package descriptor '/home/mengo/amr_project_ws/src/install/turtlebot3_gazebo/share/turtlebot3_gazebo/package.dsv'
[15.556s] INFO:colcon.colcon_core.shell:Creating package script '/home/mengo/amr_project_ws/src/install/turtlebot3_gazebo/share/turtlebot3_gazebo/package.sh'
[15.557s] INFO:colcon.colcon_core.shell:Creating package script '/home/mengo/amr_project_ws/src/install/turtlebot3_gazebo/share/turtlebot3_gazebo/package.bash'
[15.557s] INFO:colcon.colcon_core.shell:Creating package script '/home/mengo/amr_project_ws/src/install/turtlebot3_gazebo/share/turtlebot3_gazebo/package.zsh'
[15.557s] Level 1:colcon.colcon_core.environment:create_file_with_runtime_dependencies(/home/mengo/amr_project_ws/src/install/turtlebot3_gazebo/share/colcon-core/packages/turtlebot3_gazebo)
[15.616s] Level 1:colcon.colcon_core.environment:create_environment_scripts_only(turtlebot3_gazebo)
[15.637s] Level 1:colcon.colcon_core.environment:checking '/home/mengo/amr_project_ws/src/install/turtlebot3_gazebo' for CMake module files
[15.637s] Level 1:colcon.colcon_core.environment:checking '/home/mengo/amr_project_ws/src/install/turtlebot3_gazebo' for CMake config files
[15.638s] Level 1:colcon.colcon_core.shell:create_environment_hook('turtlebot3_gazebo', 'cmake_prefix_path')
[15.659s] INFO:colcon.colcon_core.shell:Creating environment hook '/home/mengo/amr_project_ws/src/install/turtlebot3_gazebo/share/turtlebot3_gazebo/hook/cmake_prefix_path.ps1'
[15.660s] INFO:colcon.colcon_core.shell:Creating environment descriptor '/home/mengo/amr_project_ws/src/install/turtlebot3_gazebo/share/turtlebot3_gazebo/hook/cmake_prefix_path.dsv'
[15.660s] INFO:colcon.colcon_core.shell:Creating environment hook '/home/mengo/amr_project_ws/src/install/turtlebot3_gazebo/share/turtlebot3_gazebo/hook/cmake_prefix_path.sh'
[15.660s] Level 1:colcon.colcon_core.environment:checking '/home/mengo/amr_project_ws/src/install/turtlebot3_gazebo/lib'
[15.661s] Level 1:colcon.colcon_core.environment:checking '/home/mengo/amr_project_ws/src/install/turtlebot3_gazebo/bin'
[15.661s] Level 1:colcon.colcon_core.environment:checking '/home/mengo/amr_project_ws/src/install/turtlebot3_gazebo/lib/pkgconfig/turtlebot3_gazebo.pc'
[15.661s] Level 1:colcon.colcon_core.environment:checking '/home/mengo/amr_project_ws/src/install/turtlebot3_gazebo/lib/python3.10/site-packages'
[15.661s] Level 1:colcon.colcon_core.environment:checking '/home/mengo/amr_project_ws/src/install/turtlebot3_gazebo/bin'
[15.684s] INFO:colcon.colcon_core.shell:Creating package script '/home/mengo/amr_project_ws/src/install/turtlebot3_gazebo/share/turtlebot3_gazebo/package.ps1'
[15.685s] INFO:colcon.colcon_core.shell:Creating package descriptor '/home/mengo/amr_project_ws/src/install/turtlebot3_gazebo/share/turtlebot3_gazebo/package.dsv'
[15.685s] INFO:colcon.colcon_core.shell:Creating package script '/home/mengo/amr_project_ws/src/install/turtlebot3_gazebo/share/turtlebot3_gazebo/package.sh'
[15.686s] INFO:colcon.colcon_core.shell:Creating package script '/home/mengo/amr_project_ws/src/install/turtlebot3_gazebo/share/turtlebot3_gazebo/package.bash'
[15.686s] INFO:colcon.colcon_core.shell:Creating package script '/home/mengo/amr_project_ws/src/install/turtlebot3_gazebo/share/turtlebot3_gazebo/package.zsh'
[15.686s] Level 1:colcon.colcon_core.environment:create_file_with_runtime_dependencies(/home/mengo/amr_project_ws/src/install/turtlebot3_gazebo/share/colcon-core/packages/turtlebot3_gazebo)
[15.687s] DEBUG:colcon.colcon_parallel_executor.executor.parallel:closing loop
[15.687s] DEBUG:colcon.colcon_parallel_executor.executor.parallel:loop closed
[15.687s] DEBUG:colcon.colcon_parallel_executor.executor.parallel:run_until_complete finished with '0'
[15.687s] DEBUG:colcon.colcon_core.event_reactor:joining thread
[15.718s] INFO:colcon.colcon_core.plugin_system:Skipping extension 'colcon_notification.desktop_notification.terminal_notifier': Not used on non-Darwin systems
[15.718s] INFO:colcon.colcon_core.plugin_system:Skipping extension 'colcon_notification.desktop_notification.win32': Not used on non-Windows systems
[15.718s] INFO:colcon.colcon_notification.desktop_notification:Sending desktop notification using 'notify2'
[15.731s] DEBUG:colcon.colcon_core.event_reactor:joined thread
[15.768s] INFO:colcon.colcon_core.shell:Creating prefix script '/home/mengo/amr_project_ws/src/install/local_setup.ps1'
[15.769s] INFO:colcon.colcon_core.shell:Creating prefix util module '/home/mengo/amr_project_ws/src/install/_local_setup_util_ps1.py'
[15.771s] INFO:colcon.colcon_core.shell:Creating prefix chain script '/home/mengo/amr_project_ws/src/install/setup.ps1'
[15.797s] INFO:colcon.colcon_core.shell:Creating prefix script '/home/mengo/amr_project_ws/src/install/local_setup.sh'
[15.798s] INFO:colcon.colcon_core.shell:Creating prefix util module '/home/mengo/amr_project_ws/src/install/_local_setup_util_sh.py'
[15.798s] INFO:colcon.colcon_core.shell:Creating prefix chain script '/home/mengo/amr_project_ws/src/install/setup.sh'
[15.824s] INFO:colcon.colcon_core.shell:Creating prefix script '/home/mengo/amr_project_ws/src/install/local_setup.bash'
[15.824s] INFO:colcon.colcon_core.shell:Creating prefix chain script '/home/mengo/amr_project_ws/src/install/setup.bash'
[15.850s] INFO:colcon.colcon_core.shell:Creating prefix script '/home/mengo/amr_project_ws/src/install/local_setup.zsh'
[15.851s] INFO:colcon.colcon_core.shell:Creating prefix chain script '/home/mengo/amr_project_ws/src/install/setup.zsh'
