[2.369s] Invoking command in '/home/mengo/amr_project_ws/src/exploration': PYTHONPATH=/home/mengo/amr_project_ws/src/build/exploration/prefix_override:/home/mengo/amr_project_ws/src/install/exploration/lib/python3.10/site-packages:${PYTHONPATH} /usr/bin/python3 setup.py egg_info --egg-base ../build/exploration build --build-base /home/mengo/amr_project_ws/src/build/exploration/build install --record /home/mengo/amr_project_ws/src/build/exploration/install.log --single-version-externally-managed
[3.092s] running egg_info
[3.092s] creating ../build/exploration/exploration.egg-info
[3.093s] writing ../build/exploration/exploration.egg-info/PKG-INFO
[3.093s] writing dependency_links to ../build/exploration/exploration.egg-info/dependency_links.txt
[3.093s] writing entry points to ../build/exploration/exploration.egg-info/entry_points.txt
[3.094s] writing requirements to ../build/exploration/exploration.egg-info/requires.txt
[3.094s] writing top-level names to ../build/exploration/exploration.egg-info/top_level.txt
[3.094s] writing manifest file '../build/exploration/exploration.egg-info/SOURCES.txt'
[3.101s] reading manifest file '../build/exploration/exploration.egg-info/SOURCES.txt'
[3.101s] adding license file 'LICENSE'
[3.103s] writing manifest file '../build/exploration/exploration.egg-info/SOURCES.txt'
[3.103s] running build
[3.103s] running build_py
[3.103s] creating /home/mengo/amr_project_ws/src/build/exploration/build
[3.103s] creating /home/mengo/amr_project_ws/src/build/exploration/build/lib
[3.104s] creating /home/mengo/amr_project_ws/src/build/exploration/build/lib/exploration
[3.104s] copying exploration/__init__.py -> /home/mengo/amr_project_ws/src/build/exploration/build/lib/exploration
[3.104s] copying exploration/navigation_to_pose.py -> /home/mengo/amr_project_ws/src/build/exploration/build/lib/exploration
[3.105s] running install
[3.105s] running install_lib
[3.106s] creating /home/mengo/amr_project_ws/src/install/exploration/lib/python3.10/site-packages/exploration
[3.106s] copying /home/mengo/amr_project_ws/src/build/exploration/build/lib/exploration/__init__.py -> /home/mengo/amr_project_ws/src/install/exploration/lib/python3.10/site-packages/exploration
[3.107s] copying /home/mengo/amr_project_ws/src/build/exploration/build/lib/exploration/navigation_to_pose.py -> /home/mengo/amr_project_ws/src/install/exploration/lib/python3.10/site-packages/exploration
[3.108s] byte-compiling /home/mengo/amr_project_ws/src/install/exploration/lib/python3.10/site-packages/exploration/__init__.py to __init__.cpython-310.pyc
[3.110s] byte-compiling /home/mengo/amr_project_ws/src/install/exploration/lib/python3.10/site-packages/exploration/navigation_to_pose.py to navigation_to_pose.cpython-310.pyc
[3.113s] running install_data
[3.115s] creating /home/mengo/amr_project_ws/src/install/exploration/share/ament_index
[3.115s] creating /home/mengo/amr_project_ws/src/install/exploration/share/ament_index/resource_index
[3.115s] creating /home/mengo/amr_project_ws/src/install/exploration/share/ament_index/resource_index/packages
[3.115s] copying resource/exploration -> /home/mengo/amr_project_ws/src/install/exploration/share/ament_index/resource_index/packages
[3.115s] copying package.xml -> /home/mengo/amr_project_ws/src/install/exploration/share/exploration
[3.115s] copying launch/exploration.launch.py -> /home/mengo/amr_project_ws/src/install/exploration/share/exploration
[3.116s] running install_egg_info
[3.117s] Copying ../build/exploration/exploration.egg-info to /home/mengo/amr_project_ws/src/install/exploration/lib/python3.10/site-packages/exploration-0.0.0-py3.10.egg-info
[3.118s] running install_scripts
[3.161s] Installing navigation_to_pose script to /home/mengo/amr_project_ws/src/install/exploration/lib/exploration
[3.162s] writing list of installed files to '/home/mengo/amr_project_ws/src/build/exploration/install.log'
[3.241s] Invoked command in '/home/mengo/amr_project_ws/src/exploration' returned '0': PYTHONPATH=/home/mengo/amr_project_ws/src/build/exploration/prefix_override:/home/mengo/amr_project_ws/src/install/exploration/lib/python3.10/site-packages:${PYTHONPATH} /usr/bin/python3 setup.py egg_info --egg-base ../build/exploration build --build-base /home/mengo/amr_project_ws/src/build/exploration/build install --record /home/mengo/amr_project_ws/src/build/exploration/install.log --single-version-externally-managed
