[1.592s] Invoking command in '/home/mengo/amr_project_ws/src/exploration': PYTHONPATH=/home/mengo/amr_project_ws/build/exploration/prefix_override:/home/mengo/amr_project_ws/install/exploration/lib/python3.10/site-packages:${PYTHONPATH} /usr/bin/python3 setup.py egg_info --egg-base ../../build/exploration build --build-base /home/mengo/amr_project_ws/build/exploration/build install --record /home/mengo/amr_project_ws/build/exploration/install.log --single-version-externally-managed
[2.026s] running egg_info
[2.028s] writing ../../build/exploration/exploration.egg-info/PKG-INFO
[2.029s] writing dependency_links to ../../build/exploration/exploration.egg-info/dependency_links.txt
[2.029s] writing entry points to ../../build/exploration/exploration.egg-info/entry_points.txt
[2.030s] writing requirements to ../../build/exploration/exploration.egg-info/requires.txt
[2.031s] writing top-level names to ../../build/exploration/exploration.egg-info/top_level.txt
[2.036s] reading manifest file '../../build/exploration/exploration.egg-info/SOURCES.txt'
[2.036s] adding license file 'LICENSE'
[2.037s] writing manifest file '../../build/exploration/exploration.egg-info/SOURCES.txt'
[2.038s] running build
[2.038s] running build_py
[2.038s] copying exploration/navigation_to_pose.py -> /home/mengo/amr_project_ws/build/exploration/build/lib/exploration
[2.038s] running install
[2.039s] running install_lib
[2.040s] copying /home/mengo/amr_project_ws/build/exploration/build/lib/exploration/navigation_to_pose.py -> /home/mengo/amr_project_ws/install/exploration/lib/python3.10/site-packages/exploration
[2.041s] byte-compiling /home/mengo/amr_project_ws/install/exploration/lib/python3.10/site-packages/exploration/navigation_to_pose.py to navigation_to_pose.cpython-310.pyc
[2.042s] running install_data
[2.043s] running install_egg_info
[2.048s] removing '/home/mengo/amr_project_ws/install/exploration/lib/python3.10/site-packages/exploration-0.0.0-py3.10.egg-info' (and everything under it)
[2.048s] Copying ../../build/exploration/exploration.egg-info to /home/mengo/amr_project_ws/install/exploration/lib/python3.10/site-packages/exploration-0.0.0-py3.10.egg-info
[2.049s] running install_scripts
[2.085s] Installing navigation_to_pose script to /home/mengo/amr_project_ws/install/exploration/lib/exploration
[2.086s] writing list of installed files to '/home/mengo/amr_project_ws/build/exploration/install.log'
[2.150s] Invoked command in '/home/mengo/amr_project_ws/src/exploration' returned '0': PYTHONPATH=/home/mengo/amr_project_ws/build/exploration/prefix_override:/home/mengo/amr_project_ws/install/exploration/lib/python3.10/site-packages:${PYTHONPATH} /usr/bin/python3 setup.py egg_info --egg-base ../../build/exploration build --build-base /home/mengo/amr_project_ws/build/exploration/build install --record /home/mengo/amr_project_ws/build/exploration/install.log --single-version-externally-managed
