[2.379s] Invoking command in '/home/mengo/amr_project_ws/src/exploration': PYTHONPATH=/home/mengo/amr_project_ws/build/exploration/prefix_override:/home/mengo/amr_project_ws/install/exploration/lib/python3.10/site-packages:${PYTHONPATH} /usr/bin/python3 setup.py egg_info --egg-base ../../build/exploration build --build-base /home/mengo/amr_project_ws/build/exploration/build install --record /home/mengo/amr_project_ws/build/exploration/install.log --single-version-externally-managed
[3.038s] running egg_info
[3.040s] writing ../../build/exploration/exploration.egg-info/PKG-INFO
[3.042s] writing dependency_links to ../../build/exploration/exploration.egg-info/dependency_links.txt
[3.044s] writing entry points to ../../build/exploration/exploration.egg-info/entry_points.txt
[3.044s] writing requirements to ../../build/exploration/exploration.egg-info/requires.txt
[3.044s] writing top-level names to ../../build/exploration/exploration.egg-info/top_level.txt
[3.048s] reading manifest file '../../build/exploration/exploration.egg-info/SOURCES.txt'
[3.048s] adding license file 'LICENSE'
[3.049s] writing manifest file '../../build/exploration/exploration.egg-info/SOURCES.txt'
[3.049s] running build
[3.049s] running build_py
[3.049s] copying exploration/navigation_to_pose.py -> /home/mengo/amr_project_ws/build/exploration/build/lib/exploration
[3.050s] running install
[3.050s] running install_lib
[3.051s] copying /home/mengo/amr_project_ws/build/exploration/build/lib/exploration/navigation_to_pose.py -> /home/mengo/amr_project_ws/install/exploration/lib/python3.10/site-packages/exploration
[3.052s] byte-compiling /home/mengo/amr_project_ws/install/exploration/lib/python3.10/site-packages/exploration/navigation_to_pose.py to navigation_to_pose.cpython-310.pyc
[3.053s] running install_data
[3.053s] running install_egg_info
[3.056s] removing '/home/mengo/amr_project_ws/install/exploration/lib/python3.10/site-packages/exploration-0.0.0-py3.10.egg-info' (and everything under it)
[3.057s] Copying ../../build/exploration/exploration.egg-info to /home/mengo/amr_project_ws/install/exploration/lib/python3.10/site-packages/exploration-0.0.0-py3.10.egg-info
[3.063s] running install_scripts
[3.114s] Installing navigation_to_pose script to /home/mengo/amr_project_ws/install/exploration/lib/exploration
[3.114s] writing list of installed files to '/home/mengo/amr_project_ws/build/exploration/install.log'
[3.180s] Invoked command in '/home/mengo/amr_project_ws/src/exploration' returned '0': PYTHONPATH=/home/mengo/amr_project_ws/build/exploration/prefix_override:/home/mengo/amr_project_ws/install/exploration/lib/python3.10/site-packages:${PYTHONPATH} /usr/bin/python3 setup.py egg_info --egg-base ../../build/exploration build --build-base /home/mengo/amr_project_ws/build/exploration/build install --record /home/mengo/amr_project_ws/build/exploration/install.log --single-version-externally-managed
