[1.392s] Invoking command in '/home/mengo/amr_project_ws/src/sanification': PYTHONPATH=/home/mengo/amr_project_ws/build/sanification/prefix_override:/home/mengo/amr_project_ws/install/sanification/lib/python3.10/site-packages:${PYTHONPATH} /usr/bin/python3 setup.py egg_info --egg-base ../../build/sanification build --build-base /home/mengo/amr_project_ws/build/sanification/build install --record /home/mengo/amr_project_ws/build/sanification/install.log --single-version-externally-managed
[1.702s] running egg_info
[1.702s] writing ../../build/sanification/sanification.egg-info/PKG-INFO
[1.702s] writing dependency_links to ../../build/sanification/sanification.egg-info/dependency_links.txt
[1.702s] writing entry points to ../../build/sanification/sanification.egg-info/entry_points.txt
[1.703s] writing requirements to ../../build/sanification/sanification.egg-info/requires.txt
[1.703s] writing top-level names to ../../build/sanification/sanification.egg-info/top_level.txt
[1.704s] reading manifest file '../../build/sanification/sanification.egg-info/SOURCES.txt'
[1.705s] writing manifest file '../../build/sanification/sanification.egg-info/SOURCES.txt'
[1.705s] running build
[1.705s] running build_py
[1.706s] running install
[1.706s] running install_lib
[1.707s] running install_data
[1.708s] running install_egg_info
[1.710s] removing '/home/mengo/amr_project_ws/install/sanification/lib/python3.10/site-packages/sanification-0.0.0-py3.10.egg-info' (and everything under it)
[1.710s] Copying ../../build/sanification/sanification.egg-info to /home/mengo/amr_project_ws/install/sanification/lib/python3.10/site-packages/sanification-0.0.0-py3.10.egg-info
[1.711s] running install_scripts
[1.732s] Installing localization script to /home/mengo/amr_project_ws/install/sanification/lib/sanification
[1.732s] Installing navigation script to /home/mengo/amr_project_ws/install/sanification/lib/sanification
[1.732s] Installing sanification script to /home/mengo/amr_project_ws/install/sanification/lib/sanification
[1.733s] writing list of installed files to '/home/mengo/amr_project_ws/build/sanification/install.log'
[1.760s] Invoked command in '/home/mengo/amr_project_ws/src/sanification' returned '0': PYTHONPATH=/home/mengo/amr_project_ws/build/sanification/prefix_override:/home/mengo/amr_project_ws/install/sanification/lib/python3.10/site-packages:${PYTHONPATH} /usr/bin/python3 setup.py egg_info --egg-base ../../build/sanification build --build-base /home/mengo/amr_project_ws/build/sanification/build install --record /home/mengo/amr_project_ws/build/sanification/install.log --single-version-externally-managed
