[2.238s] Invoking command in '/home/mengo/amr_project_ws/src/sanification': CONDA_PROMPT_MODIFIER=(base) PYTHONPATH=/home/mengo/amr_project_ws/src/build/sanification/prefix_override:/home/mengo/amr_project_ws/src/install/sanification/lib/python3.10/site-packages:${PYTHONPATH} /usr/bin/python3 setup.py egg_info --egg-base ../build/sanification build --build-base /home/mengo/amr_project_ws/src/build/sanification/build install --record /home/mengo/amr_project_ws/src/build/sanification/install.log --single-version-externally-managed
[2.693s] running egg_info
[2.694s] writing ../build/sanification/sanification.egg-info/PKG-INFO
[2.694s] writing dependency_links to ../build/sanification/sanification.egg-info/dependency_links.txt
[2.695s] writing entry points to ../build/sanification/sanification.egg-info/entry_points.txt
[2.695s] writing requirements to ../build/sanification/sanification.egg-info/requires.txt
[2.695s] writing top-level names to ../build/sanification/sanification.egg-info/top_level.txt
[2.698s] reading manifest file '../build/sanification/sanification.egg-info/SOURCES.txt'
[2.699s] writing manifest file '../build/sanification/sanification.egg-info/SOURCES.txt'
[2.699s] running build
[2.699s] running build_py
[2.700s] copying sanification/navigation.py -> /home/mengo/amr_project_ws/src/build/sanification/build/lib/sanification
[2.700s] running install
[2.701s] running install_lib
[2.702s] copying /home/mengo/amr_project_ws/src/build/sanification/build/lib/sanification/navigation.py -> /home/mengo/amr_project_ws/src/install/sanification/lib/python3.10/site-packages/sanification
[2.702s] byte-compiling /home/mengo/amr_project_ws/src/install/sanification/lib/python3.10/site-packages/sanification/navigation.py to navigation.cpython-310.pyc
[2.704s] running install_data
[2.705s] running install_egg_info
[2.707s] removing '/home/mengo/amr_project_ws/src/install/sanification/lib/python3.10/site-packages/sanification-0.0.0-py3.10.egg-info' (and everything under it)
[2.708s] Copying ../build/sanification/sanification.egg-info to /home/mengo/amr_project_ws/src/install/sanification/lib/python3.10/site-packages/sanification-0.0.0-py3.10.egg-info
[2.709s] running install_scripts
[2.739s] Installing localization script to /home/mengo/amr_project_ws/src/install/sanification/lib/sanification
[2.739s] Installing navigation script to /home/mengo/amr_project_ws/src/install/sanification/lib/sanification
[2.740s] Installing planner script to /home/mengo/amr_project_ws/src/install/sanification/lib/sanification
[2.740s] Installing sanification script to /home/mengo/amr_project_ws/src/install/sanification/lib/sanification
[2.741s] writing list of installed files to '/home/mengo/amr_project_ws/src/build/sanification/install.log'
[2.791s] Invoked command in '/home/mengo/amr_project_ws/src/sanification' returned '0': CONDA_PROMPT_MODIFIER=(base) PYTHONPATH=/home/mengo/amr_project_ws/src/build/sanification/prefix_override:/home/mengo/amr_project_ws/src/install/sanification/lib/python3.10/site-packages:${PYTHONPATH} /usr/bin/python3 setup.py egg_info --egg-base ../build/sanification build --build-base /home/mengo/amr_project_ws/src/build/sanification/build install --record /home/mengo/amr_project_ws/src/build/sanification/install.log --single-version-externally-managed
