[2.569s] Invoking command in '/home/mengo/amr_project_ws/src/exploration': PYTHONPATH=/home/mengo/amr_project_ws/build/exploration/prefix_override:/home/mengo/amr_project_ws/install/exploration/lib/python3.10/site-packages:${PYTHONPATH} /usr/bin/python3 setup.py egg_info --egg-base ../../build/exploration build --build-base /home/mengo/amr_project_ws/build/exploration/build install --record /home/mengo/amr_project_ws/build/exploration/install.log --single-version-externally-managed
[3.225s] running egg_info
[3.227s] writing ../../build/exploration/exploration.egg-info/PKG-INFO
[3.227s] writing dependency_links to ../../build/exploration/exploration.egg-info/dependency_links.txt
[3.228s] writing entry points to ../../build/exploration/exploration.egg-info/entry_points.txt
[3.228s] writing requirements to ../../build/exploration/exploration.egg-info/requires.txt
[3.228s] writing top-level names to ../../build/exploration/exploration.egg-info/top_level.txt
[3.232s] reading manifest file '../../build/exploration/exploration.egg-info/SOURCES.txt'
[3.232s] adding license file 'LICENSE'
[3.234s] writing manifest file '../../build/exploration/exploration.egg-info/SOURCES.txt'
[3.234s] running build
[3.234s] running build_py
[3.234s] copying exploration/exploration.py -> /home/mengo/amr_project_ws/build/exploration/build/lib/exploration
[3.235s] running install
[3.238s] running install_lib
[3.241s] copying /home/mengo/amr_project_ws/build/exploration/build/lib/exploration/exploration.py -> /home/mengo/amr_project_ws/install/exploration/lib/python3.10/site-packages/exploration
[3.243s] byte-compiling /home/mengo/amr_project_ws/install/exploration/lib/python3.10/site-packages/exploration/exploration.py to exploration.cpython-310.pyc
[3.245s] running install_data
[3.246s] running install_egg_info
[3.249s] removing '/home/mengo/amr_project_ws/install/exploration/lib/python3.10/site-packages/exploration-0.0.0-py3.10.egg-info' (and everything under it)
[3.249s] Copying ../../build/exploration/exploration.egg-info to /home/mengo/amr_project_ws/install/exploration/lib/python3.10/site-packages/exploration-0.0.0-py3.10.egg-info
[3.251s] running install_scripts
[3.317s] Installing exploration script to /home/mengo/amr_project_ws/install/exploration/lib/exploration
[3.318s] writing list of installed files to '/home/mengo/amr_project_ws/build/exploration/install.log'
[3.396s] Invoked command in '/home/mengo/amr_project_ws/src/exploration' returned '0': PYTHONPATH=/home/mengo/amr_project_ws/build/exploration/prefix_override:/home/mengo/amr_project_ws/install/exploration/lib/python3.10/site-packages:${PYTHONPATH} /usr/bin/python3 setup.py egg_info --egg-base ../../build/exploration build --build-base /home/mengo/amr_project_ws/build/exploration/build install --record /home/mengo/amr_project_ws/build/exploration/install.log --single-version-externally-managed
