[1.267s] Invoking command in '/home/mengo/amr_project_ws/src/sanification': PYTHONPATH=/home/mengo/amr_project_ws/build/sanification/prefix_override:/home/mengo/amr_project_ws/install/sanification/lib/python3.10/site-packages:${PYTHONPATH} /usr/bin/python3 setup.py egg_info --egg-base ../../build/sanification build --build-base /home/mengo/amr_project_ws/build/sanification/build install --record /home/mengo/amr_project_ws/build/sanification/install.log --single-version-externally-managed
[1.557s] running egg_info
[1.557s] writing ../../build/sanification/sanification.egg-info/PKG-INFO
[1.558s] writing dependency_links to ../../build/sanification/sanification.egg-info/dependency_links.txt
[1.558s] writing entry points to ../../build/sanification/sanification.egg-info/entry_points.txt
[1.558s] writing requirements to ../../build/sanification/sanification.egg-info/requires.txt
[1.558s] writing top-level names to ../../build/sanification/sanification.egg-info/top_level.txt
[1.559s] reading manifest file '../../build/sanification/sanification.egg-info/SOURCES.txt'
[1.560s] writing manifest file '../../build/sanification/sanification.egg-info/SOURCES.txt'
[1.560s] running build
[1.560s] running build_py
[1.561s] copying sanification/planner.py -> /home/mengo/amr_project_ws/build/sanification/build/lib/sanification
[1.561s] running install
[1.561s] running install_lib
[1.562s] copying /home/mengo/amr_project_ws/build/sanification/build/lib/sanification/planner.py -> /home/mengo/amr_project_ws/install/sanification/lib/python3.10/site-packages/sanification
[1.562s] byte-compiling /home/mengo/amr_project_ws/install/sanification/lib/python3.10/site-packages/sanification/planner.py to planner.cpython-310.pyc
[1.564s] running install_data
[1.564s] running install_egg_info
[1.566s] removing '/home/mengo/amr_project_ws/install/sanification/lib/python3.10/site-packages/sanification-0.0.0-py3.10.egg-info' (and everything under it)
[1.566s] Copying ../../build/sanification/sanification.egg-info to /home/mengo/amr_project_ws/install/sanification/lib/python3.10/site-packages/sanification-0.0.0-py3.10.egg-info
[1.567s] running install_scripts
[1.584s] Installing localization script to /home/mengo/amr_project_ws/install/sanification/lib/sanification
[1.584s] Installing navigation script to /home/mengo/amr_project_ws/install/sanification/lib/sanification
[1.584s] Installing sanification script to /home/mengo/amr_project_ws/install/sanification/lib/sanification
[1.585s] writing list of installed files to '/home/mengo/amr_project_ws/build/sanification/install.log'
[1.640s] Invoked command in '/home/mengo/amr_project_ws/src/sanification' returned '0': PYTHONPATH=/home/mengo/amr_project_ws/build/sanification/prefix_override:/home/mengo/amr_project_ws/install/sanification/lib/python3.10/site-packages:${PYTHONPATH} /usr/bin/python3 setup.py egg_info --egg-base ../../build/sanification build --build-base /home/mengo/amr_project_ws/build/sanification/build install --record /home/mengo/amr_project_ws/build/sanification/install.log --single-version-externally-managed
