[1.436s] Invoking command in '/home/mengo/amr_project_ws/src/exploration': PYTHONPATH=/home/mengo/amr_project_ws/build/exploration/prefix_override:/home/mengo/amr_project_ws/install/exploration/lib/python3.10/site-packages:${PYTHONPATH} /usr/bin/python3 setup.py egg_info --egg-base ../../build/exploration build --build-base /home/mengo/amr_project_ws/build/exploration/build install --record /home/mengo/amr_project_ws/build/exploration/install.log --single-version-externally-managed
[1.763s] running egg_info
[1.764s] writing ../../build/exploration/exploration.egg-info/PKG-INFO
[1.764s] writing dependency_links to ../../build/exploration/exploration.egg-info/dependency_links.txt
[1.764s] writing entry points to ../../build/exploration/exploration.egg-info/entry_points.txt
[1.764s] writing requirements to ../../build/exploration/exploration.egg-info/requires.txt
[1.765s] writing top-level names to ../../build/exploration/exploration.egg-info/top_level.txt
[1.766s] reading manifest file '../../build/exploration/exploration.egg-info/SOURCES.txt'
[1.767s] adding license file 'LICENSE'
[1.768s] writing manifest file '../../build/exploration/exploration.egg-info/SOURCES.txt'
[1.768s] running build
[1.768s] running build_py
[1.768s] copying exploration/navigation_to_pose.py -> /home/mengo/amr_project_ws/build/exploration/build/lib/exploration
[1.768s] running install
[1.768s] running install_lib
[1.769s] copying /home/mengo/amr_project_ws/build/exploration/build/lib/exploration/navigation_to_pose.py -> /home/mengo/amr_project_ws/install/exploration/lib/python3.10/site-packages/exploration
[1.770s] byte-compiling /home/mengo/amr_project_ws/install/exploration/lib/python3.10/site-packages/exploration/navigation_to_pose.py to navigation_to_pose.cpython-310.pyc
[1.771s] running install_data
[1.771s] running install_egg_info
[1.774s] removing '/home/mengo/amr_project_ws/install/exploration/lib/python3.10/site-packages/exploration-0.0.0-py3.10.egg-info' (and everything under it)
[1.774s] Copying ../../build/exploration/exploration.egg-info to /home/mengo/amr_project_ws/install/exploration/lib/python3.10/site-packages/exploration-0.0.0-py3.10.egg-info
[1.775s] running install_scripts
[1.799s] Installing navigation_to_pose script to /home/mengo/amr_project_ws/install/exploration/lib/exploration
[1.799s] writing list of installed files to '/home/mengo/amr_project_ws/build/exploration/install.log'
[1.834s] Invoked command in '/home/mengo/amr_project_ws/src/exploration' returned '0': PYTHONPATH=/home/mengo/amr_project_ws/build/exploration/prefix_override:/home/mengo/amr_project_ws/install/exploration/lib/python3.10/site-packages:${PYTHONPATH} /usr/bin/python3 setup.py egg_info --egg-base ../../build/exploration build --build-base /home/mengo/amr_project_ws/build/exploration/build install --record /home/mengo/amr_project_ws/build/exploration/install.log --single-version-externally-managed
