[1.512s] DEBUG:colcon:Command line arguments: ['/usr/bin/colcon', 'build']
[1.512s] DEBUG:colcon:Parsed command line arguments: Namespace(log_base=None, log_level=None, verb_name='build', build_base='build', install_base='install', merge_install=False, symlink_install=False, test_result_base=None, continue_on_error=False, executor='parallel', parallel_workers=12, event_handlers=None, ignore_user_meta=False, metas=['./colcon.meta'], base_paths=['.'], packages_ignore=None, packages_ignore_regex=None, paths=None, packages_up_to=None, packages_up_to_regex=None, packages_above=None, packages_above_and_dependencies=None, packages_above_depth=None, packages_select_by_dep=None, packages_skip_by_dep=None, packages_skip_up_to=None, packages_select_build_failed=False, packages_skip_build_finished=False, packages_select_test_failures=False, packages_skip_test_passed=False, packages_select=None, packages_skip=None, packages_select_regex=None, packages_skip_regex=None, packages_start=None, packages_end=None, allow_overriding=[], cmake_args=None, cmake_target=None, cmake_target_skip_unavailable=False, cmake_clean_cache=False, cmake_clean_first=False, cmake_force_configure=False, ament_cmake_args=None, catkin_cmake_args=None, catkin_skip_building_tests=False, verb_parser=<colcon_defaults.argument_parser.defaults.DefaultArgumentsDecorator object at 0x79c83920b9a0>, verb_extension=<colcon_core.verb.build.BuildVerb object at 0x79c83964f010>, main=<bound method BuildVerb.main of <colcon_core.verb.build.BuildVerb object at 0x79c83964f010>>)
[1.571s] Level 1:colcon.colcon_core.package_discovery:discover_packages(colcon_meta) check parameters
[1.572s] Level 1:colcon.colcon_core.package_discovery:discover_packages(recursive) check parameters
[1.572s] Level 1:colcon.colcon_core.package_discovery:discover_packages(ignore) check parameters
[1.572s] Level 1:colcon.colcon_core.package_discovery:discover_packages(path) check parameters
[1.572s] Level 1:colcon.colcon_core.package_discovery:discover_packages(colcon_meta) discover
[1.572s] Level 1:colcon.colcon_core.package_discovery:discover_packages(recursive) discover
[1.572s] INFO:colcon.colcon_core.package_discovery:Crawling recursively for packages in '/home/mengo/amr_project_ws'
[1.572s] Level 1:colcon.colcon_core.package_identification:_identify(.) by extensions ['ignore', 'ignore_ament_install']
[1.572s] Level 1:colcon.colcon_core.package_identification:_identify(.) by extension 'ignore'
[1.572s] Level 1:colcon.colcon_core.package_identification:_identify(.) by extension 'ignore_ament_install'
[1.572s] Level 1:colcon.colcon_core.package_identification:_identify(.) by extensions ['colcon_pkg']
[1.572s] Level 1:colcon.colcon_core.package_identification:_identify(.) by extension 'colcon_pkg'
[1.572s] Level 1:colcon.colcon_core.package_identification:_identify(.) by extensions ['colcon_meta']
[1.572s] Level 1:colcon.colcon_core.package_identification:_identify(.) by extension 'colcon_meta'
[1.572s] Level 1:colcon.colcon_core.package_identification:_identify(.) by extensions ['ros']
[1.572s] Level 1:colcon.colcon_core.package_identification:_identify(.) by extension 'ros'
[1.583s] Level 1:colcon.colcon_core.package_identification:_identify(.) by extensions ['cmake', 'python']
[1.583s] Level 1:colcon.colcon_core.package_identification:_identify(.) by extension 'cmake'
[1.583s] Level 1:colcon.colcon_core.package_identification:_identify(.) by extension 'python'
[1.583s] Level 1:colcon.colcon_core.package_identification:_identify(.) by extensions ['python_setup_py']
[1.583s] Level 1:colcon.colcon_core.package_identification:_identify(.) by extension 'python_setup_py'
[1.584s] Level 1:colcon.colcon_core.package_identification:_identify(PICTURES) by extensions ['ignore', 'ignore_ament_install']
[1.584s] Level 1:colcon.colcon_core.package_identification:_identify(PICTURES) by extension 'ignore'
[1.584s] Level 1:colcon.colcon_core.package_identification:_identify(PICTURES) by extension 'ignore_ament_install'
[1.584s] Level 1:colcon.colcon_core.package_identification:_identify(PICTURES) by extensions ['colcon_pkg']
[1.584s] Level 1:colcon.colcon_core.package_identification:_identify(PICTURES) by extension 'colcon_pkg'
[1.584s] Level 1:colcon.colcon_core.package_identification:_identify(PICTURES) by extensions ['colcon_meta']
[1.584s] Level 1:colcon.colcon_core.package_identification:_identify(PICTURES) by extension 'colcon_meta'
[1.584s] Level 1:colcon.colcon_core.package_identification:_identify(PICTURES) by extensions ['ros']
[1.584s] Level 1:colcon.colcon_core.package_identification:_identify(PICTURES) by extension 'ros'
[1.584s] Level 1:colcon.colcon_core.package_identification:_identify(PICTURES) by extensions ['cmake', 'python']
[1.584s] Level 1:colcon.colcon_core.package_identification:_identify(PICTURES) by extension 'cmake'
[1.584s] Level 1:colcon.colcon_core.package_identification:_identify(PICTURES) by extension 'python'
[1.584s] Level 1:colcon.colcon_core.package_identification:_identify(PICTURES) by extensions ['python_setup_py']
[1.584s] Level 1:colcon.colcon_core.package_identification:_identify(PICTURES) by extension 'python_setup_py'
[1.584s] Level 1:colcon.colcon_core.package_identification:_identify(PICTURES/Task2) by extensions ['ignore', 'ignore_ament_install']
[1.584s] Level 1:colcon.colcon_core.package_identification:_identify(PICTURES/Task2) by extension 'ignore'
[1.584s] Level 1:colcon.colcon_core.package_identification:_identify(PICTURES/Task2) by extension 'ignore_ament_install'
[1.585s] Level 1:colcon.colcon_core.package_identification:_identify(PICTURES/Task2) by extensions ['colcon_pkg']
[1.585s] Level 1:colcon.colcon_core.package_identification:_identify(PICTURES/Task2) by extension 'colcon_pkg'
[1.585s] Level 1:colcon.colcon_core.package_identification:_identify(PICTURES/Task2) by extensions ['colcon_meta']
[1.585s] Level 1:colcon.colcon_core.package_identification:_identify(PICTURES/Task2) by extension 'colcon_meta'
[1.585s] Level 1:colcon.colcon_core.package_identification:_identify(PICTURES/Task2) by extensions ['ros']
[1.585s] Level 1:colcon.colcon_core.package_identification:_identify(PICTURES/Task2) by extension 'ros'
[1.585s] Level 1:colcon.colcon_core.package_identification:_identify(PICTURES/Task2) by extensions ['cmake', 'python']
[1.585s] Level 1:colcon.colcon_core.package_identification:_identify(PICTURES/Task2) by extension 'cmake'
[1.585s] Level 1:colcon.colcon_core.package_identification:_identify(PICTURES/Task2) by extension 'python'
[1.585s] Level 1:colcon.colcon_core.package_identification:_identify(PICTURES/Task2) by extensions ['python_setup_py']
[1.585s] Level 1:colcon.colcon_core.package_identification:_identify(PICTURES/Task2) by extension 'python_setup_py'
[1.585s] Level 1:colcon.colcon_core.package_identification:_identify(build) by extensions ['ignore', 'ignore_ament_install']
[1.585s] Level 1:colcon.colcon_core.package_identification:_identify(build) by extension 'ignore'
[1.585s] Level 1:colcon.colcon_core.package_identification:_identify(build) ignored
[1.585s] Level 1:colcon.colcon_core.package_identification:_identify(extra_files) by extensions ['ignore', 'ignore_ament_install']
[1.585s] Level 1:colcon.colcon_core.package_identification:_identify(extra_files) by extension 'ignore'
[1.585s] Level 1:colcon.colcon_core.package_identification:_identify(extra_files) by extension 'ignore_ament_install'
[1.586s] Level 1:colcon.colcon_core.package_identification:_identify(extra_files) by extensions ['colcon_pkg']
[1.586s] Level 1:colcon.colcon_core.package_identification:_identify(extra_files) by extension 'colcon_pkg'
[1.586s] Level 1:colcon.colcon_core.package_identification:_identify(extra_files) by extensions ['colcon_meta']
[1.586s] Level 1:colcon.colcon_core.package_identification:_identify(extra_files) by extension 'colcon_meta'
[1.586s] Level 1:colcon.colcon_core.package_identification:_identify(extra_files) by extensions ['ros']
[1.586s] Level 1:colcon.colcon_core.package_identification:_identify(extra_files) by extension 'ros'
[1.586s] Level 1:colcon.colcon_core.package_identification:_identify(extra_files) by extensions ['cmake', 'python']
[1.586s] Level 1:colcon.colcon_core.package_identification:_identify(extra_files) by extension 'cmake'
[1.586s] Level 1:colcon.colcon_core.package_identification:_identify(extra_files) by extension 'python'
[1.586s] Level 1:colcon.colcon_core.package_identification:_identify(extra_files) by extensions ['python_setup_py']
[1.586s] Level 1:colcon.colcon_core.package_identification:_identify(extra_files) by extension 'python_setup_py'
[1.586s] Level 1:colcon.colcon_core.package_identification:_identify(install) by extensions ['ignore', 'ignore_ament_install']
[1.586s] Level 1:colcon.colcon_core.package_identification:_identify(install) by extension 'ignore'
[1.586s] Level 1:colcon.colcon_core.package_identification:_identify(install) ignored
[1.586s] Level 1:colcon.colcon_core.package_identification:_identify(log) by extensions ['ignore', 'ignore_ament_install']
[1.587s] Level 1:colcon.colcon_core.package_identification:_identify(log) by extension 'ignore'
[1.587s] Level 1:colcon.colcon_core.package_identification:_identify(log) ignored
[1.587s] Level 1:colcon.colcon_core.package_identification:_identify(src) by extensions ['ignore', 'ignore_ament_install']
[1.587s] Level 1:colcon.colcon_core.package_identification:_identify(src) by extension 'ignore'
[1.587s] Level 1:colcon.colcon_core.package_identification:_identify(src) by extension 'ignore_ament_install'
[1.587s] Level 1:colcon.colcon_core.package_identification:_identify(src) by extensions ['colcon_pkg']
[1.587s] Level 1:colcon.colcon_core.package_identification:_identify(src) by extension 'colcon_pkg'
[1.587s] Level 1:colcon.colcon_core.package_identification:_identify(src) by extensions ['colcon_meta']
[1.587s] Level 1:colcon.colcon_core.package_identification:_identify(src) by extension 'colcon_meta'
[1.587s] Level 1:colcon.colcon_core.package_identification:_identify(src) by extensions ['ros']
[1.587s] Level 1:colcon.colcon_core.package_identification:_identify(src) by extension 'ros'
[1.587s] Level 1:colcon.colcon_core.package_identification:_identify(src) by extensions ['cmake', 'python']
[1.587s] Level 1:colcon.colcon_core.package_identification:_identify(src) by extension 'cmake'
[1.587s] Level 1:colcon.colcon_core.package_identification:_identify(src) by extension 'python'
[1.587s] Level 1:colcon.colcon_core.package_identification:_identify(src) by extensions ['python_setup_py']
[1.587s] Level 1:colcon.colcon_core.package_identification:_identify(src) by extension 'python_setup_py'
[1.587s] Level 1:colcon.colcon_core.package_identification:_identify(src/build) by extensions ['ignore', 'ignore_ament_install']
[1.587s] Level 1:colcon.colcon_core.package_identification:_identify(src/build) by extension 'ignore'
[1.587s] Level 1:colcon.colcon_core.package_identification:_identify(src/build) ignored
[1.588s] Level 1:colcon.colcon_core.package_identification:_identify(src/exploration) by extensions ['ignore', 'ignore_ament_install']
[1.588s] Level 1:colcon.colcon_core.package_identification:_identify(src/exploration) by extension 'ignore'
[1.588s] Level 1:colcon.colcon_core.package_identification:_identify(src/exploration) by extension 'ignore_ament_install'
[1.588s] Level 1:colcon.colcon_core.package_identification:_identify(src/exploration) by extensions ['colcon_pkg']
[1.588s] Level 1:colcon.colcon_core.package_identification:_identify(src/exploration) by extension 'colcon_pkg'
[1.588s] Level 1:colcon.colcon_core.package_identification:_identify(src/exploration) by extensions ['colcon_meta']
[1.588s] Level 1:colcon.colcon_core.package_identification:_identify(src/exploration) by extension 'colcon_meta'
[1.588s] Level 1:colcon.colcon_core.package_identification:_identify(src/exploration) by extensions ['ros']
[1.588s] Level 1:colcon.colcon_core.package_identification:_identify(src/exploration) by extension 'ros'
[1.590s] DEBUG:colcon.colcon_core.package_identification:Package 'src/exploration' with type 'ros.ament_python' and name 'exploration'
[1.591s] Level 1:colcon.colcon_core.package_identification:_identify(src/install) by extensions ['ignore', 'ignore_ament_install']
[1.591s] Level 1:colcon.colcon_core.package_identification:_identify(src/install) by extension 'ignore'
[1.591s] Level 1:colcon.colcon_core.package_identification:_identify(src/install) ignored
[1.591s] Level 1:colcon.colcon_core.package_identification:_identify(src/log) by extensions ['ignore', 'ignore_ament_install']
[1.591s] Level 1:colcon.colcon_core.package_identification:_identify(src/log) by extension 'ignore'
[1.591s] Level 1:colcon.colcon_core.package_identification:_identify(src/log) ignored
[1.591s] Level 1:colcon.colcon_core.package_identification:_identify(src/sanification) by extensions ['ignore', 'ignore_ament_install']
[1.591s] Level 1:colcon.colcon_core.package_identification:_identify(src/sanification) by extension 'ignore'
[1.591s] Level 1:colcon.colcon_core.package_identification:_identify(src/sanification) by extension 'ignore_ament_install'
[1.591s] Level 1:colcon.colcon_core.package_identification:_identify(src/sanification) by extensions ['colcon_pkg']
[1.591s] Level 1:colcon.colcon_core.package_identification:_identify(src/sanification) by extension 'colcon_pkg'
[1.591s] Level 1:colcon.colcon_core.package_identification:_identify(src/sanification) by extensions ['colcon_meta']
[1.591s] Level 1:colcon.colcon_core.package_identification:_identify(src/sanification) by extension 'colcon_meta'
[1.591s] Level 1:colcon.colcon_core.package_identification:_identify(src/sanification) by extensions ['ros']
[1.591s] Level 1:colcon.colcon_core.package_identification:_identify(src/sanification) by extension 'ros'
[1.592s] DEBUG:colcon.colcon_core.package_identification:Package 'src/sanification' with type 'ros.ament_python' and name 'sanification'
[1.592s] Level 1:colcon.colcon_core.package_identification:_identify(src/turtlebot3_gazebo) by extensions ['ignore', 'ignore_ament_install']
[1.592s] Level 1:colcon.colcon_core.package_identification:_identify(src/turtlebot3_gazebo) by extension 'ignore'
[1.592s] Level 1:colcon.colcon_core.package_identification:_identify(src/turtlebot3_gazebo) by extension 'ignore_ament_install'
[1.592s] Level 1:colcon.colcon_core.package_identification:_identify(src/turtlebot3_gazebo) by extensions ['colcon_pkg']
[1.592s] Level 1:colcon.colcon_core.package_identification:_identify(src/turtlebot3_gazebo) by extension 'colcon_pkg'
[1.592s] Level 1:colcon.colcon_core.package_identification:_identify(src/turtlebot3_gazebo) by extensions ['colcon_meta']
[1.592s] Level 1:colcon.colcon_core.package_identification:_identify(src/turtlebot3_gazebo) by extension 'colcon_meta'
[1.592s] Level 1:colcon.colcon_core.package_identification:_identify(src/turtlebot3_gazebo) by extensions ['ros']
[1.592s] Level 1:colcon.colcon_core.package_identification:_identify(src/turtlebot3_gazebo) by extension 'ros'
[1.593s] DEBUG:colcon.colcon_core.package_identification:Package 'src/turtlebot3_gazebo' with type 'ros.ament_cmake' and name 'turtlebot3_gazebo'
[1.593s] Level 1:colcon.colcon_core.package_discovery:discover_packages(recursive) using defaults
[1.593s] Level 1:colcon.colcon_core.package_discovery:discover_packages(ignore) discover
[1.594s] Level 1:colcon.colcon_core.package_discovery:discover_packages(ignore) using defaults
[1.594s] Level 1:colcon.colcon_core.package_discovery:discover_packages(path) discover
[1.594s] Level 1:colcon.colcon_core.package_discovery:discover_packages(path) using defaults
[1.729s] Level 1:colcon.colcon_core.package_discovery:discover_packages(prefix_path) check parameters
[1.729s] Level 1:colcon.colcon_core.package_discovery:discover_packages(prefix_path) discover
[1.773s] DEBUG:colcon.colcon_installed_package_information.package_discovery:Found 3 installed packages in /home/mengo/amr_project_ws/install
[1.796s] DEBUG:colcon.colcon_installed_package_information.package_discovery:Found 378 installed packages in /opt/ros/humble
[1.798s] Level 1:colcon.colcon_core.package_discovery:discover_packages(prefix_path) using defaults
[1.922s] Level 5:colcon.colcon_core.verb:set package 'exploration' build argument 'cmake_args' from command line to 'None'
[1.922s] Level 5:colcon.colcon_core.verb:set package 'exploration' build argument 'cmake_target' from command line to 'None'
[1.922s] Level 5:colcon.colcon_core.verb:set package 'exploration' build argument 'cmake_target_skip_unavailable' from command line to 'False'
[1.922s] Level 5:colcon.colcon_core.verb:set package 'exploration' build argument 'cmake_clean_cache' from command line to 'False'
[1.922s] Level 5:colcon.colcon_core.verb:set package 'exploration' build argument 'cmake_clean_first' from command line to 'False'
[1.922s] Level 5:colcon.colcon_core.verb:set package 'exploration' build argument 'cmake_force_configure' from command line to 'False'
[1.922s] Level 5:colcon.colcon_core.verb:set package 'exploration' build argument 'ament_cmake_args' from command line to 'None'
[1.922s] Level 5:colcon.colcon_core.verb:set package 'exploration' build argument 'catkin_cmake_args' from command line to 'None'
[1.922s] Level 5:colcon.colcon_core.verb:set package 'exploration' build argument 'catkin_skip_building_tests' from command line to 'False'
[1.922s] DEBUG:colcon.colcon_core.verb:Building package 'exploration' with the following arguments: {'ament_cmake_args': None, 'build_base': '/home/mengo/amr_project_ws/build/exploration', 'catkin_cmake_args': None, 'catkin_skip_building_tests': False, 'cmake_args': None, 'cmake_clean_cache': False, 'cmake_clean_first': False, 'cmake_force_configure': False, 'cmake_target': None, 'cmake_target_skip_unavailable': False, 'install_base': '/home/mengo/amr_project_ws/install/exploration', 'merge_install': False, 'path': '/home/mengo/amr_project_ws/src/exploration', 'symlink_install': False, 'test_result_base': None}
[1.944s] Level 5:colcon.colcon_core.verb:set package 'sanification' build argument 'cmake_args' from command line to 'None'
[1.944s] Level 5:colcon.colcon_core.verb:set package 'sanification' build argument 'cmake_target' from command line to 'None'
[1.944s] Level 5:colcon.colcon_core.verb:set package 'sanification' build argument 'cmake_target_skip_unavailable' from command line to 'False'
[1.944s] Level 5:colcon.colcon_core.verb:set package 'sanification' build argument 'cmake_clean_cache' from command line to 'False'
[1.944s] Level 5:colcon.colcon_core.verb:set package 'sanification' build argument 'cmake_clean_first' from command line to 'False'
[1.944s] Level 5:colcon.colcon_core.verb:set package 'sanification' build argument 'cmake_force_configure' from command line to 'False'
[1.944s] Level 5:colcon.colcon_core.verb:set package 'sanification' build argument 'ament_cmake_args' from command line to 'None'
[1.944s] Level 5:colcon.colcon_core.verb:set package 'sanification' build argument 'catkin_cmake_args' from command line to 'None'
[1.944s] Level 5:colcon.colcon_core.verb:set package 'sanification' build argument 'catkin_skip_building_tests' from command line to 'False'
[1.944s] DEBUG:colcon.colcon_core.verb:Building package 'sanification' with the following arguments: {'ament_cmake_args': None, 'build_base': '/home/mengo/amr_project_ws/build/sanification', 'catkin_cmake_args': None, 'catkin_skip_building_tests': False, 'cmake_args': None, 'cmake_clean_cache': False, 'cmake_clean_first': False, 'cmake_force_configure': False, 'cmake_target': None, 'cmake_target_skip_unavailable': False, 'install_base': '/home/mengo/amr_project_ws/install/sanification', 'merge_install': False, 'path': '/home/mengo/amr_project_ws/src/sanification', 'symlink_install': False, 'test_result_base': None}
[1.966s] Level 5:colcon.colcon_core.verb:set package 'turtlebot3_gazebo' build argument 'cmake_args' from command line to 'None'
[1.966s] Level 5:colcon.colcon_core.verb:set package 'turtlebot3_gazebo' build argument 'cmake_target' from command line to 'None'
[1.966s] Level 5:colcon.colcon_core.verb:set package 'turtlebot3_gazebo' build argument 'cmake_target_skip_unavailable' from command line to 'False'
[1.966s] Level 5:colcon.colcon_core.verb:set package 'turtlebot3_gazebo' build argument 'cmake_clean_cache' from command line to 'False'
[1.966s] Level 5:colcon.colcon_core.verb:set package 'turtlebot3_gazebo' build argument 'cmake_clean_first' from command line to 'False'
[1.966s] Level 5:colcon.colcon_core.verb:set package 'turtlebot3_gazebo' build argument 'cmake_force_configure' from command line to 'False'
[1.966s] Level 5:colcon.colcon_core.verb:set package 'turtlebot3_gazebo' build argument 'ament_cmake_args' from command line to 'None'
[1.966s] Level 5:colcon.colcon_core.verb:set package 'turtlebot3_gazebo' build argument 'catkin_cmake_args' from command line to 'None'
[1.966s] Level 5:colcon.colcon_core.verb:set package 'turtlebot3_gazebo' build argument 'catkin_skip_building_tests' from command line to 'False'
[1.966s] DEBUG:colcon.colcon_core.verb:Building package 'turtlebot3_gazebo' with the following arguments: {'ament_cmake_args': None, 'build_base': '/home/mengo/amr_project_ws/build/turtlebot3_gazebo', 'catkin_cmake_args': None, 'catkin_skip_building_tests': False, 'cmake_args': None, 'cmake_clean_cache': False, 'cmake_clean_first': False, 'cmake_force_configure': False, 'cmake_target': None, 'cmake_target_skip_unavailable': False, 'install_base': '/home/mengo/amr_project_ws/install/turtlebot3_gazebo', 'merge_install': False, 'path': '/home/mengo/amr_project_ws/src/turtlebot3_gazebo', 'symlink_install': False, 'test_result_base': None}
[1.987s] INFO:colcon.colcon_core.executor:Executing jobs using 'parallel' executor
[2.008s] DEBUG:colcon.colcon_parallel_executor.executor.parallel:run_until_complete
[2.008s] INFO:colcon.colcon_ros.task.ament_python.build:Building ROS package in '/home/mengo/amr_project_ws/src/exploration' with build type 'ament_python'
[2.009s] Level 1:colcon.colcon_core.shell:create_environment_hook('exploration', 'ament_prefix_path')
[2.031s] INFO:colcon.colcon_core.plugin_system:Skipping extension 'colcon_core.shell.bat': Not used on non-Windows systems
[2.032s] INFO:colcon.colcon_core.shell:Creating environment hook '/home/mengo/amr_project_ws/install/exploration/share/exploration/hook/ament_prefix_path.ps1'
[2.032s] INFO:colcon.colcon_core.shell:Creating environment descriptor '/home/mengo/amr_project_ws/install/exploration/share/exploration/hook/ament_prefix_path.dsv'
[2.033s] INFO:colcon.colcon_core.shell:Creating environment hook '/home/mengo/amr_project_ws/install/exploration/share/exploration/hook/ament_prefix_path.sh'
[2.055s] INFO:colcon.colcon_core.shell:Skip shell extension 'powershell' for command environment: Not usable outside of PowerShell
[2.055s] DEBUG:colcon.colcon_core.shell:Skip shell extension 'dsv' for command environment
[2.129s] INFO:colcon.colcon_ros.task.ament_python.build:Building ROS package in '/home/mengo/amr_project_ws/src/sanification' with build type 'ament_python'
[2.129s] Level 1:colcon.colcon_core.shell:create_environment_hook('sanification', 'ament_prefix_path')
[2.153s] INFO:colcon.colcon_core.shell:Creating environment hook '/home/mengo/amr_project_ws/install/sanification/share/sanification/hook/ament_prefix_path.ps1'
[2.154s] INFO:colcon.colcon_core.shell:Creating environment descriptor '/home/mengo/amr_project_ws/install/sanification/share/sanification/hook/ament_prefix_path.dsv'
[2.154s] INFO:colcon.colcon_core.shell:Creating environment hook '/home/mengo/amr_project_ws/install/sanification/share/sanification/hook/ament_prefix_path.sh'
[2.179s] INFO:colcon.colcon_core.shell:Skip shell extension 'powershell' for command environment: Not usable outside of PowerShell
[2.179s] DEBUG:colcon.colcon_core.shell:Skip shell extension 'dsv' for command environment
[2.251s] INFO:colcon.colcon_ros.task.ament_cmake.build:Building ROS package in '/home/mengo/amr_project_ws/src/turtlebot3_gazebo' with build type 'ament_cmake'
[2.252s] INFO:colcon.colcon_cmake.task.cmake.build:Building CMake package in '/home/mengo/amr_project_ws/src/turtlebot3_gazebo'
[2.276s] INFO:colcon.colcon_core.shell:Skip shell extension 'powershell' for command environment: Not usable outside of PowerShell
[2.276s] DEBUG:colcon.colcon_core.shell:Skip shell extension 'dsv' for command environment
[2.663s] INFO:colcon.colcon_core.task.python.build:Building Python package in '/home/mengo/amr_project_ws/src/exploration'
[2.684s] INFO:colcon.colcon_core.shell:Skip shell extension 'powershell' for command environment: Not usable outside of PowerShell
[2.684s] DEBUG:colcon.colcon_core.shell:Skip shell extension 'dsv' for command environment
[3.057s] INFO:colcon.colcon_core.task.python.build:Building Python package in '/home/mengo/amr_project_ws/src/sanification'
[3.078s] INFO:colcon.colcon_core.shell:Skip shell extension 'powershell' for command environment: Not usable outside of PowerShell
[3.078s] DEBUG:colcon.colcon_core.shell:Skip shell extension 'dsv' for command environment
[3.147s] DEBUG:colcon.colcon_core.event_handler.log_command:Invoking command in '/home/mengo/amr_project_ws/build/turtlebot3_gazebo': CMAKE_PREFIX_PATH=${CMAKE_PREFIX_PATH}:/home/mengo/amr_project_ws/install/sanification:/home/mengo/amr_project_ws/install/exploration:/opt/ros/humble CONDA_PROMPT_MODIFIER=(base) /usr/bin/cmake --build /home/mengo/amr_project_ws/build/turtlebot3_gazebo -- -j12 -l12
[3.245s] DEBUG:colcon.colcon_core.event_handler.log_command:Invoked command in '/home/mengo/amr_project_ws/build/turtlebot3_gazebo' returned '0': CMAKE_PREFIX_PATH=${CMAKE_PREFIX_PATH}:/home/mengo/amr_project_ws/install/sanification:/home/mengo/amr_project_ws/install/exploration:/opt/ros/humble CONDA_PROMPT_MODIFIER=(base) /usr/bin/cmake --build /home/mengo/amr_project_ws/build/turtlebot3_gazebo -- -j12 -l12
[3.295s] DEBUG:colcon.colcon_core.event_handler.log_command:Invoking command in '/home/mengo/amr_project_ws/build/turtlebot3_gazebo': CMAKE_PREFIX_PATH=${CMAKE_PREFIX_PATH}:/home/mengo/amr_project_ws/install/sanification:/home/mengo/amr_project_ws/install/exploration:/opt/ros/humble CONDA_PROMPT_MODIFIER=(base) /usr/bin/cmake --install /home/mengo/amr_project_ws/build/turtlebot3_gazebo
[3.311s] Level 1:colcon.colcon_core.environment:create_environment_scripts_only(turtlebot3_gazebo)
[3.332s] DEBUG:colcon.colcon_core.event_handler.log_command:Invoked command in '/home/mengo/amr_project_ws/build/turtlebot3_gazebo' returned '0': CMAKE_PREFIX_PATH=${CMAKE_PREFIX_PATH}:/home/mengo/amr_project_ws/install/sanification:/home/mengo/amr_project_ws/install/exploration:/opt/ros/humble CONDA_PROMPT_MODIFIER=(base) /usr/bin/cmake --install /home/mengo/amr_project_ws/build/turtlebot3_gazebo
[3.360s] Level 1:colcon.colcon_core.environment:checking '/home/mengo/amr_project_ws/install/turtlebot3_gazebo' for CMake module files
[3.360s] Level 1:colcon.colcon_core.environment:checking '/home/mengo/amr_project_ws/install/turtlebot3_gazebo' for CMake config files
[3.361s] Level 1:colcon.colcon_core.shell:create_environment_hook('turtlebot3_gazebo', 'cmake_prefix_path')
[3.386s] INFO:colcon.colcon_core.shell:Creating environment hook '/home/mengo/amr_project_ws/install/turtlebot3_gazebo/share/turtlebot3_gazebo/hook/cmake_prefix_path.ps1'
[3.387s] INFO:colcon.colcon_core.shell:Creating environment descriptor '/home/mengo/amr_project_ws/install/turtlebot3_gazebo/share/turtlebot3_gazebo/hook/cmake_prefix_path.dsv'
[3.387s] INFO:colcon.colcon_core.shell:Creating environment hook '/home/mengo/amr_project_ws/install/turtlebot3_gazebo/share/turtlebot3_gazebo/hook/cmake_prefix_path.sh'
[3.388s] Level 1:colcon.colcon_core.environment:checking '/home/mengo/amr_project_ws/install/turtlebot3_gazebo/lib'
[3.388s] Level 1:colcon.colcon_core.environment:checking '/home/mengo/amr_project_ws/install/turtlebot3_gazebo/bin'
[3.388s] Level 1:colcon.colcon_core.environment:checking '/home/mengo/amr_project_ws/install/turtlebot3_gazebo/lib/pkgconfig/turtlebot3_gazebo.pc'
[3.388s] Level 1:colcon.colcon_core.environment:checking '/home/mengo/amr_project_ws/install/turtlebot3_gazebo/lib/python3.10/site-packages'
[3.389s] Level 1:colcon.colcon_core.environment:checking '/home/mengo/amr_project_ws/install/turtlebot3_gazebo/bin'
[3.416s] INFO:colcon.colcon_core.shell:Creating package script '/home/mengo/amr_project_ws/install/turtlebot3_gazebo/share/turtlebot3_gazebo/package.ps1'
[3.417s] INFO:colcon.colcon_core.shell:Creating package descriptor '/home/mengo/amr_project_ws/install/turtlebot3_gazebo/share/turtlebot3_gazebo/package.dsv'
[3.418s] INFO:colcon.colcon_core.shell:Creating package script '/home/mengo/amr_project_ws/install/turtlebot3_gazebo/share/turtlebot3_gazebo/package.sh'
[3.418s] INFO:colcon.colcon_core.shell:Creating package script '/home/mengo/amr_project_ws/install/turtlebot3_gazebo/share/turtlebot3_gazebo/package.bash'
[3.419s] INFO:colcon.colcon_core.shell:Creating package script '/home/mengo/amr_project_ws/install/turtlebot3_gazebo/share/turtlebot3_gazebo/package.zsh'
[3.420s] Level 1:colcon.colcon_core.environment:create_file_with_runtime_dependencies(/home/mengo/amr_project_ws/install/turtlebot3_gazebo/share/colcon-core/packages/turtlebot3_gazebo)
[3.487s] Level 1:colcon.colcon_core.environment:create_environment_scripts_only(turtlebot3_gazebo)
[3.512s] Level 1:colcon.colcon_core.environment:checking '/home/mengo/amr_project_ws/install/turtlebot3_gazebo' for CMake module files
[3.513s] Level 1:colcon.colcon_core.environment:checking '/home/mengo/amr_project_ws/install/turtlebot3_gazebo' for CMake config files
[3.513s] Level 1:colcon.colcon_core.shell:create_environment_hook('turtlebot3_gazebo', 'cmake_prefix_path')
[3.541s] INFO:colcon.colcon_core.shell:Creating environment hook '/home/mengo/amr_project_ws/install/turtlebot3_gazebo/share/turtlebot3_gazebo/hook/cmake_prefix_path.ps1'
[3.542s] INFO:colcon.colcon_core.shell:Creating environment descriptor '/home/mengo/amr_project_ws/install/turtlebot3_gazebo/share/turtlebot3_gazebo/hook/cmake_prefix_path.dsv'
[3.542s] INFO:colcon.colcon_core.shell:Creating environment hook '/home/mengo/amr_project_ws/install/turtlebot3_gazebo/share/turtlebot3_gazebo/hook/cmake_prefix_path.sh'
[3.543s] Level 1:colcon.colcon_core.environment:checking '/home/mengo/amr_project_ws/install/turtlebot3_gazebo/lib'
[3.543s] Level 1:colcon.colcon_core.environment:checking '/home/mengo/amr_project_ws/install/turtlebot3_gazebo/bin'
[3.543s] Level 1:colcon.colcon_core.environment:checking '/home/mengo/amr_project_ws/install/turtlebot3_gazebo/lib/pkgconfig/turtlebot3_gazebo.pc'
[3.543s] Level 1:colcon.colcon_core.environment:checking '/home/mengo/amr_project_ws/install/turtlebot3_gazebo/lib/python3.10/site-packages'
[3.543s] Level 1:colcon.colcon_core.environment:checking '/home/mengo/amr_project_ws/install/turtlebot3_gazebo/bin'
[3.574s] INFO:colcon.colcon_core.shell:Creating package script '/home/mengo/amr_project_ws/install/turtlebot3_gazebo/share/turtlebot3_gazebo/package.ps1'
[3.574s] INFO:colcon.colcon_core.shell:Creating package descriptor '/home/mengo/amr_project_ws/install/turtlebot3_gazebo/share/turtlebot3_gazebo/package.dsv'
[3.575s] INFO:colcon.colcon_core.shell:Creating package script '/home/mengo/amr_project_ws/install/turtlebot3_gazebo/share/turtlebot3_gazebo/package.sh'
[3.575s] INFO:colcon.colcon_core.shell:Creating package script '/home/mengo/amr_project_ws/install/turtlebot3_gazebo/share/turtlebot3_gazebo/package.bash'
[3.575s] INFO:colcon.colcon_core.shell:Creating package script '/home/mengo/amr_project_ws/install/turtlebot3_gazebo/share/turtlebot3_gazebo/package.zsh'
[3.576s] Level 1:colcon.colcon_core.environment:create_file_with_runtime_dependencies(/home/mengo/amr_project_ws/install/turtlebot3_gazebo/share/colcon-core/packages/turtlebot3_gazebo)
[3.657s] DEBUG:colcon.colcon_core.event_handler.log_command:Invoking command in '/home/mengo/amr_project_ws/src/sanification': CONDA_PROMPT_MODIFIER=(base) PYTHONPATH=/home/mengo/amr_project_ws/build/sanification/prefix_override:/home/mengo/amr_project_ws/install/sanification/lib/python3.10/site-packages:${PYTHONPATH} /usr/bin/python3 setup.py egg_info --egg-base ../../build/sanification build --build-base /home/mengo/amr_project_ws/build/sanification/build install --record /home/mengo/amr_project_ws/build/sanification/install.log --single-version-externally-managed
[3.671s] DEBUG:colcon.colcon_core.event_handler.log_command:Invoking command in '/home/mengo/amr_project_ws/src/exploration': CONDA_PROMPT_MODIFIER=(base) PYTHONPATH=/home/mengo/amr_project_ws/build/exploration/prefix_override:/home/mengo/amr_project_ws/install/exploration/lib/python3.10/site-packages:${PYTHONPATH} /usr/bin/python3 setup.py egg_info --egg-base ../../build/exploration build --build-base /home/mengo/amr_project_ws/build/exploration/build install --record /home/mengo/amr_project_ws/build/exploration/install.log --single-version-externally-managed
[4.091s] DEBUG:colcon.colcon_core.event_handler.log_command:Invoked command in '/home/mengo/amr_project_ws/src/sanification' returned '0': CONDA_PROMPT_MODIFIER=(base) PYTHONPATH=/home/mengo/amr_project_ws/build/sanification/prefix_override:/home/mengo/amr_project_ws/install/sanification/lib/python3.10/site-packages:${PYTHONPATH} /usr/bin/python3 setup.py egg_info --egg-base ../../build/sanification build --build-base /home/mengo/amr_project_ws/build/sanification/build install --record /home/mengo/amr_project_ws/build/sanification/install.log --single-version-externally-managed
[4.128s] Level 1:colcon.colcon_core.environment:checking '/home/mengo/amr_project_ws/install/sanification' for CMake module files
[4.129s] Level 1:colcon.colcon_core.environment:checking '/home/mengo/amr_project_ws/install/sanification' for CMake config files
[4.130s] Level 1:colcon.colcon_core.environment:checking '/home/mengo/amr_project_ws/install/sanification/lib'
[4.130s] Level 1:colcon.colcon_core.environment:checking '/home/mengo/amr_project_ws/install/sanification/bin'
[4.131s] Level 1:colcon.colcon_core.environment:checking '/home/mengo/amr_project_ws/install/sanification/lib/pkgconfig/sanification.pc'
[4.131s] Level 1:colcon.colcon_core.environment:checking '/home/mengo/amr_project_ws/install/sanification/lib/python3.10/site-packages'
[4.131s] Level 1:colcon.colcon_core.shell:create_environment_hook('sanification', 'pythonpath')
[4.169s] INFO:colcon.colcon_core.shell:Creating environment hook '/home/mengo/amr_project_ws/install/sanification/share/sanification/hook/pythonpath.ps1'
[4.169s] INFO:colcon.colcon_core.shell:Creating environment descriptor '/home/mengo/amr_project_ws/install/sanification/share/sanification/hook/pythonpath.dsv'
[4.170s] INFO:colcon.colcon_core.shell:Creating environment hook '/home/mengo/amr_project_ws/install/sanification/share/sanification/hook/pythonpath.sh'
[4.171s] Level 1:colcon.colcon_core.environment:checking '/home/mengo/amr_project_ws/install/sanification/bin'
[4.171s] Level 1:colcon.colcon_core.environment:create_environment_scripts_only(sanification)
[4.198s] INFO:colcon.colcon_core.shell:Creating package script '/home/mengo/amr_project_ws/install/sanification/share/sanification/package.ps1'
[4.198s] INFO:colcon.colcon_core.shell:Creating package descriptor '/home/mengo/amr_project_ws/install/sanification/share/sanification/package.dsv'
[4.199s] INFO:colcon.colcon_core.shell:Creating package script '/home/mengo/amr_project_ws/install/sanification/share/sanification/package.sh'
[4.200s] INFO:colcon.colcon_core.shell:Creating package script '/home/mengo/amr_project_ws/install/sanification/share/sanification/package.bash'
[4.200s] INFO:colcon.colcon_core.shell:Creating package script '/home/mengo/amr_project_ws/install/sanification/share/sanification/package.zsh'
[4.200s] Level 1:colcon.colcon_core.environment:create_file_with_runtime_dependencies(/home/mengo/amr_project_ws/install/sanification/share/colcon-core/packages/sanification)
[4.202s] DEBUG:colcon.colcon_core.event_handler.log_command:Invoked command in '/home/mengo/amr_project_ws/src/exploration' returned '0': CONDA_PROMPT_MODIFIER=(base) PYTHONPATH=/home/mengo/amr_project_ws/build/exploration/prefix_override:/home/mengo/amr_project_ws/install/exploration/lib/python3.10/site-packages:${PYTHONPATH} /usr/bin/python3 setup.py egg_info --egg-base ../../build/exploration build --build-base /home/mengo/amr_project_ws/build/exploration/build install --record /home/mengo/amr_project_ws/build/exploration/install.log --single-version-externally-managed
[4.226s] Level 1:colcon.colcon_core.environment:checking '/home/mengo/amr_project_ws/install/exploration' for CMake module files
[4.227s] Level 1:colcon.colcon_core.environment:checking '/home/mengo/amr_project_ws/install/exploration' for CMake config files
[4.228s] Level 1:colcon.colcon_core.environment:checking '/home/mengo/amr_project_ws/install/exploration/lib'
[4.228s] Level 1:colcon.colcon_core.environment:checking '/home/mengo/amr_project_ws/install/exploration/bin'
[4.228s] Level 1:colcon.colcon_core.environment:checking '/home/mengo/amr_project_ws/install/exploration/lib/pkgconfig/exploration.pc'
[4.228s] Level 1:colcon.colcon_core.environment:checking '/home/mengo/amr_project_ws/install/exploration/lib/python3.10/site-packages'
[4.228s] Level 1:colcon.colcon_core.shell:create_environment_hook('exploration', 'pythonpath')
[4.253s] INFO:colcon.colcon_core.shell:Creating environment hook '/home/mengo/amr_project_ws/install/exploration/share/exploration/hook/pythonpath.ps1'
[4.254s] INFO:colcon.colcon_core.shell:Creating environment descriptor '/home/mengo/amr_project_ws/install/exploration/share/exploration/hook/pythonpath.dsv'
[4.254s] INFO:colcon.colcon_core.shell:Creating environment hook '/home/mengo/amr_project_ws/install/exploration/share/exploration/hook/pythonpath.sh'
[4.255s] Level 1:colcon.colcon_core.environment:checking '/home/mengo/amr_project_ws/install/exploration/bin'
[4.256s] Level 1:colcon.colcon_core.environment:create_environment_scripts_only(exploration)
[4.281s] INFO:colcon.colcon_core.shell:Creating package script '/home/mengo/amr_project_ws/install/exploration/share/exploration/package.ps1'
[4.282s] INFO:colcon.colcon_core.shell:Creating package descriptor '/home/mengo/amr_project_ws/install/exploration/share/exploration/package.dsv'
[4.283s] INFO:colcon.colcon_core.shell:Creating package script '/home/mengo/amr_project_ws/install/exploration/share/exploration/package.sh'
[4.283s] INFO:colcon.colcon_core.shell:Creating package script '/home/mengo/amr_project_ws/install/exploration/share/exploration/package.bash'
[4.284s] INFO:colcon.colcon_core.shell:Creating package script '/home/mengo/amr_project_ws/install/exploration/share/exploration/package.zsh'
[4.284s] Level 1:colcon.colcon_core.environment:create_file_with_runtime_dependencies(/home/mengo/amr_project_ws/install/exploration/share/colcon-core/packages/exploration)
[4.284s] DEBUG:colcon.colcon_parallel_executor.executor.parallel:closing loop
[4.285s] DEBUG:colcon.colcon_parallel_executor.executor.parallel:loop closed
[4.285s] DEBUG:colcon.colcon_parallel_executor.executor.parallel:run_until_complete finished with '0'
[4.285s] DEBUG:colcon.colcon_core.event_reactor:joining thread
[4.316s] INFO:colcon.colcon_core.plugin_system:Skipping extension 'colcon_notification.desktop_notification.terminal_notifier': Not used on non-Darwin systems
[4.316s] INFO:colcon.colcon_core.plugin_system:Skipping extension 'colcon_notification.desktop_notification.win32': Not used on non-Windows systems
[4.316s] INFO:colcon.colcon_notification.desktop_notification:Sending desktop notification using 'notify2'
[4.329s] DEBUG:colcon.colcon_core.event_reactor:joined thread
[4.368s] INFO:colcon.colcon_core.shell:Creating prefix script '/home/mengo/amr_project_ws/install/local_setup.ps1'
[4.369s] INFO:colcon.colcon_core.shell:Creating prefix util module '/home/mengo/amr_project_ws/install/_local_setup_util_ps1.py'
[4.371s] INFO:colcon.colcon_core.shell:Creating prefix chain script '/home/mengo/amr_project_ws/install/setup.ps1'
[4.400s] INFO:colcon.colcon_core.shell:Creating prefix script '/home/mengo/amr_project_ws/install/local_setup.sh'
[4.401s] INFO:colcon.colcon_core.shell:Creating prefix util module '/home/mengo/amr_project_ws/install/_local_setup_util_sh.py'
[4.401s] INFO:colcon.colcon_core.shell:Creating prefix chain script '/home/mengo/amr_project_ws/install/setup.sh'
[4.428s] INFO:colcon.colcon_core.shell:Creating prefix script '/home/mengo/amr_project_ws/install/local_setup.bash'
[4.428s] INFO:colcon.colcon_core.shell:Creating prefix chain script '/home/mengo/amr_project_ws/install/setup.bash'
[4.454s] INFO:colcon.colcon_core.shell:Creating prefix script '/home/mengo/amr_project_ws/install/local_setup.zsh'
[4.454s] INFO:colcon.colcon_core.shell:Creating prefix chain script '/home/mengo/amr_project_ws/install/setup.zsh'
