[1.154s] Invoking command in '/home/mengo/amr_project_ws/src/exploration': PYTHONPATH=/home/mengo/amr_project_ws/build/exploration/prefix_override:/home/mengo/amr_project_ws/install/exploration/lib/python3.10/site-packages:${PYTHONPATH} /usr/bin/python3 setup.py egg_info --egg-base ../../build/exploration build --build-base /home/mengo/amr_project_ws/build/exploration/build install --record /home/mengo/amr_project_ws/build/exploration/install.log --single-version-externally-managed
[1.408s] running egg_info
[1.409s] writing ../../build/exploration/exploration.egg-info/PKG-INFO
[1.409s] writing dependency_links to ../../build/exploration/exploration.egg-info/dependency_links.txt
[1.409s] writing entry points to ../../build/exploration/exploration.egg-info/entry_points.txt
[1.409s] writing requirements to ../../build/exploration/exploration.egg-info/requires.txt
[1.409s] writing top-level names to ../../build/exploration/exploration.egg-info/top_level.txt
[1.411s] reading manifest file '../../build/exploration/exploration.egg-info/SOURCES.txt'
[1.411s] adding license file 'LICENSE'
[1.411s] writing manifest file '../../build/exploration/exploration.egg-info/SOURCES.txt'
[1.411s] running build
[1.412s] running build_py
[1.412s] copying exploration/velocity_controller.py -> /home/mengo/amr_project_ws/build/exploration/build/lib/exploration
[1.412s] running install
[1.412s] running install_lib
[1.412s] copying /home/mengo/amr_project_ws/build/exploration/build/lib/exploration/velocity_controller.py -> /home/mengo/amr_project_ws/install/exploration/lib/python3.10/site-packages/exploration
[1.413s] byte-compiling /home/mengo/amr_project_ws/install/exploration/lib/python3.10/site-packages/exploration/velocity_controller.py to velocity_controller.cpython-310.pyc
[1.413s] running install_data
[1.414s] running install_egg_info
[1.415s] removing '/home/mengo/amr_project_ws/install/exploration/lib/python3.10/site-packages/exploration-0.0.0-py3.10.egg-info' (and everything under it)
[1.415s] Copying ../../build/exploration/exploration.egg-info to /home/mengo/amr_project_ws/install/exploration/lib/python3.10/site-packages/exploration-0.0.0-py3.10.egg-info
[1.416s] running install_scripts
[1.432s] Installing velocity_controller script to /home/mengo/amr_project_ws/install/exploration/lib/exploration
[1.433s] writing list of installed files to '/home/mengo/amr_project_ws/build/exploration/install.log'
[1.452s] Invoked command in '/home/mengo/amr_project_ws/src/exploration' returned '0': PYTHONPATH=/home/mengo/amr_project_ws/build/exploration/prefix_override:/home/mengo/amr_project_ws/install/exploration/lib/python3.10/site-packages:${PYTHONPATH} /usr/bin/python3 setup.py egg_info --egg-base ../../build/exploration build --build-base /home/mengo/amr_project_ws/build/exploration/build install --record /home/mengo/amr_project_ws/build/exploration/install.log --single-version-externally-managed
