[1.550s] Invoking command in '/home/mengo/amr_project_ws/src/exploration': PYTHONPATH=/home/mengo/amr_project_ws/build/exploration/prefix_override:/home/mengo/amr_project_ws/install/exploration/lib/python3.10/site-packages:${PYTHONPATH} /usr/bin/python3 setup.py egg_info --egg-base ../../build/exploration build --build-base /home/mengo/amr_project_ws/build/exploration/build install --record /home/mengo/amr_project_ws/build/exploration/install.log --single-version-externally-managed
[2.026s] running egg_info
[2.027s] writing ../../build/exploration/exploration.egg-info/PKG-INFO
[2.027s] writing dependency_links to ../../build/exploration/exploration.egg-info/dependency_links.txt
[2.027s] writing entry points to ../../build/exploration/exploration.egg-info/entry_points.txt
[2.028s] writing requirements to ../../build/exploration/exploration.egg-info/requires.txt
[2.028s] writing top-level names to ../../build/exploration/exploration.egg-info/top_level.txt
[2.029s] reading manifest file '../../build/exploration/exploration.egg-info/SOURCES.txt'
[2.029s] adding license file 'LICENSE'
[2.030s] writing manifest file '../../build/exploration/exploration.egg-info/SOURCES.txt'
[2.030s] running build
[2.030s] running build_py
[2.030s] copying exploration/exploration.py -> /home/mengo/amr_project_ws/build/exploration/build/lib/exploration
[2.031s] running install
[2.031s] running install_lib
[2.032s] copying /home/mengo/amr_project_ws/build/exploration/build/lib/exploration/exploration.py -> /home/mengo/amr_project_ws/install/exploration/lib/python3.10/site-packages/exploration
[2.032s] byte-compiling /home/mengo/amr_project_ws/install/exploration/lib/python3.10/site-packages/exploration/exploration.py to exploration.cpython-310.pyc
[2.035s] running install_data
[2.036s] running install_egg_info
[2.037s] removing '/home/mengo/amr_project_ws/install/exploration/lib/python3.10/site-packages/exploration-0.0.0-py3.10.egg-info' (and everything under it)
[2.037s] Copying ../../build/exploration/exploration.egg-info to /home/mengo/amr_project_ws/install/exploration/lib/python3.10/site-packages/exploration-0.0.0-py3.10.egg-info
[2.038s] running install_scripts
[2.058s] Installing exploration script to /home/mengo/amr_project_ws/install/exploration/lib/exploration
[2.058s] writing list of installed files to '/home/mengo/amr_project_ws/build/exploration/install.log'
[2.079s] Invoked command in '/home/mengo/amr_project_ws/src/exploration' returned '0': PYTHONPATH=/home/mengo/amr_project_ws/build/exploration/prefix_override:/home/mengo/amr_project_ws/install/exploration/lib/python3.10/site-packages:${PYTHONPATH} /usr/bin/python3 setup.py egg_info --egg-base ../../build/exploration build --build-base /home/mengo/amr_project_ws/build/exploration/build install --record /home/mengo/amr_project_ws/build/exploration/install.log --single-version-externally-managed
