[1.313s] Invoking command in '/home/mengo/amr_project_ws/src/sanification': PYTHONPATH=/home/mengo/amr_project_ws/build/sanification/prefix_override:/home/mengo/amr_project_ws/install/sanification/lib/python3.10/site-packages:${PYTHONPATH} /usr/bin/python3 setup.py egg_info --egg-base ../../build/sanification build --build-base /home/mengo/amr_project_ws/build/sanification/build install --record /home/mengo/amr_project_ws/build/sanification/install.log --single-version-externally-managed
[1.598s] running egg_info
[1.599s] writing ../../build/sanification/sanification.egg-info/PKG-INFO
[1.599s] writing dependency_links to ../../build/sanification/sanification.egg-info/dependency_links.txt
[1.599s] writing entry points to ../../build/sanification/sanification.egg-info/entry_points.txt
[1.599s] writing requirements to ../../build/sanification/sanification.egg-info/requires.txt
[1.599s] writing top-level names to ../../build/sanification/sanification.egg-info/top_level.txt
[1.600s] reading manifest file '../../build/sanification/sanification.egg-info/SOURCES.txt'
[1.601s] writing manifest file '../../build/sanification/sanification.egg-info/SOURCES.txt'
[1.601s] running build
[1.601s] running build_py
[1.602s] copying sanification/planner.py -> /home/mengo/amr_project_ws/build/sanification/build/lib/sanification
[1.602s] running install
[1.602s] running install_lib
[1.603s] copying /home/mengo/amr_project_ws/build/sanification/build/lib/sanification/planner.py -> /home/mengo/amr_project_ws/install/sanification/lib/python3.10/site-packages/sanification
[1.603s] byte-compiling /home/mengo/amr_project_ws/install/sanification/lib/python3.10/site-packages/sanification/planner.py to planner.cpython-310.pyc
[1.606s] running install_data
[1.606s] running install_egg_info
[1.608s] removing '/home/mengo/amr_project_ws/install/sanification/lib/python3.10/site-packages/sanification-0.0.0-py3.10.egg-info' (and everything under it)
[1.608s] Copying ../../build/sanification/sanification.egg-info to /home/mengo/amr_project_ws/install/sanification/lib/python3.10/site-packages/sanification-0.0.0-py3.10.egg-info
[1.609s] running install_scripts
[1.628s] Installing localization script to /home/mengo/amr_project_ws/install/sanification/lib/sanification
[1.628s] Installing navigation script to /home/mengo/amr_project_ws/install/sanification/lib/sanification
[1.628s] Installing planner script to /home/mengo/amr_project_ws/install/sanification/lib/sanification
[1.628s] Installing sanification script to /home/mengo/amr_project_ws/install/sanification/lib/sanification
[1.628s] writing list of installed files to '/home/mengo/amr_project_ws/build/sanification/install.log'
[1.716s] Invoked command in '/home/mengo/amr_project_ws/src/sanification' returned '0': PYTHONPATH=/home/mengo/amr_project_ws/build/sanification/prefix_override:/home/mengo/amr_project_ws/install/sanification/lib/python3.10/site-packages:${PYTHONPATH} /usr/bin/python3 setup.py egg_info --egg-base ../../build/sanification build --build-base /home/mengo/amr_project_ws/build/sanification/build install --record /home/mengo/amr_project_ws/build/sanification/install.log --single-version-externally-managed
