[1.975s] Invoking command in '/home/mengo/amr_project_ws/src/exploration': PYTHONPATH=/home/mengo/amr_project_ws/build/exploration/prefix_override:/home/mengo/amr_project_ws/install/exploration/lib/python3.10/site-packages:${PYTHONPATH} /usr/bin/python3 setup.py egg_info --egg-base ../../build/exploration build --build-base /home/mengo/amr_project_ws/build/exploration/build install --record /home/mengo/amr_project_ws/build/exploration/install.log --single-version-externally-managed
[2.350s] running egg_info
[2.350s] writing ../../build/exploration/exploration.egg-info/PKG-INFO
[2.351s] writing dependency_links to ../../build/exploration/exploration.egg-info/dependency_links.txt
[2.351s] writing entry points to ../../build/exploration/exploration.egg-info/entry_points.txt
[2.351s] writing requirements to ../../build/exploration/exploration.egg-info/requires.txt
[2.351s] writing top-level names to ../../build/exploration/exploration.egg-info/top_level.txt
[2.352s] reading manifest file '../../build/exploration/exploration.egg-info/SOURCES.txt'
[2.353s] adding license file 'LICENSE'
[2.353s] writing manifest file '../../build/exploration/exploration.egg-info/SOURCES.txt'
[2.353s] running build
[2.353s] running build_py
[2.353s] running install
[2.354s] running install_lib
[2.355s] running install_data
[2.355s] copying package.xml -> /home/mengo/amr_project_ws/install/exploration/share/exploration
[2.355s] running install_egg_info
[2.356s] removing '/home/mengo/amr_project_ws/install/exploration/lib/python3.10/site-packages/exploration-0.0.0-py3.10.egg-info' (and everything under it)
[2.357s] Copying ../../build/exploration/exploration.egg-info to /home/mengo/amr_project_ws/install/exploration/lib/python3.10/site-packages/exploration-0.0.0-py3.10.egg-info
[2.357s] running install_scripts
[2.374s] Installing velocity_controller script to /home/mengo/amr_project_ws/install/exploration/lib/exploration
[2.374s] writing list of installed files to '/home/mengo/amr_project_ws/build/exploration/install.log'
[2.392s] Invoked command in '/home/mengo/amr_project_ws/src/exploration' returned '0': PYTHONPATH=/home/mengo/amr_project_ws/build/exploration/prefix_override:/home/mengo/amr_project_ws/install/exploration/lib/python3.10/site-packages:${PYTHONPATH} /usr/bin/python3 setup.py egg_info --egg-base ../../build/exploration build --build-base /home/mengo/amr_project_ws/build/exploration/build install --record /home/mengo/amr_project_ws/build/exploration/install.log --single-version-externally-managed
