[2.022s] Invoking command in '/home/mengo/amr_project_ws/src/sanification': PYTHONPATH=/home/mengo/amr_project_ws/build/sanification/prefix_override:/home/mengo/amr_project_ws/install/sanification/lib/python3.10/site-packages:${PYTHONPATH} /usr/bin/python3 setup.py egg_info --egg-base ../../build/sanification build --build-base /home/mengo/amr_project_ws/build/sanification/build install --record /home/mengo/amr_project_ws/build/sanification/install.log --single-version-externally-managed
[2.362s] running egg_info
[2.363s] writing ../../build/sanification/sanification.egg-info/PKG-INFO
[2.363s] writing dependency_links to ../../build/sanification/sanification.egg-info/dependency_links.txt
[2.364s] writing entry points to ../../build/sanification/sanification.egg-info/entry_points.txt
[2.364s] writing requirements to ../../build/sanification/sanification.egg-info/requires.txt
[2.364s] writing top-level names to ../../build/sanification/sanification.egg-info/top_level.txt
[2.366s] reading manifest file '../../build/sanification/sanification.egg-info/SOURCES.txt'
[2.367s] writing manifest file '../../build/sanification/sanification.egg-info/SOURCES.txt'
[2.367s] running build
[2.367s] running build_py
[2.368s] copying sanification/planner.py -> /home/mengo/amr_project_ws/build/sanification/build/lib/sanification
[2.368s] running install
[2.368s] running install_lib
[2.369s] copying /home/mengo/amr_project_ws/build/sanification/build/lib/sanification/planner.py -> /home/mengo/amr_project_ws/install/sanification/lib/python3.10/site-packages/sanification
[2.370s] byte-compiling /home/mengo/amr_project_ws/install/sanification/lib/python3.10/site-packages/sanification/planner.py to planner.cpython-310.pyc
[2.374s] running install_data
[2.375s] running install_egg_info
[2.377s] removing '/home/mengo/amr_project_ws/install/sanification/lib/python3.10/site-packages/sanification-0.0.0-py3.10.egg-info' (and everything under it)
[2.377s] Copying ../../build/sanification/sanification.egg-info to /home/mengo/amr_project_ws/install/sanification/lib/python3.10/site-packages/sanification-0.0.0-py3.10.egg-info
[2.378s] running install_scripts
[2.399s] Installing localization script to /home/mengo/amr_project_ws/install/sanification/lib/sanification
[2.400s] Installing navigation script to /home/mengo/amr_project_ws/install/sanification/lib/sanification
[2.400s] Installing planner script to /home/mengo/amr_project_ws/install/sanification/lib/sanification
[2.400s] Installing sanification script to /home/mengo/amr_project_ws/install/sanification/lib/sanification
[2.400s] writing list of installed files to '/home/mengo/amr_project_ws/build/sanification/install.log'
[2.440s] Invoked command in '/home/mengo/amr_project_ws/src/sanification' returned '0': PYTHONPATH=/home/mengo/amr_project_ws/build/sanification/prefix_override:/home/mengo/amr_project_ws/install/sanification/lib/python3.10/site-packages:${PYTHONPATH} /usr/bin/python3 setup.py egg_info --egg-base ../../build/sanification build --build-base /home/mengo/amr_project_ws/build/sanification/build install --record /home/mengo/amr_project_ws/build/sanification/install.log --single-version-externally-managed
