[1.846s] Invoking command in '/home/mengo/amr_project_ws/src/exploration': PYTHONPATH=/home/mengo/amr_project_ws/build/exploration/prefix_override:/home/mengo/amr_project_ws/install/exploration/lib/python3.10/site-packages:${PYTHONPATH} /usr/bin/python3 setup.py egg_info --egg-base ../../build/exploration build --build-base /home/mengo/amr_project_ws/build/exploration/build install --record /home/mengo/amr_project_ws/build/exploration/install.log --single-version-externally-managed
[2.381s] running egg_info
[2.382s] writing ../../build/exploration/exploration.egg-info/PKG-INFO
[2.382s] writing dependency_links to ../../build/exploration/exploration.egg-info/dependency_links.txt
[2.382s] writing entry points to ../../build/exploration/exploration.egg-info/entry_points.txt
[2.382s] writing requirements to ../../build/exploration/exploration.egg-info/requires.txt
[2.382s] writing top-level names to ../../build/exploration/exploration.egg-info/top_level.txt
[2.386s] reading manifest file '../../build/exploration/exploration.egg-info/SOURCES.txt'
[2.386s] adding license file 'LICENSE'
[2.387s] writing manifest file '../../build/exploration/exploration.egg-info/SOURCES.txt'
[2.388s] running build
[2.388s] running build_py
[2.389s] running install
[2.390s] running install_lib
[2.392s] running install_data
[2.394s] copying launch/exploration.launch.py -> /home/mengo/amr_project_ws/install/exploration/share/exploration
[2.394s] running install_egg_info
[2.397s] removing '/home/mengo/amr_project_ws/install/exploration/lib/python3.10/site-packages/exploration-0.0.0-py3.10.egg-info' (and everything under it)
[2.397s] Copying ../../build/exploration/exploration.egg-info to /home/mengo/amr_project_ws/install/exploration/lib/python3.10/site-packages/exploration-0.0.0-py3.10.egg-info
[2.399s] running install_scripts
[2.437s] Installing exploration script to /home/mengo/amr_project_ws/install/exploration/lib/exploration
[2.438s] writing list of installed files to '/home/mengo/amr_project_ws/build/exploration/install.log'
[2.492s] Invoked command in '/home/mengo/amr_project_ws/src/exploration' returned '0': PYTHONPATH=/home/mengo/amr_project_ws/build/exploration/prefix_override:/home/mengo/amr_project_ws/install/exploration/lib/python3.10/site-packages:${PYTHONPATH} /usr/bin/python3 setup.py egg_info --egg-base ../../build/exploration build --build-base /home/mengo/amr_project_ws/build/exploration/build install --record /home/mengo/amr_project_ws/build/exploration/install.log --single-version-externally-managed
