[2.504s] Invoking command in '/home/mengo/amr_project_ws/src/exploration': PYTHONPATH=/home/mengo/amr_project_ws/build/exploration/prefix_override:/home/mengo/amr_project_ws/install/exploration/lib/python3.10/site-packages:${PYTHONPATH} /usr/bin/python3 setup.py egg_info --egg-base ../../build/exploration build --build-base /home/mengo/amr_project_ws/build/exploration/build install --record /home/mengo/amr_project_ws/build/exploration/install.log --single-version-externally-managed
[3.242s] running egg_info
[3.244s] writing ../../build/exploration/exploration.egg-info/PKG-INFO
[3.244s] writing dependency_links to ../../build/exploration/exploration.egg-info/dependency_links.txt
[3.245s] writing entry points to ../../build/exploration/exploration.egg-info/entry_points.txt
[3.245s] writing requirements to ../../build/exploration/exploration.egg-info/requires.txt
[3.245s] writing top-level names to ../../build/exploration/exploration.egg-info/top_level.txt
[3.248s] reading manifest file '../../build/exploration/exploration.egg-info/SOURCES.txt'
[3.249s] adding license file 'LICENSE'
[3.250s] writing manifest file '../../build/exploration/exploration.egg-info/SOURCES.txt'
[3.250s] running build
[3.251s] running build_py
[3.251s] copying exploration/exploration.py -> /home/mengo/amr_project_ws/build/exploration/build/lib/exploration
[3.252s] running install
[3.255s] running install_lib
[3.258s] copying /home/mengo/amr_project_ws/build/exploration/build/lib/exploration/exploration.py -> /home/mengo/amr_project_ws/install/exploration/lib/python3.10/site-packages/exploration
[3.259s] byte-compiling /home/mengo/amr_project_ws/install/exploration/lib/python3.10/site-packages/exploration/exploration.py to exploration.cpython-310.pyc
[3.261s] running install_data
[3.263s] running install_egg_info
[3.266s] removing '/home/mengo/amr_project_ws/install/exploration/lib/python3.10/site-packages/exploration-0.0.0-py3.10.egg-info' (and everything under it)
[3.266s] Copying ../../build/exploration/exploration.egg-info to /home/mengo/amr_project_ws/install/exploration/lib/python3.10/site-packages/exploration-0.0.0-py3.10.egg-info
[3.268s] running install_scripts
[3.312s] Installing exploration script to /home/mengo/amr_project_ws/install/exploration/lib/exploration
[3.312s] writing list of installed files to '/home/mengo/amr_project_ws/build/exploration/install.log'
[3.394s] Invoked command in '/home/mengo/amr_project_ws/src/exploration' returned '0': PYTHONPATH=/home/mengo/amr_project_ws/build/exploration/prefix_override:/home/mengo/amr_project_ws/install/exploration/lib/python3.10/site-packages:${PYTHONPATH} /usr/bin/python3 setup.py egg_info --egg-base ../../build/exploration build --build-base /home/mengo/amr_project_ws/build/exploration/build install --record /home/mengo/amr_project_ws/build/exploration/install.log --single-version-externally-managed
