[2.108s] Invoking command in '/home/mengo/amr_project_ws/src/sanification': PYTHONPATH=/home/mengo/amr_project_ws/build/sanification/prefix_override:/home/mengo/amr_project_ws/install/sanification/lib/python3.10/site-packages:${PYTHONPATH} /usr/bin/python3 setup.py egg_info --egg-base ../../build/sanification build --build-base /home/mengo/amr_project_ws/build/sanification/build install --record /home/mengo/amr_project_ws/build/sanification/install.log --single-version-externally-managed
[2.406s] running egg_info
[2.406s] creating ../../build/sanification/sanification.egg-info
[2.406s] writing ../../build/sanification/sanification.egg-info/PKG-INFO
[2.407s] writing dependency_links to ../../build/sanification/sanification.egg-info/dependency_links.txt
[2.407s] writing entry points to ../../build/sanification/sanification.egg-info/entry_points.txt
[2.407s] writing requirements to ../../build/sanification/sanification.egg-info/requires.txt
[2.407s] writing top-level names to ../../build/sanification/sanification.egg-info/top_level.txt
[2.407s] writing manifest file '../../build/sanification/sanification.egg-info/SOURCES.txt'
[2.409s] reading manifest file '../../build/sanification/sanification.egg-info/SOURCES.txt'
[2.410s] writing manifest file '../../build/sanification/sanification.egg-info/SOURCES.txt'
[2.410s] running build
[2.410s] running build_py
[2.410s] creating /home/mengo/amr_project_ws/build/sanification/build
[2.410s] creating /home/mengo/amr_project_ws/build/sanification/build/lib
[2.410s] creating /home/mengo/amr_project_ws/build/sanification/build/lib/sanification
[2.411s] copying sanification/test.py -> /home/mengo/amr_project_ws/build/sanification/build/lib/sanification
[2.411s] copying sanification/__init__.py -> /home/mengo/amr_project_ws/build/sanification/build/lib/sanification
[2.411s] copying sanification/localization.py -> /home/mengo/amr_project_ws/build/sanification/build/lib/sanification
[2.411s] copying sanification/navigation.py -> /home/mengo/amr_project_ws/build/sanification/build/lib/sanification
[2.411s] copying sanification/sanification.py -> /home/mengo/amr_project_ws/build/sanification/build/lib/sanification
[2.411s] running install
[2.411s] running install_lib
[2.411s] creating /home/mengo/amr_project_ws/install/sanification/lib/python3.10/site-packages/sanification
[2.412s] copying /home/mengo/amr_project_ws/build/sanification/build/lib/sanification/test.py -> /home/mengo/amr_project_ws/install/sanification/lib/python3.10/site-packages/sanification
[2.412s] copying /home/mengo/amr_project_ws/build/sanification/build/lib/sanification/__init__.py -> /home/mengo/amr_project_ws/install/sanification/lib/python3.10/site-packages/sanification
[2.412s] copying /home/mengo/amr_project_ws/build/sanification/build/lib/sanification/localization.py -> /home/mengo/amr_project_ws/install/sanification/lib/python3.10/site-packages/sanification
[2.412s] copying /home/mengo/amr_project_ws/build/sanification/build/lib/sanification/navigation.py -> /home/mengo/amr_project_ws/install/sanification/lib/python3.10/site-packages/sanification
[2.412s] copying /home/mengo/amr_project_ws/build/sanification/build/lib/sanification/sanification.py -> /home/mengo/amr_project_ws/install/sanification/lib/python3.10/site-packages/sanification
[2.412s] byte-compiling /home/mengo/amr_project_ws/install/sanification/lib/python3.10/site-packages/sanification/test.py to test.cpython-310.pyc
[2.412s] byte-compiling /home/mengo/amr_project_ws/install/sanification/lib/python3.10/site-packages/sanification/__init__.py to __init__.cpython-310.pyc
[2.413s] byte-compiling /home/mengo/amr_project_ws/install/sanification/lib/python3.10/site-packages/sanification/localization.py to localization.cpython-310.pyc
[2.414s] byte-compiling /home/mengo/amr_project_ws/install/sanification/lib/python3.10/site-packages/sanification/navigation.py to navigation.cpython-310.pyc
[2.415s] byte-compiling /home/mengo/amr_project_ws/install/sanification/lib/python3.10/site-packages/sanification/sanification.py to sanification.cpython-310.pyc
[2.416s] running install_data
[2.417s] creating /home/mengo/amr_project_ws/install/sanification/share/ament_index
[2.417s] creating /home/mengo/amr_project_ws/install/sanification/share/ament_index/resource_index
[2.417s] creating /home/mengo/amr_project_ws/install/sanification/share/ament_index/resource_index/packages
[2.417s] copying resource/sanification -> /home/mengo/amr_project_ws/install/sanification/share/ament_index/resource_index/packages
[2.418s] copying package.xml -> /home/mengo/amr_project_ws/install/sanification/share/sanification
[2.418s] copying launch/sanification.launch.py -> /home/mengo/amr_project_ws/install/sanification/share/sanification
[2.418s] running install_egg_info
[2.420s] Copying ../../build/sanification/sanification.egg-info to /home/mengo/amr_project_ws/install/sanification/lib/python3.10/site-packages/sanification-0.0.0-py3.10.egg-info
[2.420s] running install_scripts
[2.440s] Installing localization script to /home/mengo/amr_project_ws/install/sanification/lib/sanification
[2.440s] Installing navigation script to /home/mengo/amr_project_ws/install/sanification/lib/sanification
[2.441s] Installing sanification script to /home/mengo/amr_project_ws/install/sanification/lib/sanification
[2.441s] writing list of installed files to '/home/mengo/amr_project_ws/build/sanification/install.log'
[2.531s] Invoked command in '/home/mengo/amr_project_ws/src/sanification' returned '0': PYTHONPATH=/home/mengo/amr_project_ws/build/sanification/prefix_override:/home/mengo/amr_project_ws/install/sanification/lib/python3.10/site-packages:${PYTHONPATH} /usr/bin/python3 setup.py egg_info --egg-base ../../build/sanification build --build-base /home/mengo/amr_project_ws/build/sanification/build install --record /home/mengo/amr_project_ws/build/sanification/install.log --single-version-externally-managed
