[2.773s] Invoking command in '/home/mengo/amr_project_ws/src/exploration': PYTHONPATH=/home/mengo/amr_project_ws/src/build/exploration/prefix_override:/home/mengo/amr_project_ws/src/install/exploration/lib/python3.10/site-packages:${PYTHONPATH} /usr/bin/python3 setup.py egg_info --egg-base ../build/exploration build --build-base /home/mengo/amr_project_ws/src/build/exploration/build install --record /home/mengo/amr_project_ws/src/build/exploration/install.log --single-version-externally-managed
[3.852s] running egg_info
[3.852s] writing ../build/exploration/exploration.egg-info/PKG-INFO
[3.852s] writing dependency_links to ../build/exploration/exploration.egg-info/dependency_links.txt
[3.852s] writing entry points to ../build/exploration/exploration.egg-info/entry_points.txt
[3.852s] writing requirements to ../build/exploration/exploration.egg-info/requires.txt
[3.853s] writing top-level names to ../build/exploration/exploration.egg-info/top_level.txt
[3.854s] reading manifest file '../build/exploration/exploration.egg-info/SOURCES.txt'
[3.854s] adding license file 'LICENSE'
[3.855s] writing manifest file '../build/exploration/exploration.egg-info/SOURCES.txt'
[3.856s] running build
[3.856s] running build_py
[3.856s] running install
[3.857s] running install_lib
[3.863s] running install_data
[3.866s] running install_egg_info
[3.871s] removing '/home/mengo/amr_project_ws/src/install/exploration/lib/python3.10/site-packages/exploration-0.0.0-py3.10.egg-info' (and everything under it)
[3.872s] Copying ../build/exploration/exploration.egg-info to /home/mengo/amr_project_ws/src/install/exploration/lib/python3.10/site-packages/exploration-0.0.0-py3.10.egg-info
[3.877s] running install_scripts
[3.936s] Installing navigation_to_pose script to /home/mengo/amr_project_ws/src/install/exploration/lib/exploration
[3.937s] writing list of installed files to '/home/mengo/amr_project_ws/src/build/exploration/install.log'
[4.045s] Invoked command in '/home/mengo/amr_project_ws/src/exploration' returned '0': PYTHONPATH=/home/mengo/amr_project_ws/src/build/exploration/prefix_override:/home/mengo/amr_project_ws/src/install/exploration/lib/python3.10/site-packages:${PYTHONPATH} /usr/bin/python3 setup.py egg_info --egg-base ../build/exploration build --build-base /home/mengo/amr_project_ws/src/build/exploration/build install --record /home/mengo/amr_project_ws/src/build/exploration/install.log --single-version-externally-managed
