[0.625s] Invoking command in '/home/mengo/amr_project_ws/build/turtlebot3_gazebo': CMAKE_PREFIX_PATH=${CMAKE_PREFIX_PATH}:/home/mengo/amr_project_ws/install/exploration:/opt/ros/humble /usr/bin/cmake --build /home/mengo/amr_project_ws/build/turtlebot3_gazebo -- -j12 -l12
[0.752s] [ 25%] Built target turtlebot3_drive
[0.774s] [ 50%] Built target obstacle1
[0.777s] [ 75%] Built target obstacle2
[0.780s] [100%] Built target obstacles
[0.794s] Invoked command in '/home/mengo/amr_project_ws/build/turtlebot3_gazebo' returned '0': CMAKE_PREFIX_PATH=${CMAKE_PREFIX_PATH}:/home/mengo/amr_project_ws/install/exploration:/opt/ros/humble /usr/bin/cmake --build /home/mengo/amr_project_ws/build/turtlebot3_gazebo -- -j12 -l12
[0.839s] Invoking command in '/home/mengo/amr_project_ws/build/turtlebot3_gazebo': CMAKE_PREFIX_PATH=${CMAKE_PREFIX_PATH}:/home/mengo/amr_project_ws/install/exploration:/opt/ros/humble /usr/bin/cmake --install /home/mengo/amr_project_ws/build/turtlebot3_gazebo
[0.846s] -- Install configuration: ""
[0.846s] -- Up-to-date: /home/mengo/amr_project_ws/install/turtlebot3_gazebo/lib/turtlebot3_gazebo/turtlebot3_drive
[0.846s] -- Up-to-date: /home/mengo/amr_project_ws/install/turtlebot3_gazebo/share/turtlebot3_gazebo//launch
[0.846s] -- Up-to-date: /home/mengo/amr_project_ws/install/turtlebot3_gazebo/share/turtlebot3_gazebo//launch/turtlebot3_dqn_stage1.launch.py
[0.847s] -- Up-to-date: /home/mengo/amr_project_ws/install/turtlebot3_gazebo/share/turtlebot3_gazebo//launch/turtlebot3_house.launch.py
[0.847s] -- Up-to-date: /home/mengo/amr_project_ws/install/turtlebot3_gazebo/share/turtlebot3_gazebo//launch/turtlebot3_dqn_stage2.launch.py
[0.847s] -- Up-to-date: /home/mengo/amr_project_ws/install/turtlebot3_gazebo/share/turtlebot3_gazebo//launch/turtlebot3_world.launch.py
[0.847s] -- Up-to-date: /home/mengo/amr_project_ws/install/turtlebot3_gazebo/share/turtlebot3_gazebo//launch/turtlebot3_big_house.launch.py
[0.847s] -- Up-to-date: /home/mengo/amr_project_ws/install/turtlebot3_gazebo/share/turtlebot3_gazebo//launch/robot_state_publisher.launch.py
[0.848s] -- Up-to-date: /home/mengo/amr_project_ws/install/turtlebot3_gazebo/share/turtlebot3_gazebo//launch/turtlebot3_dqn_stage4.launch.py
[0.848s] -- Up-to-date: /home/mengo/amr_project_ws/install/turtlebot3_gazebo/share/turtlebot3_gazebo//launch/empty_world.launch.py
[0.848s] -- Up-to-date: /home/mengo/amr_project_ws/install/turtlebot3_gazebo/share/turtlebot3_gazebo//launch/spawn_turtlebot3.launch.py
[0.849s] -- Up-to-date: /home/mengo/amr_project_ws/install/turtlebot3_gazebo/share/turtlebot3_gazebo//launch/turtlebot3_dqn_stage3.launch.py
[0.849s] -- Up-to-date: /home/mengo/amr_project_ws/install/turtlebot3_gazebo/share/turtlebot3_gazebo//models
[0.849s] -- Up-to-date: /home/mengo/amr_project_ws/install/turtlebot3_gazebo/share/turtlebot3_gazebo//models/turtlebot3_burger
[0.849s] -- Up-to-date: /home/mengo/amr_project_ws/install/turtlebot3_gazebo/share/turtlebot3_gazebo//models/turtlebot3_burger/model-1_4.sdf
[0.849s] -- Up-to-date: /home/mengo/amr_project_ws/install/turtlebot3_gazebo/share/turtlebot3_gazebo//models/turtlebot3_burger/model.sdf
[0.849s] -- Up-to-date: /home/mengo/amr_project_ws/install/turtlebot3_gazebo/share/turtlebot3_gazebo//models/turtlebot3_burger/model.config
[0.849s] -- Up-to-date: /home/mengo/amr_project_ws/install/turtlebot3_gazebo/share/turtlebot3_gazebo//models/turtlebot3_dqn_world
[0.849s] -- Up-to-date: /home/mengo/amr_project_ws/install/turtlebot3_gazebo/share/turtlebot3_gazebo//models/turtlebot3_dqn_world/obstacle_plugin
[0.849s] -- Up-to-date: /home/mengo/amr_project_ws/install/turtlebot3_gazebo/share/turtlebot3_gazebo//models/turtlebot3_dqn_world/obstacle_plugin/obstacle1.cc
[0.850s] -- Up-to-date: /home/mengo/amr_project_ws/install/turtlebot3_gazebo/share/turtlebot3_gazebo//models/turtlebot3_dqn_world/obstacle_plugin/CMakeLists.txt
[0.850s] -- Up-to-date: /home/mengo/amr_project_ws/install/turtlebot3_gazebo/share/turtlebot3_gazebo//models/turtlebot3_dqn_world/obstacle_plugin/obstacle2.cc
[0.850s] -- Up-to-date: /home/mengo/amr_project_ws/install/turtlebot3_gazebo/share/turtlebot3_gazebo//models/turtlebot3_dqn_world/obstacle_plugin/obstacles.cc
[0.850s] -- Up-to-date: /home/mengo/amr_project_ws/install/turtlebot3_gazebo/share/turtlebot3_gazebo//models/turtlebot3_dqn_world/goal_box
[0.850s] -- Up-to-date: /home/mengo/amr_project_ws/install/turtlebot3_gazebo/share/turtlebot3_gazebo//models/turtlebot3_dqn_world/goal_box/model.sdf
[0.850s] -- Up-to-date: /home/mengo/amr_project_ws/install/turtlebot3_gazebo/share/turtlebot3_gazebo//models/turtlebot3_dqn_world/goal_box/model.config
[0.850s] -- Up-to-date: /home/mengo/amr_project_ws/install/turtlebot3_gazebo/share/turtlebot3_gazebo//models/turtlebot3_dqn_world/obstacle1
[0.850s] -- Up-to-date: /home/mengo/amr_project_ws/install/turtlebot3_gazebo/share/turtlebot3_gazebo//models/turtlebot3_dqn_world/obstacle1/model.sdf
[0.850s] -- Up-to-date: /home/mengo/amr_project_ws/install/turtlebot3_gazebo/share/turtlebot3_gazebo//models/turtlebot3_dqn_world/obstacle1/model.config
[0.850s] -- Up-to-date: /home/mengo/amr_project_ws/install/turtlebot3_gazebo/share/turtlebot3_gazebo//models/turtlebot3_dqn_world/inner_walls
[0.851s] -- Up-to-date: /home/mengo/amr_project_ws/install/turtlebot3_gazebo/share/turtlebot3_gazebo//models/turtlebot3_dqn_world/inner_walls/model.sdf
[0.851s] -- Up-to-date: /home/mengo/amr_project_ws/install/turtlebot3_gazebo/share/turtlebot3_gazebo//models/turtlebot3_dqn_world/inner_walls/model.config
[0.852s] -- Up-to-date: /home/mengo/amr_project_ws/install/turtlebot3_gazebo/share/turtlebot3_gazebo//models/turtlebot3_dqn_world/model.sdf
[0.852s] -- Up-to-date: /home/mengo/amr_project_ws/install/turtlebot3_gazebo/share/turtlebot3_gazebo//models/turtlebot3_dqn_world/obstacle2
[0.852s] -- Up-to-date: /home/mengo/amr_project_ws/install/turtlebot3_gazebo/share/turtlebot3_gazebo//models/turtlebot3_dqn_world/obstacle2/model.sdf
[0.852s] -- Up-to-date: /home/mengo/amr_project_ws/install/turtlebot3_gazebo/share/turtlebot3_gazebo//models/turtlebot3_dqn_world/obstacle2/model.config
[0.852s] -- Up-to-date: /home/mengo/amr_project_ws/install/turtlebot3_gazebo/share/turtlebot3_gazebo//models/turtlebot3_dqn_world/obstacles
[0.853s] -- Up-to-date: /home/mengo/amr_project_ws/install/turtlebot3_gazebo/share/turtlebot3_gazebo//models/turtlebot3_dqn_world/obstacles/model.sdf
[0.853s] -- Up-to-date: /home/mengo/amr_project_ws/install/turtlebot3_gazebo/share/turtlebot3_gazebo//models/turtlebot3_dqn_world/obstacles/model.config
[0.853s] -- Up-to-date: /home/mengo/amr_project_ws/install/turtlebot3_gazebo/share/turtlebot3_gazebo//models/turtlebot3_dqn_world/model.config
[0.853s] -- Up-to-date: /home/mengo/amr_project_ws/install/turtlebot3_gazebo/share/turtlebot3_gazebo//models/turtlebot3_common
[0.853s] -- Up-to-date: /home/mengo/amr_project_ws/install/turtlebot3_gazebo/share/turtlebot3_gazebo//models/turtlebot3_common/model.config
[0.854s] -- Up-to-date: /home/mengo/amr_project_ws/install/turtlebot3_gazebo/share/turtlebot3_gazebo//models/turtlebot3_common/meshes
[0.854s] -- Up-to-date: /home/mengo/amr_project_ws/install/turtlebot3_gazebo/share/turtlebot3_gazebo//models/turtlebot3_common/meshes/tire.dae
[0.854s] -- Up-to-date: /home/mengo/amr_project_ws/install/turtlebot3_gazebo/share/turtlebot3_gazebo//models/turtlebot3_common/meshes/burger_base.dae
[0.854s] -- Up-to-date: /home/mengo/amr_project_ws/install/turtlebot3_gazebo/share/turtlebot3_gazebo//models/turtlebot3_common/meshes/lds.dae
[0.854s] -- Up-to-date: /home/mengo/amr_project_ws/install/turtlebot3_gazebo/share/turtlebot3_gazebo//models/turtlebot3_common/meshes/waffle_pi_base.dae
[0.855s] -- Up-to-date: /home/mengo/amr_project_ws/install/turtlebot3_gazebo/share/turtlebot3_gazebo//models/turtlebot3_common/meshes/waffle_base.dae
[0.855s] -- Up-to-date: /home/mengo/amr_project_ws/install/turtlebot3_gazebo/share/turtlebot3_gazebo//models/turtlebot3_common/meshes/r200.dae
[0.855s] -- Up-to-date: /home/mengo/amr_project_ws/install/turtlebot3_gazebo/share/turtlebot3_gazebo//models/turtlebot3_waffle
[0.855s] -- Up-to-date: /home/mengo/amr_project_ws/install/turtlebot3_gazebo/share/turtlebot3_gazebo//models/turtlebot3_waffle/model-1_4.sdf
[0.856s] -- Up-to-date: /home/mengo/amr_project_ws/install/turtlebot3_gazebo/share/turtlebot3_gazebo//models/turtlebot3_waffle/model.sdf
[0.856s] -- Up-to-date: /home/mengo/amr_project_ws/install/turtlebot3_gazebo/share/turtlebot3_gazebo//models/turtlebot3_waffle/model.config
[0.856s] -- Up-to-date: /home/mengo/amr_project_ws/install/turtlebot3_gazebo/share/turtlebot3_gazebo//models/turtlebot3_waffle_pi
[0.856s] -- Up-to-date: /home/mengo/amr_project_ws/install/turtlebot3_gazebo/share/turtlebot3_gazebo//models/turtlebot3_waffle_pi/model.sdf
[0.856s] -- Up-to-date: /home/mengo/amr_project_ws/install/turtlebot3_gazebo/share/turtlebot3_gazebo//models/turtlebot3_waffle_pi/model.config
[0.856s] -- Up-to-date: /home/mengo/amr_project_ws/install/turtlebot3_gazebo/share/turtlebot3_gazebo//models/turtlebot3_waffle_pi/model-1_4_.sdf
[0.857s] -- Up-to-date: /home/mengo/amr_project_ws/install/turtlebot3_gazebo/share/turtlebot3_gazebo//models/turtlebot3_house
[0.857s] -- Up-to-date: /home/mengo/amr_project_ws/install/turtlebot3_gazebo/share/turtlebot3_gazebo//models/turtlebot3_house/model.sdf
[0.857s] -- Up-to-date: /home/mengo/amr_project_ws/install/turtlebot3_gazebo/share/turtlebot3_gazebo//models/turtlebot3_house/model.config
[0.857s] -- Up-to-date: /home/mengo/amr_project_ws/install/turtlebot3_gazebo/share/turtlebot3_gazebo//models/turtlebot3_big_house
[0.857s] -- Up-to-date: /home/mengo/amr_project_ws/install/turtlebot3_gazebo/share/turtlebot3_gazebo//models/turtlebot3_big_house/model.sdf
[0.857s] -- Up-to-date: /home/mengo/amr_project_ws/install/turtlebot3_gazebo/share/turtlebot3_gazebo//models/turtlebot3_big_house/model.config
[0.858s] -- Up-to-date: /home/mengo/amr_project_ws/install/turtlebot3_gazebo/share/turtlebot3_gazebo//models/turtlebot3_world
[0.858s] -- Up-to-date: /home/mengo/amr_project_ws/install/turtlebot3_gazebo/share/turtlebot3_gazebo//models/turtlebot3_world/model-1_4.sdf
[0.858s] -- Up-to-date: /home/mengo/amr_project_ws/install/turtlebot3_gazebo/share/turtlebot3_gazebo//models/turtlebot3_world/model.sdf
[0.858s] -- Up-to-date: /home/mengo/amr_project_ws/install/turtlebot3_gazebo/share/turtlebot3_gazebo//models/turtlebot3_world/model.config
[0.859s] -- Up-to-date: /home/mengo/amr_project_ws/install/turtlebot3_gazebo/share/turtlebot3_gazebo//models/turtlebot3_world/meshes
[0.859s] -- Up-to-date: /home/mengo/amr_project_ws/install/turtlebot3_gazebo/share/turtlebot3_gazebo//models/turtlebot3_world/meshes/hexagon.dae
[0.859s] -- Up-to-date: /home/mengo/amr_project_ws/install/turtlebot3_gazebo/share/turtlebot3_gazebo//models/turtlebot3_world/meshes/wall.dae
[0.859s] -- Up-to-date: /home/mengo/amr_project_ws/install/turtlebot3_gazebo/share/turtlebot3_gazebo//rviz
[0.859s] -- Up-to-date: /home/mengo/amr_project_ws/install/turtlebot3_gazebo/share/turtlebot3_gazebo//rviz/tb3_gazebo.rviz
[0.859s] -- Up-to-date: /home/mengo/amr_project_ws/install/turtlebot3_gazebo/share/turtlebot3_gazebo//urdf
[0.860s] -- Up-to-date: /home/mengo/amr_project_ws/install/turtlebot3_gazebo/share/turtlebot3_gazebo//urdf/turtlebot3_waffle.urdf
[0.860s] -- Up-to-date: /home/mengo/amr_project_ws/install/turtlebot3_gazebo/share/turtlebot3_gazebo//urdf/turtlebot3_waffle_pi.urdf
[0.860s] -- Up-to-date: /home/mengo/amr_project_ws/install/turtlebot3_gazebo/share/turtlebot3_gazebo//urdf/turtlebot3_burger.urdf
[0.860s] -- Up-to-date: /home/mengo/amr_project_ws/install/turtlebot3_gazebo/share/turtlebot3_gazebo//urdf/common_properties.urdf
[0.860s] -- Up-to-date: /home/mengo/amr_project_ws/install/turtlebot3_gazebo/share/turtlebot3_gazebo//worlds
[0.860s] -- Up-to-date: /home/mengo/amr_project_ws/install/turtlebot3_gazebo/share/turtlebot3_gazebo//worlds/turtlebot3_dqn_stage3.world
[0.861s] -- Up-to-date: /home/mengo/amr_project_ws/install/turtlebot3_gazebo/share/turtlebot3_gazebo//worlds/empty_world.world
[0.861s] -- Up-to-date: /home/mengo/amr_project_ws/install/turtlebot3_gazebo/share/turtlebot3_gazebo//worlds/turtlebot3_world.world
[0.861s] -- Up-to-date: /home/mengo/amr_project_ws/install/turtlebot3_gazebo/share/turtlebot3_gazebo//worlds/turtlebot3_house.world
[0.861s] -- Up-to-date: /home/mengo/amr_project_ws/install/turtlebot3_gazebo/share/turtlebot3_gazebo//worlds/turtlebot3_big_houses
[0.861s] -- Up-to-date: /home/mengo/amr_project_ws/install/turtlebot3_gazebo/share/turtlebot3_gazebo//worlds/turtlebot3_big_houses/burger.model
[0.862s] -- Up-to-date: /home/mengo/amr_project_ws/install/turtlebot3_gazebo/share/turtlebot3_gazebo//worlds/turtlebot3_big_houses/waffle_pi.model
[0.862s] -- Up-to-date: /home/mengo/amr_project_ws/install/turtlebot3_gazebo/share/turtlebot3_gazebo//worlds/turtlebot3_big_houses/waffle.model
[0.862s] -- Up-to-date: /home/mengo/amr_project_ws/install/turtlebot3_gazebo/share/turtlebot3_gazebo//worlds/turtlebot3_dqn_stage4.world
[0.862s] -- Up-to-date: /home/mengo/amr_project_ws/install/turtlebot3_gazebo/share/turtlebot3_gazebo//worlds/turtlebot3_dqn_stage2.world
[0.862s] -- Up-to-date: /home/mengo/amr_project_ws/install/turtlebot3_gazebo/share/turtlebot3_gazebo//worlds/turtlebot3_dqn_stage1.world
[0.863s] -- Up-to-date: /home/mengo/amr_project_ws/install/turtlebot3_gazebo/include/
[0.863s] -- Up-to-date: /home/mengo/amr_project_ws/install/turtlebot3_gazebo/include//turtlebot3_gazebo
[0.863s] -- Up-to-date: /home/mengo/amr_project_ws/install/turtlebot3_gazebo/include//turtlebot3_gazebo/turtlebot3_drive.hpp
[0.863s] -- Up-to-date: /home/mengo/amr_project_ws/install/turtlebot3_gazebo/share/ament_index/resource_index/package_run_dependencies/turtlebot3_gazebo
[0.863s] -- Up-to-date: /home/mengo/amr_project_ws/install/turtlebot3_gazebo/share/ament_index/resource_index/parent_prefix_path/turtlebot3_gazebo
[0.863s] -- Up-to-date: /home/mengo/amr_project_ws/install/turtlebot3_gazebo/share/turtlebot3_gazebo/environment/ament_prefix_path.sh
[0.864s] -- Up-to-date: /home/mengo/amr_project_ws/install/turtlebot3_gazebo/share/turtlebot3_gazebo/environment/ament_prefix_path.dsv
[0.864s] -- Up-to-date: /home/mengo/amr_project_ws/install/turtlebot3_gazebo/share/turtlebot3_gazebo/environment/path.sh
[0.864s] -- Up-to-date: /home/mengo/amr_project_ws/install/turtlebot3_gazebo/share/turtlebot3_gazebo/environment/path.dsv
[0.864s] -- Up-to-date: /home/mengo/amr_project_ws/install/turtlebot3_gazebo/share/turtlebot3_gazebo/local_setup.bash
[0.864s] -- Up-to-date: /home/mengo/amr_project_ws/install/turtlebot3_gazebo/share/turtlebot3_gazebo/local_setup.sh
[0.864s] -- Up-to-date: /home/mengo/amr_project_ws/install/turtlebot3_gazebo/share/turtlebot3_gazebo/local_setup.zsh
[0.864s] -- Up-to-date: /home/mengo/amr_project_ws/install/turtlebot3_gazebo/share/turtlebot3_gazebo/local_setup.dsv
[0.865s] -- Installing: /home/mengo/amr_project_ws/install/turtlebot3_gazebo/share/turtlebot3_gazebo/package.dsv
[0.865s] -- Up-to-date: /home/mengo/amr_project_ws/install/turtlebot3_gazebo/share/ament_index/resource_index/packages/turtlebot3_gazebo
[0.865s] -- Up-to-date: /home/mengo/amr_project_ws/install/turtlebot3_gazebo/share/turtlebot3_gazebo/cmake/ament_cmake_export_include_directories-extras.cmake
[0.865s] -- Up-to-date: /home/mengo/amr_project_ws/install/turtlebot3_gazebo/share/turtlebot3_gazebo/cmake/ament_cmake_export_dependencies-extras.cmake
[0.865s] -- Up-to-date: /home/mengo/amr_project_ws/install/turtlebot3_gazebo/share/turtlebot3_gazebo/cmake/turtlebot3_gazeboConfig.cmake
[0.866s] -- Up-to-date: /home/mengo/amr_project_ws/install/turtlebot3_gazebo/share/turtlebot3_gazebo/cmake/turtlebot3_gazeboConfig-version.cmake
[0.866s] -- Up-to-date: /home/mengo/amr_project_ws/install/turtlebot3_gazebo/share/turtlebot3_gazebo/package.xml
[0.866s] Invoked command in '/home/mengo/amr_project_ws/build/turtlebot3_gazebo' returned '0': CMAKE_PREFIX_PATH=${CMAKE_PREFIX_PATH}:/home/mengo/amr_project_ws/install/exploration:/opt/ros/humble /usr/bin/cmake --install /home/mengo/amr_project_ws/build/turtlebot3_gazebo
