[1.350s] Invoking command in '/home/mengo/amr_project_ws/src/exploration': PYTHONPATH=/home/mengo/amr_project_ws/build/exploration/prefix_override:/home/mengo/amr_project_ws/install/exploration/lib/python3.10/site-packages:${PYTHONPATH} /usr/bin/python3 setup.py egg_info --egg-base ../../build/exploration build --build-base /home/mengo/amr_project_ws/build/exploration/build install --record /home/mengo/amr_project_ws/build/exploration/install.log --single-version-externally-managed
[1.740s] running egg_info
[1.741s] writing ../../build/exploration/exploration.egg-info/PKG-INFO
[1.741s] writing dependency_links to ../../build/exploration/exploration.egg-info/dependency_links.txt
[1.741s] writing entry points to ../../build/exploration/exploration.egg-info/entry_points.txt
[1.741s] writing requirements to ../../build/exploration/exploration.egg-info/requires.txt
[1.741s] writing top-level names to ../../build/exploration/exploration.egg-info/top_level.txt
[1.744s] reading manifest file '../../build/exploration/exploration.egg-info/SOURCES.txt'
[1.744s] adding license file 'LICENSE'
[1.745s] writing manifest file '../../build/exploration/exploration.egg-info/SOURCES.txt'
[1.745s] running build
[1.745s] running build_py
[1.746s] running install
[1.746s] running install_lib
[1.748s] running install_data
[1.748s] copying launch/nav_rviz.launch.py -> /home/mengo/amr_project_ws/install/exploration/share/exploration
[1.749s] running install_egg_info
[1.750s] removing '/home/mengo/amr_project_ws/install/exploration/lib/python3.10/site-packages/exploration-0.0.0-py3.10.egg-info' (and everything under it)
[1.751s] Copying ../../build/exploration/exploration.egg-info to /home/mengo/amr_project_ws/install/exploration/lib/python3.10/site-packages/exploration-0.0.0-py3.10.egg-info
[1.752s] running install_scripts
[1.769s] Installing exploration script to /home/mengo/amr_project_ws/install/exploration/lib/exploration
[1.770s] writing list of installed files to '/home/mengo/amr_project_ws/build/exploration/install.log'
[1.789s] Invoked command in '/home/mengo/amr_project_ws/src/exploration' returned '0': PYTHONPATH=/home/mengo/amr_project_ws/build/exploration/prefix_override:/home/mengo/amr_project_ws/install/exploration/lib/python3.10/site-packages:${PYTHONPATH} /usr/bin/python3 setup.py egg_info --egg-base ../../build/exploration build --build-base /home/mengo/amr_project_ws/build/exploration/build install --record /home/mengo/amr_project_ws/build/exploration/install.log --single-version-externally-managed
