[3.297s] DEBUG:colcon:Command line arguments: ['/usr/bin/colcon', 'build']
[3.297s] DEBUG:colcon:Parsed command line arguments: Namespace(log_base=None, log_level=None, verb_name='build', build_base='build', install_base='install', merge_install=False, symlink_install=False, test_result_base=None, continue_on_error=False, executor='parallel', parallel_workers=12, event_handlers=None, ignore_user_meta=False, metas=['./colcon.meta'], base_paths=['.'], packages_ignore=None, packages_ignore_regex=None, paths=None, packages_up_to=None, packages_up_to_regex=None, packages_above=None, packages_above_and_dependencies=None, packages_above_depth=None, packages_select_by_dep=None, packages_skip_by_dep=None, packages_skip_up_to=None, packages_select_build_failed=False, packages_skip_build_finished=False, packages_select_test_failures=False, packages_skip_test_passed=False, packages_select=None, packages_skip=None, packages_select_regex=None, packages_skip_regex=None, packages_start=None, packages_end=None, allow_overriding=[], cmake_args=None, cmake_target=None, cmake_target_skip_unavailable=False, cmake_clean_cache=False, cmake_clean_first=False, cmake_force_configure=False, ament_cmake_args=None, catkin_cmake_args=None, catkin_skip_building_tests=False, verb_parser=<colcon_defaults.argument_parser.defaults.DefaultArgumentsDecorator object at 0x7f6800dffca0>, verb_extension=<colcon_core.verb.build.BuildVerb object at 0x7f680107c0d0>, main=<bound method BuildVerb.main of <colcon_core.verb.build.BuildVerb object at 0x7f680107c0d0>>)
[3.415s] Level 1:colcon.colcon_core.package_discovery:discover_packages(colcon_meta) check parameters
[3.416s] Level 1:colcon.colcon_core.package_discovery:discover_packages(recursive) check parameters
[3.416s] Level 1:colcon.colcon_core.package_discovery:discover_packages(ignore) check parameters
[3.417s] Level 1:colcon.colcon_core.package_discovery:discover_packages(path) check parameters
[3.417s] Level 1:colcon.colcon_core.package_discovery:discover_packages(colcon_meta) discover
[3.418s] Level 1:colcon.colcon_core.package_discovery:discover_packages(recursive) discover
[3.418s] INFO:colcon.colcon_core.package_discovery:Crawling recursively for packages in '/home/mengo/amr_project_ws/src'
[3.419s] Level 1:colcon.colcon_core.package_identification:_identify(.) by extensions ['ignore', 'ignore_ament_install']
[3.419s] Level 1:colcon.colcon_core.package_identification:_identify(.) by extension 'ignore'
[3.419s] Level 1:colcon.colcon_core.package_identification:_identify(.) by extension 'ignore_ament_install'
[3.419s] Level 1:colcon.colcon_core.package_identification:_identify(.) by extensions ['colcon_pkg']
[3.419s] Level 1:colcon.colcon_core.package_identification:_identify(.) by extension 'colcon_pkg'
[3.419s] Level 1:colcon.colcon_core.package_identification:_identify(.) by extensions ['colcon_meta']
[3.419s] Level 1:colcon.colcon_core.package_identification:_identify(.) by extension 'colcon_meta'
[3.419s] Level 1:colcon.colcon_core.package_identification:_identify(.) by extensions ['ros']
[3.419s] Level 1:colcon.colcon_core.package_identification:_identify(.) by extension 'ros'
[3.440s] Level 1:colcon.colcon_core.package_identification:_identify(.) by extensions ['cmake', 'python']
[3.440s] Level 1:colcon.colcon_core.package_identification:_identify(.) by extension 'cmake'
[3.440s] Level 1:colcon.colcon_core.package_identification:_identify(.) by extension 'python'
[3.440s] Level 1:colcon.colcon_core.package_identification:_identify(.) by extensions ['python_setup_py']
[3.440s] Level 1:colcon.colcon_core.package_identification:_identify(.) by extension 'python_setup_py'
[3.440s] Level 1:colcon.colcon_core.package_identification:_identify(build) by extensions ['ignore', 'ignore_ament_install']
[3.440s] Level 1:colcon.colcon_core.package_identification:_identify(build) by extension 'ignore'
[3.440s] Level 1:colcon.colcon_core.package_identification:_identify(build) ignored
[3.440s] Level 1:colcon.colcon_core.package_identification:_identify(exploration) by extensions ['ignore', 'ignore_ament_install']
[3.441s] Level 1:colcon.colcon_core.package_identification:_identify(exploration) by extension 'ignore'
[3.441s] Level 1:colcon.colcon_core.package_identification:_identify(exploration) by extension 'ignore_ament_install'
[3.441s] Level 1:colcon.colcon_core.package_identification:_identify(exploration) by extensions ['colcon_pkg']
[3.441s] Level 1:colcon.colcon_core.package_identification:_identify(exploration) by extension 'colcon_pkg'
[3.441s] Level 1:colcon.colcon_core.package_identification:_identify(exploration) by extensions ['colcon_meta']
[3.441s] Level 1:colcon.colcon_core.package_identification:_identify(exploration) by extension 'colcon_meta'
[3.441s] Level 1:colcon.colcon_core.package_identification:_identify(exploration) by extensions ['ros']
[3.441s] Level 1:colcon.colcon_core.package_identification:_identify(exploration) by extension 'ros'
[3.444s] DEBUG:colcon.colcon_core.package_identification:Package 'exploration' with type 'ros.ament_python' and name 'exploration'
[3.445s] Level 1:colcon.colcon_core.package_identification:_identify(install) by extensions ['ignore', 'ignore_ament_install']
[3.445s] Level 1:colcon.colcon_core.package_identification:_identify(install) by extension 'ignore'
[3.445s] Level 1:colcon.colcon_core.package_identification:_identify(install) ignored
[3.445s] Level 1:colcon.colcon_core.package_identification:_identify(log) by extensions ['ignore', 'ignore_ament_install']
[3.445s] Level 1:colcon.colcon_core.package_identification:_identify(log) by extension 'ignore'
[3.445s] Level 1:colcon.colcon_core.package_identification:_identify(log) ignored
[3.445s] Level 1:colcon.colcon_core.package_identification:_identify(turtlebot3_gazebo) by extensions ['ignore', 'ignore_ament_install']
[3.445s] Level 1:colcon.colcon_core.package_identification:_identify(turtlebot3_gazebo) by extension 'ignore'
[3.445s] Level 1:colcon.colcon_core.package_identification:_identify(turtlebot3_gazebo) by extension 'ignore_ament_install'
[3.445s] Level 1:colcon.colcon_core.package_identification:_identify(turtlebot3_gazebo) by extensions ['colcon_pkg']
[3.445s] Level 1:colcon.colcon_core.package_identification:_identify(turtlebot3_gazebo) by extension 'colcon_pkg'
[3.446s] Level 1:colcon.colcon_core.package_identification:_identify(turtlebot3_gazebo) by extensions ['colcon_meta']
[3.446s] Level 1:colcon.colcon_core.package_identification:_identify(turtlebot3_gazebo) by extension 'colcon_meta'
[3.446s] Level 1:colcon.colcon_core.package_identification:_identify(turtlebot3_gazebo) by extensions ['ros']
[3.446s] Level 1:colcon.colcon_core.package_identification:_identify(turtlebot3_gazebo) by extension 'ros'
[3.447s] DEBUG:colcon.colcon_core.package_identification:Package 'turtlebot3_gazebo' with type 'ros.ament_cmake' and name 'turtlebot3_gazebo'
[3.447s] Level 1:colcon.colcon_core.package_discovery:discover_packages(recursive) using defaults
[3.447s] Level 1:colcon.colcon_core.package_discovery:discover_packages(ignore) discover
[3.448s] Level 1:colcon.colcon_core.package_discovery:discover_packages(ignore) using defaults
[3.448s] Level 1:colcon.colcon_core.package_discovery:discover_packages(path) discover
[3.448s] Level 1:colcon.colcon_core.package_discovery:discover_packages(path) using defaults
[3.738s] Level 1:colcon.colcon_core.package_discovery:discover_packages(prefix_path) check parameters
[3.738s] Level 1:colcon.colcon_core.package_discovery:discover_packages(prefix_path) discover
[3.813s] DEBUG:colcon.colcon_installed_package_information.package_discovery:Found 2 installed packages in /home/mengo/amr_project_ws/install
[3.857s] DEBUG:colcon.colcon_installed_package_information.package_discovery:Found 378 installed packages in /opt/ros/humble
[3.860s] Level 1:colcon.colcon_core.package_discovery:discover_packages(prefix_path) using defaults
[4.123s] Level 5:colcon.colcon_core.verb:set package 'exploration' build argument 'cmake_args' from command line to 'None'
[4.123s] Level 5:colcon.colcon_core.verb:set package 'exploration' build argument 'cmake_target' from command line to 'None'
[4.123s] Level 5:colcon.colcon_core.verb:set package 'exploration' build argument 'cmake_target_skip_unavailable' from command line to 'False'
[4.123s] Level 5:colcon.colcon_core.verb:set package 'exploration' build argument 'cmake_clean_cache' from command line to 'False'
[4.123s] Level 5:colcon.colcon_core.verb:set package 'exploration' build argument 'cmake_clean_first' from command line to 'False'
[4.123s] Level 5:colcon.colcon_core.verb:set package 'exploration' build argument 'cmake_force_configure' from command line to 'False'
[4.123s] Level 5:colcon.colcon_core.verb:set package 'exploration' build argument 'ament_cmake_args' from command line to 'None'
[4.123s] Level 5:colcon.colcon_core.verb:set package 'exploration' build argument 'catkin_cmake_args' from command line to 'None'
[4.123s] Level 5:colcon.colcon_core.verb:set package 'exploration' build argument 'catkin_skip_building_tests' from command line to 'False'
[4.123s] DEBUG:colcon.colcon_core.verb:Building package 'exploration' with the following arguments: {'ament_cmake_args': None, 'build_base': '/home/mengo/amr_project_ws/src/build/exploration', 'catkin_cmake_args': None, 'catkin_skip_building_tests': False, 'cmake_args': None, 'cmake_clean_cache': False, 'cmake_clean_first': False, 'cmake_force_configure': False, 'cmake_target': None, 'cmake_target_skip_unavailable': False, 'install_base': '/home/mengo/amr_project_ws/src/install/exploration', 'merge_install': False, 'path': '/home/mengo/amr_project_ws/src/exploration', 'symlink_install': False, 'test_result_base': None}
[4.165s] Level 5:colcon.colcon_core.verb:set package 'turtlebot3_gazebo' build argument 'cmake_args' from command line to 'None'
[4.165s] Level 5:colcon.colcon_core.verb:set package 'turtlebot3_gazebo' build argument 'cmake_target' from command line to 'None'
[4.165s] Level 5:colcon.colcon_core.verb:set package 'turtlebot3_gazebo' build argument 'cmake_target_skip_unavailable' from command line to 'False'
[4.165s] Level 5:colcon.colcon_core.verb:set package 'turtlebot3_gazebo' build argument 'cmake_clean_cache' from command line to 'False'
[4.165s] Level 5:colcon.colcon_core.verb:set package 'turtlebot3_gazebo' build argument 'cmake_clean_first' from command line to 'False'
[4.165s] Level 5:colcon.colcon_core.verb:set package 'turtlebot3_gazebo' build argument 'cmake_force_configure' from command line to 'False'
[4.165s] Level 5:colcon.colcon_core.verb:set package 'turtlebot3_gazebo' build argument 'ament_cmake_args' from command line to 'None'
[4.166s] Level 5:colcon.colcon_core.verb:set package 'turtlebot3_gazebo' build argument 'catkin_cmake_args' from command line to 'None'
[4.166s] Level 5:colcon.colcon_core.verb:set package 'turtlebot3_gazebo' build argument 'catkin_skip_building_tests' from command line to 'False'
[4.166s] DEBUG:colcon.colcon_core.verb:Building package 'turtlebot3_gazebo' with the following arguments: {'ament_cmake_args': None, 'build_base': '/home/mengo/amr_project_ws/src/build/turtlebot3_gazebo', 'catkin_cmake_args': None, 'catkin_skip_building_tests': False, 'cmake_args': None, 'cmake_clean_cache': False, 'cmake_clean_first': False, 'cmake_force_configure': False, 'cmake_target': None, 'cmake_target_skip_unavailable': False, 'install_base': '/home/mengo/amr_project_ws/src/install/turtlebot3_gazebo', 'merge_install': False, 'path': '/home/mengo/amr_project_ws/src/turtlebot3_gazebo', 'symlink_install': False, 'test_result_base': None}
[4.208s] INFO:colcon.colcon_core.executor:Executing jobs using 'parallel' executor
[4.248s] DEBUG:colcon.colcon_parallel_executor.executor.parallel:run_until_complete
[4.249s] INFO:colcon.colcon_ros.task.ament_python.build:Building ROS package in '/home/mengo/amr_project_ws/src/exploration' with build type 'ament_python'
[4.250s] Level 1:colcon.colcon_core.shell:create_environment_hook('exploration', 'ament_prefix_path')
[4.296s] INFO:colcon.colcon_core.plugin_system:Skipping extension 'colcon_core.shell.bat': Not used on non-Windows systems
[4.300s] INFO:colcon.colcon_core.shell:Creating environment hook '/home/mengo/amr_project_ws/src/install/exploration/share/exploration/hook/ament_prefix_path.ps1'
[4.301s] INFO:colcon.colcon_core.shell:Creating environment descriptor '/home/mengo/amr_project_ws/src/install/exploration/share/exploration/hook/ament_prefix_path.dsv'
[4.302s] INFO:colcon.colcon_core.shell:Creating environment hook '/home/mengo/amr_project_ws/src/install/exploration/share/exploration/hook/ament_prefix_path.sh'
[4.342s] INFO:colcon.colcon_core.shell:Skip shell extension 'powershell' for command environment: Not usable outside of PowerShell
[4.343s] DEBUG:colcon.colcon_core.shell:Skip shell extension 'dsv' for command environment
[4.483s] INFO:colcon.colcon_ros.task.ament_cmake.build:Building ROS package in '/home/mengo/amr_project_ws/src/turtlebot3_gazebo' with build type 'ament_cmake'
[4.483s] INFO:colcon.colcon_cmake.task.cmake.build:Building CMake package in '/home/mengo/amr_project_ws/src/turtlebot3_gazebo'
[4.526s] INFO:colcon.colcon_core.shell:Skip shell extension 'powershell' for command environment: Not usable outside of PowerShell
[4.526s] DEBUG:colcon.colcon_core.shell:Skip shell extension 'dsv' for command environment
[5.377s] INFO:colcon.colcon_core.task.python.build:Building Python package in '/home/mengo/amr_project_ws/src/exploration'
[5.426s] INFO:colcon.colcon_core.shell:Skip shell extension 'powershell' for command environment: Not usable outside of PowerShell
[5.426s] DEBUG:colcon.colcon_core.shell:Skip shell extension 'dsv' for command environment
[5.644s] DEBUG:colcon.colcon_core.event_handler.log_command:Invoking command in '/home/mengo/amr_project_ws/src/build/turtlebot3_gazebo': CMAKE_PREFIX_PATH=${CMAKE_PREFIX_PATH}:/home/mengo/amr_project_ws/install/exploration:/opt/ros/humble /usr/bin/cmake --build /home/mengo/amr_project_ws/src/build/turtlebot3_gazebo -- -j12 -l12
[7.024s] DEBUG:colcon.colcon_core.event_handler.log_command:Invoking command in '/home/mengo/amr_project_ws/src/exploration': PYTHONPATH=/home/mengo/amr_project_ws/src/build/exploration/prefix_override:/home/mengo/amr_project_ws/src/install/exploration/lib/python3.10/site-packages:${PYTHONPATH} /usr/bin/python3 setup.py egg_info --egg-base ../build/exploration build --build-base /home/mengo/amr_project_ws/src/build/exploration/build install --record /home/mengo/amr_project_ws/src/build/exploration/install.log --single-version-externally-managed
[8.296s] DEBUG:colcon.colcon_core.event_handler.log_command:Invoked command in '/home/mengo/amr_project_ws/src/exploration' returned '0': PYTHONPATH=/home/mengo/amr_project_ws/src/build/exploration/prefix_override:/home/mengo/amr_project_ws/src/install/exploration/lib/python3.10/site-packages:${PYTHONPATH} /usr/bin/python3 setup.py egg_info --egg-base ../build/exploration build --build-base /home/mengo/amr_project_ws/src/build/exploration/build install --record /home/mengo/amr_project_ws/src/build/exploration/install.log --single-version-externally-managed
[8.402s] Level 1:colcon.colcon_core.environment:checking '/home/mengo/amr_project_ws/src/install/exploration' for CMake module files
[8.403s] Level 1:colcon.colcon_core.environment:checking '/home/mengo/amr_project_ws/src/install/exploration' for CMake config files
[8.405s] Level 1:colcon.colcon_core.environment:checking '/home/mengo/amr_project_ws/src/install/exploration/lib'
[8.406s] Level 1:colcon.colcon_core.environment:checking '/home/mengo/amr_project_ws/src/install/exploration/bin'
[8.407s] Level 1:colcon.colcon_core.environment:checking '/home/mengo/amr_project_ws/src/install/exploration/lib/pkgconfig/exploration.pc'
[8.407s] Level 1:colcon.colcon_core.environment:checking '/home/mengo/amr_project_ws/src/install/exploration/lib/python3.10/site-packages'
[8.408s] Level 1:colcon.colcon_core.shell:create_environment_hook('exploration', 'pythonpath')
[8.483s] INFO:colcon.colcon_core.shell:Creating environment hook '/home/mengo/amr_project_ws/src/install/exploration/share/exploration/hook/pythonpath.ps1'
[8.484s] INFO:colcon.colcon_core.shell:Creating environment descriptor '/home/mengo/amr_project_ws/src/install/exploration/share/exploration/hook/pythonpath.dsv'
[8.485s] INFO:colcon.colcon_core.shell:Creating environment hook '/home/mengo/amr_project_ws/src/install/exploration/share/exploration/hook/pythonpath.sh'
[8.486s] Level 1:colcon.colcon_core.environment:checking '/home/mengo/amr_project_ws/src/install/exploration/bin'
[8.486s] Level 1:colcon.colcon_core.environment:create_environment_scripts_only(exploration)
[8.553s] INFO:colcon.colcon_core.shell:Creating package script '/home/mengo/amr_project_ws/src/install/exploration/share/exploration/package.ps1'
[8.555s] INFO:colcon.colcon_core.shell:Creating package descriptor '/home/mengo/amr_project_ws/src/install/exploration/share/exploration/package.dsv'
[8.557s] INFO:colcon.colcon_core.shell:Creating package script '/home/mengo/amr_project_ws/src/install/exploration/share/exploration/package.sh'
[8.562s] INFO:colcon.colcon_core.shell:Creating package script '/home/mengo/amr_project_ws/src/install/exploration/share/exploration/package.bash'
[8.566s] INFO:colcon.colcon_core.shell:Creating package script '/home/mengo/amr_project_ws/src/install/exploration/share/exploration/package.zsh'
[8.568s] Level 1:colcon.colcon_core.environment:create_file_with_runtime_dependencies(/home/mengo/amr_project_ws/src/install/exploration/share/colcon-core/packages/exploration)
[28.699s] DEBUG:colcon.colcon_parallel_executor.executor.parallel:run_until_complete was interrupted
[28.699s] DEBUG:colcon.colcon_parallel_executor.executor.parallel:run_until_complete again
[28.846s] DEBUG:colcon.colcon_core.event_handler.log_command:Invoked command in '/home/mengo/amr_project_ws/src/build/turtlebot3_gazebo' returned '-2': CMAKE_PREFIX_PATH=${CMAKE_PREFIX_PATH}:/home/mengo/amr_project_ws/install/exploration:/opt/ros/humble /usr/bin/cmake --build /home/mengo/amr_project_ws/src/build/turtlebot3_gazebo -- -j12 -l12
[28.968s] Level 1:colcon.colcon_core.environment:create_environment_scripts_only(turtlebot3_gazebo)
[29.019s] Level 1:colcon.colcon_core.environment:checking '/home/mengo/amr_project_ws/src/install/turtlebot3_gazebo' for CMake module files
[29.020s] Level 1:colcon.colcon_core.environment:checking '/home/mengo/amr_project_ws/src/install/turtlebot3_gazebo' for CMake config files
[29.021s] Level 1:colcon.colcon_core.environment:checking '/home/mengo/amr_project_ws/src/install/turtlebot3_gazebo/bin'
[29.021s] Level 1:colcon.colcon_core.environment:checking '/home/mengo/amr_project_ws/src/install/turtlebot3_gazebo/lib/pkgconfig/turtlebot3_gazebo.pc'
[29.021s] Level 1:colcon.colcon_core.environment:checking '/home/mengo/amr_project_ws/src/install/turtlebot3_gazebo/lib/python3.10/site-packages'
[29.022s] Level 1:colcon.colcon_core.environment:checking '/home/mengo/amr_project_ws/src/install/turtlebot3_gazebo/bin'
[29.059s] INFO:colcon.colcon_core.shell:Creating package script '/home/mengo/amr_project_ws/src/install/turtlebot3_gazebo/share/turtlebot3_gazebo/package.ps1'
[29.059s] INFO:colcon.colcon_core.shell:Creating package descriptor '/home/mengo/amr_project_ws/src/install/turtlebot3_gazebo/share/turtlebot3_gazebo/package.dsv'
[29.060s] INFO:colcon.colcon_core.shell:Creating package script '/home/mengo/amr_project_ws/src/install/turtlebot3_gazebo/share/turtlebot3_gazebo/package.sh'
[29.061s] INFO:colcon.colcon_core.shell:Creating package script '/home/mengo/amr_project_ws/src/install/turtlebot3_gazebo/share/turtlebot3_gazebo/package.bash'
[29.061s] INFO:colcon.colcon_core.shell:Creating package script '/home/mengo/amr_project_ws/src/install/turtlebot3_gazebo/share/turtlebot3_gazebo/package.zsh'
[29.062s] Level 1:colcon.colcon_core.environment:create_file_with_runtime_dependencies(/home/mengo/amr_project_ws/src/install/turtlebot3_gazebo/share/colcon-core/packages/turtlebot3_gazebo)
[29.072s] DEBUG:colcon.colcon_parallel_executor.executor.parallel:run_until_complete finished
[29.073s] DEBUG:colcon.colcon_parallel_executor.executor.parallel:closing loop
[29.073s] DEBUG:colcon.colcon_parallel_executor.executor.parallel:loop closed
[29.073s] DEBUG:colcon.colcon_core.event_reactor:joining thread
[29.127s] INFO:colcon.colcon_core.plugin_system:Skipping extension 'colcon_notification.desktop_notification.terminal_notifier': Not used on non-Darwin systems
[29.128s] INFO:colcon.colcon_core.plugin_system:Skipping extension 'colcon_notification.desktop_notification.win32': Not used on non-Windows systems
[29.128s] INFO:colcon.colcon_notification.desktop_notification:Sending desktop notification using 'notify2'
[29.146s] DEBUG:colcon.colcon_core.event_reactor:joined thread
[29.204s] INFO:colcon.colcon_core.shell:Creating prefix script '/home/mengo/amr_project_ws/src/install/local_setup.ps1'
[29.207s] INFO:colcon.colcon_core.shell:Creating prefix util module '/home/mengo/amr_project_ws/src/install/_local_setup_util_ps1.py'
[29.211s] INFO:colcon.colcon_core.shell:Creating prefix chain script '/home/mengo/amr_project_ws/src/install/setup.ps1'
[29.264s] INFO:colcon.colcon_core.shell:Creating prefix script '/home/mengo/amr_project_ws/src/install/local_setup.sh'
[29.266s] INFO:colcon.colcon_core.shell:Creating prefix util module '/home/mengo/amr_project_ws/src/install/_local_setup_util_sh.py'
[29.267s] INFO:colcon.colcon_core.shell:Creating prefix chain script '/home/mengo/amr_project_ws/src/install/setup.sh'
[29.316s] INFO:colcon.colcon_core.shell:Creating prefix script '/home/mengo/amr_project_ws/src/install/local_setup.bash'
[29.317s] INFO:colcon.colcon_core.shell:Creating prefix chain script '/home/mengo/amr_project_ws/src/install/setup.bash'
[29.366s] INFO:colcon.colcon_core.shell:Creating prefix script '/home/mengo/amr_project_ws/src/install/local_setup.zsh'
[29.366s] INFO:colcon.colcon_core.shell:Creating prefix chain script '/home/mengo/amr_project_ws/src/install/setup.zsh'
