[2.534s] DEBUG:colcon:Command line arguments: ['/usr/bin/colcon', 'build']
[2.535s] DEBUG:colcon:Parsed command line arguments: Namespace(log_base=None, log_level=None, verb_name='build', build_base='build', install_base='install', merge_install=False, symlink_install=False, test_result_base=None, continue_on_error=False, executor='parallel', parallel_workers=12, event_handlers=None, ignore_user_meta=False, metas=['./colcon.meta'], base_paths=['.'], packages_ignore=None, packages_ignore_regex=None, paths=None, packages_up_to=None, packages_up_to_regex=None, packages_above=None, packages_above_and_dependencies=None, packages_above_depth=None, packages_select_by_dep=None, packages_skip_by_dep=None, packages_skip_up_to=None, packages_select_build_failed=False, packages_skip_build_finished=False, packages_select_test_failures=False, packages_skip_test_passed=False, packages_select=None, packages_skip=None, packages_select_regex=None, packages_skip_regex=None, packages_start=None, packages_end=None, allow_overriding=[], cmake_args=None, cmake_target=None, cmake_target_skip_unavailable=False, cmake_clean_cache=False, cmake_clean_first=False, cmake_force_configure=False, ament_cmake_args=None, catkin_cmake_args=None, catkin_skip_building_tests=False, verb_parser=<colcon_defaults.argument_parser.defaults.DefaultArgumentsDecorator object at 0x7f4eb8adbb80>, verb_extension=<colcon_core.verb.build.BuildVerb object at 0x7f4eb8d5b100>, main=<bound method BuildVerb.main of <colcon_core.verb.build.BuildVerb object at 0x7f4eb8d5b100>>)
[2.648s] Level 1:colcon.colcon_core.package_discovery:discover_packages(colcon_meta) check parameters
[2.648s] Level 1:colcon.colcon_core.package_discovery:discover_packages(recursive) check parameters
[2.648s] Level 1:colcon.colcon_core.package_discovery:discover_packages(ignore) check parameters
[2.648s] Level 1:colcon.colcon_core.package_discovery:discover_packages(path) check parameters
[2.648s] Level 1:colcon.colcon_core.package_discovery:discover_packages(colcon_meta) discover
[2.648s] Level 1:colcon.colcon_core.package_discovery:discover_packages(recursive) discover
[2.648s] INFO:colcon.colcon_core.package_discovery:Crawling recursively for packages in '/home/mengo/amr_project_ws/src'
[2.648s] Level 1:colcon.colcon_core.package_identification:_identify(.) by extensions ['ignore', 'ignore_ament_install']
[2.648s] Level 1:colcon.colcon_core.package_identification:_identify(.) by extension 'ignore'
[2.648s] Level 1:colcon.colcon_core.package_identification:_identify(.) by extension 'ignore_ament_install'
[2.648s] Level 1:colcon.colcon_core.package_identification:_identify(.) by extensions ['colcon_pkg']
[2.648s] Level 1:colcon.colcon_core.package_identification:_identify(.) by extension 'colcon_pkg'
[2.649s] Level 1:colcon.colcon_core.package_identification:_identify(.) by extensions ['colcon_meta']
[2.649s] Level 1:colcon.colcon_core.package_identification:_identify(.) by extension 'colcon_meta'
[2.649s] Level 1:colcon.colcon_core.package_identification:_identify(.) by extensions ['ros']
[2.649s] Level 1:colcon.colcon_core.package_identification:_identify(.) by extension 'ros'
[2.666s] Level 1:colcon.colcon_core.package_identification:_identify(.) by extensions ['cmake', 'python']
[2.666s] Level 1:colcon.colcon_core.package_identification:_identify(.) by extension 'cmake'
[2.666s] Level 1:colcon.colcon_core.package_identification:_identify(.) by extension 'python'
[2.666s] Level 1:colcon.colcon_core.package_identification:_identify(.) by extensions ['python_setup_py']
[2.666s] Level 1:colcon.colcon_core.package_identification:_identify(.) by extension 'python_setup_py'
[2.666s] Level 1:colcon.colcon_core.package_identification:_identify(build) by extensions ['ignore', 'ignore_ament_install']
[2.667s] Level 1:colcon.colcon_core.package_identification:_identify(build) by extension 'ignore'
[2.667s] Level 1:colcon.colcon_core.package_identification:_identify(build) ignored
[2.667s] Level 1:colcon.colcon_core.package_identification:_identify(exploration) by extensions ['ignore', 'ignore_ament_install']
[2.667s] Level 1:colcon.colcon_core.package_identification:_identify(exploration) by extension 'ignore'
[2.667s] Level 1:colcon.colcon_core.package_identification:_identify(exploration) by extension 'ignore_ament_install'
[2.667s] Level 1:colcon.colcon_core.package_identification:_identify(exploration) by extensions ['colcon_pkg']
[2.667s] Level 1:colcon.colcon_core.package_identification:_identify(exploration) by extension 'colcon_pkg'
[2.667s] Level 1:colcon.colcon_core.package_identification:_identify(exploration) by extensions ['colcon_meta']
[2.667s] Level 1:colcon.colcon_core.package_identification:_identify(exploration) by extension 'colcon_meta'
[2.667s] Level 1:colcon.colcon_core.package_identification:_identify(exploration) by extensions ['ros']
[2.667s] Level 1:colcon.colcon_core.package_identification:_identify(exploration) by extension 'ros'
[2.671s] DEBUG:colcon.colcon_core.package_identification:Package 'exploration' with type 'ros.ament_python' and name 'exploration'
[2.673s] Level 1:colcon.colcon_core.package_identification:_identify(install) by extensions ['ignore', 'ignore_ament_install']
[2.674s] Level 1:colcon.colcon_core.package_identification:_identify(install) by extension 'ignore'
[2.675s] Level 1:colcon.colcon_core.package_identification:_identify(install) ignored
[2.675s] Level 1:colcon.colcon_core.package_identification:_identify(log) by extensions ['ignore', 'ignore_ament_install']
[2.675s] Level 1:colcon.colcon_core.package_identification:_identify(log) by extension 'ignore'
[2.675s] Level 1:colcon.colcon_core.package_identification:_identify(log) ignored
[2.675s] Level 1:colcon.colcon_core.package_identification:_identify(turtlebot3_gazebo) by extensions ['ignore', 'ignore_ament_install']
[2.676s] Level 1:colcon.colcon_core.package_identification:_identify(turtlebot3_gazebo) by extension 'ignore'
[2.676s] Level 1:colcon.colcon_core.package_identification:_identify(turtlebot3_gazebo) by extension 'ignore_ament_install'
[2.676s] Level 1:colcon.colcon_core.package_identification:_identify(turtlebot3_gazebo) by extensions ['colcon_pkg']
[2.676s] Level 1:colcon.colcon_core.package_identification:_identify(turtlebot3_gazebo) by extension 'colcon_pkg'
[2.676s] Level 1:colcon.colcon_core.package_identification:_identify(turtlebot3_gazebo) by extensions ['colcon_meta']
[2.676s] Level 1:colcon.colcon_core.package_identification:_identify(turtlebot3_gazebo) by extension 'colcon_meta'
[2.676s] Level 1:colcon.colcon_core.package_identification:_identify(turtlebot3_gazebo) by extensions ['ros']
[2.676s] Level 1:colcon.colcon_core.package_identification:_identify(turtlebot3_gazebo) by extension 'ros'
[2.678s] DEBUG:colcon.colcon_core.package_identification:Package 'turtlebot3_gazebo' with type 'ros.ament_cmake' and name 'turtlebot3_gazebo'
[2.678s] Level 1:colcon.colcon_core.package_discovery:discover_packages(recursive) using defaults
[2.678s] Level 1:colcon.colcon_core.package_discovery:discover_packages(ignore) discover
[2.678s] Level 1:colcon.colcon_core.package_discovery:discover_packages(ignore) using defaults
[2.678s] Level 1:colcon.colcon_core.package_discovery:discover_packages(path) discover
[2.678s] Level 1:colcon.colcon_core.package_discovery:discover_packages(path) using defaults
[2.935s] Level 1:colcon.colcon_core.package_discovery:discover_packages(prefix_path) check parameters
[2.935s] Level 1:colcon.colcon_core.package_discovery:discover_packages(prefix_path) discover
[3.013s] DEBUG:colcon.colcon_installed_package_information.package_discovery:Found 2 installed packages in /home/mengo/amr_project_ws/install
[3.055s] DEBUG:colcon.colcon_installed_package_information.package_discovery:Found 378 installed packages in /opt/ros/humble
[3.062s] Level 1:colcon.colcon_core.package_discovery:discover_packages(prefix_path) using defaults
[3.299s] Level 5:colcon.colcon_core.verb:set package 'exploration' build argument 'cmake_args' from command line to 'None'
[3.299s] Level 5:colcon.colcon_core.verb:set package 'exploration' build argument 'cmake_target' from command line to 'None'
[3.299s] Level 5:colcon.colcon_core.verb:set package 'exploration' build argument 'cmake_target_skip_unavailable' from command line to 'False'
[3.299s] Level 5:colcon.colcon_core.verb:set package 'exploration' build argument 'cmake_clean_cache' from command line to 'False'
[3.299s] Level 5:colcon.colcon_core.verb:set package 'exploration' build argument 'cmake_clean_first' from command line to 'False'
[3.299s] Level 5:colcon.colcon_core.verb:set package 'exploration' build argument 'cmake_force_configure' from command line to 'False'
[3.299s] Level 5:colcon.colcon_core.verb:set package 'exploration' build argument 'ament_cmake_args' from command line to 'None'
[3.299s] Level 5:colcon.colcon_core.verb:set package 'exploration' build argument 'catkin_cmake_args' from command line to 'None'
[3.299s] Level 5:colcon.colcon_core.verb:set package 'exploration' build argument 'catkin_skip_building_tests' from command line to 'False'
[3.299s] DEBUG:colcon.colcon_core.verb:Building package 'exploration' with the following arguments: {'ament_cmake_args': None, 'build_base': '/home/mengo/amr_project_ws/src/build/exploration', 'catkin_cmake_args': None, 'catkin_skip_building_tests': False, 'cmake_args': None, 'cmake_clean_cache': False, 'cmake_clean_first': False, 'cmake_force_configure': False, 'cmake_target': None, 'cmake_target_skip_unavailable': False, 'install_base': '/home/mengo/amr_project_ws/src/install/exploration', 'merge_install': False, 'path': '/home/mengo/amr_project_ws/src/exploration', 'symlink_install': False, 'test_result_base': None}
[3.339s] Level 5:colcon.colcon_core.verb:set package 'turtlebot3_gazebo' build argument 'cmake_args' from command line to 'None'
[3.339s] Level 5:colcon.colcon_core.verb:set package 'turtlebot3_gazebo' build argument 'cmake_target' from command line to 'None'
[3.340s] Level 5:colcon.colcon_core.verb:set package 'turtlebot3_gazebo' build argument 'cmake_target_skip_unavailable' from command line to 'False'
[3.340s] Level 5:colcon.colcon_core.verb:set package 'turtlebot3_gazebo' build argument 'cmake_clean_cache' from command line to 'False'
[3.340s] Level 5:colcon.colcon_core.verb:set package 'turtlebot3_gazebo' build argument 'cmake_clean_first' from command line to 'False'
[3.340s] Level 5:colcon.colcon_core.verb:set package 'turtlebot3_gazebo' build argument 'cmake_force_configure' from command line to 'False'
[3.340s] Level 5:colcon.colcon_core.verb:set package 'turtlebot3_gazebo' build argument 'ament_cmake_args' from command line to 'None'
[3.340s] Level 5:colcon.colcon_core.verb:set package 'turtlebot3_gazebo' build argument 'catkin_cmake_args' from command line to 'None'
[3.340s] Level 5:colcon.colcon_core.verb:set package 'turtlebot3_gazebo' build argument 'catkin_skip_building_tests' from command line to 'False'
[3.340s] DEBUG:colcon.colcon_core.verb:Building package 'turtlebot3_gazebo' with the following arguments: {'ament_cmake_args': None, 'build_base': '/home/mengo/amr_project_ws/src/build/turtlebot3_gazebo', 'catkin_cmake_args': None, 'catkin_skip_building_tests': False, 'cmake_args': None, 'cmake_clean_cache': False, 'cmake_clean_first': False, 'cmake_force_configure': False, 'cmake_target': None, 'cmake_target_skip_unavailable': False, 'install_base': '/home/mengo/amr_project_ws/src/install/turtlebot3_gazebo', 'merge_install': False, 'path': '/home/mengo/amr_project_ws/src/turtlebot3_gazebo', 'symlink_install': False, 'test_result_base': None}
[3.387s] INFO:colcon.colcon_core.executor:Executing jobs using 'parallel' executor
[3.427s] DEBUG:colcon.colcon_parallel_executor.executor.parallel:run_until_complete
[3.427s] INFO:colcon.colcon_ros.task.ament_python.build:Building ROS package in '/home/mengo/amr_project_ws/src/exploration' with build type 'ament_python'
[3.427s] Level 1:colcon.colcon_core.shell:create_environment_hook('exploration', 'ament_prefix_path')
[3.478s] INFO:colcon.colcon_core.plugin_system:Skipping extension 'colcon_core.shell.bat': Not used on non-Windows systems
[3.479s] INFO:colcon.colcon_core.shell:Creating environment hook '/home/mengo/amr_project_ws/src/install/exploration/share/exploration/hook/ament_prefix_path.ps1'
[3.480s] INFO:colcon.colcon_core.shell:Creating environment descriptor '/home/mengo/amr_project_ws/src/install/exploration/share/exploration/hook/ament_prefix_path.dsv'
[3.480s] INFO:colcon.colcon_core.shell:Creating environment hook '/home/mengo/amr_project_ws/src/install/exploration/share/exploration/hook/ament_prefix_path.sh'
[3.520s] INFO:colcon.colcon_core.shell:Skip shell extension 'powershell' for command environment: Not usable outside of PowerShell
[3.520s] DEBUG:colcon.colcon_core.shell:Skip shell extension 'dsv' for command environment
[3.659s] INFO:colcon.colcon_ros.task.ament_cmake.build:Building ROS package in '/home/mengo/amr_project_ws/src/turtlebot3_gazebo' with build type 'ament_cmake'
[3.659s] INFO:colcon.colcon_cmake.task.cmake.build:Building CMake package in '/home/mengo/amr_project_ws/src/turtlebot3_gazebo'
[3.695s] INFO:colcon.colcon_core.shell:Skip shell extension 'powershell' for command environment: Not usable outside of PowerShell
[3.695s] DEBUG:colcon.colcon_core.shell:Skip shell extension 'dsv' for command environment
[4.618s] INFO:colcon.colcon_core.task.python.build:Building Python package in '/home/mengo/amr_project_ws/src/exploration'
[4.665s] INFO:colcon.colcon_core.shell:Skip shell extension 'powershell' for command environment: Not usable outside of PowerShell
[4.665s] DEBUG:colcon.colcon_core.shell:Skip shell extension 'dsv' for command environment
[4.799s] DEBUG:colcon.colcon_core.event_handler.log_command:Invoking command in '/home/mengo/amr_project_ws/src/build/turtlebot3_gazebo': CMAKE_PREFIX_PATH=${CMAKE_PREFIX_PATH}:/home/mengo/amr_project_ws/install/exploration:/opt/ros/humble /usr/bin/cmake --build /home/mengo/amr_project_ws/src/build/turtlebot3_gazebo -- -j12 -l12
[6.381s] DEBUG:colcon.colcon_core.event_handler.log_command:Invoking command in '/home/mengo/amr_project_ws/src/exploration': PYTHONPATH=/home/mengo/amr_project_ws/src/build/exploration/prefix_override:/home/mengo/amr_project_ws/src/install/exploration/lib/python3.10/site-packages:${PYTHONPATH} /usr/bin/python3 setup.py egg_info --egg-base ../build/exploration build --build-base /home/mengo/amr_project_ws/src/build/exploration/build install --record /home/mengo/amr_project_ws/src/build/exploration/install.log --single-version-externally-managed
[7.689s] DEBUG:colcon.colcon_core.event_handler.log_command:Invoked command in '/home/mengo/amr_project_ws/src/exploration' returned '0': PYTHONPATH=/home/mengo/amr_project_ws/src/build/exploration/prefix_override:/home/mengo/amr_project_ws/src/install/exploration/lib/python3.10/site-packages:${PYTHONPATH} /usr/bin/python3 setup.py egg_info --egg-base ../build/exploration build --build-base /home/mengo/amr_project_ws/src/build/exploration/build install --record /home/mengo/amr_project_ws/src/build/exploration/install.log --single-version-externally-managed
[7.814s] Level 1:colcon.colcon_core.environment:checking '/home/mengo/amr_project_ws/src/install/exploration' for CMake module files
[7.815s] Level 1:colcon.colcon_core.environment:checking '/home/mengo/amr_project_ws/src/install/exploration' for CMake config files
[7.818s] Level 1:colcon.colcon_core.environment:checking '/home/mengo/amr_project_ws/src/install/exploration/lib'
[7.819s] Level 1:colcon.colcon_core.environment:checking '/home/mengo/amr_project_ws/src/install/exploration/bin'
[7.819s] Level 1:colcon.colcon_core.environment:checking '/home/mengo/amr_project_ws/src/install/exploration/lib/pkgconfig/exploration.pc'
[7.819s] Level 1:colcon.colcon_core.environment:checking '/home/mengo/amr_project_ws/src/install/exploration/lib/python3.10/site-packages'
[7.819s] Level 1:colcon.colcon_core.shell:create_environment_hook('exploration', 'pythonpath')
[7.930s] INFO:colcon.colcon_core.shell:Creating environment hook '/home/mengo/amr_project_ws/src/install/exploration/share/exploration/hook/pythonpath.ps1'
[7.931s] INFO:colcon.colcon_core.shell:Creating environment descriptor '/home/mengo/amr_project_ws/src/install/exploration/share/exploration/hook/pythonpath.dsv'
[7.931s] INFO:colcon.colcon_core.shell:Creating environment hook '/home/mengo/amr_project_ws/src/install/exploration/share/exploration/hook/pythonpath.sh'
[7.932s] Level 1:colcon.colcon_core.environment:checking '/home/mengo/amr_project_ws/src/install/exploration/bin'
[7.932s] Level 1:colcon.colcon_core.environment:create_environment_scripts_only(exploration)
[8.046s] INFO:colcon.colcon_core.shell:Creating package script '/home/mengo/amr_project_ws/src/install/exploration/share/exploration/package.ps1'
[8.048s] INFO:colcon.colcon_core.shell:Creating package descriptor '/home/mengo/amr_project_ws/src/install/exploration/share/exploration/package.dsv'
[8.049s] INFO:colcon.colcon_core.shell:Creating package script '/home/mengo/amr_project_ws/src/install/exploration/share/exploration/package.sh'
[8.061s] INFO:colcon.colcon_core.shell:Creating package script '/home/mengo/amr_project_ws/src/install/exploration/share/exploration/package.bash'
[8.062s] INFO:colcon.colcon_core.shell:Creating package script '/home/mengo/amr_project_ws/src/install/exploration/share/exploration/package.zsh'
[8.064s] Level 1:colcon.colcon_core.environment:create_file_with_runtime_dependencies(/home/mengo/amr_project_ws/src/install/exploration/share/colcon-core/packages/exploration)
[42.877s] DEBUG:colcon.colcon_core.event_handler.log_command:Invoked command in '/home/mengo/amr_project_ws/src/build/turtlebot3_gazebo' returned '0': CMAKE_PREFIX_PATH=${CMAKE_PREFIX_PATH}:/home/mengo/amr_project_ws/install/exploration:/opt/ros/humble /usr/bin/cmake --build /home/mengo/amr_project_ws/src/build/turtlebot3_gazebo -- -j12 -l12
[43.008s] DEBUG:colcon.colcon_core.event_handler.log_command:Invoking command in '/home/mengo/amr_project_ws/src/build/turtlebot3_gazebo': CMAKE_PREFIX_PATH=${CMAKE_PREFIX_PATH}:/home/mengo/amr_project_ws/install/exploration:/opt/ros/humble /usr/bin/cmake --install /home/mengo/amr_project_ws/src/build/turtlebot3_gazebo
[43.139s] Level 1:colcon.colcon_core.environment:create_environment_scripts_only(turtlebot3_gazebo)
[43.142s] DEBUG:colcon.colcon_core.event_handler.log_command:Invoked command in '/home/mengo/amr_project_ws/src/build/turtlebot3_gazebo' returned '0': CMAKE_PREFIX_PATH=${CMAKE_PREFIX_PATH}:/home/mengo/amr_project_ws/install/exploration:/opt/ros/humble /usr/bin/cmake --install /home/mengo/amr_project_ws/src/build/turtlebot3_gazebo
[43.279s] Level 1:colcon.colcon_core.environment:checking '/home/mengo/amr_project_ws/src/install/turtlebot3_gazebo' for CMake module files
[43.282s] Level 1:colcon.colcon_core.environment:checking '/home/mengo/amr_project_ws/src/install/turtlebot3_gazebo' for CMake config files
[43.283s] Level 1:colcon.colcon_core.shell:create_environment_hook('turtlebot3_gazebo', 'cmake_prefix_path')
[43.368s] INFO:colcon.colcon_core.shell:Creating environment hook '/home/mengo/amr_project_ws/src/install/turtlebot3_gazebo/share/turtlebot3_gazebo/hook/cmake_prefix_path.ps1'
[43.370s] INFO:colcon.colcon_core.shell:Creating environment descriptor '/home/mengo/amr_project_ws/src/install/turtlebot3_gazebo/share/turtlebot3_gazebo/hook/cmake_prefix_path.dsv'
[43.372s] INFO:colcon.colcon_core.shell:Creating environment hook '/home/mengo/amr_project_ws/src/install/turtlebot3_gazebo/share/turtlebot3_gazebo/hook/cmake_prefix_path.sh'
[43.374s] Level 1:colcon.colcon_core.environment:checking '/home/mengo/amr_project_ws/src/install/turtlebot3_gazebo/lib'
[43.374s] Level 1:colcon.colcon_core.environment:checking '/home/mengo/amr_project_ws/src/install/turtlebot3_gazebo/bin'
[43.374s] Level 1:colcon.colcon_core.environment:checking '/home/mengo/amr_project_ws/src/install/turtlebot3_gazebo/lib/pkgconfig/turtlebot3_gazebo.pc'
[43.374s] Level 1:colcon.colcon_core.environment:checking '/home/mengo/amr_project_ws/src/install/turtlebot3_gazebo/lib/python3.10/site-packages'
[43.375s] Level 1:colcon.colcon_core.environment:checking '/home/mengo/amr_project_ws/src/install/turtlebot3_gazebo/bin'
[43.445s] INFO:colcon.colcon_core.shell:Creating package script '/home/mengo/amr_project_ws/src/install/turtlebot3_gazebo/share/turtlebot3_gazebo/package.ps1'
[43.449s] INFO:colcon.colcon_core.shell:Creating package descriptor '/home/mengo/amr_project_ws/src/install/turtlebot3_gazebo/share/turtlebot3_gazebo/package.dsv'
[43.451s] INFO:colcon.colcon_core.shell:Creating package script '/home/mengo/amr_project_ws/src/install/turtlebot3_gazebo/share/turtlebot3_gazebo/package.sh'
[43.453s] INFO:colcon.colcon_core.shell:Creating package script '/home/mengo/amr_project_ws/src/install/turtlebot3_gazebo/share/turtlebot3_gazebo/package.bash'
[43.457s] INFO:colcon.colcon_core.shell:Creating package script '/home/mengo/amr_project_ws/src/install/turtlebot3_gazebo/share/turtlebot3_gazebo/package.zsh'
[43.462s] Level 1:colcon.colcon_core.environment:create_file_with_runtime_dependencies(/home/mengo/amr_project_ws/src/install/turtlebot3_gazebo/share/colcon-core/packages/turtlebot3_gazebo)
[43.649s] Level 1:colcon.colcon_core.environment:create_environment_scripts_only(turtlebot3_gazebo)
[43.719s] Level 1:colcon.colcon_core.environment:checking '/home/mengo/amr_project_ws/src/install/turtlebot3_gazebo' for CMake module files
[43.720s] Level 1:colcon.colcon_core.environment:checking '/home/mengo/amr_project_ws/src/install/turtlebot3_gazebo' for CMake config files
[43.720s] Level 1:colcon.colcon_core.shell:create_environment_hook('turtlebot3_gazebo', 'cmake_prefix_path')
[43.791s] INFO:colcon.colcon_core.shell:Creating environment hook '/home/mengo/amr_project_ws/src/install/turtlebot3_gazebo/share/turtlebot3_gazebo/hook/cmake_prefix_path.ps1'
[43.793s] INFO:colcon.colcon_core.shell:Creating environment descriptor '/home/mengo/amr_project_ws/src/install/turtlebot3_gazebo/share/turtlebot3_gazebo/hook/cmake_prefix_path.dsv'
[43.795s] INFO:colcon.colcon_core.shell:Creating environment hook '/home/mengo/amr_project_ws/src/install/turtlebot3_gazebo/share/turtlebot3_gazebo/hook/cmake_prefix_path.sh'
[43.796s] Level 1:colcon.colcon_core.environment:checking '/home/mengo/amr_project_ws/src/install/turtlebot3_gazebo/lib'
[43.796s] Level 1:colcon.colcon_core.environment:checking '/home/mengo/amr_project_ws/src/install/turtlebot3_gazebo/bin'
[43.796s] Level 1:colcon.colcon_core.environment:checking '/home/mengo/amr_project_ws/src/install/turtlebot3_gazebo/lib/pkgconfig/turtlebot3_gazebo.pc'
[43.796s] Level 1:colcon.colcon_core.environment:checking '/home/mengo/amr_project_ws/src/install/turtlebot3_gazebo/lib/python3.10/site-packages'
[43.796s] Level 1:colcon.colcon_core.environment:checking '/home/mengo/amr_project_ws/src/install/turtlebot3_gazebo/bin'
[43.852s] INFO:colcon.colcon_core.shell:Creating package script '/home/mengo/amr_project_ws/src/install/turtlebot3_gazebo/share/turtlebot3_gazebo/package.ps1'
[43.853s] INFO:colcon.colcon_core.shell:Creating package descriptor '/home/mengo/amr_project_ws/src/install/turtlebot3_gazebo/share/turtlebot3_gazebo/package.dsv'
[43.854s] INFO:colcon.colcon_core.shell:Creating package script '/home/mengo/amr_project_ws/src/install/turtlebot3_gazebo/share/turtlebot3_gazebo/package.sh'
[43.855s] INFO:colcon.colcon_core.shell:Creating package script '/home/mengo/amr_project_ws/src/install/turtlebot3_gazebo/share/turtlebot3_gazebo/package.bash'
[43.860s] INFO:colcon.colcon_core.shell:Creating package script '/home/mengo/amr_project_ws/src/install/turtlebot3_gazebo/share/turtlebot3_gazebo/package.zsh'
[43.861s] Level 1:colcon.colcon_core.environment:create_file_with_runtime_dependencies(/home/mengo/amr_project_ws/src/install/turtlebot3_gazebo/share/colcon-core/packages/turtlebot3_gazebo)
[43.862s] DEBUG:colcon.colcon_parallel_executor.executor.parallel:closing loop
[43.862s] DEBUG:colcon.colcon_parallel_executor.executor.parallel:loop closed
[43.863s] DEBUG:colcon.colcon_parallel_executor.executor.parallel:run_until_complete finished with '0'
[43.863s] DEBUG:colcon.colcon_core.event_reactor:joining thread
[43.942s] INFO:colcon.colcon_core.plugin_system:Skipping extension 'colcon_notification.desktop_notification.terminal_notifier': Not used on non-Darwin systems
[43.942s] INFO:colcon.colcon_core.plugin_system:Skipping extension 'colcon_notification.desktop_notification.win32': Not used on non-Windows systems
[43.942s] INFO:colcon.colcon_notification.desktop_notification:Sending desktop notification using 'notify2'
[43.966s] DEBUG:colcon.colcon_core.event_reactor:joined thread
[44.023s] INFO:colcon.colcon_core.shell:Creating prefix script '/home/mengo/amr_project_ws/src/install/local_setup.ps1'
[44.028s] INFO:colcon.colcon_core.shell:Creating prefix util module '/home/mengo/amr_project_ws/src/install/_local_setup_util_ps1.py'
[44.032s] INFO:colcon.colcon_core.shell:Creating prefix chain script '/home/mengo/amr_project_ws/src/install/setup.ps1'
[44.091s] INFO:colcon.colcon_core.shell:Creating prefix script '/home/mengo/amr_project_ws/src/install/local_setup.sh'
[44.093s] INFO:colcon.colcon_core.shell:Creating prefix util module '/home/mengo/amr_project_ws/src/install/_local_setup_util_sh.py'
[44.094s] INFO:colcon.colcon_core.shell:Creating prefix chain script '/home/mengo/amr_project_ws/src/install/setup.sh'
[44.147s] INFO:colcon.colcon_core.shell:Creating prefix script '/home/mengo/amr_project_ws/src/install/local_setup.bash'
[44.148s] INFO:colcon.colcon_core.shell:Creating prefix chain script '/home/mengo/amr_project_ws/src/install/setup.bash'
[44.195s] INFO:colcon.colcon_core.shell:Creating prefix script '/home/mengo/amr_project_ws/src/install/local_setup.zsh'
[44.196s] INFO:colcon.colcon_core.shell:Creating prefix chain script '/home/mengo/amr_project_ws/src/install/setup.zsh'
