[2.587s] Invoking command in '/home/mengo/amr_project_ws/src/exploration': CONDA_PROMPT_MODIFIER=(base) PYTHONPATH=/home/mengo/amr_project_ws/src/build/exploration/prefix_override:/home/mengo/amr_project_ws/src/install/exploration/lib/python3.10/site-packages:${PYTHONPATH} /usr/bin/python3 setup.py egg_info --egg-base ../build/exploration build --build-base /home/mengo/amr_project_ws/src/build/exploration/build install --record /home/mengo/amr_project_ws/src/build/exploration/install.log --single-version-externally-managed
[3.016s] running egg_info
[3.017s] writing ../build/exploration/exploration.egg-info/PKG-INFO
[3.018s] writing dependency_links to ../build/exploration/exploration.egg-info/dependency_links.txt
[3.018s] writing entry points to ../build/exploration/exploration.egg-info/entry_points.txt
[3.019s] writing requirements to ../build/exploration/exploration.egg-info/requires.txt
[3.019s] writing top-level names to ../build/exploration/exploration.egg-info/top_level.txt
[3.022s] reading manifest file '../build/exploration/exploration.egg-info/SOURCES.txt'
[3.022s] adding license file 'LICENSE'
[3.023s] writing manifest file '../build/exploration/exploration.egg-info/SOURCES.txt'
[3.023s] running build
[3.023s] running build_py
[3.023s] running install
[3.024s] running install_lib
[3.025s] running install_data
[3.026s] running install_egg_info
[3.029s] removing '/home/mengo/amr_project_ws/src/install/exploration/lib/python3.10/site-packages/exploration-0.0.0-py3.10.egg-info' (and everything under it)
[3.029s] Copying ../build/exploration/exploration.egg-info to /home/mengo/amr_project_ws/src/install/exploration/lib/python3.10/site-packages/exploration-0.0.0-py3.10.egg-info
[3.030s] running install_scripts
[3.059s] Installing exploration script to /home/mengo/amr_project_ws/src/install/exploration/lib/exploration
[3.060s] writing list of installed files to '/home/mengo/amr_project_ws/src/build/exploration/install.log'
[3.112s] Invoked command in '/home/mengo/amr_project_ws/src/exploration' returned '0': CONDA_PROMPT_MODIFIER=(base) PYTHONPATH=/home/mengo/amr_project_ws/src/build/exploration/prefix_override:/home/mengo/amr_project_ws/src/install/exploration/lib/python3.10/site-packages:${PYTHONPATH} /usr/bin/python3 setup.py egg_info --egg-base ../build/exploration build --build-base /home/mengo/amr_project_ws/src/build/exploration/build install --record /home/mengo/amr_project_ws/src/build/exploration/install.log --single-version-externally-managed
