[2.215s] Invoking command in '/home/mengo/amr_project_ws/src/sanification': CONDA_PROMPT_MODIFIER=(base) PYTHONPATH=/home/mengo/amr_project_ws/src/build/sanification/prefix_override:/home/mengo/amr_project_ws/src/install/sanification/lib/python3.10/site-packages:${PYTHONPATH} /usr/bin/python3 setup.py egg_info --egg-base ../build/sanification build --build-base /home/mengo/amr_project_ws/src/build/sanification/build install --record /home/mengo/amr_project_ws/src/build/sanification/install.log --single-version-externally-managed
[2.705s] running egg_info
[2.707s] writing ../build/sanification/sanification.egg-info/PKG-INFO
[2.708s] writing dependency_links to ../build/sanification/sanification.egg-info/dependency_links.txt
[2.708s] writing entry points to ../build/sanification/sanification.egg-info/entry_points.txt
[2.709s] writing requirements to ../build/sanification/sanification.egg-info/requires.txt
[2.709s] writing top-level names to ../build/sanification/sanification.egg-info/top_level.txt
[2.713s] reading manifest file '../build/sanification/sanification.egg-info/SOURCES.txt'
[2.715s] writing manifest file '../build/sanification/sanification.egg-info/SOURCES.txt'
[2.716s] running build
[2.716s] running build_py
[2.716s] copying sanification/navigation.py -> /home/mengo/amr_project_ws/src/build/sanification/build/lib/sanification
[2.717s] running install
[2.718s] running install_lib
[2.719s] copying /home/mengo/amr_project_ws/src/build/sanification/build/lib/sanification/navigation.py -> /home/mengo/amr_project_ws/src/install/sanification/lib/python3.10/site-packages/sanification
[2.721s] byte-compiling /home/mengo/amr_project_ws/src/install/sanification/lib/python3.10/site-packages/sanification/navigation.py to navigation.cpython-310.pyc
[2.725s] running install_data
[2.726s] running install_egg_info
[2.729s] removing '/home/mengo/amr_project_ws/src/install/sanification/lib/python3.10/site-packages/sanification-0.0.0-py3.10.egg-info' (and everything under it)
[2.729s] Copying ../build/sanification/sanification.egg-info to /home/mengo/amr_project_ws/src/install/sanification/lib/python3.10/site-packages/sanification-0.0.0-py3.10.egg-info
[2.731s] running install_scripts
[2.767s] Installing localization script to /home/mengo/amr_project_ws/src/install/sanification/lib/sanification
[2.768s] Installing navigation script to /home/mengo/amr_project_ws/src/install/sanification/lib/sanification
[2.768s] Installing planner script to /home/mengo/amr_project_ws/src/install/sanification/lib/sanification
[2.768s] Installing sanification script to /home/mengo/amr_project_ws/src/install/sanification/lib/sanification
[2.769s] writing list of installed files to '/home/mengo/amr_project_ws/src/build/sanification/install.log'
[2.956s] Invoked command in '/home/mengo/amr_project_ws/src/sanification' returned '0': CONDA_PROMPT_MODIFIER=(base) PYTHONPATH=/home/mengo/amr_project_ws/src/build/sanification/prefix_override:/home/mengo/amr_project_ws/src/install/sanification/lib/python3.10/site-packages:${PYTHONPATH} /usr/bin/python3 setup.py egg_info --egg-base ../build/sanification build --build-base /home/mengo/amr_project_ws/src/build/sanification/build install --record /home/mengo/amr_project_ws/src/build/sanification/install.log --single-version-externally-managed
