[2.350s] Invoking command in '/home/mengo/amr_project_ws/src/exploration': PYTHONPATH=/home/mengo/amr_project_ws/build/exploration/prefix_override:/home/mengo/amr_project_ws/install/exploration/lib/python3.10/site-packages:${PYTHONPATH} /usr/bin/python3 setup.py egg_info --egg-base ../../build/exploration build --build-base /home/mengo/amr_project_ws/build/exploration/build install --record /home/mengo/amr_project_ws/build/exploration/install.log --single-version-externally-managed
[3.065s] running egg_info
[3.066s] writing ../../build/exploration/exploration.egg-info/PKG-INFO
[3.066s] writing dependency_links to ../../build/exploration/exploration.egg-info/dependency_links.txt
[3.066s] writing entry points to ../../build/exploration/exploration.egg-info/entry_points.txt
[3.066s] writing requirements to ../../build/exploration/exploration.egg-info/requires.txt
[3.067s] writing top-level names to ../../build/exploration/exploration.egg-info/top_level.txt
[3.070s] reading manifest file '../../build/exploration/exploration.egg-info/SOURCES.txt'
[3.071s] adding license file 'LICENSE'
[3.072s] writing manifest file '../../build/exploration/exploration.egg-info/SOURCES.txt'
[3.072s] running build
[3.073s] running build_py
[3.073s] copying exploration/exploration.py -> /home/mengo/amr_project_ws/build/exploration/build/lib/exploration
[3.074s] running install
[3.077s] running install_lib
[3.079s] copying /home/mengo/amr_project_ws/build/exploration/build/lib/exploration/exploration.py -> /home/mengo/amr_project_ws/install/exploration/lib/python3.10/site-packages/exploration
[3.080s] byte-compiling /home/mengo/amr_project_ws/install/exploration/lib/python3.10/site-packages/exploration/exploration.py to exploration.cpython-310.pyc
[3.081s] running install_data
[3.083s] running install_egg_info
[3.085s] removing '/home/mengo/amr_project_ws/install/exploration/lib/python3.10/site-packages/exploration-0.0.0-py3.10.egg-info' (and everything under it)
[3.085s] Copying ../../build/exploration/exploration.egg-info to /home/mengo/amr_project_ws/install/exploration/lib/python3.10/site-packages/exploration-0.0.0-py3.10.egg-info
[3.090s] running install_scripts
[3.133s] Installing exploration script to /home/mengo/amr_project_ws/install/exploration/lib/exploration
[3.134s] writing list of installed files to '/home/mengo/amr_project_ws/build/exploration/install.log'
[3.205s] Invoked command in '/home/mengo/amr_project_ws/src/exploration' returned '0': PYTHONPATH=/home/mengo/amr_project_ws/build/exploration/prefix_override:/home/mengo/amr_project_ws/install/exploration/lib/python3.10/site-packages:${PYTHONPATH} /usr/bin/python3 setup.py egg_info --egg-base ../../build/exploration build --build-base /home/mengo/amr_project_ws/build/exploration/build install --record /home/mengo/amr_project_ws/build/exploration/install.log --single-version-externally-managed
