[2.286s] Invoking command in '/home/mengo/amr_project_ws/src/exploration': CONDA_PROMPT_MODIFIER=(base) PYTHONPATH=/home/mengo/amr_project_ws/src/build/exploration/prefix_override:/home/mengo/amr_project_ws/src/install/exploration/lib/python3.10/site-packages:${PYTHONPATH} /usr/bin/python3 setup.py egg_info --egg-base ../build/exploration build --build-base /home/mengo/amr_project_ws/src/build/exploration/build install --record /home/mengo/amr_project_ws/src/build/exploration/install.log --single-version-externally-managed
[2.719s] running egg_info
[2.720s] writing ../build/exploration/exploration.egg-info/PKG-INFO
[2.720s] writing dependency_links to ../build/exploration/exploration.egg-info/dependency_links.txt
[2.720s] writing entry points to ../build/exploration/exploration.egg-info/entry_points.txt
[2.721s] writing requirements to ../build/exploration/exploration.egg-info/requires.txt
[2.721s] writing top-level names to ../build/exploration/exploration.egg-info/top_level.txt
[2.724s] reading manifest file '../build/exploration/exploration.egg-info/SOURCES.txt'
[2.724s] adding license file 'LICENSE'
[2.725s] writing manifest file '../build/exploration/exploration.egg-info/SOURCES.txt'
[2.726s] running build
[2.726s] running build_py
[2.727s] running install
[2.727s] running install_lib
[2.730s] running install_data
[2.731s] running install_egg_info
[2.734s] removing '/home/mengo/amr_project_ws/src/install/exploration/lib/python3.10/site-packages/exploration-0.0.0-py3.10.egg-info' (and everything under it)
[2.734s] Copying ../build/exploration/exploration.egg-info to /home/mengo/amr_project_ws/src/install/exploration/lib/python3.10/site-packages/exploration-0.0.0-py3.10.egg-info
[2.736s] running install_scripts
[2.763s] Installing exploration script to /home/mengo/amr_project_ws/src/install/exploration/lib/exploration
[2.764s] writing list of installed files to '/home/mengo/amr_project_ws/src/build/exploration/install.log'
[2.889s] Invoked command in '/home/mengo/amr_project_ws/src/exploration' returned '0': CONDA_PROMPT_MODIFIER=(base) PYTHONPATH=/home/mengo/amr_project_ws/src/build/exploration/prefix_override:/home/mengo/amr_project_ws/src/install/exploration/lib/python3.10/site-packages:${PYTHONPATH} /usr/bin/python3 setup.py egg_info --egg-base ../build/exploration build --build-base /home/mengo/amr_project_ws/src/build/exploration/build install --record /home/mengo/amr_project_ws/src/build/exploration/install.log --single-version-externally-managed
