[1.601s] Invoking command in '/home/mengo/amr_project_ws/build/turtlebot3_gazebo': CMAKE_PREFIX_PATH=${CMAKE_PREFIX_PATH}:/home/mengo/amr_project_ws/install/sanification:/home/mengo/amr_project_ws/install/exploration:/opt/ros/humble /usr/bin/cmake --build /home/mengo/amr_project_ws/build/turtlebot3_gazebo -- -j12 -l12
[1.733s] [ 25%] Built target turtlebot3_drive
[1.778s] [ 50%] Built target obstacle1
[1.793s] [ 75%] Built target obstacle2
[1.797s] [100%] Built target obstacles
[1.823s] Invoked command in '/home/mengo/amr_project_ws/build/turtlebot3_gazebo' returned '0': CMAKE_PREFIX_PATH=${CMAKE_PREFIX_PATH}:/home/mengo/amr_project_ws/install/sanification:/home/mengo/amr_project_ws/install/exploration:/opt/ros/humble /usr/bin/cmake --build /home/mengo/amr_project_ws/build/turtlebot3_gazebo -- -j12 -l12
[1.930s] Invoking command in '/home/mengo/amr_project_ws/build/turtlebot3_gazebo': CMAKE_PREFIX_PATH=${CMAKE_PREFIX_PATH}:/home/mengo/amr_project_ws/install/sanification:/home/mengo/amr_project_ws/install/exploration:/opt/ros/humble /usr/bin/cmake --install /home/mengo/amr_project_ws/build/turtlebot3_gazebo
[1.945s] -- Install configuration: ""
[1.946s] -- Up-to-date: /home/mengo/amr_project_ws/install/turtlebot3_gazebo/lib/turtlebot3_gazebo/turtlebot3_drive
[1.947s] -- Up-to-date: /home/mengo/amr_project_ws/install/turtlebot3_gazebo/share/turtlebot3_gazebo//launch
[1.947s] -- Up-to-date: /home/mengo/amr_project_ws/install/turtlebot3_gazebo/share/turtlebot3_gazebo//launch/turtlebot3_dqn_stage1.launch.py
[1.947s] -- Up-to-date: /home/mengo/amr_project_ws/install/turtlebot3_gazebo/share/turtlebot3_gazebo//launch/turtlebot3_house.launch.py
[1.947s] -- Up-to-date: /home/mengo/amr_project_ws/install/turtlebot3_gazebo/share/turtlebot3_gazebo//launch/turtlebot3_dqn_stage2.launch.py
[1.947s] -- Up-to-date: /home/mengo/amr_project_ws/install/turtlebot3_gazebo/share/turtlebot3_gazebo//launch/turtlebot3_world.launch.py
[1.947s] -- Up-to-date: /home/mengo/amr_project_ws/install/turtlebot3_gazebo/share/turtlebot3_gazebo//launch/turtlebot3_big_house.launch.py
[1.948s] -- Up-to-date: /home/mengo/amr_project_ws/install/turtlebot3_gazebo/share/turtlebot3_gazebo//launch/robot_state_publisher.launch.py
[1.948s] -- Up-to-date: /home/mengo/amr_project_ws/install/turtlebot3_gazebo/share/turtlebot3_gazebo//launch/turtlebot3_dqn_stage4.launch.py
[1.948s] -- Up-to-date: /home/mengo/amr_project_ws/install/turtlebot3_gazebo/share/turtlebot3_gazebo//launch/empty_world.launch.py
[1.948s] -- Up-to-date: /home/mengo/amr_project_ws/install/turtlebot3_gazebo/share/turtlebot3_gazebo//launch/spawn_turtlebot3.launch.py
[1.949s] -- Up-to-date: /home/mengo/amr_project_ws/install/turtlebot3_gazebo/share/turtlebot3_gazebo//launch/turtlebot3_dqn_stage3.launch.py
[1.949s] -- Up-to-date: /home/mengo/amr_project_ws/install/turtlebot3_gazebo/share/turtlebot3_gazebo//models
[1.949s] -- Up-to-date: /home/mengo/amr_project_ws/install/turtlebot3_gazebo/share/turtlebot3_gazebo//models/turtlebot3_burger
[1.949s] -- Up-to-date: /home/mengo/amr_project_ws/install/turtlebot3_gazebo/share/turtlebot3_gazebo//models/turtlebot3_burger/model-1_4.sdf
[1.950s] -- Up-to-date: /home/mengo/amr_project_ws/install/turtlebot3_gazebo/share/turtlebot3_gazebo//models/turtlebot3_burger/model.sdf
[1.950s] -- Up-to-date: /home/mengo/amr_project_ws/install/turtlebot3_gazebo/share/turtlebot3_gazebo//models/turtlebot3_burger/model.config
[1.950s] -- Up-to-date: /home/mengo/amr_project_ws/install/turtlebot3_gazebo/share/turtlebot3_gazebo//models/turtlebot3_dqn_world
[1.951s] -- Up-to-date: /home/mengo/amr_project_ws/install/turtlebot3_gazebo/share/turtlebot3_gazebo//models/turtlebot3_dqn_world/obstacle_plugin
[1.951s] -- Up-to-date: /home/mengo/amr_project_ws/install/turtlebot3_gazebo/share/turtlebot3_gazebo//models/turtlebot3_dqn_world/obstacle_plugin/obstacle1.cc
[1.951s] -- Up-to-date: /home/mengo/amr_project_ws/install/turtlebot3_gazebo/share/turtlebot3_gazebo//models/turtlebot3_dqn_world/obstacle_plugin/CMakeLists.txt
[1.951s] -- Up-to-date: /home/mengo/amr_project_ws/install/turtlebot3_gazebo/share/turtlebot3_gazebo//models/turtlebot3_dqn_world/obstacle_plugin/obstacle2.cc
[1.951s] -- Up-to-date: /home/mengo/amr_project_ws/install/turtlebot3_gazebo/share/turtlebot3_gazebo//models/turtlebot3_dqn_world/obstacle_plugin/obstacles.cc
[1.952s] -- Up-to-date: /home/mengo/amr_project_ws/install/turtlebot3_gazebo/share/turtlebot3_gazebo//models/turtlebot3_dqn_world/goal_box
[1.952s] -- Up-to-date: /home/mengo/amr_project_ws/install/turtlebot3_gazebo/share/turtlebot3_gazebo//models/turtlebot3_dqn_world/goal_box/model.sdf
[1.952s] -- Up-to-date: /home/mengo/amr_project_ws/install/turtlebot3_gazebo/share/turtlebot3_gazebo//models/turtlebot3_dqn_world/goal_box/model.config
[1.952s] -- Up-to-date: /home/mengo/amr_project_ws/install/turtlebot3_gazebo/share/turtlebot3_gazebo//models/turtlebot3_dqn_world/obstacle1
[1.952s] -- Up-to-date: /home/mengo/amr_project_ws/install/turtlebot3_gazebo/share/turtlebot3_gazebo//models/turtlebot3_dqn_world/obstacle1/model.sdf
[1.952s] -- Up-to-date: /home/mengo/amr_project_ws/install/turtlebot3_gazebo/share/turtlebot3_gazebo//models/turtlebot3_dqn_world/obstacle1/model.config
[1.953s] -- Up-to-date: /home/mengo/amr_project_ws/install/turtlebot3_gazebo/share/turtlebot3_gazebo//models/turtlebot3_dqn_world/inner_walls
[1.953s] -- Up-to-date: /home/mengo/amr_project_ws/install/turtlebot3_gazebo/share/turtlebot3_gazebo//models/turtlebot3_dqn_world/inner_walls/model.sdf
[1.953s] -- Up-to-date: /home/mengo/amr_project_ws/install/turtlebot3_gazebo/share/turtlebot3_gazebo//models/turtlebot3_dqn_world/inner_walls/model.config
[1.953s] -- Up-to-date: /home/mengo/amr_project_ws/install/turtlebot3_gazebo/share/turtlebot3_gazebo//models/turtlebot3_dqn_world/model.sdf
[1.953s] -- Up-to-date: /home/mengo/amr_project_ws/install/turtlebot3_gazebo/share/turtlebot3_gazebo//models/turtlebot3_dqn_world/obstacle2
[1.954s] -- Up-to-date: /home/mengo/amr_project_ws/install/turtlebot3_gazebo/share/turtlebot3_gazebo//models/turtlebot3_dqn_world/obstacle2/model.sdf
[1.954s] -- Up-to-date: /home/mengo/amr_project_ws/install/turtlebot3_gazebo/share/turtlebot3_gazebo//models/turtlebot3_dqn_world/obstacle2/model.config
[1.954s] -- Up-to-date: /home/mengo/amr_project_ws/install/turtlebot3_gazebo/share/turtlebot3_gazebo//models/turtlebot3_dqn_world/obstacles
[1.954s] -- Up-to-date: /home/mengo/amr_project_ws/install/turtlebot3_gazebo/share/turtlebot3_gazebo//models/turtlebot3_dqn_world/obstacles/model.sdf
[1.955s] -- Up-to-date: /home/mengo/amr_project_ws/install/turtlebot3_gazebo/share/turtlebot3_gazebo//models/turtlebot3_dqn_world/obstacles/model.config
[1.956s] -- Up-to-date: /home/mengo/amr_project_ws/install/turtlebot3_gazebo/share/turtlebot3_gazebo//models/turtlebot3_dqn_world/model.config
[1.959s] -- Up-to-date: /home/mengo/amr_project_ws/install/turtlebot3_gazebo/share/turtlebot3_gazebo//models/turtlebot3_common
[1.959s] -- Up-to-date: /home/mengo/amr_project_ws/install/turtlebot3_gazebo/share/turtlebot3_gazebo//models/turtlebot3_common/model.config
[1.960s] -- Up-to-date: /home/mengo/amr_project_ws/install/turtlebot3_gazebo/share/turtlebot3_gazebo//models/turtlebot3_common/meshes
[1.960s] -- Up-to-date: /home/mengo/amr_project_ws/install/turtlebot3_gazebo/share/turtlebot3_gazebo//models/turtlebot3_common/meshes/tire.dae
[1.960s] -- Up-to-date: /home/mengo/amr_project_ws/install/turtlebot3_gazebo/share/turtlebot3_gazebo//models/turtlebot3_common/meshes/burger_base.dae
[1.961s] -- Up-to-date: /home/mengo/amr_project_ws/install/turtlebot3_gazebo/share/turtlebot3_gazebo//models/turtlebot3_common/meshes/lds.dae
[1.962s] -- Up-to-date: /home/mengo/amr_project_ws/install/turtlebot3_gazebo/share/turtlebot3_gazebo//models/turtlebot3_common/meshes/waffle_pi_base.dae
[1.962s] -- Up-to-date: /home/mengo/amr_project_ws/install/turtlebot3_gazebo/share/turtlebot3_gazebo//models/turtlebot3_common/meshes/waffle_base.dae
[1.962s] -- Up-to-date: /home/mengo/amr_project_ws/install/turtlebot3_gazebo/share/turtlebot3_gazebo//models/turtlebot3_common/meshes/r200.dae
[1.962s] -- Up-to-date: /home/mengo/amr_project_ws/install/turtlebot3_gazebo/share/turtlebot3_gazebo//models/turtlebot3_waffle
[1.963s] -- Up-to-date: /home/mengo/amr_project_ws/install/turtlebot3_gazebo/share/turtlebot3_gazebo//models/turtlebot3_waffle/model-1_4.sdf
[1.963s] -- Up-to-date: /home/mengo/amr_project_ws/install/turtlebot3_gazebo/share/turtlebot3_gazebo//models/turtlebot3_waffle/model.sdf
[1.963s] -- Up-to-date: /home/mengo/amr_project_ws/install/turtlebot3_gazebo/share/turtlebot3_gazebo//models/turtlebot3_waffle/model.config
[1.963s] -- Up-to-date: /home/mengo/amr_project_ws/install/turtlebot3_gazebo/share/turtlebot3_gazebo//models/turtlebot3_waffle_pi
[1.963s] -- Up-to-date: /home/mengo/amr_project_ws/install/turtlebot3_gazebo/share/turtlebot3_gazebo//models/turtlebot3_waffle_pi/model.sdf
[1.964s] -- Up-to-date: /home/mengo/amr_project_ws/install/turtlebot3_gazebo/share/turtlebot3_gazebo//models/turtlebot3_waffle_pi/model.config
[1.964s] -- Up-to-date: /home/mengo/amr_project_ws/install/turtlebot3_gazebo/share/turtlebot3_gazebo//models/turtlebot3_waffle_pi/model-1_4_.sdf
[1.964s] -- Up-to-date: /home/mengo/amr_project_ws/install/turtlebot3_gazebo/share/turtlebot3_gazebo//models/turtlebot3_house
[1.965s] -- Up-to-date: /home/mengo/amr_project_ws/install/turtlebot3_gazebo/share/turtlebot3_gazebo//models/turtlebot3_house/model.sdf
[1.965s] -- Up-to-date: /home/mengo/amr_project_ws/install/turtlebot3_gazebo/share/turtlebot3_gazebo//models/turtlebot3_house/model.config
[1.965s] -- Up-to-date: /home/mengo/amr_project_ws/install/turtlebot3_gazebo/share/turtlebot3_gazebo//models/turtlebot3_big_house
[1.966s] -- Up-to-date: /home/mengo/amr_project_ws/install/turtlebot3_gazebo/share/turtlebot3_gazebo//models/turtlebot3_big_house/model.sdf
[1.966s] -- Up-to-date: /home/mengo/amr_project_ws/install/turtlebot3_gazebo/share/turtlebot3_gazebo//models/turtlebot3_big_house/model.config
[1.966s] -- Up-to-date: /home/mengo/amr_project_ws/install/turtlebot3_gazebo/share/turtlebot3_gazebo//models/turtlebot3_world
[1.967s] -- Up-to-date: /home/mengo/amr_project_ws/install/turtlebot3_gazebo/share/turtlebot3_gazebo//models/turtlebot3_world/model-1_4.sdf
[1.967s] -- Up-to-date: /home/mengo/amr_project_ws/install/turtlebot3_gazebo/share/turtlebot3_gazebo//models/turtlebot3_world/model.sdf
[1.967s] -- Up-to-date: /home/mengo/amr_project_ws/install/turtlebot3_gazebo/share/turtlebot3_gazebo//models/turtlebot3_world/model.config
[1.967s] -- Up-to-date: /home/mengo/amr_project_ws/install/turtlebot3_gazebo/share/turtlebot3_gazebo//models/turtlebot3_world/meshes
[1.968s] -- Up-to-date: /home/mengo/amr_project_ws/install/turtlebot3_gazebo/share/turtlebot3_gazebo//models/turtlebot3_world/meshes/hexagon.dae
[1.968s] -- Up-to-date: /home/mengo/amr_project_ws/install/turtlebot3_gazebo/share/turtlebot3_gazebo//models/turtlebot3_world/meshes/wall.dae
[1.968s] -- Up-to-date: /home/mengo/amr_project_ws/install/turtlebot3_gazebo/share/turtlebot3_gazebo//rviz
[1.969s] -- Up-to-date: /home/mengo/amr_project_ws/install/turtlebot3_gazebo/share/turtlebot3_gazebo//rviz/tb3_gazebo.rviz
[1.969s] -- Up-to-date: /home/mengo/amr_project_ws/install/turtlebot3_gazebo/share/turtlebot3_gazebo//urdf
[1.969s] -- Up-to-date: /home/mengo/amr_project_ws/install/turtlebot3_gazebo/share/turtlebot3_gazebo//urdf/turtlebot3_waffle.urdf
[1.970s] -- Up-to-date: /home/mengo/amr_project_ws/install/turtlebot3_gazebo/share/turtlebot3_gazebo//urdf/turtlebot3_waffle_pi.urdf
[1.970s] -- Up-to-date: /home/mengo/amr_project_ws/install/turtlebot3_gazebo/share/turtlebot3_gazebo//urdf/turtlebot3_burger.urdf
[1.970s] -- Up-to-date: /home/mengo/amr_project_ws/install/turtlebot3_gazebo/share/turtlebot3_gazebo//urdf/common_properties.urdf
[1.970s] -- Up-to-date: /home/mengo/amr_project_ws/install/turtlebot3_gazebo/share/turtlebot3_gazebo//worlds
[1.971s] -- Up-to-date: /home/mengo/amr_project_ws/install/turtlebot3_gazebo/share/turtlebot3_gazebo//worlds/turtlebot3_dqn_stage3.world
[1.971s] -- Up-to-date: /home/mengo/amr_project_ws/install/turtlebot3_gazebo/share/turtlebot3_gazebo//worlds/empty_world.world
[1.971s] -- Up-to-date: /home/mengo/amr_project_ws/install/turtlebot3_gazebo/share/turtlebot3_gazebo//worlds/turtlebot3_world.world
[1.971s] -- Up-to-date: /home/mengo/amr_project_ws/install/turtlebot3_gazebo/share/turtlebot3_gazebo//worlds/turtlebot3_house.world
[1.971s] -- Up-to-date: /home/mengo/amr_project_ws/install/turtlebot3_gazebo/share/turtlebot3_gazebo//worlds/turtlebot3_big_houses
[1.972s] -- Up-to-date: /home/mengo/amr_project_ws/install/turtlebot3_gazebo/share/turtlebot3_gazebo//worlds/turtlebot3_big_houses/burger.model
[1.973s] -- Up-to-date: /home/mengo/amr_project_ws/install/turtlebot3_gazebo/share/turtlebot3_gazebo//worlds/turtlebot3_big_houses/waffle_pi.model
[1.977s] -- Up-to-date: /home/mengo/amr_project_ws/install/turtlebot3_gazebo/share/turtlebot3_gazebo//worlds/turtlebot3_big_houses/waffle.model
[1.978s] -- Up-to-date: /home/mengo/amr_project_ws/install/turtlebot3_gazebo/share/turtlebot3_gazebo//worlds/turtlebot3_dqn_stage4.world
[1.978s] -- Up-to-date: /home/mengo/amr_project_ws/install/turtlebot3_gazebo/share/turtlebot3_gazebo//worlds/turtlebot3_dqn_stage2.world
[1.979s] -- Up-to-date: /home/mengo/amr_project_ws/install/turtlebot3_gazebo/share/turtlebot3_gazebo//worlds/turtlebot3_dqn_stage1.world
[1.979s] -- Up-to-date: /home/mengo/amr_project_ws/install/turtlebot3_gazebo/include/
[1.980s] -- Up-to-date: /home/mengo/amr_project_ws/install/turtlebot3_gazebo/include//turtlebot3_gazebo
[1.980s] -- Up-to-date: /home/mengo/amr_project_ws/install/turtlebot3_gazebo/include//turtlebot3_gazebo/turtlebot3_drive.hpp
[1.980s] -- Up-to-date: /home/mengo/amr_project_ws/install/turtlebot3_gazebo/share/ament_index/resource_index/package_run_dependencies/turtlebot3_gazebo
[1.981s] -- Up-to-date: /home/mengo/amr_project_ws/install/turtlebot3_gazebo/share/ament_index/resource_index/parent_prefix_path/turtlebot3_gazebo
[1.981s] -- Up-to-date: /home/mengo/amr_project_ws/install/turtlebot3_gazebo/share/turtlebot3_gazebo/environment/ament_prefix_path.sh
[1.981s] -- Up-to-date: /home/mengo/amr_project_ws/install/turtlebot3_gazebo/share/turtlebot3_gazebo/environment/ament_prefix_path.dsv
[1.982s] -- Up-to-date: /home/mengo/amr_project_ws/install/turtlebot3_gazebo/share/turtlebot3_gazebo/environment/path.sh
[1.982s] -- Up-to-date: /home/mengo/amr_project_ws/install/turtlebot3_gazebo/share/turtlebot3_gazebo/environment/path.dsv
[1.982s] -- Up-to-date: /home/mengo/amr_project_ws/install/turtlebot3_gazebo/share/turtlebot3_gazebo/local_setup.bash
[1.982s] -- Up-to-date: /home/mengo/amr_project_ws/install/turtlebot3_gazebo/share/turtlebot3_gazebo/local_setup.sh
[1.982s] -- Up-to-date: /home/mengo/amr_project_ws/install/turtlebot3_gazebo/share/turtlebot3_gazebo/local_setup.zsh
[1.983s] -- Up-to-date: /home/mengo/amr_project_ws/install/turtlebot3_gazebo/share/turtlebot3_gazebo/local_setup.dsv
[1.983s] -- Installing: /home/mengo/amr_project_ws/install/turtlebot3_gazebo/share/turtlebot3_gazebo/package.dsv
[1.983s] -- Up-to-date: /home/mengo/amr_project_ws/install/turtlebot3_gazebo/share/ament_index/resource_index/packages/turtlebot3_gazebo
[1.983s] -- Up-to-date: /home/mengo/amr_project_ws/install/turtlebot3_gazebo/share/turtlebot3_gazebo/cmake/ament_cmake_export_include_directories-extras.cmake
[1.983s] -- Up-to-date: /home/mengo/amr_project_ws/install/turtlebot3_gazebo/share/turtlebot3_gazebo/cmake/ament_cmake_export_dependencies-extras.cmake
[1.984s] -- Up-to-date: /home/mengo/amr_project_ws/install/turtlebot3_gazebo/share/turtlebot3_gazebo/cmake/turtlebot3_gazeboConfig.cmake
[1.984s] -- Up-to-date: /home/mengo/amr_project_ws/install/turtlebot3_gazebo/share/turtlebot3_gazebo/cmake/turtlebot3_gazeboConfig-version.cmake
[1.985s] -- Up-to-date: /home/mengo/amr_project_ws/install/turtlebot3_gazebo/share/turtlebot3_gazebo/package.xml
[1.985s] Invoked command in '/home/mengo/amr_project_ws/build/turtlebot3_gazebo' returned '0': CMAKE_PREFIX_PATH=${CMAKE_PREFIX_PATH}:/home/mengo/amr_project_ws/install/sanification:/home/mengo/amr_project_ws/install/exploration:/opt/ros/humble /usr/bin/cmake --install /home/mengo/amr_project_ws/build/turtlebot3_gazebo
