[1.799s] DEBUG:colcon:Command line arguments: ['/usr/bin/colcon', 'build']
[1.799s] DEBUG:colcon:Parsed command line arguments: Namespace(log_base=None, log_level=None, verb_name='build', build_base='build', install_base='install', merge_install=False, symlink_install=False, test_result_base=None, continue_on_error=False, executor='parallel', parallel_workers=12, event_handlers=None, ignore_user_meta=False, metas=['./colcon.meta'], base_paths=['.'], packages_ignore=None, packages_ignore_regex=None, paths=None, packages_up_to=None, packages_up_to_regex=None, packages_above=None, packages_above_and_dependencies=None, packages_above_depth=None, packages_select_by_dep=None, packages_skip_by_dep=None, packages_skip_up_to=None, packages_select_build_failed=False, packages_skip_build_finished=False, packages_select_test_failures=False, packages_skip_test_passed=False, packages_select=None, packages_skip=None, packages_select_regex=None, packages_skip_regex=None, packages_start=None, packages_end=None, allow_overriding=[], cmake_args=None, cmake_target=None, cmake_target_skip_unavailable=False, cmake_clean_cache=False, cmake_clean_first=False, cmake_force_configure=False, ament_cmake_args=None, catkin_cmake_args=None, catkin_skip_building_tests=False, verb_parser=<colcon_defaults.argument_parser.defaults.DefaultArgumentsDecorator object at 0x706dcb106e00>, verb_extension=<colcon_core.verb.build.BuildVerb object at 0x706dcb5a3550>, main=<bound method BuildVerb.main of <colcon_core.verb.build.BuildVerb object at 0x706dcb5a3550>>)
[1.872s] Level 1:colcon.colcon_core.package_discovery:discover_packages(colcon_meta) check parameters
[1.872s] Level 1:colcon.colcon_core.package_discovery:discover_packages(recursive) check parameters
[1.872s] Level 1:colcon.colcon_core.package_discovery:discover_packages(ignore) check parameters
[1.872s] Level 1:colcon.colcon_core.package_discovery:discover_packages(path) check parameters
[1.872s] Level 1:colcon.colcon_core.package_discovery:discover_packages(colcon_meta) discover
[1.872s] Level 1:colcon.colcon_core.package_discovery:discover_packages(recursive) discover
[1.873s] INFO:colcon.colcon_core.package_discovery:Crawling recursively for packages in '/home/mengo/amr_project_ws/src'
[1.873s] Level 1:colcon.colcon_core.package_identification:_identify(.) by extensions ['ignore', 'ignore_ament_install']
[1.873s] Level 1:colcon.colcon_core.package_identification:_identify(.) by extension 'ignore'
[1.873s] Level 1:colcon.colcon_core.package_identification:_identify(.) by extension 'ignore_ament_install'
[1.873s] Level 1:colcon.colcon_core.package_identification:_identify(.) by extensions ['colcon_pkg']
[1.873s] Level 1:colcon.colcon_core.package_identification:_identify(.) by extension 'colcon_pkg'
[1.873s] Level 1:colcon.colcon_core.package_identification:_identify(.) by extensions ['colcon_meta']
[1.873s] Level 1:colcon.colcon_core.package_identification:_identify(.) by extension 'colcon_meta'
[1.873s] Level 1:colcon.colcon_core.package_identification:_identify(.) by extensions ['ros']
[1.873s] Level 1:colcon.colcon_core.package_identification:_identify(.) by extension 'ros'
[1.887s] Level 1:colcon.colcon_core.package_identification:_identify(.) by extensions ['cmake', 'python']
[1.887s] Level 1:colcon.colcon_core.package_identification:_identify(.) by extension 'cmake'
[1.887s] Level 1:colcon.colcon_core.package_identification:_identify(.) by extension 'python'
[1.887s] Level 1:colcon.colcon_core.package_identification:_identify(.) by extensions ['python_setup_py']
[1.887s] Level 1:colcon.colcon_core.package_identification:_identify(.) by extension 'python_setup_py'
[1.887s] Level 1:colcon.colcon_core.package_identification:_identify(build) by extensions ['ignore', 'ignore_ament_install']
[1.887s] Level 1:colcon.colcon_core.package_identification:_identify(build) by extension 'ignore'
[1.887s] Level 1:colcon.colcon_core.package_identification:_identify(build) ignored
[1.887s] Level 1:colcon.colcon_core.package_identification:_identify(exploration) by extensions ['ignore', 'ignore_ament_install']
[1.887s] Level 1:colcon.colcon_core.package_identification:_identify(exploration) by extension 'ignore'
[1.887s] Level 1:colcon.colcon_core.package_identification:_identify(exploration) by extension 'ignore_ament_install'
[1.888s] Level 1:colcon.colcon_core.package_identification:_identify(exploration) by extensions ['colcon_pkg']
[1.888s] Level 1:colcon.colcon_core.package_identification:_identify(exploration) by extension 'colcon_pkg'
[1.888s] Level 1:colcon.colcon_core.package_identification:_identify(exploration) by extensions ['colcon_meta']
[1.888s] Level 1:colcon.colcon_core.package_identification:_identify(exploration) by extension 'colcon_meta'
[1.888s] Level 1:colcon.colcon_core.package_identification:_identify(exploration) by extensions ['ros']
[1.888s] Level 1:colcon.colcon_core.package_identification:_identify(exploration) by extension 'ros'
[1.891s] DEBUG:colcon.colcon_core.package_identification:Package 'exploration' with type 'ros.ament_python' and name 'exploration'
[1.891s] Level 1:colcon.colcon_core.package_identification:_identify(install) by extensions ['ignore', 'ignore_ament_install']
[1.891s] Level 1:colcon.colcon_core.package_identification:_identify(install) by extension 'ignore'
[1.891s] Level 1:colcon.colcon_core.package_identification:_identify(install) ignored
[1.891s] Level 1:colcon.colcon_core.package_identification:_identify(log) by extensions ['ignore', 'ignore_ament_install']
[1.891s] Level 1:colcon.colcon_core.package_identification:_identify(log) by extension 'ignore'
[1.891s] Level 1:colcon.colcon_core.package_identification:_identify(log) ignored
[1.892s] Level 1:colcon.colcon_core.package_identification:_identify(sanification) by extensions ['ignore', 'ignore_ament_install']
[1.892s] Level 1:colcon.colcon_core.package_identification:_identify(sanification) by extension 'ignore'
[1.892s] Level 1:colcon.colcon_core.package_identification:_identify(sanification) by extension 'ignore_ament_install'
[1.892s] Level 1:colcon.colcon_core.package_identification:_identify(sanification) by extensions ['colcon_pkg']
[1.892s] Level 1:colcon.colcon_core.package_identification:_identify(sanification) by extension 'colcon_pkg'
[1.892s] Level 1:colcon.colcon_core.package_identification:_identify(sanification) by extensions ['colcon_meta']
[1.892s] Level 1:colcon.colcon_core.package_identification:_identify(sanification) by extension 'colcon_meta'
[1.892s] Level 1:colcon.colcon_core.package_identification:_identify(sanification) by extensions ['ros']
[1.892s] Level 1:colcon.colcon_core.package_identification:_identify(sanification) by extension 'ros'
[1.893s] DEBUG:colcon.colcon_core.package_identification:Package 'sanification' with type 'ros.ament_python' and name 'sanification'
[1.893s] Level 1:colcon.colcon_core.package_identification:_identify(turtlebot3_gazebo) by extensions ['ignore', 'ignore_ament_install']
[1.893s] Level 1:colcon.colcon_core.package_identification:_identify(turtlebot3_gazebo) by extension 'ignore'
[1.893s] Level 1:colcon.colcon_core.package_identification:_identify(turtlebot3_gazebo) by extension 'ignore_ament_install'
[1.893s] Level 1:colcon.colcon_core.package_identification:_identify(turtlebot3_gazebo) by extensions ['colcon_pkg']
[1.893s] Level 1:colcon.colcon_core.package_identification:_identify(turtlebot3_gazebo) by extension 'colcon_pkg'
[1.893s] Level 1:colcon.colcon_core.package_identification:_identify(turtlebot3_gazebo) by extensions ['colcon_meta']
[1.893s] Level 1:colcon.colcon_core.package_identification:_identify(turtlebot3_gazebo) by extension 'colcon_meta'
[1.893s] Level 1:colcon.colcon_core.package_identification:_identify(turtlebot3_gazebo) by extensions ['ros']
[1.893s] Level 1:colcon.colcon_core.package_identification:_identify(turtlebot3_gazebo) by extension 'ros'
[1.894s] DEBUG:colcon.colcon_core.package_identification:Package 'turtlebot3_gazebo' with type 'ros.ament_cmake' and name 'turtlebot3_gazebo'
[1.894s] Level 1:colcon.colcon_core.package_discovery:discover_packages(recursive) using defaults
[1.894s] Level 1:colcon.colcon_core.package_discovery:discover_packages(ignore) discover
[1.894s] Level 1:colcon.colcon_core.package_discovery:discover_packages(ignore) using defaults
[1.895s] Level 1:colcon.colcon_core.package_discovery:discover_packages(path) discover
[1.895s] Level 1:colcon.colcon_core.package_discovery:discover_packages(path) using defaults
[2.088s] Level 1:colcon.colcon_core.package_discovery:discover_packages(prefix_path) check parameters
[2.089s] Level 1:colcon.colcon_core.package_discovery:discover_packages(prefix_path) discover
[2.140s] DEBUG:colcon.colcon_installed_package_information.package_discovery:Found 3 installed packages in /home/mengo/amr_project_ws/src/install
[2.166s] DEBUG:colcon.colcon_installed_package_information.package_discovery:Found 3 installed packages in /home/mengo/amr_project_ws/install
[2.193s] DEBUG:colcon.colcon_installed_package_information.package_discovery:Found 378 installed packages in /opt/ros/humble
[2.195s] Level 1:colcon.colcon_core.package_discovery:discover_packages(prefix_path) using defaults
[2.359s] Level 5:colcon.colcon_core.verb:set package 'exploration' build argument 'cmake_args' from command line to 'None'
[2.359s] Level 5:colcon.colcon_core.verb:set package 'exploration' build argument 'cmake_target' from command line to 'None'
[2.359s] Level 5:colcon.colcon_core.verb:set package 'exploration' build argument 'cmake_target_skip_unavailable' from command line to 'False'
[2.359s] Level 5:colcon.colcon_core.verb:set package 'exploration' build argument 'cmake_clean_cache' from command line to 'False'
[2.359s] Level 5:colcon.colcon_core.verb:set package 'exploration' build argument 'cmake_clean_first' from command line to 'False'
[2.359s] Level 5:colcon.colcon_core.verb:set package 'exploration' build argument 'cmake_force_configure' from command line to 'False'
[2.359s] Level 5:colcon.colcon_core.verb:set package 'exploration' build argument 'ament_cmake_args' from command line to 'None'
[2.359s] Level 5:colcon.colcon_core.verb:set package 'exploration' build argument 'catkin_cmake_args' from command line to 'None'
[2.359s] Level 5:colcon.colcon_core.verb:set package 'exploration' build argument 'catkin_skip_building_tests' from command line to 'False'
[2.360s] DEBUG:colcon.colcon_core.verb:Building package 'exploration' with the following arguments: {'ament_cmake_args': None, 'build_base': '/home/mengo/amr_project_ws/src/build/exploration', 'catkin_cmake_args': None, 'catkin_skip_building_tests': False, 'cmake_args': None, 'cmake_clean_cache': False, 'cmake_clean_first': False, 'cmake_force_configure': False, 'cmake_target': None, 'cmake_target_skip_unavailable': False, 'install_base': '/home/mengo/amr_project_ws/src/install/exploration', 'merge_install': False, 'path': '/home/mengo/amr_project_ws/src/exploration', 'symlink_install': False, 'test_result_base': None}
[2.389s] Level 5:colcon.colcon_core.verb:set package 'sanification' build argument 'cmake_args' from command line to 'None'
[2.389s] Level 5:colcon.colcon_core.verb:set package 'sanification' build argument 'cmake_target' from command line to 'None'
[2.389s] Level 5:colcon.colcon_core.verb:set package 'sanification' build argument 'cmake_target_skip_unavailable' from command line to 'False'
[2.389s] Level 5:colcon.colcon_core.verb:set package 'sanification' build argument 'cmake_clean_cache' from command line to 'False'
[2.389s] Level 5:colcon.colcon_core.verb:set package 'sanification' build argument 'cmake_clean_first' from command line to 'False'
[2.389s] Level 5:colcon.colcon_core.verb:set package 'sanification' build argument 'cmake_force_configure' from command line to 'False'
[2.389s] Level 5:colcon.colcon_core.verb:set package 'sanification' build argument 'ament_cmake_args' from command line to 'None'
[2.389s] Level 5:colcon.colcon_core.verb:set package 'sanification' build argument 'catkin_cmake_args' from command line to 'None'
[2.389s] Level 5:colcon.colcon_core.verb:set package 'sanification' build argument 'catkin_skip_building_tests' from command line to 'False'
[2.389s] DEBUG:colcon.colcon_core.verb:Building package 'sanification' with the following arguments: {'ament_cmake_args': None, 'build_base': '/home/mengo/amr_project_ws/src/build/sanification', 'catkin_cmake_args': None, 'catkin_skip_building_tests': False, 'cmake_args': None, 'cmake_clean_cache': False, 'cmake_clean_first': False, 'cmake_force_configure': False, 'cmake_target': None, 'cmake_target_skip_unavailable': False, 'install_base': '/home/mengo/amr_project_ws/src/install/sanification', 'merge_install': False, 'path': '/home/mengo/amr_project_ws/src/sanification', 'symlink_install': False, 'test_result_base': None}
[2.416s] Level 5:colcon.colcon_core.verb:set package 'turtlebot3_gazebo' build argument 'cmake_args' from command line to 'None'
[2.416s] Level 5:colcon.colcon_core.verb:set package 'turtlebot3_gazebo' build argument 'cmake_target' from command line to 'None'
[2.416s] Level 5:colcon.colcon_core.verb:set package 'turtlebot3_gazebo' build argument 'cmake_target_skip_unavailable' from command line to 'False'
[2.416s] Level 5:colcon.colcon_core.verb:set package 'turtlebot3_gazebo' build argument 'cmake_clean_cache' from command line to 'False'
[2.416s] Level 5:colcon.colcon_core.verb:set package 'turtlebot3_gazebo' build argument 'cmake_clean_first' from command line to 'False'
[2.416s] Level 5:colcon.colcon_core.verb:set package 'turtlebot3_gazebo' build argument 'cmake_force_configure' from command line to 'False'
[2.416s] Level 5:colcon.colcon_core.verb:set package 'turtlebot3_gazebo' build argument 'ament_cmake_args' from command line to 'None'
[2.416s] Level 5:colcon.colcon_core.verb:set package 'turtlebot3_gazebo' build argument 'catkin_cmake_args' from command line to 'None'
[2.416s] Level 5:colcon.colcon_core.verb:set package 'turtlebot3_gazebo' build argument 'catkin_skip_building_tests' from command line to 'False'
[2.417s] DEBUG:colcon.colcon_core.verb:Building package 'turtlebot3_gazebo' with the following arguments: {'ament_cmake_args': None, 'build_base': '/home/mengo/amr_project_ws/src/build/turtlebot3_gazebo', 'catkin_cmake_args': None, 'catkin_skip_building_tests': False, 'cmake_args': None, 'cmake_clean_cache': False, 'cmake_clean_first': False, 'cmake_force_configure': False, 'cmake_target': None, 'cmake_target_skip_unavailable': False, 'install_base': '/home/mengo/amr_project_ws/src/install/turtlebot3_gazebo', 'merge_install': False, 'path': '/home/mengo/amr_project_ws/src/turtlebot3_gazebo', 'symlink_install': False, 'test_result_base': None}
[2.442s] INFO:colcon.colcon_core.executor:Executing jobs using 'parallel' executor
[2.468s] DEBUG:colcon.colcon_parallel_executor.executor.parallel:run_until_complete
[2.468s] INFO:colcon.colcon_ros.task.ament_python.build:Building ROS package in '/home/mengo/amr_project_ws/src/exploration' with build type 'ament_python'
[2.468s] Level 1:colcon.colcon_core.shell:create_environment_hook('exploration', 'ament_prefix_path')
[2.497s] INFO:colcon.colcon_core.plugin_system:Skipping extension 'colcon_core.shell.bat': Not used on non-Windows systems
[2.497s] INFO:colcon.colcon_core.shell:Creating environment hook '/home/mengo/amr_project_ws/src/install/exploration/share/exploration/hook/ament_prefix_path.ps1'
[2.498s] INFO:colcon.colcon_core.shell:Creating environment descriptor '/home/mengo/amr_project_ws/src/install/exploration/share/exploration/hook/ament_prefix_path.dsv'
[2.499s] INFO:colcon.colcon_core.shell:Creating environment hook '/home/mengo/amr_project_ws/src/install/exploration/share/exploration/hook/ament_prefix_path.sh'
[2.529s] INFO:colcon.colcon_core.shell:Skip shell extension 'powershell' for command environment: Not usable outside of PowerShell
[2.529s] DEBUG:colcon.colcon_core.shell:Skip shell extension 'dsv' for command environment
[2.641s] INFO:colcon.colcon_ros.task.ament_python.build:Building ROS package in '/home/mengo/amr_project_ws/src/sanification' with build type 'ament_python'
[2.641s] Level 1:colcon.colcon_core.shell:create_environment_hook('sanification', 'ament_prefix_path')
[2.666s] INFO:colcon.colcon_core.shell:Creating environment hook '/home/mengo/amr_project_ws/src/install/sanification/share/sanification/hook/ament_prefix_path.ps1'
[2.667s] INFO:colcon.colcon_core.shell:Creating environment descriptor '/home/mengo/amr_project_ws/src/install/sanification/share/sanification/hook/ament_prefix_path.dsv'
[2.667s] INFO:colcon.colcon_core.shell:Creating environment hook '/home/mengo/amr_project_ws/src/install/sanification/share/sanification/hook/ament_prefix_path.sh'
[2.691s] INFO:colcon.colcon_core.shell:Skip shell extension 'powershell' for command environment: Not usable outside of PowerShell
[2.691s] DEBUG:colcon.colcon_core.shell:Skip shell extension 'dsv' for command environment
[2.801s] INFO:colcon.colcon_ros.task.ament_cmake.build:Building ROS package in '/home/mengo/amr_project_ws/src/turtlebot3_gazebo' with build type 'ament_cmake'
[2.801s] INFO:colcon.colcon_cmake.task.cmake.build:Building CMake package in '/home/mengo/amr_project_ws/src/turtlebot3_gazebo'
[2.827s] INFO:colcon.colcon_core.shell:Skip shell extension 'powershell' for command environment: Not usable outside of PowerShell
[2.828s] DEBUG:colcon.colcon_core.shell:Skip shell extension 'dsv' for command environment
[3.374s] INFO:colcon.colcon_core.task.python.build:Building Python package in '/home/mengo/amr_project_ws/src/exploration'
[3.400s] INFO:colcon.colcon_core.shell:Skip shell extension 'powershell' for command environment: Not usable outside of PowerShell
[3.400s] DEBUG:colcon.colcon_core.shell:Skip shell extension 'dsv' for command environment
[3.938s] INFO:colcon.colcon_core.task.python.build:Building Python package in '/home/mengo/amr_project_ws/src/sanification'
[3.960s] INFO:colcon.colcon_core.shell:Skip shell extension 'powershell' for command environment: Not usable outside of PowerShell
[3.960s] DEBUG:colcon.colcon_core.shell:Skip shell extension 'dsv' for command environment
[4.097s] DEBUG:colcon.colcon_core.event_handler.log_command:Invoking command in '/home/mengo/amr_project_ws/src/build/turtlebot3_gazebo': CMAKE_PREFIX_PATH=${CMAKE_PREFIX_PATH}:/home/mengo/amr_project_ws/src/install/sanification:/home/mengo/amr_project_ws/src/install/exploration:/home/mengo/amr_project_ws/install/sanification:/home/mengo/amr_project_ws/install/exploration:/opt/ros/humble CONDA_PROMPT_MODIFIER=(base) /usr/bin/cmake --build /home/mengo/amr_project_ws/src/build/turtlebot3_gazebo -- -j12 -l12
[4.231s] DEBUG:colcon.colcon_core.event_handler.log_command:Invoked command in '/home/mengo/amr_project_ws/src/build/turtlebot3_gazebo' returned '0': CMAKE_PREFIX_PATH=${CMAKE_PREFIX_PATH}:/home/mengo/amr_project_ws/src/install/sanification:/home/mengo/amr_project_ws/src/install/exploration:/home/mengo/amr_project_ws/install/sanification:/home/mengo/amr_project_ws/install/exploration:/opt/ros/humble CONDA_PROMPT_MODIFIER=(base) /usr/bin/cmake --build /home/mengo/amr_project_ws/src/build/turtlebot3_gazebo -- -j12 -l12
[4.295s] DEBUG:colcon.colcon_core.event_handler.log_command:Invoking command in '/home/mengo/amr_project_ws/src/build/turtlebot3_gazebo': CMAKE_PREFIX_PATH=${CMAKE_PREFIX_PATH}:/home/mengo/amr_project_ws/src/install/sanification:/home/mengo/amr_project_ws/src/install/exploration:/home/mengo/amr_project_ws/install/sanification:/home/mengo/amr_project_ws/install/exploration:/opt/ros/humble CONDA_PROMPT_MODIFIER=(base) /usr/bin/cmake --install /home/mengo/amr_project_ws/src/build/turtlebot3_gazebo
[4.314s] Level 1:colcon.colcon_core.environment:create_environment_scripts_only(turtlebot3_gazebo)
[4.347s] DEBUG:colcon.colcon_core.event_handler.log_command:Invoked command in '/home/mengo/amr_project_ws/src/build/turtlebot3_gazebo' returned '0': CMAKE_PREFIX_PATH=${CMAKE_PREFIX_PATH}:/home/mengo/amr_project_ws/src/install/sanification:/home/mengo/amr_project_ws/src/install/exploration:/home/mengo/amr_project_ws/install/sanification:/home/mengo/amr_project_ws/install/exploration:/opt/ros/humble CONDA_PROMPT_MODIFIER=(base) /usr/bin/cmake --install /home/mengo/amr_project_ws/src/build/turtlebot3_gazebo
[4.375s] Level 1:colcon.colcon_core.environment:checking '/home/mengo/amr_project_ws/src/install/turtlebot3_gazebo' for CMake module files
[4.376s] Level 1:colcon.colcon_core.environment:checking '/home/mengo/amr_project_ws/src/install/turtlebot3_gazebo' for CMake config files
[4.376s] Level 1:colcon.colcon_core.shell:create_environment_hook('turtlebot3_gazebo', 'cmake_prefix_path')
[4.409s] INFO:colcon.colcon_core.shell:Creating environment hook '/home/mengo/amr_project_ws/src/install/turtlebot3_gazebo/share/turtlebot3_gazebo/hook/cmake_prefix_path.ps1'
[4.410s] INFO:colcon.colcon_core.shell:Creating environment descriptor '/home/mengo/amr_project_ws/src/install/turtlebot3_gazebo/share/turtlebot3_gazebo/hook/cmake_prefix_path.dsv'
[4.410s] INFO:colcon.colcon_core.shell:Creating environment hook '/home/mengo/amr_project_ws/src/install/turtlebot3_gazebo/share/turtlebot3_gazebo/hook/cmake_prefix_path.sh'
[4.411s] Level 1:colcon.colcon_core.environment:checking '/home/mengo/amr_project_ws/src/install/turtlebot3_gazebo/lib'
[4.411s] Level 1:colcon.colcon_core.environment:checking '/home/mengo/amr_project_ws/src/install/turtlebot3_gazebo/bin'
[4.411s] Level 1:colcon.colcon_core.environment:checking '/home/mengo/amr_project_ws/src/install/turtlebot3_gazebo/lib/pkgconfig/turtlebot3_gazebo.pc'
[4.412s] Level 1:colcon.colcon_core.environment:checking '/home/mengo/amr_project_ws/src/install/turtlebot3_gazebo/lib/python3.10/site-packages'
[4.412s] Level 1:colcon.colcon_core.environment:checking '/home/mengo/amr_project_ws/src/install/turtlebot3_gazebo/bin'
[4.441s] INFO:colcon.colcon_core.shell:Creating package script '/home/mengo/amr_project_ws/src/install/turtlebot3_gazebo/share/turtlebot3_gazebo/package.ps1'
[4.442s] INFO:colcon.colcon_core.shell:Creating package descriptor '/home/mengo/amr_project_ws/src/install/turtlebot3_gazebo/share/turtlebot3_gazebo/package.dsv'
[4.442s] INFO:colcon.colcon_core.shell:Creating package script '/home/mengo/amr_project_ws/src/install/turtlebot3_gazebo/share/turtlebot3_gazebo/package.sh'
[4.443s] INFO:colcon.colcon_core.shell:Creating package script '/home/mengo/amr_project_ws/src/install/turtlebot3_gazebo/share/turtlebot3_gazebo/package.bash'
[4.444s] INFO:colcon.colcon_core.shell:Creating package script '/home/mengo/amr_project_ws/src/install/turtlebot3_gazebo/share/turtlebot3_gazebo/package.zsh'
[4.445s] Level 1:colcon.colcon_core.environment:create_file_with_runtime_dependencies(/home/mengo/amr_project_ws/src/install/turtlebot3_gazebo/share/colcon-core/packages/turtlebot3_gazebo)
[4.532s] Level 1:colcon.colcon_core.environment:create_environment_scripts_only(turtlebot3_gazebo)
[4.564s] Level 1:colcon.colcon_core.environment:checking '/home/mengo/amr_project_ws/src/install/turtlebot3_gazebo' for CMake module files
[4.565s] Level 1:colcon.colcon_core.environment:checking '/home/mengo/amr_project_ws/src/install/turtlebot3_gazebo' for CMake config files
[4.565s] Level 1:colcon.colcon_core.shell:create_environment_hook('turtlebot3_gazebo', 'cmake_prefix_path')
[4.598s] INFO:colcon.colcon_core.shell:Creating environment hook '/home/mengo/amr_project_ws/src/install/turtlebot3_gazebo/share/turtlebot3_gazebo/hook/cmake_prefix_path.ps1'
[4.599s] INFO:colcon.colcon_core.shell:Creating environment descriptor '/home/mengo/amr_project_ws/src/install/turtlebot3_gazebo/share/turtlebot3_gazebo/hook/cmake_prefix_path.dsv'
[4.600s] INFO:colcon.colcon_core.shell:Creating environment hook '/home/mengo/amr_project_ws/src/install/turtlebot3_gazebo/share/turtlebot3_gazebo/hook/cmake_prefix_path.sh'
[4.600s] Level 1:colcon.colcon_core.environment:checking '/home/mengo/amr_project_ws/src/install/turtlebot3_gazebo/lib'
[4.601s] Level 1:colcon.colcon_core.environment:checking '/home/mengo/amr_project_ws/src/install/turtlebot3_gazebo/bin'
[4.601s] Level 1:colcon.colcon_core.environment:checking '/home/mengo/amr_project_ws/src/install/turtlebot3_gazebo/lib/pkgconfig/turtlebot3_gazebo.pc'
[4.601s] Level 1:colcon.colcon_core.environment:checking '/home/mengo/amr_project_ws/src/install/turtlebot3_gazebo/lib/python3.10/site-packages'
[4.601s] Level 1:colcon.colcon_core.environment:checking '/home/mengo/amr_project_ws/src/install/turtlebot3_gazebo/bin'
[4.633s] INFO:colcon.colcon_core.shell:Creating package script '/home/mengo/amr_project_ws/src/install/turtlebot3_gazebo/share/turtlebot3_gazebo/package.ps1'
[4.633s] INFO:colcon.colcon_core.shell:Creating package descriptor '/home/mengo/amr_project_ws/src/install/turtlebot3_gazebo/share/turtlebot3_gazebo/package.dsv'
[4.634s] INFO:colcon.colcon_core.shell:Creating package script '/home/mengo/amr_project_ws/src/install/turtlebot3_gazebo/share/turtlebot3_gazebo/package.sh'
[4.634s] INFO:colcon.colcon_core.shell:Creating package script '/home/mengo/amr_project_ws/src/install/turtlebot3_gazebo/share/turtlebot3_gazebo/package.bash'
[4.635s] INFO:colcon.colcon_core.shell:Creating package script '/home/mengo/amr_project_ws/src/install/turtlebot3_gazebo/share/turtlebot3_gazebo/package.zsh'
[4.636s] Level 1:colcon.colcon_core.environment:create_file_with_runtime_dependencies(/home/mengo/amr_project_ws/src/install/turtlebot3_gazebo/share/colcon-core/packages/turtlebot3_gazebo)
[4.751s] DEBUG:colcon.colcon_core.event_handler.log_command:Invoking command in '/home/mengo/amr_project_ws/src/sanification': CONDA_PROMPT_MODIFIER=(base) PYTHONPATH=/home/mengo/amr_project_ws/src/build/sanification/prefix_override:/home/mengo/amr_project_ws/src/install/sanification/lib/python3.10/site-packages:${PYTHONPATH} /usr/bin/python3 setup.py egg_info --egg-base ../build/sanification build --build-base /home/mengo/amr_project_ws/src/build/sanification/build install --record /home/mengo/amr_project_ws/src/build/sanification/install.log --single-version-externally-managed
[4.755s] DEBUG:colcon.colcon_core.event_handler.log_command:Invoking command in '/home/mengo/amr_project_ws/src/exploration': CONDA_PROMPT_MODIFIER=(base) PYTHONPATH=/home/mengo/amr_project_ws/src/build/exploration/prefix_override:/home/mengo/amr_project_ws/src/install/exploration/lib/python3.10/site-packages:${PYTHONPATH} /usr/bin/python3 setup.py egg_info --egg-base ../build/exploration build --build-base /home/mengo/amr_project_ws/src/build/exploration/build install --record /home/mengo/amr_project_ws/src/build/exploration/install.log --single-version-externally-managed
[5.258s] DEBUG:colcon.colcon_core.event_handler.log_command:Invoked command in '/home/mengo/amr_project_ws/src/sanification' returned '0': CONDA_PROMPT_MODIFIER=(base) PYTHONPATH=/home/mengo/amr_project_ws/src/build/sanification/prefix_override:/home/mengo/amr_project_ws/src/install/sanification/lib/python3.10/site-packages:${PYTHONPATH} /usr/bin/python3 setup.py egg_info --egg-base ../build/sanification build --build-base /home/mengo/amr_project_ws/src/build/sanification/build install --record /home/mengo/amr_project_ws/src/build/sanification/install.log --single-version-externally-managed
[5.284s] Level 1:colcon.colcon_core.environment:checking '/home/mengo/amr_project_ws/src/install/sanification' for CMake module files
[5.284s] Level 1:colcon.colcon_core.environment:checking '/home/mengo/amr_project_ws/src/install/sanification' for CMake config files
[5.285s] Level 1:colcon.colcon_core.environment:checking '/home/mengo/amr_project_ws/src/install/sanification/lib'
[5.285s] Level 1:colcon.colcon_core.environment:checking '/home/mengo/amr_project_ws/src/install/sanification/bin'
[5.285s] Level 1:colcon.colcon_core.environment:checking '/home/mengo/amr_project_ws/src/install/sanification/lib/pkgconfig/sanification.pc'
[5.286s] Level 1:colcon.colcon_core.environment:checking '/home/mengo/amr_project_ws/src/install/sanification/lib/python3.10/site-packages'
[5.286s] Level 1:colcon.colcon_core.shell:create_environment_hook('sanification', 'pythonpath')
[5.314s] INFO:colcon.colcon_core.shell:Creating environment hook '/home/mengo/amr_project_ws/src/install/sanification/share/sanification/hook/pythonpath.ps1'
[5.314s] INFO:colcon.colcon_core.shell:Creating environment descriptor '/home/mengo/amr_project_ws/src/install/sanification/share/sanification/hook/pythonpath.dsv'
[5.315s] INFO:colcon.colcon_core.shell:Creating environment hook '/home/mengo/amr_project_ws/src/install/sanification/share/sanification/hook/pythonpath.sh'
[5.316s] Level 1:colcon.colcon_core.environment:checking '/home/mengo/amr_project_ws/src/install/sanification/bin'
[5.316s] Level 1:colcon.colcon_core.environment:create_environment_scripts_only(sanification)
[5.352s] INFO:colcon.colcon_core.shell:Creating package script '/home/mengo/amr_project_ws/src/install/sanification/share/sanification/package.ps1'
[5.352s] INFO:colcon.colcon_core.shell:Creating package descriptor '/home/mengo/amr_project_ws/src/install/sanification/share/sanification/package.dsv'
[5.353s] INFO:colcon.colcon_core.shell:Creating package script '/home/mengo/amr_project_ws/src/install/sanification/share/sanification/package.sh'
[5.354s] INFO:colcon.colcon_core.shell:Creating package script '/home/mengo/amr_project_ws/src/install/sanification/share/sanification/package.bash'
[5.354s] INFO:colcon.colcon_core.shell:Creating package script '/home/mengo/amr_project_ws/src/install/sanification/share/sanification/package.zsh'
[5.355s] Level 1:colcon.colcon_core.environment:create_file_with_runtime_dependencies(/home/mengo/amr_project_ws/src/install/sanification/share/colcon-core/packages/sanification)
[5.358s] DEBUG:colcon.colcon_core.event_handler.log_command:Invoked command in '/home/mengo/amr_project_ws/src/exploration' returned '0': CONDA_PROMPT_MODIFIER=(base) PYTHONPATH=/home/mengo/amr_project_ws/src/build/exploration/prefix_override:/home/mengo/amr_project_ws/src/install/exploration/lib/python3.10/site-packages:${PYTHONPATH} /usr/bin/python3 setup.py egg_info --egg-base ../build/exploration build --build-base /home/mengo/amr_project_ws/src/build/exploration/build install --record /home/mengo/amr_project_ws/src/build/exploration/install.log --single-version-externally-managed
[5.384s] Level 1:colcon.colcon_core.environment:checking '/home/mengo/amr_project_ws/src/install/exploration' for CMake module files
[5.385s] Level 1:colcon.colcon_core.environment:checking '/home/mengo/amr_project_ws/src/install/exploration' for CMake config files
[5.386s] Level 1:colcon.colcon_core.environment:checking '/home/mengo/amr_project_ws/src/install/exploration/lib'
[5.386s] Level 1:colcon.colcon_core.environment:checking '/home/mengo/amr_project_ws/src/install/exploration/bin'
[5.386s] Level 1:colcon.colcon_core.environment:checking '/home/mengo/amr_project_ws/src/install/exploration/lib/pkgconfig/exploration.pc'
[5.387s] Level 1:colcon.colcon_core.environment:checking '/home/mengo/amr_project_ws/src/install/exploration/lib/python3.10/site-packages'
[5.387s] Level 1:colcon.colcon_core.shell:create_environment_hook('exploration', 'pythonpath')
[5.414s] INFO:colcon.colcon_core.shell:Creating environment hook '/home/mengo/amr_project_ws/src/install/exploration/share/exploration/hook/pythonpath.ps1'
[5.415s] INFO:colcon.colcon_core.shell:Creating environment descriptor '/home/mengo/amr_project_ws/src/install/exploration/share/exploration/hook/pythonpath.dsv'
[5.415s] INFO:colcon.colcon_core.shell:Creating environment hook '/home/mengo/amr_project_ws/src/install/exploration/share/exploration/hook/pythonpath.sh'
[5.416s] Level 1:colcon.colcon_core.environment:checking '/home/mengo/amr_project_ws/src/install/exploration/bin'
[5.416s] Level 1:colcon.colcon_core.environment:create_environment_scripts_only(exploration)
[5.444s] INFO:colcon.colcon_core.shell:Creating package script '/home/mengo/amr_project_ws/src/install/exploration/share/exploration/package.ps1'
[5.445s] INFO:colcon.colcon_core.shell:Creating package descriptor '/home/mengo/amr_project_ws/src/install/exploration/share/exploration/package.dsv'
[5.446s] INFO:colcon.colcon_core.shell:Creating package script '/home/mengo/amr_project_ws/src/install/exploration/share/exploration/package.sh'
[5.446s] INFO:colcon.colcon_core.shell:Creating package script '/home/mengo/amr_project_ws/src/install/exploration/share/exploration/package.bash'
[5.447s] INFO:colcon.colcon_core.shell:Creating package script '/home/mengo/amr_project_ws/src/install/exploration/share/exploration/package.zsh'
[5.447s] Level 1:colcon.colcon_core.environment:create_file_with_runtime_dependencies(/home/mengo/amr_project_ws/src/install/exploration/share/colcon-core/packages/exploration)
[5.447s] DEBUG:colcon.colcon_parallel_executor.executor.parallel:closing loop
[5.448s] DEBUG:colcon.colcon_parallel_executor.executor.parallel:loop closed
[5.448s] DEBUG:colcon.colcon_parallel_executor.executor.parallel:run_until_complete finished with '0'
[5.448s] DEBUG:colcon.colcon_core.event_reactor:joining thread
[5.487s] INFO:colcon.colcon_core.plugin_system:Skipping extension 'colcon_notification.desktop_notification.terminal_notifier': Not used on non-Darwin systems
[5.488s] INFO:colcon.colcon_core.plugin_system:Skipping extension 'colcon_notification.desktop_notification.win32': Not used on non-Windows systems
[5.488s] INFO:colcon.colcon_notification.desktop_notification:Sending desktop notification using 'notify2'
[5.507s] DEBUG:colcon.colcon_core.event_reactor:joined thread
[5.554s] INFO:colcon.colcon_core.shell:Creating prefix script '/home/mengo/amr_project_ws/src/install/local_setup.ps1'
[5.556s] INFO:colcon.colcon_core.shell:Creating prefix util module '/home/mengo/amr_project_ws/src/install/_local_setup_util_ps1.py'
[5.559s] INFO:colcon.colcon_core.shell:Creating prefix chain script '/home/mengo/amr_project_ws/src/install/setup.ps1'
[5.608s] INFO:colcon.colcon_core.shell:Creating prefix script '/home/mengo/amr_project_ws/src/install/local_setup.sh'
[5.609s] INFO:colcon.colcon_core.shell:Creating prefix util module '/home/mengo/amr_project_ws/src/install/_local_setup_util_sh.py'
[5.609s] INFO:colcon.colcon_core.shell:Creating prefix chain script '/home/mengo/amr_project_ws/src/install/setup.sh'
[5.655s] INFO:colcon.colcon_core.shell:Creating prefix script '/home/mengo/amr_project_ws/src/install/local_setup.bash'
[5.656s] INFO:colcon.colcon_core.shell:Creating prefix chain script '/home/mengo/amr_project_ws/src/install/setup.bash'
[5.684s] INFO:colcon.colcon_core.shell:Creating prefix script '/home/mengo/amr_project_ws/src/install/local_setup.zsh'
[5.684s] INFO:colcon.colcon_core.shell:Creating prefix chain script '/home/mengo/amr_project_ws/src/install/setup.zsh'
