[2.108s] Invoking command in '/home/mengo/amr_project_ws/src/sanification': PYTHONPATH=/home/mengo/amr_project_ws/build/sanification/prefix_override:/home/mengo/amr_project_ws/install/sanification/lib/python3.10/site-packages:${PYTHONPATH} /usr/bin/python3 setup.py egg_info --egg-base ../../build/sanification build --build-base /home/mengo/amr_project_ws/build/sanification/build install --record /home/mengo/amr_project_ws/build/sanification/install.log --single-version-externally-managed
[2.455s] running egg_info
[2.456s] writing ../../build/sanification/sanification.egg-info/PKG-INFO
[2.456s] writing dependency_links to ../../build/sanification/sanification.egg-info/dependency_links.txt
[2.456s] writing entry points to ../../build/sanification/sanification.egg-info/entry_points.txt
[2.456s] writing requirements to ../../build/sanification/sanification.egg-info/requires.txt
[2.456s] writing top-level names to ../../build/sanification/sanification.egg-info/top_level.txt
[2.458s] reading manifest file '../../build/sanification/sanification.egg-info/SOURCES.txt'
[2.459s] writing manifest file '../../build/sanification/sanification.egg-info/SOURCES.txt'
[2.459s] running build
[2.459s] running build_py
[2.460s] running install
[2.460s] running install_lib
[2.461s] running install_data
[2.462s] copying launch/sanification.launch.py -> /home/mengo/amr_project_ws/install/sanification/share/sanification
[2.462s] running install_egg_info
[2.464s] removing '/home/mengo/amr_project_ws/install/sanification/lib/python3.10/site-packages/sanification-0.0.0-py3.10.egg-info' (and everything under it)
[2.464s] Copying ../../build/sanification/sanification.egg-info to /home/mengo/amr_project_ws/install/sanification/lib/python3.10/site-packages/sanification-0.0.0-py3.10.egg-info
[2.465s] running install_scripts
[2.487s] Installing localization script to /home/mengo/amr_project_ws/install/sanification/lib/sanification
[2.487s] Installing navigation script to /home/mengo/amr_project_ws/install/sanification/lib/sanification
[2.487s] Installing sanification script to /home/mengo/amr_project_ws/install/sanification/lib/sanification
[2.488s] writing list of installed files to '/home/mengo/amr_project_ws/build/sanification/install.log'
[2.510s] Invoked command in '/home/mengo/amr_project_ws/src/sanification' returned '0': PYTHONPATH=/home/mengo/amr_project_ws/build/sanification/prefix_override:/home/mengo/amr_project_ws/install/sanification/lib/python3.10/site-packages:${PYTHONPATH} /usr/bin/python3 setup.py egg_info --egg-base ../../build/sanification build --build-base /home/mengo/amr_project_ws/build/sanification/build install --record /home/mengo/amr_project_ws/build/sanification/install.log --single-version-externally-managed
