[0.976s] Invoking command in '/home/mengo/amr_project_ws/src/build/turtlebot3_gazebo': CMAKE_PREFIX_PATH=${CMAKE_PREFIX_PATH}:/home/mengo/amr_project_ws/install/exploration:/opt/ros/humble /usr/bin/cmake --build /home/mengo/amr_project_ws/src/build/turtlebot3_gazebo -- -j12 -l12
[1.070s] [35m[1mConsolidate compiler generated dependencies of target turtlebot3_drive[0m
[1.115s] [ 25%] Built target turtlebot3_drive
[1.145s] [35m[1mConsolidate compiler generated dependencies of target obstacles[0m
[1.234s] [ 50%] Built target obstacles
[1.264s] [35m[1mConsolidate compiler generated dependencies of target obstacle2[0m
[1.356s] [ 75%] Built target obstacle2
[1.380s] [35m[1mConsolidate compiler generated dependencies of target obstacle1[0m
[1.461s] [100%] Built target obstacle1
[1.488s] Invoked command in '/home/mengo/amr_project_ws/src/build/turtlebot3_gazebo' returned '0': CMAKE_PREFIX_PATH=${CMAKE_PREFIX_PATH}:/home/mengo/amr_project_ws/install/exploration:/opt/ros/humble /usr/bin/cmake --build /home/mengo/amr_project_ws/src/build/turtlebot3_gazebo -- -j12 -l12
[1.587s] Invoking command in '/home/mengo/amr_project_ws/src/build/turtlebot3_gazebo': CMAKE_PREFIX_PATH=${CMAKE_PREFIX_PATH}:/home/mengo/amr_project_ws/install/exploration:/opt/ros/humble /usr/bin/cmake --install /home/mengo/amr_project_ws/src/build/turtlebot3_gazebo
[1.598s] -- Install configuration: ""
[1.599s] -- Up-to-date: /home/mengo/amr_project_ws/src/install/turtlebot3_gazebo/lib/turtlebot3_gazebo/turtlebot3_drive
[1.599s] -- Up-to-date: /home/mengo/amr_project_ws/src/install/turtlebot3_gazebo/share/turtlebot3_gazebo//launch
[1.599s] -- Up-to-date: /home/mengo/amr_project_ws/src/install/turtlebot3_gazebo/share/turtlebot3_gazebo//launch/turtlebot3_dqn_stage1.launch.py
[1.599s] -- Up-to-date: /home/mengo/amr_project_ws/src/install/turtlebot3_gazebo/share/turtlebot3_gazebo//launch/turtlebot3_house.launch.py
[1.600s] -- Up-to-date: /home/mengo/amr_project_ws/src/install/turtlebot3_gazebo/share/turtlebot3_gazebo//launch/turtlebot3_dqn_stage2.launch.py
[1.600s] -- Up-to-date: /home/mengo/amr_project_ws/src/install/turtlebot3_gazebo/share/turtlebot3_gazebo//launch/turtlebot3_world.launch.py
[1.600s] -- Up-to-date: /home/mengo/amr_project_ws/src/install/turtlebot3_gazebo/share/turtlebot3_gazebo//launch/turtlebot3_big_house.launch.py
[1.600s] -- Up-to-date: /home/mengo/amr_project_ws/src/install/turtlebot3_gazebo/share/turtlebot3_gazebo//launch/robot_state_publisher.launch.py
[1.601s] -- Up-to-date: /home/mengo/amr_project_ws/src/install/turtlebot3_gazebo/share/turtlebot3_gazebo//launch/turtlebot3_dqn_stage4.launch.py
[1.602s] -- Up-to-date: /home/mengo/amr_project_ws/src/install/turtlebot3_gazebo/share/turtlebot3_gazebo//launch/empty_world.launch.py
[1.605s] -- Up-to-date: /home/mengo/amr_project_ws/src/install/turtlebot3_gazebo/share/turtlebot3_gazebo//launch/spawn_turtlebot3.launch.py
[1.605s] -- Up-to-date: /home/mengo/amr_project_ws/src/install/turtlebot3_gazebo/share/turtlebot3_gazebo//launch/turtlebot3_dqn_stage3.launch.py
[1.606s] -- Up-to-date: /home/mengo/amr_project_ws/src/install/turtlebot3_gazebo/share/turtlebot3_gazebo//models
[1.606s] -- Up-to-date: /home/mengo/amr_project_ws/src/install/turtlebot3_gazebo/share/turtlebot3_gazebo//models/turtlebot3_burger
[1.606s] -- Up-to-date: /home/mengo/amr_project_ws/src/install/turtlebot3_gazebo/share/turtlebot3_gazebo//models/turtlebot3_burger/model-1_4.sdf
[1.607s] -- Up-to-date: /home/mengo/amr_project_ws/src/install/turtlebot3_gazebo/share/turtlebot3_gazebo//models/turtlebot3_burger/model.sdf
[1.607s] -- Up-to-date: /home/mengo/amr_project_ws/src/install/turtlebot3_gazebo/share/turtlebot3_gazebo//models/turtlebot3_burger/model.config
[1.607s] -- Up-to-date: /home/mengo/amr_project_ws/src/install/turtlebot3_gazebo/share/turtlebot3_gazebo//models/turtlebot3_dqn_world
[1.607s] -- Up-to-date: /home/mengo/amr_project_ws/src/install/turtlebot3_gazebo/share/turtlebot3_gazebo//models/turtlebot3_dqn_world/obstacle_plugin
[1.607s] -- Up-to-date: /home/mengo/amr_project_ws/src/install/turtlebot3_gazebo/share/turtlebot3_gazebo//models/turtlebot3_dqn_world/obstacle_plugin/obstacle1.cc
[1.607s] -- Up-to-date: /home/mengo/amr_project_ws/src/install/turtlebot3_gazebo/share/turtlebot3_gazebo//models/turtlebot3_dqn_world/obstacle_plugin/CMakeLists.txt
[1.607s] -- Up-to-date: /home/mengo/amr_project_ws/src/install/turtlebot3_gazebo/share/turtlebot3_gazebo//models/turtlebot3_dqn_world/obstacle_plugin/obstacle2.cc
[1.609s] -- Up-to-date: /home/mengo/amr_project_ws/src/install/turtlebot3_gazebo/share/turtlebot3_gazebo//models/turtlebot3_dqn_world/obstacle_plugin/obstacles.cc
[1.609s] -- Up-to-date: /home/mengo/amr_project_ws/src/install/turtlebot3_gazebo/share/turtlebot3_gazebo//models/turtlebot3_dqn_world/goal_box
[1.609s] -- Up-to-date: /home/mengo/amr_project_ws/src/install/turtlebot3_gazebo/share/turtlebot3_gazebo//models/turtlebot3_dqn_world/goal_box/model.sdf
[1.610s] -- Up-to-date: /home/mengo/amr_project_ws/src/install/turtlebot3_gazebo/share/turtlebot3_gazebo//models/turtlebot3_dqn_world/goal_box/model.config
[1.610s] -- Up-to-date: /home/mengo/amr_project_ws/src/install/turtlebot3_gazebo/share/turtlebot3_gazebo//models/turtlebot3_dqn_world/obstacle1
[1.610s] -- Up-to-date: /home/mengo/amr_project_ws/src/install/turtlebot3_gazebo/share/turtlebot3_gazebo//models/turtlebot3_dqn_world/obstacle1/model.sdf
[1.610s] -- Up-to-date: /home/mengo/amr_project_ws/src/install/turtlebot3_gazebo/share/turtlebot3_gazebo//models/turtlebot3_dqn_world/obstacle1/model.config
[1.611s] -- Up-to-date: /home/mengo/amr_project_ws/src/install/turtlebot3_gazebo/share/turtlebot3_gazebo//models/turtlebot3_dqn_world/inner_walls
[1.611s] -- Up-to-date: /home/mengo/amr_project_ws/src/install/turtlebot3_gazebo/share/turtlebot3_gazebo//models/turtlebot3_dqn_world/inner_walls/model.sdf
[1.611s] -- Up-to-date: /home/mengo/amr_project_ws/src/install/turtlebot3_gazebo/share/turtlebot3_gazebo//models/turtlebot3_dqn_world/inner_walls/model.config
[1.611s] -- Up-to-date: /home/mengo/amr_project_ws/src/install/turtlebot3_gazebo/share/turtlebot3_gazebo//models/turtlebot3_dqn_world/model.sdf
[1.611s] -- Up-to-date: /home/mengo/amr_project_ws/src/install/turtlebot3_gazebo/share/turtlebot3_gazebo//models/turtlebot3_dqn_world/obstacle2
[1.612s] -- Up-to-date: /home/mengo/amr_project_ws/src/install/turtlebot3_gazebo/share/turtlebot3_gazebo//models/turtlebot3_dqn_world/obstacle2/model.sdf
[1.612s] -- Up-to-date: /home/mengo/amr_project_ws/src/install/turtlebot3_gazebo/share/turtlebot3_gazebo//models/turtlebot3_dqn_world/obstacle2/model.config
[1.613s] -- Up-to-date: /home/mengo/amr_project_ws/src/install/turtlebot3_gazebo/share/turtlebot3_gazebo//models/turtlebot3_dqn_world/obstacles
[1.613s] -- Up-to-date: /home/mengo/amr_project_ws/src/install/turtlebot3_gazebo/share/turtlebot3_gazebo//models/turtlebot3_dqn_world/obstacles/model.sdf
[1.614s] -- Up-to-date: /home/mengo/amr_project_ws/src/install/turtlebot3_gazebo/share/turtlebot3_gazebo//models/turtlebot3_dqn_world/obstacles/model.config
[1.614s] -- Up-to-date: /home/mengo/amr_project_ws/src/install/turtlebot3_gazebo/share/turtlebot3_gazebo//models/turtlebot3_dqn_world/model.config
[1.614s] -- Up-to-date: /home/mengo/amr_project_ws/src/install/turtlebot3_gazebo/share/turtlebot3_gazebo//models/turtlebot3_common
[1.615s] -- Up-to-date: /home/mengo/amr_project_ws/src/install/turtlebot3_gazebo/share/turtlebot3_gazebo//models/turtlebot3_common/model.config
[1.615s] -- Up-to-date: /home/mengo/amr_project_ws/src/install/turtlebot3_gazebo/share/turtlebot3_gazebo//models/turtlebot3_common/meshes
[1.615s] -- Up-to-date: /home/mengo/amr_project_ws/src/install/turtlebot3_gazebo/share/turtlebot3_gazebo//models/turtlebot3_common/meshes/tire.dae
[1.616s] -- Up-to-date: /home/mengo/amr_project_ws/src/install/turtlebot3_gazebo/share/turtlebot3_gazebo//models/turtlebot3_common/meshes/burger_base.dae
[1.616s] -- Up-to-date: /home/mengo/amr_project_ws/src/install/turtlebot3_gazebo/share/turtlebot3_gazebo//models/turtlebot3_common/meshes/lds.dae
[1.616s] -- Up-to-date: /home/mengo/amr_project_ws/src/install/turtlebot3_gazebo/share/turtlebot3_gazebo//models/turtlebot3_common/meshes/waffle_pi_base.dae
[1.617s] -- Up-to-date: /home/mengo/amr_project_ws/src/install/turtlebot3_gazebo/share/turtlebot3_gazebo//models/turtlebot3_common/meshes/waffle_base.dae
[1.617s] -- Up-to-date: /home/mengo/amr_project_ws/src/install/turtlebot3_gazebo/share/turtlebot3_gazebo//models/turtlebot3_common/meshes/r200.dae
[1.618s] -- Up-to-date: /home/mengo/amr_project_ws/src/install/turtlebot3_gazebo/share/turtlebot3_gazebo//models/turtlebot3_waffle
[1.618s] -- Up-to-date: /home/mengo/amr_project_ws/src/install/turtlebot3_gazebo/share/turtlebot3_gazebo//models/turtlebot3_waffle/model-1_4.sdf
[1.621s] -- Up-to-date: /home/mengo/amr_project_ws/src/install/turtlebot3_gazebo/share/turtlebot3_gazebo//models/turtlebot3_waffle/model.sdf
[1.623s] -- Up-to-date: /home/mengo/amr_project_ws/src/install/turtlebot3_gazebo/share/turtlebot3_gazebo//models/turtlebot3_waffle/model.config
[1.623s] -- Up-to-date: /home/mengo/amr_project_ws/src/install/turtlebot3_gazebo/share/turtlebot3_gazebo//models/turtlebot3_waffle_pi
[1.624s] -- Up-to-date: /home/mengo/amr_project_ws/src/install/turtlebot3_gazebo/share/turtlebot3_gazebo//models/turtlebot3_waffle_pi/model.sdf
[1.624s] -- Up-to-date: /home/mengo/amr_project_ws/src/install/turtlebot3_gazebo/share/turtlebot3_gazebo//models/turtlebot3_waffle_pi/model.config
[1.624s] -- Up-to-date: /home/mengo/amr_project_ws/src/install/turtlebot3_gazebo/share/turtlebot3_gazebo//models/turtlebot3_waffle_pi/model-1_4_.sdf
[1.625s] -- Up-to-date: /home/mengo/amr_project_ws/src/install/turtlebot3_gazebo/share/turtlebot3_gazebo//models/turtlebot3_house
[1.628s] -- Up-to-date: /home/mengo/amr_project_ws/src/install/turtlebot3_gazebo/share/turtlebot3_gazebo//models/turtlebot3_house/model.sdf
[1.628s] -- Up-to-date: /home/mengo/amr_project_ws/src/install/turtlebot3_gazebo/share/turtlebot3_gazebo//models/turtlebot3_house/model.config
[1.628s] -- Up-to-date: /home/mengo/amr_project_ws/src/install/turtlebot3_gazebo/share/turtlebot3_gazebo//models/turtlebot3_big_house
[1.628s] -- Up-to-date: /home/mengo/amr_project_ws/src/install/turtlebot3_gazebo/share/turtlebot3_gazebo//models/turtlebot3_big_house/model.sdf
[1.628s] -- Up-to-date: /home/mengo/amr_project_ws/src/install/turtlebot3_gazebo/share/turtlebot3_gazebo//models/turtlebot3_big_house/model.config
[1.629s] -- Up-to-date: /home/mengo/amr_project_ws/src/install/turtlebot3_gazebo/share/turtlebot3_gazebo//models/turtlebot3_world
[1.629s] -- Up-to-date: /home/mengo/amr_project_ws/src/install/turtlebot3_gazebo/share/turtlebot3_gazebo//models/turtlebot3_world/model-1_4.sdf
[1.630s] -- Up-to-date: /home/mengo/amr_project_ws/src/install/turtlebot3_gazebo/share/turtlebot3_gazebo//models/turtlebot3_world/model.sdf
[1.630s] -- Up-to-date: /home/mengo/amr_project_ws/src/install/turtlebot3_gazebo/share/turtlebot3_gazebo//models/turtlebot3_world/model.config
[1.631s] -- Up-to-date: /home/mengo/amr_project_ws/src/install/turtlebot3_gazebo/share/turtlebot3_gazebo//models/turtlebot3_world/meshes
[1.631s] -- Up-to-date: /home/mengo/amr_project_ws/src/install/turtlebot3_gazebo/share/turtlebot3_gazebo//models/turtlebot3_world/meshes/hexagon.dae
[1.632s] -- Up-to-date: /home/mengo/amr_project_ws/src/install/turtlebot3_gazebo/share/turtlebot3_gazebo//models/turtlebot3_world/meshes/wall.dae
[1.632s] -- Up-to-date: /home/mengo/amr_project_ws/src/install/turtlebot3_gazebo/share/turtlebot3_gazebo//rviz
[1.633s] -- Up-to-date: /home/mengo/amr_project_ws/src/install/turtlebot3_gazebo/share/turtlebot3_gazebo//rviz/tb3_gazebo.rviz
[1.633s] -- Up-to-date: /home/mengo/amr_project_ws/src/install/turtlebot3_gazebo/share/turtlebot3_gazebo//urdf
[1.633s] -- Up-to-date: /home/mengo/amr_project_ws/src/install/turtlebot3_gazebo/share/turtlebot3_gazebo//urdf/turtlebot3_waffle.urdf
[1.634s] -- Up-to-date: /home/mengo/amr_project_ws/src/install/turtlebot3_gazebo/share/turtlebot3_gazebo//urdf/turtlebot3_waffle_pi.urdf
[1.634s] -- Up-to-date: /home/mengo/amr_project_ws/src/install/turtlebot3_gazebo/share/turtlebot3_gazebo//urdf/turtlebot3_burger.urdf
[1.634s] -- Up-to-date: /home/mengo/amr_project_ws/src/install/turtlebot3_gazebo/share/turtlebot3_gazebo//urdf/common_properties.urdf
[1.635s] -- Up-to-date: /home/mengo/amr_project_ws/src/install/turtlebot3_gazebo/share/turtlebot3_gazebo//worlds
[1.635s] -- Up-to-date: /home/mengo/amr_project_ws/src/install/turtlebot3_gazebo/share/turtlebot3_gazebo//worlds/turtlebot3_dqn_stage3.world
[1.635s] -- Up-to-date: /home/mengo/amr_project_ws/src/install/turtlebot3_gazebo/share/turtlebot3_gazebo//worlds/empty_world.world
[1.635s] -- Up-to-date: /home/mengo/amr_project_ws/src/install/turtlebot3_gazebo/share/turtlebot3_gazebo//worlds/turtlebot3_world.world
[1.635s] -- Up-to-date: /home/mengo/amr_project_ws/src/install/turtlebot3_gazebo/share/turtlebot3_gazebo//worlds/turtlebot3_house.world
[1.636s] -- Up-to-date: /home/mengo/amr_project_ws/src/install/turtlebot3_gazebo/share/turtlebot3_gazebo//worlds/turtlebot3_big_houses
[1.636s] -- Up-to-date: /home/mengo/amr_project_ws/src/install/turtlebot3_gazebo/share/turtlebot3_gazebo//worlds/turtlebot3_big_houses/burger.model
[1.636s] -- Up-to-date: /home/mengo/amr_project_ws/src/install/turtlebot3_gazebo/share/turtlebot3_gazebo//worlds/turtlebot3_big_houses/waffle_pi.model
[1.636s] -- Up-to-date: /home/mengo/amr_project_ws/src/install/turtlebot3_gazebo/share/turtlebot3_gazebo//worlds/turtlebot3_big_houses/waffle.model
[1.638s] -- Up-to-date: /home/mengo/amr_project_ws/src/install/turtlebot3_gazebo/share/turtlebot3_gazebo//worlds/turtlebot3_dqn_stage4.world
[1.641s] -- Up-to-date: /home/mengo/amr_project_ws/src/install/turtlebot3_gazebo/share/turtlebot3_gazebo//worlds/turtlebot3_dqn_stage2.world
[1.643s] -- Up-to-date: /home/mengo/amr_project_ws/src/install/turtlebot3_gazebo/share/turtlebot3_gazebo//worlds/turtlebot3_dqn_stage1.world
[1.643s] -- Up-to-date: /home/mengo/amr_project_ws/src/install/turtlebot3_gazebo/include/
[1.644s] -- Up-to-date: /home/mengo/amr_project_ws/src/install/turtlebot3_gazebo/include//turtlebot3_gazebo
[1.644s] -- Up-to-date: /home/mengo/amr_project_ws/src/install/turtlebot3_gazebo/include//turtlebot3_gazebo/turtlebot3_drive.hpp
[1.644s] -- Up-to-date: /home/mengo/amr_project_ws/src/install/turtlebot3_gazebo/share/ament_index/resource_index/package_run_dependencies/turtlebot3_gazebo
[1.645s] -- Up-to-date: /home/mengo/amr_project_ws/src/install/turtlebot3_gazebo/share/ament_index/resource_index/parent_prefix_path/turtlebot3_gazebo
[1.645s] -- Up-to-date: /home/mengo/amr_project_ws/src/install/turtlebot3_gazebo/share/turtlebot3_gazebo/environment/ament_prefix_path.sh
[1.645s] -- Up-to-date: /home/mengo/amr_project_ws/src/install/turtlebot3_gazebo/share/turtlebot3_gazebo/environment/ament_prefix_path.dsv
[1.645s] -- Up-to-date: /home/mengo/amr_project_ws/src/install/turtlebot3_gazebo/share/turtlebot3_gazebo/environment/path.sh
[1.646s] -- Up-to-date: /home/mengo/amr_project_ws/src/install/turtlebot3_gazebo/share/turtlebot3_gazebo/environment/path.dsv
[1.646s] -- Up-to-date: /home/mengo/amr_project_ws/src/install/turtlebot3_gazebo/share/turtlebot3_gazebo/local_setup.bash
[1.647s] -- Up-to-date: /home/mengo/amr_project_ws/src/install/turtlebot3_gazebo/share/turtlebot3_gazebo/local_setup.sh
[1.647s] -- Up-to-date: /home/mengo/amr_project_ws/src/install/turtlebot3_gazebo/share/turtlebot3_gazebo/local_setup.zsh
[1.647s] -- Up-to-date: /home/mengo/amr_project_ws/src/install/turtlebot3_gazebo/share/turtlebot3_gazebo/local_setup.dsv
[1.647s] -- Installing: /home/mengo/amr_project_ws/src/install/turtlebot3_gazebo/share/turtlebot3_gazebo/package.dsv
[1.648s] -- Up-to-date: /home/mengo/amr_project_ws/src/install/turtlebot3_gazebo/share/ament_index/resource_index/packages/turtlebot3_gazebo
[1.648s] -- Up-to-date: /home/mengo/amr_project_ws/src/install/turtlebot3_gazebo/share/turtlebot3_gazebo/cmake/ament_cmake_export_include_directories-extras.cmake
[1.648s] -- Up-to-date: /home/mengo/amr_project_ws/src/install/turtlebot3_gazebo/share/turtlebot3_gazebo/cmake/ament_cmake_export_dependencies-extras.cmake
[1.649s] -- Up-to-date: /home/mengo/amr_project_ws/src/install/turtlebot3_gazebo/share/turtlebot3_gazebo/cmake/turtlebot3_gazeboConfig.cmake
[1.653s] -- Up-to-date: /home/mengo/amr_project_ws/src/install/turtlebot3_gazebo/share/turtlebot3_gazebo/cmake/turtlebot3_gazeboConfig-version.cmake
[1.654s] -- Up-to-date: /home/mengo/amr_project_ws/src/install/turtlebot3_gazebo/share/turtlebot3_gazebo/package.xml
[1.654s] Invoked command in '/home/mengo/amr_project_ws/src/build/turtlebot3_gazebo' returned '0': CMAKE_PREFIX_PATH=${CMAKE_PREFIX_PATH}:/home/mengo/amr_project_ws/install/exploration:/opt/ros/humble /usr/bin/cmake --install /home/mengo/amr_project_ws/src/build/turtlebot3_gazebo
