[1.465s] Invoking command in '/home/mengo/amr_project_ws/src/exploration': PYTHONPATH=/home/mengo/amr_project_ws/build/exploration/prefix_override:/home/mengo/amr_project_ws/install/exploration/lib/python3.10/site-packages:${PYTHONPATH} /usr/bin/python3 setup.py egg_info --egg-base ../../build/exploration build --build-base /home/mengo/amr_project_ws/build/exploration/build install --record /home/mengo/amr_project_ws/build/exploration/install.log --single-version-externally-managed
[1.833s] running egg_info
[1.834s] writing ../../build/exploration/exploration.egg-info/PKG-INFO
[1.834s] writing dependency_links to ../../build/exploration/exploration.egg-info/dependency_links.txt
[1.834s] writing entry points to ../../build/exploration/exploration.egg-info/entry_points.txt
[1.834s] writing requirements to ../../build/exploration/exploration.egg-info/requires.txt
[1.834s] writing top-level names to ../../build/exploration/exploration.egg-info/top_level.txt
[1.836s] reading manifest file '../../build/exploration/exploration.egg-info/SOURCES.txt'
[1.836s] adding license file 'LICENSE'
[1.836s] writing manifest file '../../build/exploration/exploration.egg-info/SOURCES.txt'
[1.836s] running build
[1.837s] running build_py
[1.837s] copying exploration/navigation_to_pose.py -> /home/mengo/amr_project_ws/build/exploration/build/lib/exploration
[1.837s] running install
[1.837s] running install_lib
[1.837s] copying /home/mengo/amr_project_ws/build/exploration/build/lib/exploration/navigation_to_pose.py -> /home/mengo/amr_project_ws/install/exploration/lib/python3.10/site-packages/exploration
[1.838s] byte-compiling /home/mengo/amr_project_ws/install/exploration/lib/python3.10/site-packages/exploration/navigation_to_pose.py to navigation_to_pose.cpython-310.pyc
[1.838s] running install_data
[1.839s] copying package.xml -> /home/mengo/amr_project_ws/install/exploration/share/exploration
[1.839s] copying launch/exploration.launch.py -> /home/mengo/amr_project_ws/install/exploration/share/exploration
[1.839s] running install_egg_info
[1.840s] removing '/home/mengo/amr_project_ws/install/exploration/lib/python3.10/site-packages/exploration-0.0.0-py3.10.egg-info' (and everything under it)
[1.841s] Copying ../../build/exploration/exploration.egg-info to /home/mengo/amr_project_ws/install/exploration/lib/python3.10/site-packages/exploration-0.0.0-py3.10.egg-info
[1.841s] running install_scripts
[1.859s] Installing navigation_to_pose script to /home/mengo/amr_project_ws/install/exploration/lib/exploration
[1.859s] writing list of installed files to '/home/mengo/amr_project_ws/build/exploration/install.log'
[1.879s] Invoked command in '/home/mengo/amr_project_ws/src/exploration' returned '0': PYTHONPATH=/home/mengo/amr_project_ws/build/exploration/prefix_override:/home/mengo/amr_project_ws/install/exploration/lib/python3.10/site-packages:${PYTHONPATH} /usr/bin/python3 setup.py egg_info --egg-base ../../build/exploration build --build-base /home/mengo/amr_project_ws/build/exploration/build install --record /home/mengo/amr_project_ws/build/exploration/install.log --single-version-externally-managed
