[2.471s] Invoking command in '/home/mengo/amr_project_ws/src/exploration': CONDA_PROMPT_MODIFIER=(base) PYTHONPATH=/home/mengo/amr_project_ws/src/build/exploration/prefix_override:/home/mengo/amr_project_ws/src/install/exploration/lib/python3.10/site-packages:${PYTHONPATH} /usr/bin/python3 setup.py egg_info --egg-base ../build/exploration build --build-base /home/mengo/amr_project_ws/src/build/exploration/build install --record /home/mengo/amr_project_ws/src/build/exploration/install.log --single-version-externally-managed
[2.931s] running egg_info
[2.932s] writing ../build/exploration/exploration.egg-info/PKG-INFO
[2.932s] writing dependency_links to ../build/exploration/exploration.egg-info/dependency_links.txt
[2.933s] writing entry points to ../build/exploration/exploration.egg-info/entry_points.txt
[2.933s] writing requirements to ../build/exploration/exploration.egg-info/requires.txt
[2.933s] writing top-level names to ../build/exploration/exploration.egg-info/top_level.txt
[2.936s] reading manifest file '../build/exploration/exploration.egg-info/SOURCES.txt'
[2.936s] adding license file 'LICENSE'
[2.938s] writing manifest file '../build/exploration/exploration.egg-info/SOURCES.txt'
[2.938s] running build
[2.938s] running build_py
[2.938s] running install
[2.939s] running install_lib
[2.941s] running install_data
[2.942s] running install_egg_info
[2.945s] removing '/home/mengo/amr_project_ws/src/install/exploration/lib/python3.10/site-packages/exploration-0.0.0-py3.10.egg-info' (and everything under it)
[2.945s] Copying ../build/exploration/exploration.egg-info to /home/mengo/amr_project_ws/src/install/exploration/lib/python3.10/site-packages/exploration-0.0.0-py3.10.egg-info
[2.946s] running install_scripts
[2.976s] Installing exploration script to /home/mengo/amr_project_ws/src/install/exploration/lib/exploration
[2.976s] writing list of installed files to '/home/mengo/amr_project_ws/src/build/exploration/install.log'
[3.089s] Invoked command in '/home/mengo/amr_project_ws/src/exploration' returned '0': CONDA_PROMPT_MODIFIER=(base) PYTHONPATH=/home/mengo/amr_project_ws/src/build/exploration/prefix_override:/home/mengo/amr_project_ws/src/install/exploration/lib/python3.10/site-packages:${PYTHONPATH} /usr/bin/python3 setup.py egg_info --egg-base ../build/exploration build --build-base /home/mengo/amr_project_ws/src/build/exploration/build install --record /home/mengo/amr_project_ws/src/build/exploration/install.log --single-version-externally-managed
