[1.140s] Invoking command in '/home/mengo/amr_project_ws/src/build/turtlebot3_gazebo': CMAKE_PREFIX_PATH=${CMAKE_PREFIX_PATH}:/home/mengo/amr_project_ws/install/exploration:/opt/ros/humble /usr/bin/cmake --build /home/mengo/amr_project_ws/src/build/turtlebot3_gazebo -- -j12 -l12
[1.251s] [ 12%] [32mBuilding CXX object CMakeFiles/turtlebot3_drive.dir/src/turtlebot3_drive.cpp.o[0m
[1.251s] [ 25%] [32mBuilding CXX object CMakeFiles/obstacle1.dir/models/turtlebot3_dqn_world/obstacle_plugin/obstacle1.cc.o[0m
[1.256s] [ 37%] [32mBuilding CXX object CMakeFiles/obstacle2.dir/models/turtlebot3_dqn_world/obstacle_plugin/obstacle2.cc.o[0m
[1.261s] [ 50%] [32mBuilding CXX object CMakeFiles/obstacles.dir/models/turtlebot3_dqn_world/obstacle_plugin/obstacles.cc.o[0m
[36.566s] [ 62%] [32m[1mLinking CXX shared library libobstacle2.so[0m
[36.710s] [ 75%] [32m[1mLinking CXX shared library libobstacles.so[0m
[36.827s] [ 87%] [32m[1mLinking CXX shared library libobstacle1.so[0m
[37.638s] [ 87%] Built target obstacle2
[37.655s] [ 87%] Built target obstacles
[37.685s] [ 87%] Built target obstacle1
[37.701s] [100%] [32m[1mLinking CXX executable turtlebot3_drive[0m
[39.193s] [100%] Built target turtlebot3_drive
[39.218s] Invoked command in '/home/mengo/amr_project_ws/src/build/turtlebot3_gazebo' returned '0': CMAKE_PREFIX_PATH=${CMAKE_PREFIX_PATH}:/home/mengo/amr_project_ws/install/exploration:/opt/ros/humble /usr/bin/cmake --build /home/mengo/amr_project_ws/src/build/turtlebot3_gazebo -- -j12 -l12
[39.349s] Invoking command in '/home/mengo/amr_project_ws/src/build/turtlebot3_gazebo': CMAKE_PREFIX_PATH=${CMAKE_PREFIX_PATH}:/home/mengo/amr_project_ws/install/exploration:/opt/ros/humble /usr/bin/cmake --install /home/mengo/amr_project_ws/src/build/turtlebot3_gazebo
[39.367s] -- Install configuration: ""
[39.369s] -- Installing: /home/mengo/amr_project_ws/src/install/turtlebot3_gazebo/lib/turtlebot3_gazebo/turtlebot3_drive
[39.400s] -- Set runtime path of "/home/mengo/amr_project_ws/src/install/turtlebot3_gazebo/lib/turtlebot3_gazebo/turtlebot3_drive" to ""
[39.401s] -- Installing: /home/mengo/amr_project_ws/src/install/turtlebot3_gazebo/share/turtlebot3_gazebo//launch
[39.408s] -- Installing: /home/mengo/amr_project_ws/src/install/turtlebot3_gazebo/share/turtlebot3_gazebo//launch/turtlebot3_dqn_stage1.launch.py
[39.412s] -- Installing: /home/mengo/amr_project_ws/src/install/turtlebot3_gazebo/share/turtlebot3_gazebo//launch/turtlebot3_house.launch.py
[39.416s] -- Installing: /home/mengo/amr_project_ws/src/install/turtlebot3_gazebo/share/turtlebot3_gazebo//launch/turtlebot3_dqn_stage2.launch.py
[39.416s] -- Installing: /home/mengo/amr_project_ws/src/install/turtlebot3_gazebo/share/turtlebot3_gazebo//launch/turtlebot3_world.launch.py
[39.416s] -- Installing: /home/mengo/amr_project_ws/src/install/turtlebot3_gazebo/share/turtlebot3_gazebo//launch/turtlebot3_big_house.launch.py
[39.417s] -- Installing: /home/mengo/amr_project_ws/src/install/turtlebot3_gazebo/share/turtlebot3_gazebo//launch/robot_state_publisher.launch.py
[39.417s] -- Installing: /home/mengo/amr_project_ws/src/install/turtlebot3_gazebo/share/turtlebot3_gazebo//launch/turtlebot3_dqn_stage4.launch.py
[39.417s] -- Installing: /home/mengo/amr_project_ws/src/install/turtlebot3_gazebo/share/turtlebot3_gazebo//launch/empty_world.launch.py
[39.417s] -- Installing: /home/mengo/amr_project_ws/src/install/turtlebot3_gazebo/share/turtlebot3_gazebo//launch/spawn_turtlebot3.launch.py
[39.417s] -- Installing: /home/mengo/amr_project_ws/src/install/turtlebot3_gazebo/share/turtlebot3_gazebo//launch/turtlebot3_dqn_stage3.launch.py
[39.418s] -- Installing: /home/mengo/amr_project_ws/src/install/turtlebot3_gazebo/share/turtlebot3_gazebo//models
[39.418s] -- Installing: /home/mengo/amr_project_ws/src/install/turtlebot3_gazebo/share/turtlebot3_gazebo//models/turtlebot3_burger
[39.418s] -- Installing: /home/mengo/amr_project_ws/src/install/turtlebot3_gazebo/share/turtlebot3_gazebo//models/turtlebot3_burger/model-1_4.sdf
[39.418s] -- Installing: /home/mengo/amr_project_ws/src/install/turtlebot3_gazebo/share/turtlebot3_gazebo//models/turtlebot3_burger/model.sdf
[39.419s] -- Installing: /home/mengo/amr_project_ws/src/install/turtlebot3_gazebo/share/turtlebot3_gazebo//models/turtlebot3_burger/model.config
[39.419s] -- Installing: /home/mengo/amr_project_ws/src/install/turtlebot3_gazebo/share/turtlebot3_gazebo//models/turtlebot3_dqn_world
[39.419s] -- Installing: /home/mengo/amr_project_ws/src/install/turtlebot3_gazebo/share/turtlebot3_gazebo//models/turtlebot3_dqn_world/obstacle_plugin
[39.420s] -- Installing: /home/mengo/amr_project_ws/src/install/turtlebot3_gazebo/share/turtlebot3_gazebo//models/turtlebot3_dqn_world/obstacle_plugin/obstacle1.cc
[39.420s] -- Installing: /home/mengo/amr_project_ws/src/install/turtlebot3_gazebo/share/turtlebot3_gazebo//models/turtlebot3_dqn_world/obstacle_plugin/CMakeLists.txt
[39.420s] -- Installing: /home/mengo/amr_project_ws/src/install/turtlebot3_gazebo/share/turtlebot3_gazebo//models/turtlebot3_dqn_world/obstacle_plugin/obstacle2.cc
[39.421s] -- Installing: /home/mengo/amr_project_ws/src/install/turtlebot3_gazebo/share/turtlebot3_gazebo//models/turtlebot3_dqn_world/obstacle_plugin/obstacles.cc
[39.422s] -- Installing: /home/mengo/amr_project_ws/src/install/turtlebot3_gazebo/share/turtlebot3_gazebo//models/turtlebot3_dqn_world/goal_box
[39.422s] -- Installing: /home/mengo/amr_project_ws/src/install/turtlebot3_gazebo/share/turtlebot3_gazebo//models/turtlebot3_dqn_world/goal_box/model.sdf
[39.422s] -- Installing: /home/mengo/amr_project_ws/src/install/turtlebot3_gazebo/share/turtlebot3_gazebo//models/turtlebot3_dqn_world/goal_box/model.config
[39.423s] -- Installing: /home/mengo/amr_project_ws/src/install/turtlebot3_gazebo/share/turtlebot3_gazebo//models/turtlebot3_dqn_world/obstacle1
[39.423s] -- Installing: /home/mengo/amr_project_ws/src/install/turtlebot3_gazebo/share/turtlebot3_gazebo//models/turtlebot3_dqn_world/obstacle1/model.sdf
[39.424s] -- Installing: /home/mengo/amr_project_ws/src/install/turtlebot3_gazebo/share/turtlebot3_gazebo//models/turtlebot3_dqn_world/obstacle1/model.config
[39.424s] -- Installing: /home/mengo/amr_project_ws/src/install/turtlebot3_gazebo/share/turtlebot3_gazebo//models/turtlebot3_dqn_world/inner_walls
[39.425s] -- Installing: /home/mengo/amr_project_ws/src/install/turtlebot3_gazebo/share/turtlebot3_gazebo//models/turtlebot3_dqn_world/inner_walls/model.sdf
[39.425s] -- Installing: /home/mengo/amr_project_ws/src/install/turtlebot3_gazebo/share/turtlebot3_gazebo//models/turtlebot3_dqn_world/inner_walls/model.config
[39.425s] -- Installing: /home/mengo/amr_project_ws/src/install/turtlebot3_gazebo/share/turtlebot3_gazebo//models/turtlebot3_dqn_world/model.sdf
[39.425s] -- Installing: /home/mengo/amr_project_ws/src/install/turtlebot3_gazebo/share/turtlebot3_gazebo//models/turtlebot3_dqn_world/obstacle2
[39.426s] -- Installing: /home/mengo/amr_project_ws/src/install/turtlebot3_gazebo/share/turtlebot3_gazebo//models/turtlebot3_dqn_world/obstacle2/model.sdf
[39.428s] -- Installing: /home/mengo/amr_project_ws/src/install/turtlebot3_gazebo/share/turtlebot3_gazebo//models/turtlebot3_dqn_world/obstacle2/model.config
[39.430s] -- Installing: /home/mengo/amr_project_ws/src/install/turtlebot3_gazebo/share/turtlebot3_gazebo//models/turtlebot3_dqn_world/obstacles
[39.431s] -- Installing: /home/mengo/amr_project_ws/src/install/turtlebot3_gazebo/share/turtlebot3_gazebo//models/turtlebot3_dqn_world/obstacles/model.sdf
[39.431s] -- Installing: /home/mengo/amr_project_ws/src/install/turtlebot3_gazebo/share/turtlebot3_gazebo//models/turtlebot3_dqn_world/obstacles/model.config
[39.432s] -- Installing: /home/mengo/amr_project_ws/src/install/turtlebot3_gazebo/share/turtlebot3_gazebo//models/turtlebot3_dqn_world/model.config
[39.432s] -- Installing: /home/mengo/amr_project_ws/src/install/turtlebot3_gazebo/share/turtlebot3_gazebo//models/turtlebot3_common
[39.432s] -- Installing: /home/mengo/amr_project_ws/src/install/turtlebot3_gazebo/share/turtlebot3_gazebo//models/turtlebot3_common/model.config
[39.433s] -- Installing: /home/mengo/amr_project_ws/src/install/turtlebot3_gazebo/share/turtlebot3_gazebo//models/turtlebot3_common/meshes
[39.436s] -- Installing: /home/mengo/amr_project_ws/src/install/turtlebot3_gazebo/share/turtlebot3_gazebo//models/turtlebot3_common/meshes/tire.dae
[39.436s] -- Installing: /home/mengo/amr_project_ws/src/install/turtlebot3_gazebo/share/turtlebot3_gazebo//models/turtlebot3_common/meshes/burger_base.dae
[39.436s] -- Installing: /home/mengo/amr_project_ws/src/install/turtlebot3_gazebo/share/turtlebot3_gazebo//models/turtlebot3_common/meshes/lds.dae
[39.436s] -- Installing: /home/mengo/amr_project_ws/src/install/turtlebot3_gazebo/share/turtlebot3_gazebo//models/turtlebot3_common/meshes/waffle_pi_base.dae
[39.437s] -- Installing: /home/mengo/amr_project_ws/src/install/turtlebot3_gazebo/share/turtlebot3_gazebo//models/turtlebot3_common/meshes/waffle_base.dae
[39.437s] -- Installing: /home/mengo/amr_project_ws/src/install/turtlebot3_gazebo/share/turtlebot3_gazebo//models/turtlebot3_common/meshes/r200.dae
[39.437s] -- Installing: /home/mengo/amr_project_ws/src/install/turtlebot3_gazebo/share/turtlebot3_gazebo//models/turtlebot3_waffle
[39.437s] -- Installing: /home/mengo/amr_project_ws/src/install/turtlebot3_gazebo/share/turtlebot3_gazebo//models/turtlebot3_waffle/model-1_4.sdf
[39.438s] -- Installing: /home/mengo/amr_project_ws/src/install/turtlebot3_gazebo/share/turtlebot3_gazebo//models/turtlebot3_waffle/model.sdf
[39.440s] -- Installing: /home/mengo/amr_project_ws/src/install/turtlebot3_gazebo/share/turtlebot3_gazebo//models/turtlebot3_waffle/model.config
[39.443s] -- Installing: /home/mengo/amr_project_ws/src/install/turtlebot3_gazebo/share/turtlebot3_gazebo//models/turtlebot3_waffle_pi
[39.444s] -- Installing: /home/mengo/amr_project_ws/src/install/turtlebot3_gazebo/share/turtlebot3_gazebo//models/turtlebot3_waffle_pi/model.sdf
[39.445s] -- Installing: /home/mengo/amr_project_ws/src/install/turtlebot3_gazebo/share/turtlebot3_gazebo//models/turtlebot3_waffle_pi/model.config
[39.445s] -- Installing: /home/mengo/amr_project_ws/src/install/turtlebot3_gazebo/share/turtlebot3_gazebo//models/turtlebot3_waffle_pi/model-1_4_.sdf
[39.446s] -- Installing: /home/mengo/amr_project_ws/src/install/turtlebot3_gazebo/share/turtlebot3_gazebo//models/turtlebot3_house
[39.447s] -- Installing: /home/mengo/amr_project_ws/src/install/turtlebot3_gazebo/share/turtlebot3_gazebo//models/turtlebot3_house/model.sdf
[39.448s] -- Installing: /home/mengo/amr_project_ws/src/install/turtlebot3_gazebo/share/turtlebot3_gazebo//models/turtlebot3_house/model.config
[39.449s] -- Installing: /home/mengo/amr_project_ws/src/install/turtlebot3_gazebo/share/turtlebot3_gazebo//models/turtlebot3_big_house
[39.449s] -- Installing: /home/mengo/amr_project_ws/src/install/turtlebot3_gazebo/share/turtlebot3_gazebo//models/turtlebot3_big_house/model.sdf
[39.451s] -- Installing: /home/mengo/amr_project_ws/src/install/turtlebot3_gazebo/share/turtlebot3_gazebo//models/turtlebot3_big_house/model.config
[39.452s] -- Installing: /home/mengo/amr_project_ws/src/install/turtlebot3_gazebo/share/turtlebot3_gazebo//models/turtlebot3_world
[39.452s] -- Installing: /home/mengo/amr_project_ws/src/install/turtlebot3_gazebo/share/turtlebot3_gazebo//models/turtlebot3_world/model-1_4.sdf
[39.453s] -- Installing: /home/mengo/amr_project_ws/src/install/turtlebot3_gazebo/share/turtlebot3_gazebo//models/turtlebot3_world/model.sdf
[39.453s] -- Installing: /home/mengo/amr_project_ws/src/install/turtlebot3_gazebo/share/turtlebot3_gazebo//models/turtlebot3_world/model.config
[39.453s] -- Installing: /home/mengo/amr_project_ws/src/install/turtlebot3_gazebo/share/turtlebot3_gazebo//models/turtlebot3_world/meshes
[39.454s] -- Installing: /home/mengo/amr_project_ws/src/install/turtlebot3_gazebo/share/turtlebot3_gazebo//models/turtlebot3_world/meshes/hexagon.dae
[39.455s] -- Installing: /home/mengo/amr_project_ws/src/install/turtlebot3_gazebo/share/turtlebot3_gazebo//models/turtlebot3_world/meshes/wall.dae
[39.455s] -- Installing: /home/mengo/amr_project_ws/src/install/turtlebot3_gazebo/share/turtlebot3_gazebo//rviz
[39.455s] -- Installing: /home/mengo/amr_project_ws/src/install/turtlebot3_gazebo/share/turtlebot3_gazebo//rviz/tb3_gazebo.rviz
[39.456s] -- Installing: /home/mengo/amr_project_ws/src/install/turtlebot3_gazebo/share/turtlebot3_gazebo//urdf
[39.456s] -- Installing: /home/mengo/amr_project_ws/src/install/turtlebot3_gazebo/share/turtlebot3_gazebo//urdf/turtlebot3_waffle.urdf
[39.456s] -- Installing: /home/mengo/amr_project_ws/src/install/turtlebot3_gazebo/share/turtlebot3_gazebo//urdf/turtlebot3_waffle_pi.urdf
[39.457s] -- Installing: /home/mengo/amr_project_ws/src/install/turtlebot3_gazebo/share/turtlebot3_gazebo//urdf/turtlebot3_burger.urdf
[39.457s] -- Installing: /home/mengo/amr_project_ws/src/install/turtlebot3_gazebo/share/turtlebot3_gazebo//urdf/common_properties.urdf
[39.457s] -- Installing: /home/mengo/amr_project_ws/src/install/turtlebot3_gazebo/share/turtlebot3_gazebo//worlds
[39.458s] -- Installing: /home/mengo/amr_project_ws/src/install/turtlebot3_gazebo/share/turtlebot3_gazebo//worlds/turtlebot3_dqn_stage3.world
[39.461s] -- Installing: /home/mengo/amr_project_ws/src/install/turtlebot3_gazebo/share/turtlebot3_gazebo//worlds/empty_world.world
[39.461s] -- Installing: /home/mengo/amr_project_ws/src/install/turtlebot3_gazebo/share/turtlebot3_gazebo//worlds/turtlebot3_world.world
[39.461s] -- Installing: /home/mengo/amr_project_ws/src/install/turtlebot3_gazebo/share/turtlebot3_gazebo//worlds/turtlebot3_house.world
[39.462s] -- Installing: /home/mengo/amr_project_ws/src/install/turtlebot3_gazebo/share/turtlebot3_gazebo//worlds/turtlebot3_big_houses
[39.462s] -- Installing: /home/mengo/amr_project_ws/src/install/turtlebot3_gazebo/share/turtlebot3_gazebo//worlds/turtlebot3_big_houses/burger.model
[39.462s] -- Installing: /home/mengo/amr_project_ws/src/install/turtlebot3_gazebo/share/turtlebot3_gazebo//worlds/turtlebot3_big_houses/waffle_pi.model
[39.463s] -- Installing: /home/mengo/amr_project_ws/src/install/turtlebot3_gazebo/share/turtlebot3_gazebo//worlds/turtlebot3_big_houses/waffle.model
[39.463s] -- Installing: /home/mengo/amr_project_ws/src/install/turtlebot3_gazebo/share/turtlebot3_gazebo//worlds/turtlebot3_dqn_stage4.world
[39.464s] -- Installing: /home/mengo/amr_project_ws/src/install/turtlebot3_gazebo/share/turtlebot3_gazebo//worlds/turtlebot3_dqn_stage2.world
[39.464s] -- Installing: /home/mengo/amr_project_ws/src/install/turtlebot3_gazebo/share/turtlebot3_gazebo//worlds/turtlebot3_dqn_stage1.world
[39.464s] -- Installing: /home/mengo/amr_project_ws/src/install/turtlebot3_gazebo/include/
[39.465s] -- Installing: /home/mengo/amr_project_ws/src/install/turtlebot3_gazebo/include//turtlebot3_gazebo
[39.465s] -- Installing: /home/mengo/amr_project_ws/src/install/turtlebot3_gazebo/include//turtlebot3_gazebo/turtlebot3_drive.hpp
[39.466s] -- Installing: /home/mengo/amr_project_ws/src/install/turtlebot3_gazebo/share/ament_index/resource_index/package_run_dependencies/turtlebot3_gazebo
[39.466s] -- Installing: /home/mengo/amr_project_ws/src/install/turtlebot3_gazebo/share/ament_index/resource_index/parent_prefix_path/turtlebot3_gazebo
[39.467s] -- Installing: /home/mengo/amr_project_ws/src/install/turtlebot3_gazebo/share/turtlebot3_gazebo/environment/ament_prefix_path.sh
[39.467s] -- Installing: /home/mengo/amr_project_ws/src/install/turtlebot3_gazebo/share/turtlebot3_gazebo/environment/ament_prefix_path.dsv
[39.467s] -- Installing: /home/mengo/amr_project_ws/src/install/turtlebot3_gazebo/share/turtlebot3_gazebo/environment/path.sh
[39.468s] -- Installing: /home/mengo/amr_project_ws/src/install/turtlebot3_gazebo/share/turtlebot3_gazebo/environment/path.dsv
[39.468s] -- Installing: /home/mengo/amr_project_ws/src/install/turtlebot3_gazebo/share/turtlebot3_gazebo/local_setup.bash
[39.468s] -- Installing: /home/mengo/amr_project_ws/src/install/turtlebot3_gazebo/share/turtlebot3_gazebo/local_setup.sh
[39.469s] -- Installing: /home/mengo/amr_project_ws/src/install/turtlebot3_gazebo/share/turtlebot3_gazebo/local_setup.zsh
[39.469s] -- Installing: /home/mengo/amr_project_ws/src/install/turtlebot3_gazebo/share/turtlebot3_gazebo/local_setup.dsv
[39.469s] -- Installing: /home/mengo/amr_project_ws/src/install/turtlebot3_gazebo/share/turtlebot3_gazebo/package.dsv
[39.470s] -- Installing: /home/mengo/amr_project_ws/src/install/turtlebot3_gazebo/share/ament_index/resource_index/packages/turtlebot3_gazebo
[39.470s] -- Installing: /home/mengo/amr_project_ws/src/install/turtlebot3_gazebo/share/turtlebot3_gazebo/cmake/ament_cmake_export_include_directories-extras.cmake
[39.471s] -- Installing: /home/mengo/amr_project_ws/src/install/turtlebot3_gazebo/share/turtlebot3_gazebo/cmake/ament_cmake_export_dependencies-extras.cmake
[39.471s] -- Installing: /home/mengo/amr_project_ws/src/install/turtlebot3_gazebo/share/turtlebot3_gazebo/cmake/turtlebot3_gazeboConfig.cmake
[39.471s] -- Installing: /home/mengo/amr_project_ws/src/install/turtlebot3_gazebo/share/turtlebot3_gazebo/cmake/turtlebot3_gazeboConfig-version.cmake
[39.472s] -- Installing: /home/mengo/amr_project_ws/src/install/turtlebot3_gazebo/share/turtlebot3_gazebo/package.xml
[39.482s] Invoked command in '/home/mengo/amr_project_ws/src/build/turtlebot3_gazebo' returned '0': CMAKE_PREFIX_PATH=${CMAKE_PREFIX_PATH}:/home/mengo/amr_project_ws/install/exploration:/opt/ros/humble /usr/bin/cmake --install /home/mengo/amr_project_ws/src/build/turtlebot3_gazebo
