[1.438s] Invoking command in '/home/mengo/amr_project_ws/src/exploration': PYTHONPATH=/home/mengo/amr_project_ws/build/exploration/prefix_override:/home/mengo/amr_project_ws/install/exploration/lib/python3.10/site-packages:${PYTHONPATH} /usr/bin/python3 setup.py egg_info --egg-base ../../build/exploration build --build-base /home/mengo/amr_project_ws/build/exploration/build install --record /home/mengo/amr_project_ws/build/exploration/install.log --single-version-externally-managed
[1.958s] running egg_info
[1.959s] writing ../../build/exploration/exploration.egg-info/PKG-INFO
[1.960s] writing dependency_links to ../../build/exploration/exploration.egg-info/dependency_links.txt
[1.960s] writing entry points to ../../build/exploration/exploration.egg-info/entry_points.txt
[1.960s] writing requirements to ../../build/exploration/exploration.egg-info/requires.txt
[1.960s] writing top-level names to ../../build/exploration/exploration.egg-info/top_level.txt
[1.963s] reading manifest file '../../build/exploration/exploration.egg-info/SOURCES.txt'
[1.965s] adding license file 'LICENSE'
[1.966s] writing manifest file '../../build/exploration/exploration.egg-info/SOURCES.txt'
[1.966s] running build
[1.966s] running build_py
[1.967s] copying exploration/exploration.py -> /home/mengo/amr_project_ws/build/exploration/build/lib/exploration
[1.967s] running install
[1.968s] running install_lib
[1.969s] copying /home/mengo/amr_project_ws/build/exploration/build/lib/exploration/exploration.py -> /home/mengo/amr_project_ws/install/exploration/lib/python3.10/site-packages/exploration
[1.970s] byte-compiling /home/mengo/amr_project_ws/install/exploration/lib/python3.10/site-packages/exploration/exploration.py to exploration.cpython-310.pyc
[1.976s] running install_data
[1.977s] running install_egg_info
[1.979s] removing '/home/mengo/amr_project_ws/install/exploration/lib/python3.10/site-packages/exploration-0.0.0-py3.10.egg-info' (and everything under it)
[1.980s] Copying ../../build/exploration/exploration.egg-info to /home/mengo/amr_project_ws/install/exploration/lib/python3.10/site-packages/exploration-0.0.0-py3.10.egg-info
[1.982s] running install_scripts
[2.018s] Installing exploration script to /home/mengo/amr_project_ws/install/exploration/lib/exploration
[2.018s] writing list of installed files to '/home/mengo/amr_project_ws/build/exploration/install.log'
[2.053s] Invoked command in '/home/mengo/amr_project_ws/src/exploration' returned '0': PYTHONPATH=/home/mengo/amr_project_ws/build/exploration/prefix_override:/home/mengo/amr_project_ws/install/exploration/lib/python3.10/site-packages:${PYTHONPATH} /usr/bin/python3 setup.py egg_info --egg-base ../../build/exploration build --build-base /home/mengo/amr_project_ws/build/exploration/build install --record /home/mengo/amr_project_ws/build/exploration/install.log --single-version-externally-managed
