[1.633s] Invoking command in '/home/mengo/amr_project_ws/src/exploration': PYTHONPATH=/home/mengo/amr_project_ws/build/exploration/prefix_override:/home/mengo/amr_project_ws/install/exploration/lib/python3.10/site-packages:${PYTHONPATH} /usr/bin/python3 setup.py egg_info --egg-base ../../build/exploration build --build-base /home/mengo/amr_project_ws/build/exploration/build install --record /home/mengo/amr_project_ws/build/exploration/install.log --single-version-externally-managed
[2.049s] running egg_info
[2.050s] writing ../../build/exploration/exploration.egg-info/PKG-INFO
[2.050s] writing dependency_links to ../../build/exploration/exploration.egg-info/dependency_links.txt
[2.050s] writing entry points to ../../build/exploration/exploration.egg-info/entry_points.txt
[2.050s] writing requirements to ../../build/exploration/exploration.egg-info/requires.txt
[2.050s] writing top-level names to ../../build/exploration/exploration.egg-info/top_level.txt
[2.053s] reading manifest file '../../build/exploration/exploration.egg-info/SOURCES.txt'
[2.053s] adding license file 'LICENSE'
[2.054s] writing manifest file '../../build/exploration/exploration.egg-info/SOURCES.txt'
[2.054s] running build
[2.054s] running build_py
[2.055s] copying exploration/velocity_controller.py -> /home/mengo/amr_project_ws/build/exploration/build/lib/exploration
[2.055s] running install
[2.055s] running install_lib
[2.056s] copying /home/mengo/amr_project_ws/build/exploration/build/lib/exploration/velocity_controller.py -> /home/mengo/amr_project_ws/install/exploration/lib/python3.10/site-packages/exploration
[2.057s] byte-compiling /home/mengo/amr_project_ws/install/exploration/lib/python3.10/site-packages/exploration/velocity_controller.py to velocity_controller.cpython-310.pyc
[2.058s] running install_data
[2.059s] running install_egg_info
[2.061s] removing '/home/mengo/amr_project_ws/install/exploration/lib/python3.10/site-packages/exploration-0.0.0-py3.10.egg-info' (and everything under it)
[2.061s] Copying ../../build/exploration/exploration.egg-info to /home/mengo/amr_project_ws/install/exploration/lib/python3.10/site-packages/exploration-0.0.0-py3.10.egg-info
[2.063s] running install_scripts
[2.091s] Installing velocity_controller script to /home/mengo/amr_project_ws/install/exploration/lib/exploration
[2.092s] writing list of installed files to '/home/mengo/amr_project_ws/build/exploration/install.log'
[2.127s] Invoked command in '/home/mengo/amr_project_ws/src/exploration' returned '0': PYTHONPATH=/home/mengo/amr_project_ws/build/exploration/prefix_override:/home/mengo/amr_project_ws/install/exploration/lib/python3.10/site-packages:${PYTHONPATH} /usr/bin/python3 setup.py egg_info --egg-base ../../build/exploration build --build-base /home/mengo/amr_project_ws/build/exploration/build install --record /home/mengo/amr_project_ws/build/exploration/install.log --single-version-externally-managed
