[1.558s] Invoking command in '/home/mengo/amr_project_ws/src/sanification': PYTHONPATH=/home/mengo/amr_project_ws/build/sanification/prefix_override:/home/mengo/amr_project_ws/install/sanification/lib/python3.10/site-packages:${PYTHONPATH} /usr/bin/python3 setup.py egg_info --egg-base ../../build/sanification build --build-base /home/mengo/amr_project_ws/build/sanification/build install --record /home/mengo/amr_project_ws/build/sanification/install.log --single-version-externally-managed
[1.893s] running egg_info
[1.894s] writing ../../build/sanification/sanification.egg-info/PKG-INFO
[1.895s] writing dependency_links to ../../build/sanification/sanification.egg-info/dependency_links.txt
[1.895s] writing entry points to ../../build/sanification/sanification.egg-info/entry_points.txt
[1.895s] writing requirements to ../../build/sanification/sanification.egg-info/requires.txt
[1.895s] writing top-level names to ../../build/sanification/sanification.egg-info/top_level.txt
[1.898s] reading manifest file '../../build/sanification/sanification.egg-info/SOURCES.txt'
[1.899s] writing manifest file '../../build/sanification/sanification.egg-info/SOURCES.txt'
[1.899s] running build
[1.900s] running build_py
[1.900s] copying sanification/test.py -> /home/mengo/amr_project_ws/build/sanification/build/lib/sanification
[1.900s] copying sanification/__init__.py -> /home/mengo/amr_project_ws/build/sanification/build/lib/sanification
[1.900s] copying sanification/planner.py -> /home/mengo/amr_project_ws/build/sanification/build/lib/sanification
[1.901s] copying sanification/localization.py -> /home/mengo/amr_project_ws/build/sanification/build/lib/sanification
[1.901s] copying sanification/navigation.py -> /home/mengo/amr_project_ws/build/sanification/build/lib/sanification
[1.901s] copying sanification/sanification.py -> /home/mengo/amr_project_ws/build/sanification/build/lib/sanification
[1.902s] running install
[1.902s] running install_lib
[1.903s] copying /home/mengo/amr_project_ws/build/sanification/build/lib/sanification/test.py -> /home/mengo/amr_project_ws/install/sanification/lib/python3.10/site-packages/sanification
[1.904s] copying /home/mengo/amr_project_ws/build/sanification/build/lib/sanification/__init__.py -> /home/mengo/amr_project_ws/install/sanification/lib/python3.10/site-packages/sanification
[1.904s] copying /home/mengo/amr_project_ws/build/sanification/build/lib/sanification/planner.py -> /home/mengo/amr_project_ws/install/sanification/lib/python3.10/site-packages/sanification
[1.904s] copying /home/mengo/amr_project_ws/build/sanification/build/lib/sanification/localization.py -> /home/mengo/amr_project_ws/install/sanification/lib/python3.10/site-packages/sanification
[1.904s] copying /home/mengo/amr_project_ws/build/sanification/build/lib/sanification/navigation.py -> /home/mengo/amr_project_ws/install/sanification/lib/python3.10/site-packages/sanification
[1.905s] copying /home/mengo/amr_project_ws/build/sanification/build/lib/sanification/sanification.py -> /home/mengo/amr_project_ws/install/sanification/lib/python3.10/site-packages/sanification
[1.905s] byte-compiling /home/mengo/amr_project_ws/install/sanification/lib/python3.10/site-packages/sanification/test.py to test.cpython-310.pyc
[1.906s] byte-compiling /home/mengo/amr_project_ws/install/sanification/lib/python3.10/site-packages/sanification/__init__.py to __init__.cpython-310.pyc
[1.906s] byte-compiling /home/mengo/amr_project_ws/install/sanification/lib/python3.10/site-packages/sanification/planner.py to planner.cpython-310.pyc
[1.909s] byte-compiling /home/mengo/amr_project_ws/install/sanification/lib/python3.10/site-packages/sanification/localization.py to localization.cpython-310.pyc
[1.911s] byte-compiling /home/mengo/amr_project_ws/install/sanification/lib/python3.10/site-packages/sanification/navigation.py to navigation.cpython-310.pyc
[1.913s] byte-compiling /home/mengo/amr_project_ws/install/sanification/lib/python3.10/site-packages/sanification/sanification.py to sanification.cpython-310.pyc
[1.916s] running install_data
[1.917s] copying resource/sanification -> /home/mengo/amr_project_ws/install/sanification/share/ament_index/resource_index/packages
[1.917s] copying package.xml -> /home/mengo/amr_project_ws/install/sanification/share/sanification
[1.918s] copying launch/sanification.launch.py -> /home/mengo/amr_project_ws/install/sanification/share/sanification
[1.918s] running install_egg_info
[1.921s] removing '/home/mengo/amr_project_ws/install/sanification/lib/python3.10/site-packages/sanification-0.0.0-py3.10.egg-info' (and everything under it)
[1.921s] Copying ../../build/sanification/sanification.egg-info to /home/mengo/amr_project_ws/install/sanification/lib/python3.10/site-packages/sanification-0.0.0-py3.10.egg-info
[1.922s] running install_scripts
[1.951s] Installing localization script to /home/mengo/amr_project_ws/install/sanification/lib/sanification
[1.951s] Installing navigation script to /home/mengo/amr_project_ws/install/sanification/lib/sanification
[1.951s] Installing sanification script to /home/mengo/amr_project_ws/install/sanification/lib/sanification
[1.952s] writing list of installed files to '/home/mengo/amr_project_ws/build/sanification/install.log'
[1.987s] Invoked command in '/home/mengo/amr_project_ws/src/sanification' returned '0': PYTHONPATH=/home/mengo/amr_project_ws/build/sanification/prefix_override:/home/mengo/amr_project_ws/install/sanification/lib/python3.10/site-packages:${PYTHONPATH} /usr/bin/python3 setup.py egg_info --egg-base ../../build/sanification build --build-base /home/mengo/amr_project_ws/build/sanification/build install --record /home/mengo/amr_project_ws/build/sanification/install.log --single-version-externally-managed
