[2.617s] Invoking command in '/home/mengo/amr_project_ws/src/exploration': CONDA_PROMPT_MODIFIER=(base) PYTHONPATH=/home/mengo/amr_project_ws/src/build/exploration/prefix_override:/home/mengo/amr_project_ws/src/install/exploration/lib/python3.10/site-packages:${PYTHONPATH} /usr/bin/python3 setup.py egg_info --egg-base ../build/exploration build --build-base /home/mengo/amr_project_ws/src/build/exploration/build install --record /home/mengo/amr_project_ws/src/build/exploration/install.log --single-version-externally-managed
[3.321s] running egg_info
[3.322s] writing ../build/exploration/exploration.egg-info/PKG-INFO
[3.322s] writing dependency_links to ../build/exploration/exploration.egg-info/dependency_links.txt
[3.323s] writing entry points to ../build/exploration/exploration.egg-info/entry_points.txt
[3.323s] writing requirements to ../build/exploration/exploration.egg-info/requires.txt
[3.323s] writing top-level names to ../build/exploration/exploration.egg-info/top_level.txt
[3.327s] reading manifest file '../build/exploration/exploration.egg-info/SOURCES.txt'
[3.327s] adding license file 'LICENSE'
[3.331s] writing manifest file '../build/exploration/exploration.egg-info/SOURCES.txt'
[3.332s] running build
[3.332s] running build_py
[3.333s] running install
[3.334s] running install_lib
[3.337s] running install_data
[3.339s] running install_egg_info
[3.343s] removing '/home/mengo/amr_project_ws/src/install/exploration/lib/python3.10/site-packages/exploration-0.0.0-py3.10.egg-info' (and everything under it)
[3.344s] Copying ../build/exploration/exploration.egg-info to /home/mengo/amr_project_ws/src/install/exploration/lib/python3.10/site-packages/exploration-0.0.0-py3.10.egg-info
[3.346s] running install_scripts
[3.397s] Installing exploration script to /home/mengo/amr_project_ws/src/install/exploration/lib/exploration
[3.398s] writing list of installed files to '/home/mengo/amr_project_ws/src/build/exploration/install.log'
[3.461s] Invoked command in '/home/mengo/amr_project_ws/src/exploration' returned '0': CONDA_PROMPT_MODIFIER=(base) PYTHONPATH=/home/mengo/amr_project_ws/src/build/exploration/prefix_override:/home/mengo/amr_project_ws/src/install/exploration/lib/python3.10/site-packages:${PYTHONPATH} /usr/bin/python3 setup.py egg_info --egg-base ../build/exploration build --build-base /home/mengo/amr_project_ws/src/build/exploration/build install --record /home/mengo/amr_project_ws/src/build/exploration/install.log --single-version-externally-managed
