[2.010s] Invoking command in '/home/mengo/amr_project_ws/src/sanification': PYTHONPATH=/home/mengo/amr_project_ws/build/sanification/prefix_override:/home/mengo/amr_project_ws/install/sanification/lib/python3.10/site-packages:${PYTHONPATH} /usr/bin/python3 setup.py egg_info --egg-base ../../build/sanification build --build-base /home/mengo/amr_project_ws/build/sanification/build install --record /home/mengo/amr_project_ws/build/sanification/install.log --single-version-externally-managed
[2.488s] running egg_info
[2.489s] writing ../../build/sanification/sanification.egg-info/PKG-INFO
[2.490s] writing dependency_links to ../../build/sanification/sanification.egg-info/dependency_links.txt
[2.490s] writing entry points to ../../build/sanification/sanification.egg-info/entry_points.txt
[2.490s] writing requirements to ../../build/sanification/sanification.egg-info/requires.txt
[2.490s] writing top-level names to ../../build/sanification/sanification.egg-info/top_level.txt
[2.495s] reading manifest file '../../build/sanification/sanification.egg-info/SOURCES.txt'
[2.500s] writing manifest file '../../build/sanification/sanification.egg-info/SOURCES.txt'
[2.500s] running build
[2.500s] running build_py
[2.500s] copying sanification/planner.py -> /home/mengo/amr_project_ws/build/sanification/build/lib/sanification
[2.500s] running install
[2.501s] running install_lib
[2.501s] copying /home/mengo/amr_project_ws/build/sanification/build/lib/sanification/planner.py -> /home/mengo/amr_project_ws/install/sanification/lib/python3.10/site-packages/sanification
[2.501s] byte-compiling /home/mengo/amr_project_ws/install/sanification/lib/python3.10/site-packages/sanification/planner.py to planner.cpython-310.pyc
[2.505s] running install_data
[2.507s] running install_egg_info
[2.509s] removing '/home/mengo/amr_project_ws/install/sanification/lib/python3.10/site-packages/sanification-0.0.0-py3.10.egg-info' (and everything under it)
[2.510s] Copying ../../build/sanification/sanification.egg-info to /home/mengo/amr_project_ws/install/sanification/lib/python3.10/site-packages/sanification-0.0.0-py3.10.egg-info
[2.512s] running install_scripts
[2.549s] Installing localization script to /home/mengo/amr_project_ws/install/sanification/lib/sanification
[2.550s] Installing navigation script to /home/mengo/amr_project_ws/install/sanification/lib/sanification
[2.550s] Installing planner script to /home/mengo/amr_project_ws/install/sanification/lib/sanification
[2.550s] Installing sanification script to /home/mengo/amr_project_ws/install/sanification/lib/sanification
[2.551s] writing list of installed files to '/home/mengo/amr_project_ws/build/sanification/install.log'
[2.603s] Invoked command in '/home/mengo/amr_project_ws/src/sanification' returned '0': PYTHONPATH=/home/mengo/amr_project_ws/build/sanification/prefix_override:/home/mengo/amr_project_ws/install/sanification/lib/python3.10/site-packages:${PYTHONPATH} /usr/bin/python3 setup.py egg_info --egg-base ../../build/sanification build --build-base /home/mengo/amr_project_ws/build/sanification/build install --record /home/mengo/amr_project_ws/build/sanification/install.log --single-version-externally-managed
