[2.379s] Invoking command in '/home/mengo/amr_project_ws/src/exploration': PYTHONPATH=/home/mengo/amr_project_ws/build/exploration/prefix_override:/home/mengo/amr_project_ws/install/exploration/lib/python3.10/site-packages:${PYTHONPATH} /usr/bin/python3 setup.py egg_info --egg-base ../../build/exploration build --build-base /home/mengo/amr_project_ws/build/exploration/build install --record /home/mengo/amr_project_ws/build/exploration/install.log --single-version-externally-managed
[2.673s] running egg_info
[2.674s] writing ../../build/exploration/exploration.egg-info/PKG-INFO
[2.674s] writing dependency_links to ../../build/exploration/exploration.egg-info/dependency_links.txt
[2.674s] writing entry points to ../../build/exploration/exploration.egg-info/entry_points.txt
[2.674s] writing requirements to ../../build/exploration/exploration.egg-info/requires.txt
[2.674s] writing top-level names to ../../build/exploration/exploration.egg-info/top_level.txt
[2.676s] reading manifest file '../../build/exploration/exploration.egg-info/SOURCES.txt'
[2.676s] adding license file 'LICENSE'
[2.677s] writing manifest file '../../build/exploration/exploration.egg-info/SOURCES.txt'
[2.677s] running build
[2.677s] running build_py
[2.677s] running install
[2.678s] running install_lib
[2.679s] running install_data
[2.679s] running install_egg_info
[2.681s] removing '/home/mengo/amr_project_ws/install/exploration/lib/python3.10/site-packages/exploration-0.0.0-py3.10.egg-info' (and everything under it)
[2.681s] Copying ../../build/exploration/exploration.egg-info to /home/mengo/amr_project_ws/install/exploration/lib/python3.10/site-packages/exploration-0.0.0-py3.10.egg-info
[2.682s] running install_scripts
[2.702s] Installing exploration script to /home/mengo/amr_project_ws/install/exploration/lib/exploration
[2.703s] writing list of installed files to '/home/mengo/amr_project_ws/build/exploration/install.log'
[2.730s] Invoked command in '/home/mengo/amr_project_ws/src/exploration' returned '0': PYTHONPATH=/home/mengo/amr_project_ws/build/exploration/prefix_override:/home/mengo/amr_project_ws/install/exploration/lib/python3.10/site-packages:${PYTHONPATH} /usr/bin/python3 setup.py egg_info --egg-base ../../build/exploration build --build-base /home/mengo/amr_project_ws/build/exploration/build install --record /home/mengo/amr_project_ws/build/exploration/install.log --single-version-externally-managed
