[2.240s] Invoking command in '/home/mengo/amr_project_ws/src/exploration': PYTHONPATH=/home/mengo/amr_project_ws/build/exploration/prefix_override:/home/mengo/amr_project_ws/install/exploration/lib/python3.10/site-packages:${PYTHONPATH} /usr/bin/python3 setup.py egg_info --egg-base ../../build/exploration build --build-base /home/mengo/amr_project_ws/build/exploration/build install --record /home/mengo/amr_project_ws/build/exploration/install.log --single-version-externally-managed
[2.758s] running egg_info
[2.759s] writing ../../build/exploration/exploration.egg-info/PKG-INFO
[2.759s] writing dependency_links to ../../build/exploration/exploration.egg-info/dependency_links.txt
[2.759s] writing entry points to ../../build/exploration/exploration.egg-info/entry_points.txt
[2.759s] writing requirements to ../../build/exploration/exploration.egg-info/requires.txt
[2.760s] writing top-level names to ../../build/exploration/exploration.egg-info/top_level.txt
[2.762s] reading manifest file '../../build/exploration/exploration.egg-info/SOURCES.txt'
[2.762s] adding license file 'LICENSE'
[2.763s] writing manifest file '../../build/exploration/exploration.egg-info/SOURCES.txt'
[2.763s] running build
[2.763s] running build_py
[2.763s] running install
[2.764s] running install_lib
[2.765s] running install_data
[2.766s] copying launch/nav_rviz.launch.py -> /home/mengo/amr_project_ws/install/exploration/share/exploration
[2.766s] running install_egg_info
[2.768s] removing '/home/mengo/amr_project_ws/install/exploration/lib/python3.10/site-packages/exploration-0.0.0-py3.10.egg-info' (and everything under it)
[2.768s] Copying ../../build/exploration/exploration.egg-info to /home/mengo/amr_project_ws/install/exploration/lib/python3.10/site-packages/exploration-0.0.0-py3.10.egg-info
[2.769s] running install_scripts
[2.799s] Installing exploration script to /home/mengo/amr_project_ws/install/exploration/lib/exploration
[2.800s] writing list of installed files to '/home/mengo/amr_project_ws/build/exploration/install.log'
[2.856s] Invoked command in '/home/mengo/amr_project_ws/src/exploration' returned '0': PYTHONPATH=/home/mengo/amr_project_ws/build/exploration/prefix_override:/home/mengo/amr_project_ws/install/exploration/lib/python3.10/site-packages:${PYTHONPATH} /usr/bin/python3 setup.py egg_info --egg-base ../../build/exploration build --build-base /home/mengo/amr_project_ws/build/exploration/build install --record /home/mengo/amr_project_ws/build/exploration/install.log --single-version-externally-managed
