[1.036s] Invoking command in '/home/mengo/amr_project_ws/src/exploration': PYTHONPATH=/home/mengo/amr_project_ws/build/exploration/prefix_override:/home/mengo/amr_project_ws/install/exploration/lib/python3.10/site-packages:${PYTHONPATH} /usr/bin/python3 setup.py egg_info --egg-base ../../build/exploration build --build-base /home/mengo/amr_project_ws/build/exploration/build install --record /home/mengo/amr_project_ws/build/exploration/install.log --single-version-externally-managed
[1.361s] running egg_info
[1.362s] writing ../../build/exploration/exploration.egg-info/PKG-INFO
[1.962s] writing dependency_links to ../../build/exploration/exploration.egg-info/dependency_links.txt
[1.963s] writing entry points to ../../build/exploration/exploration.egg-info/entry_points.txt
[1.963s] writing requirements to ../../build/exploration/exploration.egg-info/requires.txt
[1.964s] writing top-level names to ../../build/exploration/exploration.egg-info/top_level.txt
[1.973s] reading manifest file '../../build/exploration/exploration.egg-info/SOURCES.txt'
[1.974s] adding license file 'LICENSE'
[1.976s] writing manifest file '../../build/exploration/exploration.egg-info/SOURCES.txt'
[2.659s] running build
[2.660s] running build_py
[2.660s] copying exploration/velocity_controller.py -> /home/mengo/amr_project_ws/build/exploration/build/lib/exploration
[2.661s] running install
[2.662s] running install_lib
[2.665s] copying /home/mengo/amr_project_ws/build/exploration/build/lib/exploration/velocity_controller.py -> /home/mengo/amr_project_ws/install/exploration/lib/python3.10/site-packages/exploration
[2.667s] byte-compiling /home/mengo/amr_project_ws/install/exploration/lib/python3.10/site-packages/exploration/velocity_controller.py to velocity_controller.cpython-310.pyc
[2.669s] running install_data
[2.747s] copying package.xml -> /home/mengo/amr_project_ws/install/exploration/share/exploration
[2.749s] running install_egg_info
[2.755s] removing '/home/mengo/amr_project_ws/install/exploration/lib/python3.10/site-packages/exploration-0.0.0-py3.10.egg-info' (and everything under it)
[2.756s] Copying ../../build/exploration/exploration.egg-info to /home/mengo/amr_project_ws/install/exploration/lib/python3.10/site-packages/exploration-0.0.0-py3.10.egg-info
[2.760s] running install_scripts
[2.837s] Installing velocity_controller script to /home/mengo/amr_project_ws/install/exploration/lib/exploration
[2.838s] writing list of installed files to '/home/mengo/amr_project_ws/build/exploration/install.log'
[2.913s] Invoked command in '/home/mengo/amr_project_ws/src/exploration' returned '0': PYTHONPATH=/home/mengo/amr_project_ws/build/exploration/prefix_override:/home/mengo/amr_project_ws/install/exploration/lib/python3.10/site-packages:${PYTHONPATH} /usr/bin/python3 setup.py egg_info --egg-base ../../build/exploration build --build-base /home/mengo/amr_project_ws/build/exploration/build install --record /home/mengo/amr_project_ws/build/exploration/install.log --single-version-externally-managed
