[1.903s] Invoking command in '/home/mengo/amr_project_ws/src/sanification': PYTHONPATH=/home/mengo/amr_project_ws/build/sanification/prefix_override:/home/mengo/amr_project_ws/install/sanification/lib/python3.10/site-packages:${PYTHONPATH} /usr/bin/python3 setup.py egg_info --egg-base ../../build/sanification build --build-base /home/mengo/amr_project_ws/build/sanification/build install --record /home/mengo/amr_project_ws/build/sanification/install.log --single-version-externally-managed
[2.284s] running egg_info
[2.284s] writing ../../build/sanification/sanification.egg-info/PKG-INFO
[2.284s] writing dependency_links to ../../build/sanification/sanification.egg-info/dependency_links.txt
[2.285s] writing entry points to ../../build/sanification/sanification.egg-info/entry_points.txt
[2.285s] writing requirements to ../../build/sanification/sanification.egg-info/requires.txt
[2.285s] writing top-level names to ../../build/sanification/sanification.egg-info/top_level.txt
[2.287s] reading manifest file '../../build/sanification/sanification.egg-info/SOURCES.txt'
[2.288s] writing manifest file '../../build/sanification/sanification.egg-info/SOURCES.txt'
[2.288s] running build
[2.288s] running build_py
[2.288s] running install
[2.289s] running install_lib
[2.290s] running install_data
[2.291s] running install_egg_info
[2.293s] removing '/home/mengo/amr_project_ws/install/sanification/lib/python3.10/site-packages/sanification-0.0.0-py3.10.egg-info' (and everything under it)
[2.293s] Copying ../../build/sanification/sanification.egg-info to /home/mengo/amr_project_ws/install/sanification/lib/python3.10/site-packages/sanification-0.0.0-py3.10.egg-info
[2.294s] running install_scripts
[2.318s] Installing localization script to /home/mengo/amr_project_ws/install/sanification/lib/sanification
[2.318s] Installing navigation script to /home/mengo/amr_project_ws/install/sanification/lib/sanification
[2.318s] Installing sanification script to /home/mengo/amr_project_ws/install/sanification/lib/sanification
[2.324s] writing list of installed files to '/home/mengo/amr_project_ws/build/sanification/install.log'
[2.432s] Invoked command in '/home/mengo/amr_project_ws/src/sanification' returned '0': PYTHONPATH=/home/mengo/amr_project_ws/build/sanification/prefix_override:/home/mengo/amr_project_ws/install/sanification/lib/python3.10/site-packages:${PYTHONPATH} /usr/bin/python3 setup.py egg_info --egg-base ../../build/sanification build --build-base /home/mengo/amr_project_ws/build/sanification/build install --record /home/mengo/amr_project_ws/build/sanification/install.log --single-version-externally-managed
