[2.254s] Invoking command in '/home/mengo/amr_project_ws/src/sanification': PYTHONPATH=/home/mengo/amr_project_ws/build/sanification/prefix_override:/home/mengo/amr_project_ws/install/sanification/lib/python3.10/site-packages:${PYTHONPATH} /usr/bin/python3 setup.py egg_info --egg-base ../../build/sanification build --build-base /home/mengo/amr_project_ws/build/sanification/build install --record /home/mengo/amr_project_ws/build/sanification/install.log --single-version-externally-managed
[2.512s] running egg_info
[2.512s] writing ../../build/sanification/sanification.egg-info/PKG-INFO
[2.512s] writing dependency_links to ../../build/sanification/sanification.egg-info/dependency_links.txt
[2.512s] writing entry points to ../../build/sanification/sanification.egg-info/entry_points.txt
[2.513s] writing requirements to ../../build/sanification/sanification.egg-info/requires.txt
[2.513s] writing top-level names to ../../build/sanification/sanification.egg-info/top_level.txt
[2.514s] reading manifest file '../../build/sanification/sanification.egg-info/SOURCES.txt'
[2.518s] writing manifest file '../../build/sanification/sanification.egg-info/SOURCES.txt'
[2.518s] running build
[2.518s] running build_py
[2.518s] copying sanification/planner.py -> /home/mengo/amr_project_ws/build/sanification/build/lib/sanification
[2.519s] running install
[2.519s] running install_lib
[2.519s] copying /home/mengo/amr_project_ws/build/sanification/build/lib/sanification/planner.py -> /home/mengo/amr_project_ws/install/sanification/lib/python3.10/site-packages/sanification
[2.520s] byte-compiling /home/mengo/amr_project_ws/install/sanification/lib/python3.10/site-packages/sanification/planner.py to planner.cpython-310.pyc
[2.522s] running install_data
[2.523s] running install_egg_info
[2.524s] removing '/home/mengo/amr_project_ws/install/sanification/lib/python3.10/site-packages/sanification-0.0.0-py3.10.egg-info' (and everything under it)
[2.525s] Copying ../../build/sanification/sanification.egg-info to /home/mengo/amr_project_ws/install/sanification/lib/python3.10/site-packages/sanification-0.0.0-py3.10.egg-info
[2.526s] running install_scripts
[2.542s] Installing localization script to /home/mengo/amr_project_ws/install/sanification/lib/sanification
[2.542s] Installing navigation script to /home/mengo/amr_project_ws/install/sanification/lib/sanification
[2.542s] Installing planner script to /home/mengo/amr_project_ws/install/sanification/lib/sanification
[2.542s] Installing sanification script to /home/mengo/amr_project_ws/install/sanification/lib/sanification
[2.543s] writing list of installed files to '/home/mengo/amr_project_ws/build/sanification/install.log'
[2.636s] Invoked command in '/home/mengo/amr_project_ws/src/sanification' returned '0': PYTHONPATH=/home/mengo/amr_project_ws/build/sanification/prefix_override:/home/mengo/amr_project_ws/install/sanification/lib/python3.10/site-packages:${PYTHONPATH} /usr/bin/python3 setup.py egg_info --egg-base ../../build/sanification build --build-base /home/mengo/amr_project_ws/build/sanification/build install --record /home/mengo/amr_project_ws/build/sanification/install.log --single-version-externally-managed
