[2.345s] Invoking command in '/home/mengo/amr_project_ws/src/exploration': PYTHONPATH=/home/mengo/amr_project_ws/build/exploration/prefix_override:/home/mengo/amr_project_ws/install/exploration/lib/python3.10/site-packages:${PYTHONPATH} /usr/bin/python3 setup.py egg_info --egg-base ../../build/exploration build --build-base /home/mengo/amr_project_ws/build/exploration/build install --record /home/mengo/amr_project_ws/build/exploration/install.log --single-version-externally-managed
[3.159s] running egg_info
[3.161s] writing ../../build/exploration/exploration.egg-info/PKG-INFO
[3.161s] writing dependency_links to ../../build/exploration/exploration.egg-info/dependency_links.txt
[3.161s] writing entry points to ../../build/exploration/exploration.egg-info/entry_points.txt
[3.161s] writing requirements to ../../build/exploration/exploration.egg-info/requires.txt
[3.162s] writing top-level names to ../../build/exploration/exploration.egg-info/top_level.txt
[3.167s] reading manifest file '../../build/exploration/exploration.egg-info/SOURCES.txt'
[3.170s] adding license file 'LICENSE'
[3.173s] writing manifest file '../../build/exploration/exploration.egg-info/SOURCES.txt'
[3.173s] running build
[3.174s] running build_py
[3.174s] copying exploration/exploration.py -> /home/mengo/amr_project_ws/build/exploration/build/lib/exploration
[3.177s] running install
[3.177s] running install_lib
[3.177s] copying /home/mengo/amr_project_ws/build/exploration/build/lib/exploration/exploration.py -> /home/mengo/amr_project_ws/install/exploration/lib/python3.10/site-packages/exploration
[3.177s] byte-compiling /home/mengo/amr_project_ws/install/exploration/lib/python3.10/site-packages/exploration/exploration.py to exploration.cpython-310.pyc
[3.179s] running install_data
[3.182s] running install_egg_info
[3.190s] removing '/home/mengo/amr_project_ws/install/exploration/lib/python3.10/site-packages/exploration-0.0.0-py3.10.egg-info' (and everything under it)
[3.192s] Copying ../../build/exploration/exploration.egg-info to /home/mengo/amr_project_ws/install/exploration/lib/python3.10/site-packages/exploration-0.0.0-py3.10.egg-info
[3.192s] running install_scripts
[3.254s] Installing exploration script to /home/mengo/amr_project_ws/install/exploration/lib/exploration
[3.255s] writing list of installed files to '/home/mengo/amr_project_ws/build/exploration/install.log'
[3.379s] Invoked command in '/home/mengo/amr_project_ws/src/exploration' returned '0': PYTHONPATH=/home/mengo/amr_project_ws/build/exploration/prefix_override:/home/mengo/amr_project_ws/install/exploration/lib/python3.10/site-packages:${PYTHONPATH} /usr/bin/python3 setup.py egg_info --egg-base ../../build/exploration build --build-base /home/mengo/amr_project_ws/build/exploration/build install --record /home/mengo/amr_project_ws/build/exploration/install.log --single-version-externally-managed
