[2.279s] DEBUG:colcon:Command line arguments: ['/usr/bin/colcon', 'build']
[2.280s] DEBUG:colcon:Parsed command line arguments: Namespace(log_base=None, log_level=None, verb_name='build', build_base='build', install_base='install', merge_install=False, symlink_install=False, test_result_base=None, continue_on_error=False, executor='parallel', parallel_workers=12, event_handlers=None, ignore_user_meta=False, metas=['./colcon.meta'], base_paths=['.'], packages_ignore=None, packages_ignore_regex=None, paths=None, packages_up_to=None, packages_up_to_regex=None, packages_above=None, packages_above_and_dependencies=None, packages_above_depth=None, packages_select_by_dep=None, packages_skip_by_dep=None, packages_skip_up_to=None, packages_select_build_failed=False, packages_skip_build_finished=False, packages_select_test_failures=False, packages_skip_test_passed=False, packages_select=None, packages_skip=None, packages_select_regex=None, packages_skip_regex=None, packages_start=None, packages_end=None, allow_overriding=[], cmake_args=None, cmake_target=None, cmake_target_skip_unavailable=False, cmake_clean_cache=False, cmake_clean_first=False, cmake_force_configure=False, ament_cmake_args=None, catkin_cmake_args=None, catkin_skip_building_tests=False, verb_parser=<colcon_defaults.argument_parser.defaults.DefaultArgumentsDecorator object at 0x7fef0f1fea70>, verb_extension=<colcon_core.verb.build.BuildVerb object at 0x7fef0f4450c0>, main=<bound method BuildVerb.main of <colcon_core.verb.build.BuildVerb object at 0x7fef0f4450c0>>)
[2.354s] Level 1:colcon.colcon_core.package_discovery:discover_packages(colcon_meta) check parameters
[2.355s] Level 1:colcon.colcon_core.package_discovery:discover_packages(recursive) check parameters
[2.355s] Level 1:colcon.colcon_core.package_discovery:discover_packages(ignore) check parameters
[2.355s] Level 1:colcon.colcon_core.package_discovery:discover_packages(path) check parameters
[2.355s] Level 1:colcon.colcon_core.package_discovery:discover_packages(colcon_meta) discover
[2.355s] Level 1:colcon.colcon_core.package_discovery:discover_packages(recursive) discover
[2.355s] INFO:colcon.colcon_core.package_discovery:Crawling recursively for packages in '/home/mengo/amr_project_ws'
[2.355s] Level 1:colcon.colcon_core.package_identification:_identify(.) by extensions ['ignore', 'ignore_ament_install']
[2.355s] Level 1:colcon.colcon_core.package_identification:_identify(.) by extension 'ignore'
[2.356s] Level 1:colcon.colcon_core.package_identification:_identify(.) by extension 'ignore_ament_install'
[2.357s] Level 1:colcon.colcon_core.package_identification:_identify(.) by extensions ['colcon_pkg']
[2.357s] Level 1:colcon.colcon_core.package_identification:_identify(.) by extension 'colcon_pkg'
[2.357s] Level 1:colcon.colcon_core.package_identification:_identify(.) by extensions ['colcon_meta']
[2.357s] Level 1:colcon.colcon_core.package_identification:_identify(.) by extension 'colcon_meta'
[2.358s] Level 1:colcon.colcon_core.package_identification:_identify(.) by extensions ['ros']
[2.358s] Level 1:colcon.colcon_core.package_identification:_identify(.) by extension 'ros'
[2.372s] Level 1:colcon.colcon_core.package_identification:_identify(.) by extensions ['cmake', 'python']
[2.372s] Level 1:colcon.colcon_core.package_identification:_identify(.) by extension 'cmake'
[2.372s] Level 1:colcon.colcon_core.package_identification:_identify(.) by extension 'python'
[2.372s] Level 1:colcon.colcon_core.package_identification:_identify(.) by extensions ['python_setup_py']
[2.373s] Level 1:colcon.colcon_core.package_identification:_identify(.) by extension 'python_setup_py'
[2.373s] Level 1:colcon.colcon_core.package_identification:_identify(build) by extensions ['ignore', 'ignore_ament_install']
[2.373s] Level 1:colcon.colcon_core.package_identification:_identify(build) by extension 'ignore'
[2.373s] Level 1:colcon.colcon_core.package_identification:_identify(build) ignored
[2.373s] Level 1:colcon.colcon_core.package_identification:_identify(install) by extensions ['ignore', 'ignore_ament_install']
[2.373s] Level 1:colcon.colcon_core.package_identification:_identify(install) by extension 'ignore'
[2.373s] Level 1:colcon.colcon_core.package_identification:_identify(install) ignored
[2.373s] Level 1:colcon.colcon_core.package_identification:_identify(log) by extensions ['ignore', 'ignore_ament_install']
[2.373s] Level 1:colcon.colcon_core.package_identification:_identify(log) by extension 'ignore'
[2.373s] Level 1:colcon.colcon_core.package_identification:_identify(log) ignored
[2.374s] Level 1:colcon.colcon_core.package_identification:_identify(src) by extensions ['ignore', 'ignore_ament_install']
[2.374s] Level 1:colcon.colcon_core.package_identification:_identify(src) by extension 'ignore'
[2.374s] Level 1:colcon.colcon_core.package_identification:_identify(src) by extension 'ignore_ament_install'
[2.374s] Level 1:colcon.colcon_core.package_identification:_identify(src) by extensions ['colcon_pkg']
[2.374s] Level 1:colcon.colcon_core.package_identification:_identify(src) by extension 'colcon_pkg'
[2.374s] Level 1:colcon.colcon_core.package_identification:_identify(src) by extensions ['colcon_meta']
[2.374s] Level 1:colcon.colcon_core.package_identification:_identify(src) by extension 'colcon_meta'
[2.374s] Level 1:colcon.colcon_core.package_identification:_identify(src) by extensions ['ros']
[2.374s] Level 1:colcon.colcon_core.package_identification:_identify(src) by extension 'ros'
[2.374s] Level 1:colcon.colcon_core.package_identification:_identify(src) by extensions ['cmake', 'python']
[2.374s] Level 1:colcon.colcon_core.package_identification:_identify(src) by extension 'cmake'
[2.374s] Level 1:colcon.colcon_core.package_identification:_identify(src) by extension 'python'
[2.374s] Level 1:colcon.colcon_core.package_identification:_identify(src) by extensions ['python_setup_py']
[2.374s] Level 1:colcon.colcon_core.package_identification:_identify(src) by extension 'python_setup_py'
[2.375s] Level 1:colcon.colcon_core.package_identification:_identify(src/build) by extensions ['ignore', 'ignore_ament_install']
[2.377s] Level 1:colcon.colcon_core.package_identification:_identify(src/build) by extension 'ignore'
[2.377s] Level 1:colcon.colcon_core.package_identification:_identify(src/build) ignored
[2.378s] Level 1:colcon.colcon_core.package_identification:_identify(src/exploration) by extensions ['ignore', 'ignore_ament_install']
[2.378s] Level 1:colcon.colcon_core.package_identification:_identify(src/exploration) by extension 'ignore'
[2.379s] Level 1:colcon.colcon_core.package_identification:_identify(src/exploration) by extension 'ignore_ament_install'
[2.379s] Level 1:colcon.colcon_core.package_identification:_identify(src/exploration) by extensions ['colcon_pkg']
[2.379s] Level 1:colcon.colcon_core.package_identification:_identify(src/exploration) by extension 'colcon_pkg'
[2.379s] Level 1:colcon.colcon_core.package_identification:_identify(src/exploration) by extensions ['colcon_meta']
[2.379s] Level 1:colcon.colcon_core.package_identification:_identify(src/exploration) by extension 'colcon_meta'
[2.379s] Level 1:colcon.colcon_core.package_identification:_identify(src/exploration) by extensions ['ros']
[2.379s] Level 1:colcon.colcon_core.package_identification:_identify(src/exploration) by extension 'ros'
[2.383s] DEBUG:colcon.colcon_core.package_identification:Package 'src/exploration' with type 'ros.ament_python' and name 'exploration'
[2.383s] Level 1:colcon.colcon_core.package_identification:_identify(src/extra_files) by extensions ['ignore', 'ignore_ament_install']
[2.383s] Level 1:colcon.colcon_core.package_identification:_identify(src/extra_files) by extension 'ignore'
[2.384s] Level 1:colcon.colcon_core.package_identification:_identify(src/extra_files) by extension 'ignore_ament_install'
[2.384s] Level 1:colcon.colcon_core.package_identification:_identify(src/extra_files) by extensions ['colcon_pkg']
[2.384s] Level 1:colcon.colcon_core.package_identification:_identify(src/extra_files) by extension 'colcon_pkg'
[2.384s] Level 1:colcon.colcon_core.package_identification:_identify(src/extra_files) by extensions ['colcon_meta']
[2.384s] Level 1:colcon.colcon_core.package_identification:_identify(src/extra_files) by extension 'colcon_meta'
[2.384s] Level 1:colcon.colcon_core.package_identification:_identify(src/extra_files) by extensions ['ros']
[2.384s] Level 1:colcon.colcon_core.package_identification:_identify(src/extra_files) by extension 'ros'
[2.384s] Level 1:colcon.colcon_core.package_identification:_identify(src/extra_files) by extensions ['cmake', 'python']
[2.384s] Level 1:colcon.colcon_core.package_identification:_identify(src/extra_files) by extension 'cmake'
[2.384s] Level 1:colcon.colcon_core.package_identification:_identify(src/extra_files) by extension 'python'
[2.384s] Level 1:colcon.colcon_core.package_identification:_identify(src/extra_files) by extensions ['python_setup_py']
[2.384s] Level 1:colcon.colcon_core.package_identification:_identify(src/extra_files) by extension 'python_setup_py'
[2.384s] Level 1:colcon.colcon_core.package_identification:_identify(src/install) by extensions ['ignore', 'ignore_ament_install']
[2.385s] Level 1:colcon.colcon_core.package_identification:_identify(src/install) by extension 'ignore'
[2.385s] Level 1:colcon.colcon_core.package_identification:_identify(src/install) ignored
[2.385s] Level 1:colcon.colcon_core.package_identification:_identify(src/log) by extensions ['ignore', 'ignore_ament_install']
[2.385s] Level 1:colcon.colcon_core.package_identification:_identify(src/log) by extension 'ignore'
[2.385s] Level 1:colcon.colcon_core.package_identification:_identify(src/log) ignored
[2.385s] Level 1:colcon.colcon_core.package_identification:_identify(src/turtlebot3_gazebo) by extensions ['ignore', 'ignore_ament_install']
[2.385s] Level 1:colcon.colcon_core.package_identification:_identify(src/turtlebot3_gazebo) by extension 'ignore'
[2.385s] Level 1:colcon.colcon_core.package_identification:_identify(src/turtlebot3_gazebo) by extension 'ignore_ament_install'
[2.385s] Level 1:colcon.colcon_core.package_identification:_identify(src/turtlebot3_gazebo) by extensions ['colcon_pkg']
[2.385s] Level 1:colcon.colcon_core.package_identification:_identify(src/turtlebot3_gazebo) by extension 'colcon_pkg'
[2.386s] Level 1:colcon.colcon_core.package_identification:_identify(src/turtlebot3_gazebo) by extensions ['colcon_meta']
[2.386s] Level 1:colcon.colcon_core.package_identification:_identify(src/turtlebot3_gazebo) by extension 'colcon_meta'
[2.386s] Level 1:colcon.colcon_core.package_identification:_identify(src/turtlebot3_gazebo) by extensions ['ros']
[2.386s] Level 1:colcon.colcon_core.package_identification:_identify(src/turtlebot3_gazebo) by extension 'ros'
[2.387s] DEBUG:colcon.colcon_core.package_identification:Package 'src/turtlebot3_gazebo' with type 'ros.ament_cmake' and name 'turtlebot3_gazebo'
[2.388s] Level 1:colcon.colcon_core.package_discovery:discover_packages(recursive) using defaults
[2.388s] Level 1:colcon.colcon_core.package_discovery:discover_packages(ignore) discover
[2.388s] Level 1:colcon.colcon_core.package_discovery:discover_packages(ignore) using defaults
[2.388s] Level 1:colcon.colcon_core.package_discovery:discover_packages(path) discover
[2.388s] Level 1:colcon.colcon_core.package_discovery:discover_packages(path) using defaults
[2.575s] Level 1:colcon.colcon_core.package_discovery:discover_packages(prefix_path) check parameters
[2.575s] Level 1:colcon.colcon_core.package_discovery:discover_packages(prefix_path) discover
[2.651s] DEBUG:colcon.colcon_installed_package_information.package_discovery:Found 2 installed packages in /home/mengo/amr_project_ws/install
[2.681s] DEBUG:colcon.colcon_installed_package_information.package_discovery:Found 378 installed packages in /opt/ros/humble
[2.682s] Level 1:colcon.colcon_core.package_discovery:discover_packages(prefix_path) using defaults
[2.857s] Level 5:colcon.colcon_core.verb:set package 'exploration' build argument 'cmake_args' from command line to 'None'
[2.857s] Level 5:colcon.colcon_core.verb:set package 'exploration' build argument 'cmake_target' from command line to 'None'
[2.857s] Level 5:colcon.colcon_core.verb:set package 'exploration' build argument 'cmake_target_skip_unavailable' from command line to 'False'
[2.857s] Level 5:colcon.colcon_core.verb:set package 'exploration' build argument 'cmake_clean_cache' from command line to 'False'
[2.857s] Level 5:colcon.colcon_core.verb:set package 'exploration' build argument 'cmake_clean_first' from command line to 'False'
[2.857s] Level 5:colcon.colcon_core.verb:set package 'exploration' build argument 'cmake_force_configure' from command line to 'False'
[2.857s] Level 5:colcon.colcon_core.verb:set package 'exploration' build argument 'ament_cmake_args' from command line to 'None'
[2.857s] Level 5:colcon.colcon_core.verb:set package 'exploration' build argument 'catkin_cmake_args' from command line to 'None'
[2.857s] Level 5:colcon.colcon_core.verb:set package 'exploration' build argument 'catkin_skip_building_tests' from command line to 'False'
[2.857s] DEBUG:colcon.colcon_core.verb:Building package 'exploration' with the following arguments: {'ament_cmake_args': None, 'build_base': '/home/mengo/amr_project_ws/build/exploration', 'catkin_cmake_args': None, 'catkin_skip_building_tests': False, 'cmake_args': None, 'cmake_clean_cache': False, 'cmake_clean_first': False, 'cmake_force_configure': False, 'cmake_target': None, 'cmake_target_skip_unavailable': False, 'install_base': '/home/mengo/amr_project_ws/install/exploration', 'merge_install': False, 'path': '/home/mengo/amr_project_ws/src/exploration', 'symlink_install': False, 'test_result_base': None}
[2.892s] Level 5:colcon.colcon_core.verb:set package 'turtlebot3_gazebo' build argument 'cmake_args' from command line to 'None'
[2.892s] Level 5:colcon.colcon_core.verb:set package 'turtlebot3_gazebo' build argument 'cmake_target' from command line to 'None'
[2.892s] Level 5:colcon.colcon_core.verb:set package 'turtlebot3_gazebo' build argument 'cmake_target_skip_unavailable' from command line to 'False'
[2.892s] Level 5:colcon.colcon_core.verb:set package 'turtlebot3_gazebo' build argument 'cmake_clean_cache' from command line to 'False'
[2.892s] Level 5:colcon.colcon_core.verb:set package 'turtlebot3_gazebo' build argument 'cmake_clean_first' from command line to 'False'
[2.892s] Level 5:colcon.colcon_core.verb:set package 'turtlebot3_gazebo' build argument 'cmake_force_configure' from command line to 'False'
[2.892s] Level 5:colcon.colcon_core.verb:set package 'turtlebot3_gazebo' build argument 'ament_cmake_args' from command line to 'None'
[2.892s] Level 5:colcon.colcon_core.verb:set package 'turtlebot3_gazebo' build argument 'catkin_cmake_args' from command line to 'None'
[2.892s] Level 5:colcon.colcon_core.verb:set package 'turtlebot3_gazebo' build argument 'catkin_skip_building_tests' from command line to 'False'
[2.892s] DEBUG:colcon.colcon_core.verb:Building package 'turtlebot3_gazebo' with the following arguments: {'ament_cmake_args': None, 'build_base': '/home/mengo/amr_project_ws/build/turtlebot3_gazebo', 'catkin_cmake_args': None, 'catkin_skip_building_tests': False, 'cmake_args': None, 'cmake_clean_cache': False, 'cmake_clean_first': False, 'cmake_force_configure': False, 'cmake_target': None, 'cmake_target_skip_unavailable': False, 'install_base': '/home/mengo/amr_project_ws/install/turtlebot3_gazebo', 'merge_install': False, 'path': '/home/mengo/amr_project_ws/src/turtlebot3_gazebo', 'symlink_install': False, 'test_result_base': None}
[2.917s] INFO:colcon.colcon_core.executor:Executing jobs using 'parallel' executor
[2.953s] DEBUG:colcon.colcon_parallel_executor.executor.parallel:run_until_complete
[2.953s] INFO:colcon.colcon_ros.task.ament_python.build:Building ROS package in '/home/mengo/amr_project_ws/src/exploration' with build type 'ament_python'
[2.953s] Level 1:colcon.colcon_core.shell:create_environment_hook('exploration', 'ament_prefix_path')
[2.987s] INFO:colcon.colcon_core.plugin_system:Skipping extension 'colcon_core.shell.bat': Not used on non-Windows systems
[2.987s] INFO:colcon.colcon_core.shell:Creating environment hook '/home/mengo/amr_project_ws/install/exploration/share/exploration/hook/ament_prefix_path.ps1'
[2.988s] INFO:colcon.colcon_core.shell:Creating environment descriptor '/home/mengo/amr_project_ws/install/exploration/share/exploration/hook/ament_prefix_path.dsv'
[2.988s] INFO:colcon.colcon_core.shell:Creating environment hook '/home/mengo/amr_project_ws/install/exploration/share/exploration/hook/ament_prefix_path.sh'
[3.039s] INFO:colcon.colcon_core.shell:Skip shell extension 'powershell' for command environment: Not usable outside of PowerShell
[3.039s] DEBUG:colcon.colcon_core.shell:Skip shell extension 'dsv' for command environment
[3.165s] INFO:colcon.colcon_ros.task.ament_cmake.build:Building ROS package in '/home/mengo/amr_project_ws/src/turtlebot3_gazebo' with build type 'ament_cmake'
[3.166s] INFO:colcon.colcon_cmake.task.cmake.build:Building CMake package in '/home/mengo/amr_project_ws/src/turtlebot3_gazebo'
[3.198s] INFO:colcon.colcon_core.shell:Skip shell extension 'powershell' for command environment: Not usable outside of PowerShell
[3.198s] DEBUG:colcon.colcon_core.shell:Skip shell extension 'dsv' for command environment
[3.866s] INFO:colcon.colcon_core.task.python.build:Building Python package in '/home/mengo/amr_project_ws/src/exploration'
[3.906s] INFO:colcon.colcon_core.shell:Skip shell extension 'powershell' for command environment: Not usable outside of PowerShell
[3.907s] DEBUG:colcon.colcon_core.shell:Skip shell extension 'dsv' for command environment
[4.081s] DEBUG:colcon.colcon_core.event_handler.log_command:Invoking command in '/home/mengo/amr_project_ws/build/turtlebot3_gazebo': CMAKE_PREFIX_PATH=${CMAKE_PREFIX_PATH}:/home/mengo/amr_project_ws/install/exploration:/opt/ros/humble /usr/bin/cmake --build /home/mengo/amr_project_ws/build/turtlebot3_gazebo -- -j12 -l12
[4.310s] DEBUG:colcon.colcon_core.event_handler.log_command:Invoked command in '/home/mengo/amr_project_ws/build/turtlebot3_gazebo' returned '0': CMAKE_PREFIX_PATH=${CMAKE_PREFIX_PATH}:/home/mengo/amr_project_ws/install/exploration:/opt/ros/humble /usr/bin/cmake --build /home/mengo/amr_project_ws/build/turtlebot3_gazebo -- -j12 -l12
[4.395s] DEBUG:colcon.colcon_core.event_handler.log_command:Invoking command in '/home/mengo/amr_project_ws/build/turtlebot3_gazebo': CMAKE_PREFIX_PATH=${CMAKE_PREFIX_PATH}:/home/mengo/amr_project_ws/install/exploration:/opt/ros/humble /usr/bin/cmake --install /home/mengo/amr_project_ws/build/turtlebot3_gazebo
[4.413s] Level 1:colcon.colcon_core.environment:create_environment_scripts_only(turtlebot3_gazebo)
[4.436s] DEBUG:colcon.colcon_core.event_handler.log_command:Invoked command in '/home/mengo/amr_project_ws/build/turtlebot3_gazebo' returned '0': CMAKE_PREFIX_PATH=${CMAKE_PREFIX_PATH}:/home/mengo/amr_project_ws/install/exploration:/opt/ros/humble /usr/bin/cmake --install /home/mengo/amr_project_ws/build/turtlebot3_gazebo
[4.461s] Level 1:colcon.colcon_core.environment:checking '/home/mengo/amr_project_ws/install/turtlebot3_gazebo' for CMake module files
[4.462s] Level 1:colcon.colcon_core.environment:checking '/home/mengo/amr_project_ws/install/turtlebot3_gazebo' for CMake config files
[4.462s] Level 1:colcon.colcon_core.shell:create_environment_hook('turtlebot3_gazebo', 'cmake_prefix_path')
[4.495s] INFO:colcon.colcon_core.shell:Creating environment hook '/home/mengo/amr_project_ws/install/turtlebot3_gazebo/share/turtlebot3_gazebo/hook/cmake_prefix_path.ps1'
[4.495s] INFO:colcon.colcon_core.shell:Creating environment descriptor '/home/mengo/amr_project_ws/install/turtlebot3_gazebo/share/turtlebot3_gazebo/hook/cmake_prefix_path.dsv'
[4.496s] INFO:colcon.colcon_core.shell:Creating environment hook '/home/mengo/amr_project_ws/install/turtlebot3_gazebo/share/turtlebot3_gazebo/hook/cmake_prefix_path.sh'
[4.496s] Level 1:colcon.colcon_core.environment:checking '/home/mengo/amr_project_ws/install/turtlebot3_gazebo/lib'
[4.497s] Level 1:colcon.colcon_core.environment:checking '/home/mengo/amr_project_ws/install/turtlebot3_gazebo/bin'
[4.497s] Level 1:colcon.colcon_core.environment:checking '/home/mengo/amr_project_ws/install/turtlebot3_gazebo/lib/pkgconfig/turtlebot3_gazebo.pc'
[4.497s] Level 1:colcon.colcon_core.environment:checking '/home/mengo/amr_project_ws/install/turtlebot3_gazebo/lib/python3.10/site-packages'
[4.497s] Level 1:colcon.colcon_core.environment:checking '/home/mengo/amr_project_ws/install/turtlebot3_gazebo/bin'
[4.528s] INFO:colcon.colcon_core.shell:Creating package script '/home/mengo/amr_project_ws/install/turtlebot3_gazebo/share/turtlebot3_gazebo/package.ps1'
[4.529s] INFO:colcon.colcon_core.shell:Creating package descriptor '/home/mengo/amr_project_ws/install/turtlebot3_gazebo/share/turtlebot3_gazebo/package.dsv'
[4.529s] INFO:colcon.colcon_core.shell:Creating package script '/home/mengo/amr_project_ws/install/turtlebot3_gazebo/share/turtlebot3_gazebo/package.sh'
[4.530s] INFO:colcon.colcon_core.shell:Creating package script '/home/mengo/amr_project_ws/install/turtlebot3_gazebo/share/turtlebot3_gazebo/package.bash'
[4.530s] INFO:colcon.colcon_core.shell:Creating package script '/home/mengo/amr_project_ws/install/turtlebot3_gazebo/share/turtlebot3_gazebo/package.zsh'
[4.531s] Level 1:colcon.colcon_core.environment:create_file_with_runtime_dependencies(/home/mengo/amr_project_ws/install/turtlebot3_gazebo/share/colcon-core/packages/turtlebot3_gazebo)
[4.618s] Level 1:colcon.colcon_core.environment:create_environment_scripts_only(turtlebot3_gazebo)
[4.642s] Level 1:colcon.colcon_core.environment:checking '/home/mengo/amr_project_ws/install/turtlebot3_gazebo' for CMake module files
[4.646s] Level 1:colcon.colcon_core.environment:checking '/home/mengo/amr_project_ws/install/turtlebot3_gazebo' for CMake config files
[4.647s] Level 1:colcon.colcon_core.shell:create_environment_hook('turtlebot3_gazebo', 'cmake_prefix_path')
[4.677s] INFO:colcon.colcon_core.shell:Creating environment hook '/home/mengo/amr_project_ws/install/turtlebot3_gazebo/share/turtlebot3_gazebo/hook/cmake_prefix_path.ps1'
[4.678s] INFO:colcon.colcon_core.shell:Creating environment descriptor '/home/mengo/amr_project_ws/install/turtlebot3_gazebo/share/turtlebot3_gazebo/hook/cmake_prefix_path.dsv'
[4.679s] INFO:colcon.colcon_core.shell:Creating environment hook '/home/mengo/amr_project_ws/install/turtlebot3_gazebo/share/turtlebot3_gazebo/hook/cmake_prefix_path.sh'
[4.680s] Level 1:colcon.colcon_core.environment:checking '/home/mengo/amr_project_ws/install/turtlebot3_gazebo/lib'
[4.680s] Level 1:colcon.colcon_core.environment:checking '/home/mengo/amr_project_ws/install/turtlebot3_gazebo/bin'
[4.680s] Level 1:colcon.colcon_core.environment:checking '/home/mengo/amr_project_ws/install/turtlebot3_gazebo/lib/pkgconfig/turtlebot3_gazebo.pc'
[4.680s] Level 1:colcon.colcon_core.environment:checking '/home/mengo/amr_project_ws/install/turtlebot3_gazebo/lib/python3.10/site-packages'
[4.680s] Level 1:colcon.colcon_core.environment:checking '/home/mengo/amr_project_ws/install/turtlebot3_gazebo/bin'
[4.713s] INFO:colcon.colcon_core.shell:Creating package script '/home/mengo/amr_project_ws/install/turtlebot3_gazebo/share/turtlebot3_gazebo/package.ps1'
[4.714s] INFO:colcon.colcon_core.shell:Creating package descriptor '/home/mengo/amr_project_ws/install/turtlebot3_gazebo/share/turtlebot3_gazebo/package.dsv'
[4.715s] INFO:colcon.colcon_core.shell:Creating package script '/home/mengo/amr_project_ws/install/turtlebot3_gazebo/share/turtlebot3_gazebo/package.sh'
[4.715s] INFO:colcon.colcon_core.shell:Creating package script '/home/mengo/amr_project_ws/install/turtlebot3_gazebo/share/turtlebot3_gazebo/package.bash'
[4.716s] INFO:colcon.colcon_core.shell:Creating package script '/home/mengo/amr_project_ws/install/turtlebot3_gazebo/share/turtlebot3_gazebo/package.zsh'
[4.716s] Level 1:colcon.colcon_core.environment:create_file_with_runtime_dependencies(/home/mengo/amr_project_ws/install/turtlebot3_gazebo/share/colcon-core/packages/turtlebot3_gazebo)
[4.854s] DEBUG:colcon.colcon_core.event_handler.log_command:Invoking command in '/home/mengo/amr_project_ws/src/exploration': PYTHONPATH=/home/mengo/amr_project_ws/build/exploration/prefix_override:/home/mengo/amr_project_ws/install/exploration/lib/python3.10/site-packages:${PYTHONPATH} /usr/bin/python3 setup.py egg_info --egg-base ../../build/exploration build --build-base /home/mengo/amr_project_ws/build/exploration/build install --record /home/mengo/amr_project_ws/build/exploration/install.log --single-version-externally-managed
[5.480s] DEBUG:colcon.colcon_core.event_handler.log_command:Invoked command in '/home/mengo/amr_project_ws/src/exploration' returned '0': PYTHONPATH=/home/mengo/amr_project_ws/build/exploration/prefix_override:/home/mengo/amr_project_ws/install/exploration/lib/python3.10/site-packages:${PYTHONPATH} /usr/bin/python3 setup.py egg_info --egg-base ../../build/exploration build --build-base /home/mengo/amr_project_ws/build/exploration/build install --record /home/mengo/amr_project_ws/build/exploration/install.log --single-version-externally-managed
[5.512s] Level 1:colcon.colcon_core.environment:checking '/home/mengo/amr_project_ws/install/exploration' for CMake module files
[5.512s] Level 1:colcon.colcon_core.environment:checking '/home/mengo/amr_project_ws/install/exploration' for CMake config files
[5.513s] Level 1:colcon.colcon_core.environment:checking '/home/mengo/amr_project_ws/install/exploration/lib'
[5.513s] Level 1:colcon.colcon_core.environment:checking '/home/mengo/amr_project_ws/install/exploration/bin'
[5.513s] Level 1:colcon.colcon_core.environment:checking '/home/mengo/amr_project_ws/install/exploration/lib/pkgconfig/exploration.pc'
[5.514s] Level 1:colcon.colcon_core.environment:checking '/home/mengo/amr_project_ws/install/exploration/lib/python3.10/site-packages'
[5.514s] Level 1:colcon.colcon_core.shell:create_environment_hook('exploration', 'pythonpath')
[5.558s] INFO:colcon.colcon_core.shell:Creating environment hook '/home/mengo/amr_project_ws/install/exploration/share/exploration/hook/pythonpath.ps1'
[5.559s] INFO:colcon.colcon_core.shell:Creating environment descriptor '/home/mengo/amr_project_ws/install/exploration/share/exploration/hook/pythonpath.dsv'
[5.559s] INFO:colcon.colcon_core.shell:Creating environment hook '/home/mengo/amr_project_ws/install/exploration/share/exploration/hook/pythonpath.sh'
[5.560s] Level 1:colcon.colcon_core.environment:checking '/home/mengo/amr_project_ws/install/exploration/bin'
[5.561s] Level 1:colcon.colcon_core.environment:create_environment_scripts_only(exploration)
[5.608s] INFO:colcon.colcon_core.shell:Creating package script '/home/mengo/amr_project_ws/install/exploration/share/exploration/package.ps1'
[5.612s] INFO:colcon.colcon_core.shell:Creating package descriptor '/home/mengo/amr_project_ws/install/exploration/share/exploration/package.dsv'
[5.613s] INFO:colcon.colcon_core.shell:Creating package script '/home/mengo/amr_project_ws/install/exploration/share/exploration/package.sh'
[5.614s] INFO:colcon.colcon_core.shell:Creating package script '/home/mengo/amr_project_ws/install/exploration/share/exploration/package.bash'
[5.615s] INFO:colcon.colcon_core.shell:Creating package script '/home/mengo/amr_project_ws/install/exploration/share/exploration/package.zsh'
[5.615s] Level 1:colcon.colcon_core.environment:create_file_with_runtime_dependencies(/home/mengo/amr_project_ws/install/exploration/share/colcon-core/packages/exploration)
[5.616s] DEBUG:colcon.colcon_parallel_executor.executor.parallel:closing loop
[5.616s] DEBUG:colcon.colcon_parallel_executor.executor.parallel:loop closed
[5.616s] DEBUG:colcon.colcon_parallel_executor.executor.parallel:run_until_complete finished with '0'
[5.617s] DEBUG:colcon.colcon_core.event_reactor:joining thread
[5.692s] INFO:colcon.colcon_core.plugin_system:Skipping extension 'colcon_notification.desktop_notification.terminal_notifier': Not used on non-Darwin systems
[5.694s] INFO:colcon.colcon_core.plugin_system:Skipping extension 'colcon_notification.desktop_notification.win32': Not used on non-Windows systems
[5.695s] INFO:colcon.colcon_notification.desktop_notification:Sending desktop notification using 'notify2'
[5.732s] DEBUG:colcon.colcon_core.event_reactor:joined thread
[5.807s] INFO:colcon.colcon_core.shell:Creating prefix script '/home/mengo/amr_project_ws/install/local_setup.ps1'
[5.811s] INFO:colcon.colcon_core.shell:Creating prefix util module '/home/mengo/amr_project_ws/install/_local_setup_util_ps1.py'
[5.816s] INFO:colcon.colcon_core.shell:Creating prefix chain script '/home/mengo/amr_project_ws/install/setup.ps1'
[5.917s] INFO:colcon.colcon_core.shell:Creating prefix script '/home/mengo/amr_project_ws/install/local_setup.sh'
[5.918s] INFO:colcon.colcon_core.shell:Creating prefix util module '/home/mengo/amr_project_ws/install/_local_setup_util_sh.py'
[5.919s] INFO:colcon.colcon_core.shell:Creating prefix chain script '/home/mengo/amr_project_ws/install/setup.sh'
[5.958s] INFO:colcon.colcon_core.shell:Creating prefix script '/home/mengo/amr_project_ws/install/local_setup.bash'
[5.958s] INFO:colcon.colcon_core.shell:Creating prefix chain script '/home/mengo/amr_project_ws/install/setup.bash'
[5.991s] INFO:colcon.colcon_core.shell:Creating prefix script '/home/mengo/amr_project_ws/install/local_setup.zsh'
[5.991s] INFO:colcon.colcon_core.shell:Creating prefix chain script '/home/mengo/amr_project_ws/install/setup.zsh'
