[1.211s] Invoking command in '/home/mengo/amr_project_ws/src/exploration': PYTHONPATH=/home/mengo/amr_project_ws/build/exploration/prefix_override:/home/mengo/amr_project_ws/install/exploration/lib/python3.10/site-packages:${PYTHONPATH} /usr/bin/python3 setup.py egg_info --egg-base ../../build/exploration build --build-base /home/mengo/amr_project_ws/build/exploration/build install --record /home/mengo/amr_project_ws/build/exploration/install.log --single-version-externally-managed
[1.465s] running egg_info
[1.465s] writing ../../build/exploration/exploration.egg-info/PKG-INFO
[1.465s] writing dependency_links to ../../build/exploration/exploration.egg-info/dependency_links.txt
[1.465s] writing entry points to ../../build/exploration/exploration.egg-info/entry_points.txt
[1.466s] writing requirements to ../../build/exploration/exploration.egg-info/requires.txt
[1.466s] writing top-level names to ../../build/exploration/exploration.egg-info/top_level.txt
[1.467s] reading manifest file '../../build/exploration/exploration.egg-info/SOURCES.txt'
[1.467s] adding license file 'LICENSE'
[1.468s] writing manifest file '../../build/exploration/exploration.egg-info/SOURCES.txt'
[1.468s] running build
[1.468s] running build_py
[1.468s] copying exploration/exploration.py -> /home/mengo/amr_project_ws/build/exploration/build/lib/exploration
[1.469s] running install
[1.469s] running install_lib
[1.469s] copying /home/mengo/amr_project_ws/build/exploration/build/lib/exploration/exploration.py -> /home/mengo/amr_project_ws/install/exploration/lib/python3.10/site-packages/exploration
[1.470s] byte-compiling /home/mengo/amr_project_ws/install/exploration/lib/python3.10/site-packages/exploration/exploration.py to exploration.cpython-310.pyc
[1.473s] running install_data
[1.473s] running install_egg_info
[1.475s] removing '/home/mengo/amr_project_ws/install/exploration/lib/python3.10/site-packages/exploration-0.0.0-py3.10.egg-info' (and everything under it)
[1.475s] Copying ../../build/exploration/exploration.egg-info to /home/mengo/amr_project_ws/install/exploration/lib/python3.10/site-packages/exploration-0.0.0-py3.10.egg-info
[1.476s] running install_scripts
[1.492s] Installing exploration script to /home/mengo/amr_project_ws/install/exploration/lib/exploration
[1.492s] writing list of installed files to '/home/mengo/amr_project_ws/build/exploration/install.log'
[1.509s] Invoked command in '/home/mengo/amr_project_ws/src/exploration' returned '0': PYTHONPATH=/home/mengo/amr_project_ws/build/exploration/prefix_override:/home/mengo/amr_project_ws/install/exploration/lib/python3.10/site-packages:${PYTHONPATH} /usr/bin/python3 setup.py egg_info --egg-base ../../build/exploration build --build-base /home/mengo/amr_project_ws/build/exploration/build install --record /home/mengo/amr_project_ws/build/exploration/install.log --single-version-externally-managed
