[2.464s] Invoking command in '/home/mengo/amr_project_ws/src/exploration': PYTHONPATH=/home/mengo/amr_project_ws/build/exploration/prefix_override:/home/mengo/amr_project_ws/install/exploration/lib/python3.10/site-packages:${PYTHONPATH} /usr/bin/python3 setup.py egg_info --egg-base ../../build/exploration build --build-base /home/mengo/amr_project_ws/build/exploration/build install --record /home/mengo/amr_project_ws/build/exploration/install.log --single-version-externally-managed
[3.097s] running egg_info
[3.099s] writing ../../build/exploration/exploration.egg-info/PKG-INFO
[3.099s] writing dependency_links to ../../build/exploration/exploration.egg-info/dependency_links.txt
[3.100s] writing entry points to ../../build/exploration/exploration.egg-info/entry_points.txt
[3.100s] writing requirements to ../../build/exploration/exploration.egg-info/requires.txt
[3.100s] writing top-level names to ../../build/exploration/exploration.egg-info/top_level.txt
[3.106s] reading manifest file '../../build/exploration/exploration.egg-info/SOURCES.txt'
[3.106s] adding license file 'LICENSE'
[3.108s] writing manifest file '../../build/exploration/exploration.egg-info/SOURCES.txt'
[3.108s] running build
[3.108s] running build_py
[3.108s] running install
[3.109s] running install_lib
[3.111s] running install_data
[3.114s] running install_egg_info
[3.117s] removing '/home/mengo/amr_project_ws/install/exploration/lib/python3.10/site-packages/exploration-0.0.0-py3.10.egg-info' (and everything under it)
[3.117s] Copying ../../build/exploration/exploration.egg-info to /home/mengo/amr_project_ws/install/exploration/lib/python3.10/site-packages/exploration-0.0.0-py3.10.egg-info
[3.118s] running install_scripts
[3.156s] Installing exploration script to /home/mengo/amr_project_ws/install/exploration/lib/exploration
[3.156s] writing list of installed files to '/home/mengo/amr_project_ws/build/exploration/install.log'
[3.225s] Invoked command in '/home/mengo/amr_project_ws/src/exploration' returned '0': PYTHONPATH=/home/mengo/amr_project_ws/build/exploration/prefix_override:/home/mengo/amr_project_ws/install/exploration/lib/python3.10/site-packages:${PYTHONPATH} /usr/bin/python3 setup.py egg_info --egg-base ../../build/exploration build --build-base /home/mengo/amr_project_ws/build/exploration/build install --record /home/mengo/amr_project_ws/build/exploration/install.log --single-version-externally-managed
