running egg_info
writing ../../../build/sanification/sanification.egg-info/PKG-INFO
writing dependency_links to ../../../build/sanification/sanification.egg-info/dependency_links.txt
writing entry points to ../../../build/sanification/sanification.egg-info/entry_points.txt
writing requirements to ../../../build/sanification/sanification.egg-info/requires.txt
writing top-level names to ../../../build/sanification/sanification.egg-info/top_level.txt
reading manifest file '../../../build/sanification/sanification.egg-info/SOURCES.txt'
writing manifest file '../../../build/sanification/sanification.egg-info/SOURCES.txt'
running build
running build_py
copying sanification/test.py -> /home/mengo/amr_project_ws/build/sanification/build/lib/sanification
copying sanification/__init__.py -> /home/mengo/amr_project_ws/build/sanification/build/lib/sanification
copying sanification/planner.py -> /home/mengo/amr_project_ws/build/sanification/build/lib/sanification
copying sanification/localization.py -> /home/mengo/amr_project_ws/build/sanification/build/lib/sanification
copying sanification/navigation.py -> /home/mengo/amr_project_ws/build/sanification/build/lib/sanification
copying sanification/sanification.py -> /home/mengo/amr_project_ws/build/sanification/build/lib/sanification
running install
running install_lib
copying /home/mengo/amr_project_ws/build/sanification/build/lib/sanification/test.py -> /home/mengo/amr_project_ws/install/sanification/lib/python3.10/site-packages/sanification
copying /home/mengo/amr_project_ws/build/sanification/build/lib/sanification/__init__.py -> /home/mengo/amr_project_ws/install/sanification/lib/python3.10/site-packages/sanification
copying /home/mengo/amr_project_ws/build/sanification/build/lib/sanification/planner.py -> /home/mengo/amr_project_ws/install/sanification/lib/python3.10/site-packages/sanification
copying /home/mengo/amr_project_ws/build/sanification/build/lib/sanification/localization.py -> /home/mengo/amr_project_ws/install/sanification/lib/python3.10/site-packages/sanification
copying /home/mengo/amr_project_ws/build/sanification/build/lib/sanification/navigation.py -> /home/mengo/amr_project_ws/install/sanification/lib/python3.10/site-packages/sanification
copying /home/mengo/amr_project_ws/build/sanification/build/lib/sanification/sanification.py -> /home/mengo/amr_project_ws/install/sanification/lib/python3.10/site-packages/sanification
byte-compiling /home/mengo/amr_project_ws/install/sanification/lib/python3.10/site-packages/sanification/test.py to test.cpython-310.pyc
byte-compiling /home/mengo/amr_project_ws/install/sanification/lib/python3.10/site-packages/sanification/__init__.py to __init__.cpython-310.pyc
byte-compiling /home/mengo/amr_project_ws/install/sanification/lib/python3.10/site-packages/sanification/planner.py to planner.cpython-310.pyc
byte-compiling /home/mengo/amr_project_ws/install/sanification/lib/python3.10/site-packages/sanification/localization.py to localization.cpython-310.pyc
byte-compiling /home/mengo/amr_project_ws/install/sanification/lib/python3.10/site-packages/sanification/navigation.py to navigation.cpython-310.pyc
byte-compiling /home/mengo/amr_project_ws/install/sanification/lib/python3.10/site-packages/sanification/sanification.py to sanification.cpython-310.pyc
running install_data
copying resource/sanification -> /home/mengo/amr_project_ws/install/sanification/share/ament_index/resource_index/packages
copying package.xml -> /home/mengo/amr_project_ws/install/sanification/share/sanification
copying launch/sanification.launch.py -> /home/mengo/amr_project_ws/install/sanification/share/sanification
running install_egg_info
removing '/home/mengo/amr_project_ws/install/sanification/lib/python3.10/site-packages/sanification-0.0.0-py3.10.egg-info' (and everything under it)
Copying ../../../build/sanification/sanification.egg-info to /home/mengo/amr_project_ws/install/sanification/lib/python3.10/site-packages/sanification-0.0.0-py3.10.egg-info
running install_scripts
Installing localization script to /home/mengo/amr_project_ws/install/sanification/lib/sanification
Installing navigation script to /home/mengo/amr_project_ws/install/sanification/lib/sanification
Installing sanification script to /home/mengo/amr_project_ws/install/sanification/lib/sanification
writing list of installed files to '/home/mengo/amr_project_ws/build/sanification/install.log'
