[0.883s] Invoking command in '/home/mengo/amr_project_ws/build/turtlebot3_gazebo': CMAKE_PREFIX_PATH=${CMAKE_PREFIX_PATH}:/home/mengo/amr_project_ws/install/exploration:/opt/ros/humble /usr/bin/cmake --build /home/mengo/amr_project_ws/build/turtlebot3_gazebo -- -j12 -l12
[1.132s] [ 25%] Built target turtlebot3_drive
[1.195s] [ 75%] Built target obstacle1
[1.196s] [ 75%] Built target obstacle2
[1.201s] [100%] Built target obstacles
[1.224s] Invoked command in '/home/mengo/amr_project_ws/build/turtlebot3_gazebo' returned '0': CMAKE_PREFIX_PATH=${CMAKE_PREFIX_PATH}:/home/mengo/amr_project_ws/install/exploration:/opt/ros/humble /usr/bin/cmake --build /home/mengo/amr_project_ws/build/turtlebot3_gazebo -- -j12 -l12
[1.283s] Invoking command in '/home/mengo/amr_project_ws/build/turtlebot3_gazebo': CMAKE_PREFIX_PATH=${CMAKE_PREFIX_PATH}:/home/mengo/amr_project_ws/install/exploration:/opt/ros/humble /usr/bin/cmake --install /home/mengo/amr_project_ws/build/turtlebot3_gazebo
[1.294s] -- Install configuration: ""
[1.295s] -- Up-to-date: /home/mengo/amr_project_ws/install/turtlebot3_gazebo/lib/turtlebot3_gazebo/turtlebot3_drive
[1.295s] -- Up-to-date: /home/mengo/amr_project_ws/install/turtlebot3_gazebo/share/turtlebot3_gazebo//launch
[1.295s] -- Up-to-date: /home/mengo/amr_project_ws/install/turtlebot3_gazebo/share/turtlebot3_gazebo//launch/turtlebot3_dqn_stage1.launch.py
[1.295s] -- Up-to-date: /home/mengo/amr_project_ws/install/turtlebot3_gazebo/share/turtlebot3_gazebo//launch/turtlebot3_house.launch.py
[1.296s] -- Up-to-date: /home/mengo/amr_project_ws/install/turtlebot3_gazebo/share/turtlebot3_gazebo//launch/turtlebot3_dqn_stage2.launch.py
[1.296s] -- Up-to-date: /home/mengo/amr_project_ws/install/turtlebot3_gazebo/share/turtlebot3_gazebo//launch/turtlebot3_world.launch.py
[1.296s] -- Up-to-date: /home/mengo/amr_project_ws/install/turtlebot3_gazebo/share/turtlebot3_gazebo//launch/turtlebot3_big_house.launch.py
[1.296s] -- Up-to-date: /home/mengo/amr_project_ws/install/turtlebot3_gazebo/share/turtlebot3_gazebo//launch/robot_state_publisher.launch.py
[1.297s] -- Up-to-date: /home/mengo/amr_project_ws/install/turtlebot3_gazebo/share/turtlebot3_gazebo//launch/turtlebot3_dqn_stage4.launch.py
[1.297s] -- Up-to-date: /home/mengo/amr_project_ws/install/turtlebot3_gazebo/share/turtlebot3_gazebo//launch/empty_world.launch.py
[1.297s] -- Up-to-date: /home/mengo/amr_project_ws/install/turtlebot3_gazebo/share/turtlebot3_gazebo//launch/spawn_turtlebot3.launch.py
[1.297s] -- Up-to-date: /home/mengo/amr_project_ws/install/turtlebot3_gazebo/share/turtlebot3_gazebo//launch/turtlebot3_dqn_stage3.launch.py
[1.297s] -- Up-to-date: /home/mengo/amr_project_ws/install/turtlebot3_gazebo/share/turtlebot3_gazebo//models
[1.298s] -- Up-to-date: /home/mengo/amr_project_ws/install/turtlebot3_gazebo/share/turtlebot3_gazebo//models/turtlebot3_burger
[1.298s] -- Up-to-date: /home/mengo/amr_project_ws/install/turtlebot3_gazebo/share/turtlebot3_gazebo//models/turtlebot3_burger/model-1_4.sdf
[1.298s] -- Up-to-date: /home/mengo/amr_project_ws/install/turtlebot3_gazebo/share/turtlebot3_gazebo//models/turtlebot3_burger/model.sdf
[1.298s] -- Up-to-date: /home/mengo/amr_project_ws/install/turtlebot3_gazebo/share/turtlebot3_gazebo//models/turtlebot3_burger/model.config
[1.298s] -- Up-to-date: /home/mengo/amr_project_ws/install/turtlebot3_gazebo/share/turtlebot3_gazebo//models/turtlebot3_dqn_world
[1.298s] -- Up-to-date: /home/mengo/amr_project_ws/install/turtlebot3_gazebo/share/turtlebot3_gazebo//models/turtlebot3_dqn_world/obstacle_plugin
[1.299s] -- Up-to-date: /home/mengo/amr_project_ws/install/turtlebot3_gazebo/share/turtlebot3_gazebo//models/turtlebot3_dqn_world/obstacle_plugin/obstacle1.cc
[1.299s] -- Up-to-date: /home/mengo/amr_project_ws/install/turtlebot3_gazebo/share/turtlebot3_gazebo//models/turtlebot3_dqn_world/obstacle_plugin/CMakeLists.txt
[1.299s] -- Up-to-date: /home/mengo/amr_project_ws/install/turtlebot3_gazebo/share/turtlebot3_gazebo//models/turtlebot3_dqn_world/obstacle_plugin/obstacle2.cc
[1.299s] -- Up-to-date: /home/mengo/amr_project_ws/install/turtlebot3_gazebo/share/turtlebot3_gazebo//models/turtlebot3_dqn_world/obstacle_plugin/obstacles.cc
[1.299s] -- Up-to-date: /home/mengo/amr_project_ws/install/turtlebot3_gazebo/share/turtlebot3_gazebo//models/turtlebot3_dqn_world/goal_box
[1.300s] -- Up-to-date: /home/mengo/amr_project_ws/install/turtlebot3_gazebo/share/turtlebot3_gazebo//models/turtlebot3_dqn_world/goal_box/model.sdf
[1.300s] -- Up-to-date: /home/mengo/amr_project_ws/install/turtlebot3_gazebo/share/turtlebot3_gazebo//models/turtlebot3_dqn_world/goal_box/model.config
[1.300s] -- Up-to-date: /home/mengo/amr_project_ws/install/turtlebot3_gazebo/share/turtlebot3_gazebo//models/turtlebot3_dqn_world/obstacle1
[1.300s] -- Up-to-date: /home/mengo/amr_project_ws/install/turtlebot3_gazebo/share/turtlebot3_gazebo//models/turtlebot3_dqn_world/obstacle1/model.sdf
[1.300s] -- Up-to-date: /home/mengo/amr_project_ws/install/turtlebot3_gazebo/share/turtlebot3_gazebo//models/turtlebot3_dqn_world/obstacle1/model.config
[1.300s] -- Up-to-date: /home/mengo/amr_project_ws/install/turtlebot3_gazebo/share/turtlebot3_gazebo//models/turtlebot3_dqn_world/inner_walls
[1.301s] -- Up-to-date: /home/mengo/amr_project_ws/install/turtlebot3_gazebo/share/turtlebot3_gazebo//models/turtlebot3_dqn_world/inner_walls/model.sdf
[1.302s] -- Up-to-date: /home/mengo/amr_project_ws/install/turtlebot3_gazebo/share/turtlebot3_gazebo//models/turtlebot3_dqn_world/inner_walls/model.config
[1.303s] -- Up-to-date: /home/mengo/amr_project_ws/install/turtlebot3_gazebo/share/turtlebot3_gazebo//models/turtlebot3_dqn_world/model.sdf
[1.304s] -- Up-to-date: /home/mengo/amr_project_ws/install/turtlebot3_gazebo/share/turtlebot3_gazebo//models/turtlebot3_dqn_world/obstacle2
[1.304s] -- Up-to-date: /home/mengo/amr_project_ws/install/turtlebot3_gazebo/share/turtlebot3_gazebo//models/turtlebot3_dqn_world/obstacle2/model.sdf
[1.304s] -- Up-to-date: /home/mengo/amr_project_ws/install/turtlebot3_gazebo/share/turtlebot3_gazebo//models/turtlebot3_dqn_world/obstacle2/model.config
[1.304s] -- Up-to-date: /home/mengo/amr_project_ws/install/turtlebot3_gazebo/share/turtlebot3_gazebo//models/turtlebot3_dqn_world/obstacles
[1.305s] -- Up-to-date: /home/mengo/amr_project_ws/install/turtlebot3_gazebo/share/turtlebot3_gazebo//models/turtlebot3_dqn_world/obstacles/model.sdf
[1.306s] -- Up-to-date: /home/mengo/amr_project_ws/install/turtlebot3_gazebo/share/turtlebot3_gazebo//models/turtlebot3_dqn_world/obstacles/model.config
[1.308s] -- Up-to-date: /home/mengo/amr_project_ws/install/turtlebot3_gazebo/share/turtlebot3_gazebo//models/turtlebot3_dqn_world/model.config
[1.308s] -- Up-to-date: /home/mengo/amr_project_ws/install/turtlebot3_gazebo/share/turtlebot3_gazebo//models/turtlebot3_common
[1.308s] -- Up-to-date: /home/mengo/amr_project_ws/install/turtlebot3_gazebo/share/turtlebot3_gazebo//models/turtlebot3_common/model.config
[1.308s] -- Up-to-date: /home/mengo/amr_project_ws/install/turtlebot3_gazebo/share/turtlebot3_gazebo//models/turtlebot3_common/meshes
[1.308s] -- Up-to-date: /home/mengo/amr_project_ws/install/turtlebot3_gazebo/share/turtlebot3_gazebo//models/turtlebot3_common/meshes/tire.dae
[1.309s] -- Up-to-date: /home/mengo/amr_project_ws/install/turtlebot3_gazebo/share/turtlebot3_gazebo//models/turtlebot3_common/meshes/burger_base.dae
[1.309s] -- Up-to-date: /home/mengo/amr_project_ws/install/turtlebot3_gazebo/share/turtlebot3_gazebo//models/turtlebot3_common/meshes/lds.dae
[1.309s] -- Up-to-date: /home/mengo/amr_project_ws/install/turtlebot3_gazebo/share/turtlebot3_gazebo//models/turtlebot3_common/meshes/waffle_pi_base.dae
[1.309s] -- Up-to-date: /home/mengo/amr_project_ws/install/turtlebot3_gazebo/share/turtlebot3_gazebo//models/turtlebot3_common/meshes/waffle_base.dae
[1.310s] -- Up-to-date: /home/mengo/amr_project_ws/install/turtlebot3_gazebo/share/turtlebot3_gazebo//models/turtlebot3_common/meshes/r200.dae
[1.310s] -- Up-to-date: /home/mengo/amr_project_ws/install/turtlebot3_gazebo/share/turtlebot3_gazebo//models/turtlebot3_waffle
[1.310s] -- Up-to-date: /home/mengo/amr_project_ws/install/turtlebot3_gazebo/share/turtlebot3_gazebo//models/turtlebot3_waffle/model-1_4.sdf
[1.310s] -- Up-to-date: /home/mengo/amr_project_ws/install/turtlebot3_gazebo/share/turtlebot3_gazebo//models/turtlebot3_waffle/model.sdf
[1.311s] -- Up-to-date: /home/mengo/amr_project_ws/install/turtlebot3_gazebo/share/turtlebot3_gazebo//models/turtlebot3_waffle/model.config
[1.311s] -- Up-to-date: /home/mengo/amr_project_ws/install/turtlebot3_gazebo/share/turtlebot3_gazebo//models/turtlebot3_waffle_pi
[1.311s] -- Up-to-date: /home/mengo/amr_project_ws/install/turtlebot3_gazebo/share/turtlebot3_gazebo//models/turtlebot3_waffle_pi/model.sdf
[1.311s] -- Up-to-date: /home/mengo/amr_project_ws/install/turtlebot3_gazebo/share/turtlebot3_gazebo//models/turtlebot3_waffle_pi/model.config
[1.311s] -- Up-to-date: /home/mengo/amr_project_ws/install/turtlebot3_gazebo/share/turtlebot3_gazebo//models/turtlebot3_waffle_pi/model-1_4_.sdf
[1.312s] -- Up-to-date: /home/mengo/amr_project_ws/install/turtlebot3_gazebo/share/turtlebot3_gazebo//models/turtlebot3_house
[1.312s] -- Up-to-date: /home/mengo/amr_project_ws/install/turtlebot3_gazebo/share/turtlebot3_gazebo//models/turtlebot3_house/model.sdf
[1.312s] -- Up-to-date: /home/mengo/amr_project_ws/install/turtlebot3_gazebo/share/turtlebot3_gazebo//models/turtlebot3_house/model.config
[1.312s] -- Up-to-date: /home/mengo/amr_project_ws/install/turtlebot3_gazebo/share/turtlebot3_gazebo//models/turtlebot3_big_house
[1.313s] -- Up-to-date: /home/mengo/amr_project_ws/install/turtlebot3_gazebo/share/turtlebot3_gazebo//models/turtlebot3_big_house/model.sdf
[1.313s] -- Up-to-date: /home/mengo/amr_project_ws/install/turtlebot3_gazebo/share/turtlebot3_gazebo//models/turtlebot3_big_house/model.config
[1.313s] -- Up-to-date: /home/mengo/amr_project_ws/install/turtlebot3_gazebo/share/turtlebot3_gazebo//models/turtlebot3_world
[1.313s] -- Up-to-date: /home/mengo/amr_project_ws/install/turtlebot3_gazebo/share/turtlebot3_gazebo//models/turtlebot3_world/model-1_4.sdf
[1.314s] -- Up-to-date: /home/mengo/amr_project_ws/install/turtlebot3_gazebo/share/turtlebot3_gazebo//models/turtlebot3_world/model.sdf
[1.314s] -- Up-to-date: /home/mengo/amr_project_ws/install/turtlebot3_gazebo/share/turtlebot3_gazebo//models/turtlebot3_world/model.config
[1.314s] -- Up-to-date: /home/mengo/amr_project_ws/install/turtlebot3_gazebo/share/turtlebot3_gazebo//models/turtlebot3_world/meshes
[1.314s] -- Up-to-date: /home/mengo/amr_project_ws/install/turtlebot3_gazebo/share/turtlebot3_gazebo//models/turtlebot3_world/meshes/hexagon.dae
[1.314s] -- Up-to-date: /home/mengo/amr_project_ws/install/turtlebot3_gazebo/share/turtlebot3_gazebo//models/turtlebot3_world/meshes/wall.dae
[1.314s] -- Up-to-date: /home/mengo/amr_project_ws/install/turtlebot3_gazebo/share/turtlebot3_gazebo//rviz
[1.315s] -- Up-to-date: /home/mengo/amr_project_ws/install/turtlebot3_gazebo/share/turtlebot3_gazebo//rviz/tb3_gazebo.rviz
[1.318s] -- Up-to-date: /home/mengo/amr_project_ws/install/turtlebot3_gazebo/share/turtlebot3_gazebo//urdf
[1.319s] -- Up-to-date: /home/mengo/amr_project_ws/install/turtlebot3_gazebo/share/turtlebot3_gazebo//urdf/turtlebot3_waffle.urdf
[1.319s] -- Up-to-date: /home/mengo/amr_project_ws/install/turtlebot3_gazebo/share/turtlebot3_gazebo//urdf/turtlebot3_waffle_pi.urdf
[1.320s] -- Up-to-date: /home/mengo/amr_project_ws/install/turtlebot3_gazebo/share/turtlebot3_gazebo//urdf/turtlebot3_burger.urdf
[1.320s] -- Up-to-date: /home/mengo/amr_project_ws/install/turtlebot3_gazebo/share/turtlebot3_gazebo//urdf/common_properties.urdf
[1.320s] -- Up-to-date: /home/mengo/amr_project_ws/install/turtlebot3_gazebo/share/turtlebot3_gazebo//worlds
[1.321s] -- Up-to-date: /home/mengo/amr_project_ws/install/turtlebot3_gazebo/share/turtlebot3_gazebo//worlds/turtlebot3_dqn_stage3.world
[1.321s] -- Up-to-date: /home/mengo/amr_project_ws/install/turtlebot3_gazebo/share/turtlebot3_gazebo//worlds/empty_world.world
[1.322s] -- Up-to-date: /home/mengo/amr_project_ws/install/turtlebot3_gazebo/share/turtlebot3_gazebo//worlds/turtlebot3_world.world
[1.322s] -- Up-to-date: /home/mengo/amr_project_ws/install/turtlebot3_gazebo/share/turtlebot3_gazebo//worlds/turtlebot3_house.world
[1.322s] -- Up-to-date: /home/mengo/amr_project_ws/install/turtlebot3_gazebo/share/turtlebot3_gazebo//worlds/turtlebot3_big_houses
[1.322s] -- Up-to-date: /home/mengo/amr_project_ws/install/turtlebot3_gazebo/share/turtlebot3_gazebo//worlds/turtlebot3_big_houses/burger.model
[1.322s] -- Up-to-date: /home/mengo/amr_project_ws/install/turtlebot3_gazebo/share/turtlebot3_gazebo//worlds/turtlebot3_big_houses/waffle_pi.model
[1.322s] -- Up-to-date: /home/mengo/amr_project_ws/install/turtlebot3_gazebo/share/turtlebot3_gazebo//worlds/turtlebot3_big_houses/waffle.model
[1.322s] -- Up-to-date: /home/mengo/amr_project_ws/install/turtlebot3_gazebo/share/turtlebot3_gazebo//worlds/turtlebot3_dqn_stage4.world
[1.323s] -- Up-to-date: /home/mengo/amr_project_ws/install/turtlebot3_gazebo/share/turtlebot3_gazebo//worlds/turtlebot3_dqn_stage2.world
[1.323s] -- Up-to-date: /home/mengo/amr_project_ws/install/turtlebot3_gazebo/share/turtlebot3_gazebo//worlds/turtlebot3_dqn_stage1.world
[1.323s] -- Up-to-date: /home/mengo/amr_project_ws/install/turtlebot3_gazebo/include/
[1.323s] -- Up-to-date: /home/mengo/amr_project_ws/install/turtlebot3_gazebo/include//turtlebot3_gazebo
[1.324s] -- Up-to-date: /home/mengo/amr_project_ws/install/turtlebot3_gazebo/include//turtlebot3_gazebo/turtlebot3_drive.hpp
[1.324s] -- Up-to-date: /home/mengo/amr_project_ws/install/turtlebot3_gazebo/share/ament_index/resource_index/package_run_dependencies/turtlebot3_gazebo
[1.324s] -- Up-to-date: /home/mengo/amr_project_ws/install/turtlebot3_gazebo/share/ament_index/resource_index/parent_prefix_path/turtlebot3_gazebo
[1.324s] -- Up-to-date: /home/mengo/amr_project_ws/install/turtlebot3_gazebo/share/turtlebot3_gazebo/environment/ament_prefix_path.sh
[1.324s] -- Up-to-date: /home/mengo/amr_project_ws/install/turtlebot3_gazebo/share/turtlebot3_gazebo/environment/ament_prefix_path.dsv
[1.324s] -- Up-to-date: /home/mengo/amr_project_ws/install/turtlebot3_gazebo/share/turtlebot3_gazebo/environment/path.sh
[1.324s] -- Up-to-date: /home/mengo/amr_project_ws/install/turtlebot3_gazebo/share/turtlebot3_gazebo/environment/path.dsv
[1.324s] -- Up-to-date: /home/mengo/amr_project_ws/install/turtlebot3_gazebo/share/turtlebot3_gazebo/local_setup.bash
[1.324s] -- Up-to-date: /home/mengo/amr_project_ws/install/turtlebot3_gazebo/share/turtlebot3_gazebo/local_setup.sh
[1.325s] -- Up-to-date: /home/mengo/amr_project_ws/install/turtlebot3_gazebo/share/turtlebot3_gazebo/local_setup.zsh
[1.325s] -- Up-to-date: /home/mengo/amr_project_ws/install/turtlebot3_gazebo/share/turtlebot3_gazebo/local_setup.dsv
[1.325s] -- Installing: /home/mengo/amr_project_ws/install/turtlebot3_gazebo/share/turtlebot3_gazebo/package.dsv
[1.325s] -- Up-to-date: /home/mengo/amr_project_ws/install/turtlebot3_gazebo/share/ament_index/resource_index/packages/turtlebot3_gazebo
[1.325s] -- Up-to-date: /home/mengo/amr_project_ws/install/turtlebot3_gazebo/share/turtlebot3_gazebo/cmake/ament_cmake_export_include_directories-extras.cmake
[1.325s] -- Up-to-date: /home/mengo/amr_project_ws/install/turtlebot3_gazebo/share/turtlebot3_gazebo/cmake/ament_cmake_export_dependencies-extras.cmake
[1.325s] -- Up-to-date: /home/mengo/amr_project_ws/install/turtlebot3_gazebo/share/turtlebot3_gazebo/cmake/turtlebot3_gazeboConfig.cmake
[1.325s] -- Up-to-date: /home/mengo/amr_project_ws/install/turtlebot3_gazebo/share/turtlebot3_gazebo/cmake/turtlebot3_gazeboConfig-version.cmake
[1.325s] -- Up-to-date: /home/mengo/amr_project_ws/install/turtlebot3_gazebo/share/turtlebot3_gazebo/package.xml
[1.326s] Invoked command in '/home/mengo/amr_project_ws/build/turtlebot3_gazebo' returned '0': CMAKE_PREFIX_PATH=${CMAKE_PREFIX_PATH}:/home/mengo/amr_project_ws/install/exploration:/opt/ros/humble /usr/bin/cmake --install /home/mengo/amr_project_ws/build/turtlebot3_gazebo
