[2.201s] Invoking command in '/home/mengo/amr_project_ws/src/sanification': CONDA_PROMPT_MODIFIER=(base) PYTHONPATH=/home/mengo/amr_project_ws/src/build/sanification/prefix_override:/home/mengo/amr_project_ws/src/install/sanification/lib/python3.10/site-packages:${PYTHONPATH} /usr/bin/python3 setup.py egg_info --egg-base ../build/sanification build --build-base /home/mengo/amr_project_ws/src/build/sanification/build install --record /home/mengo/amr_project_ws/src/build/sanification/install.log --single-version-externally-managed
[2.795s] running egg_info
[2.797s] writing ../build/sanification/sanification.egg-info/PKG-INFO
[2.798s] writing dependency_links to ../build/sanification/sanification.egg-info/dependency_links.txt
[2.798s] writing entry points to ../build/sanification/sanification.egg-info/entry_points.txt
[2.798s] writing requirements to ../build/sanification/sanification.egg-info/requires.txt
[2.799s] writing top-level names to ../build/sanification/sanification.egg-info/top_level.txt
[2.803s] reading manifest file '../build/sanification/sanification.egg-info/SOURCES.txt'
[2.804s] writing manifest file '../build/sanification/sanification.egg-info/SOURCES.txt'
[2.805s] running build
[2.805s] running build_py
[2.805s] copying sanification/navigation.py -> /home/mengo/amr_project_ws/src/build/sanification/build/lib/sanification
[2.806s] running install
[2.806s] running install_lib
[2.807s] copying /home/mengo/amr_project_ws/src/build/sanification/build/lib/sanification/navigation.py -> /home/mengo/amr_project_ws/src/install/sanification/lib/python3.10/site-packages/sanification
[2.809s] byte-compiling /home/mengo/amr_project_ws/src/install/sanification/lib/python3.10/site-packages/sanification/navigation.py to navigation.cpython-310.pyc
[2.810s] running install_data
[2.813s] running install_egg_info
[2.815s] removing '/home/mengo/amr_project_ws/src/install/sanification/lib/python3.10/site-packages/sanification-0.0.0-py3.10.egg-info' (and everything under it)
[2.816s] Copying ../build/sanification/sanification.egg-info to /home/mengo/amr_project_ws/src/install/sanification/lib/python3.10/site-packages/sanification-0.0.0-py3.10.egg-info
[2.817s] running install_scripts
[2.853s] Installing localization script to /home/mengo/amr_project_ws/src/install/sanification/lib/sanification
[2.854s] Installing navigation script to /home/mengo/amr_project_ws/src/install/sanification/lib/sanification
[2.854s] Installing planner script to /home/mengo/amr_project_ws/src/install/sanification/lib/sanification
[2.855s] Installing sanification script to /home/mengo/amr_project_ws/src/install/sanification/lib/sanification
[2.855s] writing list of installed files to '/home/mengo/amr_project_ws/src/build/sanification/install.log'
[2.964s] Invoked command in '/home/mengo/amr_project_ws/src/sanification' returned '0': CONDA_PROMPT_MODIFIER=(base) PYTHONPATH=/home/mengo/amr_project_ws/src/build/sanification/prefix_override:/home/mengo/amr_project_ws/src/install/sanification/lib/python3.10/site-packages:${PYTHONPATH} /usr/bin/python3 setup.py egg_info --egg-base ../build/sanification build --build-base /home/mengo/amr_project_ws/src/build/sanification/build install --record /home/mengo/amr_project_ws/src/build/sanification/install.log --single-version-externally-managed
