[1.821s] Invoking command in '/home/mengo/amr_project_ws/src/sanification': PYTHONPATH=/home/mengo/amr_project_ws/build/sanification/prefix_override:/home/mengo/amr_project_ws/install/sanification/lib/python3.10/site-packages:${PYTHONPATH} /usr/bin/python3 setup.py egg_info --egg-base ../../build/sanification build --build-base /home/mengo/amr_project_ws/build/sanification/build install --record /home/mengo/amr_project_ws/build/sanification/install.log --single-version-externally-managed
[2.085s] running egg_info
[2.085s] writing ../../build/sanification/sanification.egg-info/PKG-INFO
[2.086s] writing dependency_links to ../../build/sanification/sanification.egg-info/dependency_links.txt
[2.086s] writing entry points to ../../build/sanification/sanification.egg-info/entry_points.txt
[2.086s] writing requirements to ../../build/sanification/sanification.egg-info/requires.txt
[2.086s] writing top-level names to ../../build/sanification/sanification.egg-info/top_level.txt
[2.087s] reading manifest file '../../build/sanification/sanification.egg-info/SOURCES.txt'
[2.088s] writing manifest file '../../build/sanification/sanification.egg-info/SOURCES.txt'
[2.088s] running build
[2.089s] running build_py
[2.089s] running install
[2.089s] running install_lib
[2.090s] running install_data
[2.090s] running install_egg_info
[2.092s] removing '/home/mengo/amr_project_ws/install/sanification/lib/python3.10/site-packages/sanification-0.0.0-py3.10.egg-info' (and everything under it)
[2.092s] Copying ../../build/sanification/sanification.egg-info to /home/mengo/amr_project_ws/install/sanification/lib/python3.10/site-packages/sanification-0.0.0-py3.10.egg-info
[2.093s] running install_scripts
[2.110s] Installing localization script to /home/mengo/amr_project_ws/install/sanification/lib/sanification
[2.110s] Installing navigation script to /home/mengo/amr_project_ws/install/sanification/lib/sanification
[2.111s] Installing planner script to /home/mengo/amr_project_ws/install/sanification/lib/sanification
[2.111s] Installing sanification script to /home/mengo/amr_project_ws/install/sanification/lib/sanification
[2.111s] writing list of installed files to '/home/mengo/amr_project_ws/build/sanification/install.log'
[2.132s] Invoked command in '/home/mengo/amr_project_ws/src/sanification' returned '0': PYTHONPATH=/home/mengo/amr_project_ws/build/sanification/prefix_override:/home/mengo/amr_project_ws/install/sanification/lib/python3.10/site-packages:${PYTHONPATH} /usr/bin/python3 setup.py egg_info --egg-base ../../build/sanification build --build-base /home/mengo/amr_project_ws/build/sanification/build install --record /home/mengo/amr_project_ws/build/sanification/install.log --single-version-externally-managed
