[1.471s] Invoking command in '/home/mengo/amr_project_ws/src/exploration': PYTHONPATH=/home/mengo/amr_project_ws/build/exploration/prefix_override:/home/mengo/amr_project_ws/install/exploration/lib/python3.10/site-packages:${PYTHONPATH} /usr/bin/python3 setup.py egg_info --egg-base ../../build/exploration build --build-base /home/mengo/amr_project_ws/build/exploration/build install --record /home/mengo/amr_project_ws/build/exploration/install.log --single-version-externally-managed
[1.872s] running egg_info
[1.873s] writing ../../build/exploration/exploration.egg-info/PKG-INFO
[1.873s] writing dependency_links to ../../build/exploration/exploration.egg-info/dependency_links.txt
[1.873s] writing entry points to ../../build/exploration/exploration.egg-info/entry_points.txt
[1.873s] writing requirements to ../../build/exploration/exploration.egg-info/requires.txt
[1.873s] writing top-level names to ../../build/exploration/exploration.egg-info/top_level.txt
[1.876s] reading manifest file '../../build/exploration/exploration.egg-info/SOURCES.txt'
[1.876s] adding license file 'LICENSE'
[1.877s] writing manifest file '../../build/exploration/exploration.egg-info/SOURCES.txt'
[1.877s] running build
[1.877s] running build_py
[1.877s] copying exploration/navigation_to_pose.py -> /home/mengo/amr_project_ws/build/exploration/build/lib/exploration
[1.877s] running install
[1.878s] running install_lib
[1.879s] copying /home/mengo/amr_project_ws/build/exploration/build/lib/exploration/navigation_to_pose.py -> /home/mengo/amr_project_ws/install/exploration/lib/python3.10/site-packages/exploration
[1.879s] byte-compiling /home/mengo/amr_project_ws/install/exploration/lib/python3.10/site-packages/exploration/navigation_to_pose.py to navigation_to_pose.cpython-310.pyc
[1.880s] running install_data
[1.881s] running install_egg_info
[1.883s] removing '/home/mengo/amr_project_ws/install/exploration/lib/python3.10/site-packages/exploration-0.0.0-py3.10.egg-info' (and everything under it)
[1.883s] Copying ../../build/exploration/exploration.egg-info to /home/mengo/amr_project_ws/install/exploration/lib/python3.10/site-packages/exploration-0.0.0-py3.10.egg-info
[1.884s] running install_scripts
[1.907s] Installing navigation_to_pose script to /home/mengo/amr_project_ws/install/exploration/lib/exploration
[1.908s] writing list of installed files to '/home/mengo/amr_project_ws/build/exploration/install.log'
[1.937s] Invoked command in '/home/mengo/amr_project_ws/src/exploration' returned '0': PYTHONPATH=/home/mengo/amr_project_ws/build/exploration/prefix_override:/home/mengo/amr_project_ws/install/exploration/lib/python3.10/site-packages:${PYTHONPATH} /usr/bin/python3 setup.py egg_info --egg-base ../../build/exploration build --build-base /home/mengo/amr_project_ws/build/exploration/build install --record /home/mengo/amr_project_ws/build/exploration/install.log --single-version-externally-managed
