[1.380s] Invoking command in '/home/mengo/amr_project_ws/src/sanification': CONDA_PROMPT_MODIFIER=(base) PYTHONPATH=/home/mengo/amr_project_ws/src/build/sanification/prefix_override:/home/mengo/amr_project_ws/src/install/sanification/lib/python3.10/site-packages:${PYTHONPATH} /usr/bin/python3 setup.py egg_info --egg-base ../build/sanification build --build-base /home/mengo/amr_project_ws/src/build/sanification/build install --record /home/mengo/amr_project_ws/src/build/sanification/install.log --single-version-externally-managed
[1.750s] running egg_info
[1.751s] creating ../build/sanification/sanification.egg-info
[1.751s] writing ../build/sanification/sanification.egg-info/PKG-INFO
[1.751s] writing dependency_links to ../build/sanification/sanification.egg-info/dependency_links.txt
[1.752s] writing entry points to ../build/sanification/sanification.egg-info/entry_points.txt
[1.752s] writing requirements to ../build/sanification/sanification.egg-info/requires.txt
[1.752s] writing top-level names to ../build/sanification/sanification.egg-info/top_level.txt
[1.752s] writing manifest file '../build/sanification/sanification.egg-info/SOURCES.txt'
[1.755s] reading manifest file '../build/sanification/sanification.egg-info/SOURCES.txt'
[1.756s] writing manifest file '../build/sanification/sanification.egg-info/SOURCES.txt'
[1.757s] running build
[1.757s] running build_py
[1.757s] creating /home/mengo/amr_project_ws/src/build/sanification/build
[1.757s] creating /home/mengo/amr_project_ws/src/build/sanification/build/lib
[1.757s] creating /home/mengo/amr_project_ws/src/build/sanification/build/lib/sanification
[1.758s] copying sanification/test.py -> /home/mengo/amr_project_ws/src/build/sanification/build/lib/sanification
[1.758s] copying sanification/__init__.py -> /home/mengo/amr_project_ws/src/build/sanification/build/lib/sanification
[1.758s] copying sanification/planner.py -> /home/mengo/amr_project_ws/src/build/sanification/build/lib/sanification
[1.758s] copying sanification/localization.py -> /home/mengo/amr_project_ws/src/build/sanification/build/lib/sanification
[1.758s] copying sanification/navigation.py -> /home/mengo/amr_project_ws/src/build/sanification/build/lib/sanification
[1.758s] copying sanification/sanification.py -> /home/mengo/amr_project_ws/src/build/sanification/build/lib/sanification
[1.758s] running install
[1.759s] running install_lib
[1.760s] creating /home/mengo/amr_project_ws/src/install/sanification/lib/python3.10/site-packages/sanification
[1.760s] copying /home/mengo/amr_project_ws/src/build/sanification/build/lib/sanification/test.py -> /home/mengo/amr_project_ws/src/install/sanification/lib/python3.10/site-packages/sanification
[1.760s] copying /home/mengo/amr_project_ws/src/build/sanification/build/lib/sanification/__init__.py -> /home/mengo/amr_project_ws/src/install/sanification/lib/python3.10/site-packages/sanification
[1.760s] copying /home/mengo/amr_project_ws/src/build/sanification/build/lib/sanification/planner.py -> /home/mengo/amr_project_ws/src/install/sanification/lib/python3.10/site-packages/sanification
[1.761s] copying /home/mengo/amr_project_ws/src/build/sanification/build/lib/sanification/localization.py -> /home/mengo/amr_project_ws/src/install/sanification/lib/python3.10/site-packages/sanification
[1.761s] copying /home/mengo/amr_project_ws/src/build/sanification/build/lib/sanification/navigation.py -> /home/mengo/amr_project_ws/src/install/sanification/lib/python3.10/site-packages/sanification
[1.761s] copying /home/mengo/amr_project_ws/src/build/sanification/build/lib/sanification/sanification.py -> /home/mengo/amr_project_ws/src/install/sanification/lib/python3.10/site-packages/sanification
[1.762s] byte-compiling /home/mengo/amr_project_ws/src/install/sanification/lib/python3.10/site-packages/sanification/test.py to test.cpython-310.pyc
[1.762s] byte-compiling /home/mengo/amr_project_ws/src/install/sanification/lib/python3.10/site-packages/sanification/__init__.py to __init__.cpython-310.pyc
[1.762s] byte-compiling /home/mengo/amr_project_ws/src/install/sanification/lib/python3.10/site-packages/sanification/planner.py to planner.cpython-310.pyc
[1.767s] byte-compiling /home/mengo/amr_project_ws/src/install/sanification/lib/python3.10/site-packages/sanification/localization.py to localization.cpython-310.pyc
[1.769s] byte-compiling /home/mengo/amr_project_ws/src/install/sanification/lib/python3.10/site-packages/sanification/navigation.py to navigation.cpython-310.pyc
[1.770s] byte-compiling /home/mengo/amr_project_ws/src/install/sanification/lib/python3.10/site-packages/sanification/sanification.py to sanification.cpython-310.pyc
[1.774s] running install_data
[1.775s] creating /home/mengo/amr_project_ws/src/install/sanification/share/ament_index
[1.775s] creating /home/mengo/amr_project_ws/src/install/sanification/share/ament_index/resource_index
[1.775s] creating /home/mengo/amr_project_ws/src/install/sanification/share/ament_index/resource_index/packages
[1.775s] copying resource/sanification -> /home/mengo/amr_project_ws/src/install/sanification/share/ament_index/resource_index/packages
[1.775s] copying package.xml -> /home/mengo/amr_project_ws/src/install/sanification/share/sanification
[1.776s] copying launch/sanification.launch.py -> /home/mengo/amr_project_ws/src/install/sanification/share/sanification
[1.776s] running install_egg_info
[1.778s] Copying ../build/sanification/sanification.egg-info to /home/mengo/amr_project_ws/src/install/sanification/lib/python3.10/site-packages/sanification-0.0.0-py3.10.egg-info
[1.779s] running install_scripts
[1.803s] Installing localization script to /home/mengo/amr_project_ws/src/install/sanification/lib/sanification
[1.803s] Installing navigation script to /home/mengo/amr_project_ws/src/install/sanification/lib/sanification
[1.804s] Installing planner script to /home/mengo/amr_project_ws/src/install/sanification/lib/sanification
[1.804s] Installing sanification script to /home/mengo/amr_project_ws/src/install/sanification/lib/sanification
[1.804s] writing list of installed files to '/home/mengo/amr_project_ws/src/build/sanification/install.log'
[1.880s] Invoked command in '/home/mengo/amr_project_ws/src/sanification' returned '0': CONDA_PROMPT_MODIFIER=(base) PYTHONPATH=/home/mengo/amr_project_ws/src/build/sanification/prefix_override:/home/mengo/amr_project_ws/src/install/sanification/lib/python3.10/site-packages:${PYTHONPATH} /usr/bin/python3 setup.py egg_info --egg-base ../build/sanification build --build-base /home/mengo/amr_project_ws/src/build/sanification/build install --record /home/mengo/amr_project_ws/src/build/sanification/install.log --single-version-externally-managed
