[1.172s] Invoking command in '/home/mengo/amr_project_ws/src/exploration': PYTHONPATH=/home/mengo/amr_project_ws/build/exploration/prefix_override:/home/mengo/amr_project_ws/install/exploration/lib/python3.10/site-packages:${PYTHONPATH} /usr/bin/python3 setup.py egg_info --egg-base ../../build/exploration build --build-base /home/mengo/amr_project_ws/build/exploration/build install --record /home/mengo/amr_project_ws/build/exploration/install.log --single-version-externally-managed
[1.419s] running egg_info
[1.419s] creating ../../build/exploration/exploration.egg-info
[1.420s] writing ../../build/exploration/exploration.egg-info/PKG-INFO
[1.420s] writing dependency_links to ../../build/exploration/exploration.egg-info/dependency_links.txt
[1.420s] writing entry points to ../../build/exploration/exploration.egg-info/entry_points.txt
[1.420s] writing requirements to ../../build/exploration/exploration.egg-info/requires.txt
[1.420s] writing top-level names to ../../build/exploration/exploration.egg-info/top_level.txt
[1.420s] writing manifest file '../../build/exploration/exploration.egg-info/SOURCES.txt'
[1.421s] reading manifest file '../../build/exploration/exploration.egg-info/SOURCES.txt'
[1.422s] adding license file 'LICENSE'
[1.422s] writing manifest file '../../build/exploration/exploration.egg-info/SOURCES.txt'
[1.422s] running build
[1.422s] running build_py
[1.422s] creating /home/mengo/amr_project_ws/build/exploration/build
[1.423s] creating /home/mengo/amr_project_ws/build/exploration/build/lib
[1.423s] creating /home/mengo/amr_project_ws/build/exploration/build/lib/exploration
[1.423s] copying exploration/__init__.py -> /home/mengo/amr_project_ws/build/exploration/build/lib/exploration
[1.423s] running install
[1.423s] running install_lib
[1.423s] creating /home/mengo/amr_project_ws/install/exploration/lib/python3.10/site-packages/exploration
[1.423s] copying /home/mengo/amr_project_ws/build/exploration/build/lib/exploration/__init__.py -> /home/mengo/amr_project_ws/install/exploration/lib/python3.10/site-packages/exploration
[1.424s] byte-compiling /home/mengo/amr_project_ws/install/exploration/lib/python3.10/site-packages/exploration/__init__.py to __init__.cpython-310.pyc
[1.424s] running install_data
[1.424s] creating /home/mengo/amr_project_ws/install/exploration/share/ament_index
[1.424s] creating /home/mengo/amr_project_ws/install/exploration/share/ament_index/resource_index
[1.424s] creating /home/mengo/amr_project_ws/install/exploration/share/ament_index/resource_index/packages
[1.424s] copying resource/exploration -> /home/mengo/amr_project_ws/install/exploration/share/ament_index/resource_index/packages
[1.425s] copying package.xml -> /home/mengo/amr_project_ws/install/exploration/share/exploration
[1.425s] running install_egg_info
[1.426s] Copying ../../build/exploration/exploration.egg-info to /home/mengo/amr_project_ws/install/exploration/lib/python3.10/site-packages/exploration-0.0.0-py3.10.egg-info
[1.426s] running install_scripts
[1.443s] writing list of installed files to '/home/mengo/amr_project_ws/build/exploration/install.log'
[1.461s] Invoked command in '/home/mengo/amr_project_ws/src/exploration' returned '0': PYTHONPATH=/home/mengo/amr_project_ws/build/exploration/prefix_override:/home/mengo/amr_project_ws/install/exploration/lib/python3.10/site-packages:${PYTHONPATH} /usr/bin/python3 setup.py egg_info --egg-base ../../build/exploration build --build-base /home/mengo/amr_project_ws/build/exploration/build install --record /home/mengo/amr_project_ws/build/exploration/install.log --single-version-externally-managed
