[2.459s] Invoking command in '/home/mengo/amr_project_ws/src/exploration': CONDA_PROMPT_MODIFIER=(base) PYTHONPATH=/home/mengo/amr_project_ws/src/build/exploration/prefix_override:/home/mengo/amr_project_ws/src/install/exploration/lib/python3.10/site-packages:${PYTHONPATH} /usr/bin/python3 setup.py egg_info --egg-base ../build/exploration build --build-base /home/mengo/amr_project_ws/src/build/exploration/build install --record /home/mengo/amr_project_ws/src/build/exploration/install.log --single-version-externally-managed
[2.958s] running egg_info
[2.959s] writing ../build/exploration/exploration.egg-info/PKG-INFO
[2.960s] writing dependency_links to ../build/exploration/exploration.egg-info/dependency_links.txt
[2.960s] writing entry points to ../build/exploration/exploration.egg-info/entry_points.txt
[2.960s] writing requirements to ../build/exploration/exploration.egg-info/requires.txt
[2.960s] writing top-level names to ../build/exploration/exploration.egg-info/top_level.txt
[2.963s] reading manifest file '../build/exploration/exploration.egg-info/SOURCES.txt'
[2.964s] adding license file 'LICENSE'
[2.965s] writing manifest file '../build/exploration/exploration.egg-info/SOURCES.txt'
[2.965s] running build
[2.966s] running build_py
[2.966s] copying exploration/exploration.py -> /home/mengo/amr_project_ws/src/build/exploration/build/lib/exploration
[2.966s] running install
[2.966s] running install_lib
[2.968s] copying /home/mengo/amr_project_ws/src/build/exploration/build/lib/exploration/exploration.py -> /home/mengo/amr_project_ws/src/install/exploration/lib/python3.10/site-packages/exploration
[2.969s] byte-compiling /home/mengo/amr_project_ws/src/install/exploration/lib/python3.10/site-packages/exploration/exploration.py to exploration.cpython-310.pyc
[2.975s] running install_data
[2.976s] running install_egg_info
[2.979s] removing '/home/mengo/amr_project_ws/src/install/exploration/lib/python3.10/site-packages/exploration-0.0.0-py3.10.egg-info' (and everything under it)
[2.979s] Copying ../build/exploration/exploration.egg-info to /home/mengo/amr_project_ws/src/install/exploration/lib/python3.10/site-packages/exploration-0.0.0-py3.10.egg-info
[2.980s] running install_scripts
[3.014s] Installing exploration script to /home/mengo/amr_project_ws/src/install/exploration/lib/exploration
[3.014s] writing list of installed files to '/home/mengo/amr_project_ws/src/build/exploration/install.log'
[3.165s] Invoked command in '/home/mengo/amr_project_ws/src/exploration' returned '0': CONDA_PROMPT_MODIFIER=(base) PYTHONPATH=/home/mengo/amr_project_ws/src/build/exploration/prefix_override:/home/mengo/amr_project_ws/src/install/exploration/lib/python3.10/site-packages:${PYTHONPATH} /usr/bin/python3 setup.py egg_info --egg-base ../build/exploration build --build-base /home/mengo/amr_project_ws/src/build/exploration/build install --record /home/mengo/amr_project_ws/src/build/exploration/install.log --single-version-externally-managed
