[2.230s] Invoking command in '/home/mengo/amr_project_ws/src/sanification': CONDA_PROMPT_MODIFIER=(base) PYTHONPATH=/home/mengo/amr_project_ws/src/build/sanification/prefix_override:/home/mengo/amr_project_ws/src/install/sanification/lib/python3.10/site-packages:${PYTHONPATH} /usr/bin/python3 setup.py egg_info --egg-base ../build/sanification build --build-base /home/mengo/amr_project_ws/src/build/sanification/build install --record /home/mengo/amr_project_ws/src/build/sanification/install.log --single-version-externally-managed
[2.676s] running egg_info
[2.676s] writing ../build/sanification/sanification.egg-info/PKG-INFO
[2.676s] writing dependency_links to ../build/sanification/sanification.egg-info/dependency_links.txt
[2.677s] writing entry points to ../build/sanification/sanification.egg-info/entry_points.txt
[2.677s] writing requirements to ../build/sanification/sanification.egg-info/requires.txt
[2.677s] writing top-level names to ../build/sanification/sanification.egg-info/top_level.txt
[2.681s] reading manifest file '../build/sanification/sanification.egg-info/SOURCES.txt'
[2.682s] writing manifest file '../build/sanification/sanification.egg-info/SOURCES.txt'
[2.682s] running build
[2.682s] running build_py
[2.682s] copying sanification/test.py -> /home/mengo/amr_project_ws/src/build/sanification/build/lib/sanification
[2.683s] copying sanification/navigation.py -> /home/mengo/amr_project_ws/src/build/sanification/build/lib/sanification
[2.683s] running install
[2.684s] running install_lib
[2.685s] copying /home/mengo/amr_project_ws/src/build/sanification/build/lib/sanification/test.py -> /home/mengo/amr_project_ws/src/install/sanification/lib/python3.10/site-packages/sanification
[2.685s] copying /home/mengo/amr_project_ws/src/build/sanification/build/lib/sanification/navigation.py -> /home/mengo/amr_project_ws/src/install/sanification/lib/python3.10/site-packages/sanification
[2.686s] byte-compiling /home/mengo/amr_project_ws/src/install/sanification/lib/python3.10/site-packages/sanification/test.py to test.cpython-310.pyc
[2.687s] byte-compiling /home/mengo/amr_project_ws/src/install/sanification/lib/python3.10/site-packages/sanification/navigation.py to navigation.cpython-310.pyc
[2.688s] running install_data
[2.689s] running install_egg_info
[2.692s] removing '/home/mengo/amr_project_ws/src/install/sanification/lib/python3.10/site-packages/sanification-0.0.0-py3.10.egg-info' (and everything under it)
[2.692s] Copying ../build/sanification/sanification.egg-info to /home/mengo/amr_project_ws/src/install/sanification/lib/python3.10/site-packages/sanification-0.0.0-py3.10.egg-info
[2.693s] running install_scripts
[2.725s] Installing localization script to /home/mengo/amr_project_ws/src/install/sanification/lib/sanification
[2.726s] Installing navigation script to /home/mengo/amr_project_ws/src/install/sanification/lib/sanification
[2.726s] Installing planner script to /home/mengo/amr_project_ws/src/install/sanification/lib/sanification
[2.726s] Installing sanification script to /home/mengo/amr_project_ws/src/install/sanification/lib/sanification
[2.727s] writing list of installed files to '/home/mengo/amr_project_ws/src/build/sanification/install.log'
[2.777s] Invoked command in '/home/mengo/amr_project_ws/src/sanification' returned '0': CONDA_PROMPT_MODIFIER=(base) PYTHONPATH=/home/mengo/amr_project_ws/src/build/sanification/prefix_override:/home/mengo/amr_project_ws/src/install/sanification/lib/python3.10/site-packages:${PYTHONPATH} /usr/bin/python3 setup.py egg_info --egg-base ../build/sanification build --build-base /home/mengo/amr_project_ws/src/build/sanification/build install --record /home/mengo/amr_project_ws/src/build/sanification/install.log --single-version-externally-managed
