[0.578s] Invoking command in '/home/mengo/amr_project_ws/build/turtlebot3_gazebo': CMAKE_PREFIX_PATH=${CMAKE_PREFIX_PATH}:/opt/ros/humble /usr/bin/cmake /home/mengo/amr_project_ws/src/turtlebot3_gazebo -DCMAKE_INSTALL_PREFIX=/home/mengo/amr_project_ws/install/turtlebot3_gazebo
[0.813s] -- The C compiler identification is GNU 11.4.0
[0.925s] -- The CXX compiler identification is GNU 11.4.0
[0.932s] -- Detecting C compiler ABI info
[0.994s] -- Detecting C compiler ABI info - done
[1.000s] -- Check for working C compiler: /usr/bin/cc - skipped
[1.001s] -- Detecting C compile features
[1.002s] -- Detecting C compile features - done
[1.004s] -- Detecting CXX compiler ABI info
[1.074s] -- Detecting CXX compiler ABI info - done
[1.081s] -- Check for working CXX compiler: /usr/bin/c++ - skipped
[1.081s] -- Detecting CXX compile features
[1.082s] -- Detecting CXX compile features - done
[1.087s] -- Found ament_cmake: 1.3.5 (/opt/ros/humble/share/ament_cmake/cmake)
[1.266s] -- Found Python3: /usr/bin/python3.10 (found version "3.10.12") found components: Interpreter 
[1.418s] [33mCMake Warning (dev) at /usr/share/cmake-3.22/Modules/FindPackageHandleStandardArgs.cmake:438 (message):
[1.418s]   The package name passed to `find_package_handle_standard_args` (PkgConfig)
[1.418s]   does not match the name of the calling package (gazebo).  This can lead to
[1.418s]   problems in calling code that expects `find_package` result variables
[1.419s]   (e.g., `_FOUND`) to follow a certain pattern.
[1.419s] Call Stack (most recent call first):
[1.419s]   /usr/share/cmake-3.22/Modules/FindPkgConfig.cmake:99 (find_package_handle_standard_args)
[1.419s]   /usr/lib/x86_64-linux-gnu/cmake/gazebo/gazebo-config.cmake:72 (include)
[1.419s]   CMakeLists.txt:23 (find_package)
[1.419s] This warning is for project developers.  Use -Wno-dev to suppress it.
[1.419s] [0m
[1.419s] -- Found PkgConfig: /usr/bin/pkg-config (found version "0.29.2") 
[1.423s] -- Checking for module 'bullet>=2.82'
[1.435s] --   Found bullet, version 3.05
[1.528s] -- Found fcl: /usr/include (found suitable version "0.7.0", minimum required is "0.5.0") 
[1.579s] -- Found assimp: /usr/include (found version "5.2.0") 
[1.603s] -- Found DART: /usr/include (Required is at least version "6.6") found components: dart 
[2.004s] -- Found Boost: /usr/lib/x86_64-linux-gnu/cmake/Boost-1.74.0/BoostConfig.cmake (found suitable version "1.74.0", minimum required is "1.40.0") found components: thread system filesystem program_options regex iostreams date_time 
[2.068s] -- Found Protobuf: /usr/lib/x86_64-linux-gnu/libprotobuf.so (found version "3.12.4") 
[2.095s] -- Looking for ignition-math6 -- found version 6.15.0
[2.120s] -- Searching for dependencies of ignition-math6
[2.125s] -- Looking for OGRE...
[2.126s] -- OGRE_PREFIX_WATCH changed.
[2.145s] -- Checking for module 'OGRE'
[2.190s] --   Found OGRE, version 1.9.0
[2.305s] -- Found Ogre Ghadamon (1.9.0)
[2.343s] -- Found OGRE: optimized;/usr/lib/x86_64-linux-gnu/libOgreMain.so;debug;/usr/lib/x86_64-linux-gnu/libOgreMain.so
[2.380s] -- Looking for OGRE_Paging...
[2.399s] -- Found OGRE_Paging: optimized;/usr/lib/x86_64-linux-gnu/libOgrePaging.so;debug;/usr/lib/x86_64-linux-gnu/libOgrePaging.so
[2.399s] -- Looking for OGRE_Terrain...
[2.418s] -- Found OGRE_Terrain: optimized;/usr/lib/x86_64-linux-gnu/libOgreTerrain.so;debug;/usr/lib/x86_64-linux-gnu/libOgreTerrain.so
[2.419s] -- Looking for OGRE_Property...
[2.437s] -- Found OGRE_Property: optimized;/usr/lib/x86_64-linux-gnu/libOgreProperty.so;debug;/usr/lib/x86_64-linux-gnu/libOgreProperty.so
[2.438s] -- Looking for OGRE_RTShaderSystem...
[2.457s] -- Found OGRE_RTShaderSystem: optimized;/usr/lib/x86_64-linux-gnu/libOgreRTShaderSystem.so;debug;/usr/lib/x86_64-linux-gnu/libOgreRTShaderSystem.so
[2.457s] -- Looking for OGRE_Volume...
[2.476s] -- Found OGRE_Volume: optimized;/usr/lib/x86_64-linux-gnu/libOgreVolume.so;debug;/usr/lib/x86_64-linux-gnu/libOgreVolume.so
[2.476s] -- Looking for OGRE_Overlay...
[2.491s] -- Found OGRE_Overlay: optimized;/usr/lib/x86_64-linux-gnu/libOgreOverlay.so;debug;/usr/lib/x86_64-linux-gnu/libOgreOverlay.so
[2.628s] -- Looking for ignition-math6 -- found version 6.15.0
[2.635s] -- Looking for ignition-transport8 -- found version 8.2.1
[2.635s] -- Searching for dependencies of ignition-transport8
[2.651s] -- Found Protobuf: /usr/lib/x86_64-linux-gnu/libprotobuf.so (found suitable version "3.12.4", minimum required is "3") 
[2.661s] -- Config-file not installed for ZeroMQ -- checking for pkg-config
[2.665s] -- Checking for module 'libzmq >= 4'
[2.675s] --   Found libzmq , version 4.3.4
[2.707s] -- Found ZeroMQ: TRUE (Required is at least version "4") 
[2.713s] -- Checking for module 'uuid'
[2.726s] --   Found uuid, version 2.37.2
[2.787s] -- Found UUID: TRUE  
[2.797s] -- Looking for ignition-msgs5 -- found version 5.8.1
[2.799s] -- Searching for dependencies of ignition-msgs5
[2.876s] -- Looking for ignition-math6 -- found version 6.15.0
[2.895s] -- Checking for module 'tinyxml2'
[2.942s] --   Found tinyxml2, version 9.0.0
[3.065s] -- Looking for ignition-msgs5 -- found version 5.8.1
[3.081s] -- Looking for ignition-common3 -- found version 3.14.0
[3.083s] -- Searching for dependencies of ignition-common3
[3.084s] -- Looking for dlfcn.h - found
[3.087s] -- Looking for libdl - found
[3.092s] -- Found DL: TRUE  
[3.133s] -- Found tinyobjloader: /usr/lib/x86_64-linux-gnu/cmake/tinyobjloader/tinyobjloader-config.cmake (found version "2.0.0") 
[3.136s] -- Searching for <ignition-common3> component [graphics]
[3.145s] -- Looking for ignition-common3-graphics -- found version 3.14.0
[3.148s] -- Searching for dependencies of ignition-common3-graphics
[3.149s] -- Looking for ignition-math6 -- found version 6.15.0
[3.162s] -- Looking for ignition-fuel_tools4 -- found version 4.4.0
[3.164s] -- Searching for dependencies of ignition-fuel_tools4
[3.452s] -- Found CURL: /usr/lib/x86_64-linux-gnu/libcurl.so (found version "7.81.0")  
[3.487s] -- Checking for module 'jsoncpp'
[3.536s] --   Found jsoncpp, version 1.9.5
[3.659s] -- Found JSONCPP: TRUE  
[3.684s] -- Checking for module 'libzip'
[3.732s] --   Found libzip, version 1.7.3
[3.856s] -- Found ZIP: TRUE  
[3.858s] -- Looking for ignition-common3 -- found version 3.14.0
[3.860s] -- Looking for ignition-math6 -- found version 6.15.0
[3.861s] -- Looking for ignition-msgs5 -- found version 5.8.1
[3.884s] -- Found gazebo_ros_pkgs: 3.7.0 (/opt/ros/humble/share/gazebo_ros_pkgs/cmake)
[3.891s] -- Found geometry_msgs: 4.2.3 (/opt/ros/humble/share/geometry_msgs/cmake)
[4.036s] -- Found rosidl_generator_c: 3.1.5 (/opt/ros/humble/share/rosidl_generator_c/cmake)
[4.060s] -- Found rosidl_adapter: 3.1.5 (/opt/ros/humble/share/rosidl_adapter/cmake)
[4.098s] -- Found rosidl_generator_cpp: 3.1.5 (/opt/ros/humble/share/rosidl_generator_cpp/cmake)
[4.135s] -- Using all available rosidl_typesupport_c: rosidl_typesupport_fastrtps_c;rosidl_typesupport_introspection_c
[4.170s] -- Using all available rosidl_typesupport_cpp: rosidl_typesupport_fastrtps_cpp;rosidl_typesupport_introspection_cpp
[4.289s] -- Found nav_msgs: 4.2.3 (/opt/ros/humble/share/nav_msgs/cmake)
[4.372s] -- Found rclcpp: 16.0.6 (/opt/ros/humble/share/rclcpp/cmake)
[4.429s] -- Found rmw_implementation_cmake: 6.1.1 (/opt/ros/humble/share/rmw_implementation_cmake/cmake)
[4.432s] -- Found rmw_cyclonedds_cpp: 1.3.4 (/opt/ros/humble/share/rmw_cyclonedds_cpp/cmake)
[4.464s] -- Using RMW implementation 'rmw_cyclonedds_cpp' as default
[4.474s] -- Found Threads: TRUE  
[4.596s] -- Found sensor_msgs: 4.2.3 (/opt/ros/humble/share/sensor_msgs/cmake)
[4.686s] -- Found tf2: 0.25.4 (/opt/ros/humble/share/tf2/cmake)
[4.775s] -- Configuring done
[4.930s] -- Generating done
[4.939s] -- Build files have been written to: /home/mengo/amr_project_ws/build/turtlebot3_gazebo
[4.978s] Invoked command in '/home/mengo/amr_project_ws/build/turtlebot3_gazebo' returned '0': CMAKE_PREFIX_PATH=${CMAKE_PREFIX_PATH}:/opt/ros/humble /usr/bin/cmake /home/mengo/amr_project_ws/src/turtlebot3_gazebo -DCMAKE_INSTALL_PREFIX=/home/mengo/amr_project_ws/install/turtlebot3_gazebo
[4.986s] Invoking command in '/home/mengo/amr_project_ws/build/turtlebot3_gazebo': CMAKE_PREFIX_PATH=${CMAKE_PREFIX_PATH}:/opt/ros/humble /usr/bin/cmake --build /home/mengo/amr_project_ws/build/turtlebot3_gazebo -- -j12 -l12
[5.182s] [ 12%] [32mBuilding CXX object CMakeFiles/obstacle1.dir/models/turtlebot3_dqn_world/obstacle_plugin/obstacle1.cc.o[0m
[5.182s] [ 25%] [32mBuilding CXX object CMakeFiles/obstacle2.dir/models/turtlebot3_dqn_world/obstacle_plugin/obstacle2.cc.o[0m
[5.184s] [ 37%] [32mBuilding CXX object CMakeFiles/turtlebot3_drive.dir/src/turtlebot3_drive.cpp.o[0m
[5.185s] [ 50%] [32mBuilding CXX object CMakeFiles/obstacles.dir/models/turtlebot3_dqn_world/obstacle_plugin/obstacles.cc.o[0m
[16.005s] [ 62%] [32m[1mLinking CXX shared library libobstacles.so[0m
[16.131s] [ 75%] [32m[1mLinking CXX shared library libobstacle2.so[0m
[16.154s] [ 87%] [32m[1mLinking CXX shared library libobstacle1.so[0m
[16.279s] [ 87%] Built target obstacles
[16.399s] [ 87%] Built target obstacle2
[16.405s] [ 87%] Built target obstacle1
[16.516s] [100%] [32m[1mLinking CXX executable turtlebot3_drive[0m
[17.350s] [100%] Built target turtlebot3_drive
[17.360s] Invoked command in '/home/mengo/amr_project_ws/build/turtlebot3_gazebo' returned '0': CMAKE_PREFIX_PATH=${CMAKE_PREFIX_PATH}:/opt/ros/humble /usr/bin/cmake --build /home/mengo/amr_project_ws/build/turtlebot3_gazebo -- -j12 -l12
[17.405s] Invoking command in '/home/mengo/amr_project_ws/build/turtlebot3_gazebo': CMAKE_PREFIX_PATH=${CMAKE_PREFIX_PATH}:/opt/ros/humble /usr/bin/cmake --install /home/mengo/amr_project_ws/build/turtlebot3_gazebo
[17.413s] -- Install configuration: ""
[17.414s] -- Installing: /home/mengo/amr_project_ws/install/turtlebot3_gazebo/lib/turtlebot3_gazebo/turtlebot3_drive
[17.422s] -- Set runtime path of "/home/mengo/amr_project_ws/install/turtlebot3_gazebo/lib/turtlebot3_gazebo/turtlebot3_drive" to ""
[17.422s] -- Installing: /home/mengo/amr_project_ws/install/turtlebot3_gazebo/share/turtlebot3_gazebo//launch
[17.422s] -- Installing: /home/mengo/amr_project_ws/install/turtlebot3_gazebo/share/turtlebot3_gazebo//launch/prova.launch.py
[17.423s] -- Installing: /home/mengo/amr_project_ws/install/turtlebot3_gazebo/share/turtlebot3_gazebo//launch/turtlebot3_dqn_stage1.launch.py
[17.423s] -- Installing: /home/mengo/amr_project_ws/install/turtlebot3_gazebo/share/turtlebot3_gazebo//launch/turtlebot3_house.launch.py
[17.423s] -- Installing: /home/mengo/amr_project_ws/install/turtlebot3_gazebo/share/turtlebot3_gazebo//launch/turtlebot3_dqn_stage2.launch.py
[17.423s] -- Installing: /home/mengo/amr_project_ws/install/turtlebot3_gazebo/share/turtlebot3_gazebo//launch/turtlebot3_world.launch.py
[17.424s] -- Installing: /home/mengo/amr_project_ws/install/turtlebot3_gazebo/share/turtlebot3_gazebo//launch/turtlebot3_big_house.launch.py
[17.424s] -- Installing: /home/mengo/amr_project_ws/install/turtlebot3_gazebo/share/turtlebot3_gazebo//launch/robot_state_publisher.launch.py
[17.424s] -- Installing: /home/mengo/amr_project_ws/install/turtlebot3_gazebo/share/turtlebot3_gazebo//launch/turtlebot3_dqn_stage4.launch.py
[17.424s] -- Installing: /home/mengo/amr_project_ws/install/turtlebot3_gazebo/share/turtlebot3_gazebo//launch/empty_world.launch.py
[17.424s] -- Installing: /home/mengo/amr_project_ws/install/turtlebot3_gazebo/share/turtlebot3_gazebo//launch/spawn_turtlebot3.launch.py
[17.425s] -- Installing: /home/mengo/amr_project_ws/install/turtlebot3_gazebo/share/turtlebot3_gazebo//launch/turtlebot3_dqn_stage3.launch.py
[17.425s] -- Installing: /home/mengo/amr_project_ws/install/turtlebot3_gazebo/share/turtlebot3_gazebo//models
[17.425s] -- Installing: /home/mengo/amr_project_ws/install/turtlebot3_gazebo/share/turtlebot3_gazebo//models/turtlebot3_burger
[17.425s] -- Installing: /home/mengo/amr_project_ws/install/turtlebot3_gazebo/share/turtlebot3_gazebo//models/turtlebot3_burger/model-1_4.sdf
[17.425s] -- Installing: /home/mengo/amr_project_ws/install/turtlebot3_gazebo/share/turtlebot3_gazebo//models/turtlebot3_burger/model.sdf
[17.425s] -- Installing: /home/mengo/amr_project_ws/install/turtlebot3_gazebo/share/turtlebot3_gazebo//models/turtlebot3_burger/model.config
[17.426s] -- Installing: /home/mengo/amr_project_ws/install/turtlebot3_gazebo/share/turtlebot3_gazebo//models/turtlebot3_dqn_world
[17.426s] -- Installing: /home/mengo/amr_project_ws/install/turtlebot3_gazebo/share/turtlebot3_gazebo//models/turtlebot3_dqn_world/obstacle_plugin
[17.426s] -- Installing: /home/mengo/amr_project_ws/install/turtlebot3_gazebo/share/turtlebot3_gazebo//models/turtlebot3_dqn_world/obstacle_plugin/obstacle1.cc
[17.426s] -- Installing: /home/mengo/amr_project_ws/install/turtlebot3_gazebo/share/turtlebot3_gazebo//models/turtlebot3_dqn_world/obstacle_plugin/CMakeLists.txt
[17.426s] -- Installing: /home/mengo/amr_project_ws/install/turtlebot3_gazebo/share/turtlebot3_gazebo//models/turtlebot3_dqn_world/obstacle_plugin/obstacle2.cc
[17.427s] -- Installing: /home/mengo/amr_project_ws/install/turtlebot3_gazebo/share/turtlebot3_gazebo//models/turtlebot3_dqn_world/obstacle_plugin/obstacles.cc
[17.427s] -- Installing: /home/mengo/amr_project_ws/install/turtlebot3_gazebo/share/turtlebot3_gazebo//models/turtlebot3_dqn_world/goal_box
[17.427s] -- Installing: /home/mengo/amr_project_ws/install/turtlebot3_gazebo/share/turtlebot3_gazebo//models/turtlebot3_dqn_world/goal_box/model.sdf
[17.427s] -- Installing: /home/mengo/amr_project_ws/install/turtlebot3_gazebo/share/turtlebot3_gazebo//models/turtlebot3_dqn_world/goal_box/model.config
[17.427s] -- Installing: /home/mengo/amr_project_ws/install/turtlebot3_gazebo/share/turtlebot3_gazebo//models/turtlebot3_dqn_world/obstacle1
[17.428s] -- Installing: /home/mengo/amr_project_ws/install/turtlebot3_gazebo/share/turtlebot3_gazebo//models/turtlebot3_dqn_world/obstacle1/model.sdf
[17.428s] -- Installing: /home/mengo/amr_project_ws/install/turtlebot3_gazebo/share/turtlebot3_gazebo//models/turtlebot3_dqn_world/obstacle1/model.config
[17.428s] -- Installing: /home/mengo/amr_project_ws/install/turtlebot3_gazebo/share/turtlebot3_gazebo//models/turtlebot3_dqn_world/inner_walls
[17.428s] -- Installing: /home/mengo/amr_project_ws/install/turtlebot3_gazebo/share/turtlebot3_gazebo//models/turtlebot3_dqn_world/inner_walls/model.sdf
[17.428s] -- Installing: /home/mengo/amr_project_ws/install/turtlebot3_gazebo/share/turtlebot3_gazebo//models/turtlebot3_dqn_world/inner_walls/model.config
[17.428s] -- Installing: /home/mengo/amr_project_ws/install/turtlebot3_gazebo/share/turtlebot3_gazebo//models/turtlebot3_dqn_world/model.sdf
[17.429s] -- Installing: /home/mengo/amr_project_ws/install/turtlebot3_gazebo/share/turtlebot3_gazebo//models/turtlebot3_dqn_world/obstacle2
[17.429s] -- Installing: /home/mengo/amr_project_ws/install/turtlebot3_gazebo/share/turtlebot3_gazebo//models/turtlebot3_dqn_world/obstacle2/model.sdf
[17.429s] -- Installing: /home/mengo/amr_project_ws/install/turtlebot3_gazebo/share/turtlebot3_gazebo//models/turtlebot3_dqn_world/obstacle2/model.config
[17.429s] -- Installing: /home/mengo/amr_project_ws/install/turtlebot3_gazebo/share/turtlebot3_gazebo//models/turtlebot3_dqn_world/obstacles
[17.430s] -- Installing: /home/mengo/amr_project_ws/install/turtlebot3_gazebo/share/turtlebot3_gazebo//models/turtlebot3_dqn_world/obstacles/model.sdf
[17.430s] -- Installing: /home/mengo/amr_project_ws/install/turtlebot3_gazebo/share/turtlebot3_gazebo//models/turtlebot3_dqn_world/obstacles/model.config
[17.430s] -- Installing: /home/mengo/amr_project_ws/install/turtlebot3_gazebo/share/turtlebot3_gazebo//models/turtlebot3_dqn_world/model.config
[17.430s] -- Installing: /home/mengo/amr_project_ws/install/turtlebot3_gazebo/share/turtlebot3_gazebo//models/turtlebot3_common
[17.430s] -- Installing: /home/mengo/amr_project_ws/install/turtlebot3_gazebo/share/turtlebot3_gazebo//models/turtlebot3_common/model.config
[17.431s] -- Installing: /home/mengo/amr_project_ws/install/turtlebot3_gazebo/share/turtlebot3_gazebo//models/turtlebot3_common/meshes
[17.431s] -- Installing: /home/mengo/amr_project_ws/install/turtlebot3_gazebo/share/turtlebot3_gazebo//models/turtlebot3_common/meshes/tire.dae
[17.431s] -- Installing: /home/mengo/amr_project_ws/install/turtlebot3_gazebo/share/turtlebot3_gazebo//models/turtlebot3_common/meshes/burger_base.dae
[17.431s] -- Installing: /home/mengo/amr_project_ws/install/turtlebot3_gazebo/share/turtlebot3_gazebo//models/turtlebot3_common/meshes/lds.dae
[17.432s] -- Installing: /home/mengo/amr_project_ws/install/turtlebot3_gazebo/share/turtlebot3_gazebo//models/turtlebot3_common/meshes/waffle_pi_base.dae
[17.432s] -- Installing: /home/mengo/amr_project_ws/install/turtlebot3_gazebo/share/turtlebot3_gazebo//models/turtlebot3_common/meshes/waffle_base.dae
[17.432s] -- Installing: /home/mengo/amr_project_ws/install/turtlebot3_gazebo/share/turtlebot3_gazebo//models/turtlebot3_common/meshes/r200.dae
[17.432s] -- Installing: /home/mengo/amr_project_ws/install/turtlebot3_gazebo/share/turtlebot3_gazebo//models/turtlebot3_waffle
[17.433s] -- Installing: /home/mengo/amr_project_ws/install/turtlebot3_gazebo/share/turtlebot3_gazebo//models/turtlebot3_waffle/model-1_4.sdf
[17.433s] -- Installing: /home/mengo/amr_project_ws/install/turtlebot3_gazebo/share/turtlebot3_gazebo//models/turtlebot3_waffle/model.sdf
[17.433s] -- Installing: /home/mengo/amr_project_ws/install/turtlebot3_gazebo/share/turtlebot3_gazebo//models/turtlebot3_waffle/model.config
[17.433s] -- Installing: /home/mengo/amr_project_ws/install/turtlebot3_gazebo/share/turtlebot3_gazebo//models/turtlebot3_waffle_pi
[17.433s] -- Installing: /home/mengo/amr_project_ws/install/turtlebot3_gazebo/share/turtlebot3_gazebo//models/turtlebot3_waffle_pi/model.sdf
[17.434s] -- Installing: /home/mengo/amr_project_ws/install/turtlebot3_gazebo/share/turtlebot3_gazebo//models/turtlebot3_waffle_pi/model.config
[17.434s] -- Installing: /home/mengo/amr_project_ws/install/turtlebot3_gazebo/share/turtlebot3_gazebo//models/turtlebot3_waffle_pi/model-1_4_.sdf
[17.434s] -- Installing: /home/mengo/amr_project_ws/install/turtlebot3_gazebo/share/turtlebot3_gazebo//models/turtlebot3_house
[17.434s] -- Installing: /home/mengo/amr_project_ws/install/turtlebot3_gazebo/share/turtlebot3_gazebo//models/turtlebot3_house/model.sdf
[17.435s] -- Installing: /home/mengo/amr_project_ws/install/turtlebot3_gazebo/share/turtlebot3_gazebo//models/turtlebot3_house/model.config
[17.435s] -- Installing: /home/mengo/amr_project_ws/install/turtlebot3_gazebo/share/turtlebot3_gazebo//models/turtlebot3_big_house
[17.435s] -- Installing: /home/mengo/amr_project_ws/install/turtlebot3_gazebo/share/turtlebot3_gazebo//models/turtlebot3_big_house/model.sdf
[17.435s] -- Installing: /home/mengo/amr_project_ws/install/turtlebot3_gazebo/share/turtlebot3_gazebo//models/turtlebot3_big_house/model.config
[17.436s] -- Installing: /home/mengo/amr_project_ws/install/turtlebot3_gazebo/share/turtlebot3_gazebo//models/turtlebot3_world
[17.436s] -- Installing: /home/mengo/amr_project_ws/install/turtlebot3_gazebo/share/turtlebot3_gazebo//models/turtlebot3_world/model-1_4.sdf
[17.436s] -- Installing: /home/mengo/amr_project_ws/install/turtlebot3_gazebo/share/turtlebot3_gazebo//models/turtlebot3_world/model.sdf
[17.436s] -- Installing: /home/mengo/amr_project_ws/install/turtlebot3_gazebo/share/turtlebot3_gazebo//models/turtlebot3_world/model.config
[17.437s] -- Installing: /home/mengo/amr_project_ws/install/turtlebot3_gazebo/share/turtlebot3_gazebo//models/turtlebot3_world/meshes
[17.437s] -- Installing: /home/mengo/amr_project_ws/install/turtlebot3_gazebo/share/turtlebot3_gazebo//models/turtlebot3_world/meshes/hexagon.dae
[17.437s] -- Installing: /home/mengo/amr_project_ws/install/turtlebot3_gazebo/share/turtlebot3_gazebo//models/turtlebot3_world/meshes/wall.dae
[17.437s] -- Installing: /home/mengo/amr_project_ws/install/turtlebot3_gazebo/share/turtlebot3_gazebo//rviz
[17.438s] -- Installing: /home/mengo/amr_project_ws/install/turtlebot3_gazebo/share/turtlebot3_gazebo//rviz/tb3_gazebo.rviz
[17.438s] -- Installing: /home/mengo/amr_project_ws/install/turtlebot3_gazebo/share/turtlebot3_gazebo//urdf
[17.438s] -- Installing: /home/mengo/amr_project_ws/install/turtlebot3_gazebo/share/turtlebot3_gazebo//urdf/turtlebot3_waffle.urdf
[17.438s] -- Installing: /home/mengo/amr_project_ws/install/turtlebot3_gazebo/share/turtlebot3_gazebo//urdf/turtlebot3_waffle_pi.urdf
[17.439s] -- Installing: /home/mengo/amr_project_ws/install/turtlebot3_gazebo/share/turtlebot3_gazebo//urdf/turtlebot3_burger.urdf
[17.439s] -- Installing: /home/mengo/amr_project_ws/install/turtlebot3_gazebo/share/turtlebot3_gazebo//urdf/common_properties.urdf
[17.439s] -- Installing: /home/mengo/amr_project_ws/install/turtlebot3_gazebo/share/turtlebot3_gazebo//worlds
[17.439s] -- Installing: /home/mengo/amr_project_ws/install/turtlebot3_gazebo/share/turtlebot3_gazebo//worlds/turtlebot3_dqn_stage3.world
[17.440s] -- Installing: /home/mengo/amr_project_ws/install/turtlebot3_gazebo/share/turtlebot3_gazebo//worlds/empty_world.world
[17.440s] -- Installing: /home/mengo/amr_project_ws/install/turtlebot3_gazebo/share/turtlebot3_gazebo//worlds/turtlebot3_world.world
[17.440s] -- Installing: /home/mengo/amr_project_ws/install/turtlebot3_gazebo/share/turtlebot3_gazebo//worlds/turtlebot3_house.world
[17.441s] -- Installing: /home/mengo/amr_project_ws/install/turtlebot3_gazebo/share/turtlebot3_gazebo//worlds/turtlebot3_big_houses
[17.441s] -- Installing: /home/mengo/amr_project_ws/install/turtlebot3_gazebo/share/turtlebot3_gazebo//worlds/turtlebot3_big_houses/burger.model
[17.441s] -- Installing: /home/mengo/amr_project_ws/install/turtlebot3_gazebo/share/turtlebot3_gazebo//worlds/turtlebot3_big_houses/waffle_pi.model
[17.441s] -- Installing: /home/mengo/amr_project_ws/install/turtlebot3_gazebo/share/turtlebot3_gazebo//worlds/turtlebot3_big_houses/waffle.model
[17.442s] -- Installing: /home/mengo/amr_project_ws/install/turtlebot3_gazebo/share/turtlebot3_gazebo//worlds/turtlebot3_dqn_stage4.world
[17.442s] -- Installing: /home/mengo/amr_project_ws/install/turtlebot3_gazebo/share/turtlebot3_gazebo//worlds/turtlebot3_dqn_stage2.world
[17.442s] -- Installing: /home/mengo/amr_project_ws/install/turtlebot3_gazebo/share/turtlebot3_gazebo//worlds/turtlebot3_dqn_stage1.world
[17.443s] -- Installing: /home/mengo/amr_project_ws/install/turtlebot3_gazebo/include/
[17.443s] -- Installing: /home/mengo/amr_project_ws/install/turtlebot3_gazebo/include//turtlebot3_gazebo
[17.443s] -- Installing: /home/mengo/amr_project_ws/install/turtlebot3_gazebo/include//turtlebot3_gazebo/turtlebot3_drive.hpp
[17.443s] -- Installing: /home/mengo/amr_project_ws/install/turtlebot3_gazebo/share/ament_index/resource_index/package_run_dependencies/turtlebot3_gazebo
[17.444s] -- Installing: /home/mengo/amr_project_ws/install/turtlebot3_gazebo/share/ament_index/resource_index/parent_prefix_path/turtlebot3_gazebo
[17.444s] -- Installing: /home/mengo/amr_project_ws/install/turtlebot3_gazebo/share/turtlebot3_gazebo/environment/ament_prefix_path.sh
[17.444s] -- Installing: /home/mengo/amr_project_ws/install/turtlebot3_gazebo/share/turtlebot3_gazebo/environment/ament_prefix_path.dsv
[17.445s] -- Installing: /home/mengo/amr_project_ws/install/turtlebot3_gazebo/share/turtlebot3_gazebo/environment/path.sh
[17.445s] -- Installing: /home/mengo/amr_project_ws/install/turtlebot3_gazebo/share/turtlebot3_gazebo/environment/path.dsv
[17.445s] -- Installing: /home/mengo/amr_project_ws/install/turtlebot3_gazebo/share/turtlebot3_gazebo/local_setup.bash
[17.446s] -- Installing: /home/mengo/amr_project_ws/install/turtlebot3_gazebo/share/turtlebot3_gazebo/local_setup.sh
[17.446s] -- Installing: /home/mengo/amr_project_ws/install/turtlebot3_gazebo/share/turtlebot3_gazebo/local_setup.zsh
[17.446s] -- Installing: /home/mengo/amr_project_ws/install/turtlebot3_gazebo/share/turtlebot3_gazebo/local_setup.dsv
[17.446s] -- Installing: /home/mengo/amr_project_ws/install/turtlebot3_gazebo/share/turtlebot3_gazebo/package.dsv
[17.447s] -- Installing: /home/mengo/amr_project_ws/install/turtlebot3_gazebo/share/ament_index/resource_index/packages/turtlebot3_gazebo
[17.447s] -- Installing: /home/mengo/amr_project_ws/install/turtlebot3_gazebo/share/turtlebot3_gazebo/cmake/ament_cmake_export_include_directories-extras.cmake
[17.447s] -- Installing: /home/mengo/amr_project_ws/install/turtlebot3_gazebo/share/turtlebot3_gazebo/cmake/ament_cmake_export_dependencies-extras.cmake
[17.447s] -- Installing: /home/mengo/amr_project_ws/install/turtlebot3_gazebo/share/turtlebot3_gazebo/cmake/turtlebot3_gazeboConfig.cmake
[17.448s] -- Installing: /home/mengo/amr_project_ws/install/turtlebot3_gazebo/share/turtlebot3_gazebo/cmake/turtlebot3_gazeboConfig-version.cmake
[17.448s] -- Installing: /home/mengo/amr_project_ws/install/turtlebot3_gazebo/share/turtlebot3_gazebo/package.xml
[17.450s] Invoked command in '/home/mengo/amr_project_ws/build/turtlebot3_gazebo' returned '0': CMAKE_PREFIX_PATH=${CMAKE_PREFIX_PATH}:/opt/ros/humble /usr/bin/cmake --install /home/mengo/amr_project_ws/build/turtlebot3_gazebo
