[1.910s] DEBUG:colcon:Command line arguments: ['/usr/bin/colcon', 'build']
[1.910s] DEBUG:colcon:Parsed command line arguments: Namespace(log_base=None, log_level=None, verb_name='build', build_base='build', install_base='install', merge_install=False, symlink_install=False, test_result_base=None, continue_on_error=False, executor='parallel', parallel_workers=12, event_handlers=None, ignore_user_meta=False, metas=['./colcon.meta'], base_paths=['.'], packages_ignore=None, packages_ignore_regex=None, paths=None, packages_up_to=None, packages_up_to_regex=None, packages_above=None, packages_above_and_dependencies=None, packages_above_depth=None, packages_select_by_dep=None, packages_skip_by_dep=None, packages_skip_up_to=None, packages_select_build_failed=False, packages_skip_build_finished=False, packages_select_test_failures=False, packages_skip_test_passed=False, packages_select=None, packages_skip=None, packages_select_regex=None, packages_skip_regex=None, packages_start=None, packages_end=None, allow_overriding=[], cmake_args=None, cmake_target=None, cmake_target_skip_unavailable=False, cmake_clean_cache=False, cmake_clean_first=False, cmake_force_configure=False, ament_cmake_args=None, catkin_cmake_args=None, catkin_skip_building_tests=False, verb_parser=<colcon_defaults.argument_parser.defaults.DefaultArgumentsDecorator object at 0x771e3c6cedd0>, verb_extension=<colcon_core.verb.build.BuildVerb object at 0x771e3cba3550>, main=<bound method BuildVerb.main of <colcon_core.verb.build.BuildVerb object at 0x771e3cba3550>>)
[1.990s] Level 1:colcon.colcon_core.package_discovery:discover_packages(colcon_meta) check parameters
[1.991s] Level 1:colcon.colcon_core.package_discovery:discover_packages(recursive) check parameters
[1.991s] Level 1:colcon.colcon_core.package_discovery:discover_packages(ignore) check parameters
[1.991s] Level 1:colcon.colcon_core.package_discovery:discover_packages(path) check parameters
[1.992s] Level 1:colcon.colcon_core.package_discovery:discover_packages(colcon_meta) discover
[1.992s] Level 1:colcon.colcon_core.package_discovery:discover_packages(recursive) discover
[1.992s] INFO:colcon.colcon_core.package_discovery:Crawling recursively for packages in '/home/mengo/amr_project_ws/src'
[1.992s] Level 1:colcon.colcon_core.package_identification:_identify(.) by extensions ['ignore', 'ignore_ament_install']
[1.992s] Level 1:colcon.colcon_core.package_identification:_identify(.) by extension 'ignore'
[1.992s] Level 1:colcon.colcon_core.package_identification:_identify(.) by extension 'ignore_ament_install'
[1.992s] Level 1:colcon.colcon_core.package_identification:_identify(.) by extensions ['colcon_pkg']
[1.992s] Level 1:colcon.colcon_core.package_identification:_identify(.) by extension 'colcon_pkg'
[1.992s] Level 1:colcon.colcon_core.package_identification:_identify(.) by extensions ['colcon_meta']
[1.992s] Level 1:colcon.colcon_core.package_identification:_identify(.) by extension 'colcon_meta'
[1.992s] Level 1:colcon.colcon_core.package_identification:_identify(.) by extensions ['ros']
[1.993s] Level 1:colcon.colcon_core.package_identification:_identify(.) by extension 'ros'
[2.007s] Level 1:colcon.colcon_core.package_identification:_identify(.) by extensions ['cmake', 'python']
[2.007s] Level 1:colcon.colcon_core.package_identification:_identify(.) by extension 'cmake'
[2.008s] Level 1:colcon.colcon_core.package_identification:_identify(.) by extension 'python'
[2.008s] Level 1:colcon.colcon_core.package_identification:_identify(.) by extensions ['python_setup_py']
[2.008s] Level 1:colcon.colcon_core.package_identification:_identify(.) by extension 'python_setup_py'
[2.008s] Level 1:colcon.colcon_core.package_identification:_identify(build) by extensions ['ignore', 'ignore_ament_install']
[2.008s] Level 1:colcon.colcon_core.package_identification:_identify(build) by extension 'ignore'
[2.008s] Level 1:colcon.colcon_core.package_identification:_identify(build) ignored
[2.008s] Level 1:colcon.colcon_core.package_identification:_identify(exploration) by extensions ['ignore', 'ignore_ament_install']
[2.008s] Level 1:colcon.colcon_core.package_identification:_identify(exploration) by extension 'ignore'
[2.009s] Level 1:colcon.colcon_core.package_identification:_identify(exploration) by extension 'ignore_ament_install'
[2.009s] Level 1:colcon.colcon_core.package_identification:_identify(exploration) by extensions ['colcon_pkg']
[2.009s] Level 1:colcon.colcon_core.package_identification:_identify(exploration) by extension 'colcon_pkg'
[2.009s] Level 1:colcon.colcon_core.package_identification:_identify(exploration) by extensions ['colcon_meta']
[2.009s] Level 1:colcon.colcon_core.package_identification:_identify(exploration) by extension 'colcon_meta'
[2.009s] Level 1:colcon.colcon_core.package_identification:_identify(exploration) by extensions ['ros']
[2.009s] Level 1:colcon.colcon_core.package_identification:_identify(exploration) by extension 'ros'
[2.013s] DEBUG:colcon.colcon_core.package_identification:Package 'exploration' with type 'ros.ament_python' and name 'exploration'
[2.013s] Level 1:colcon.colcon_core.package_identification:_identify(install) by extensions ['ignore', 'ignore_ament_install']
[2.013s] Level 1:colcon.colcon_core.package_identification:_identify(install) by extension 'ignore'
[2.013s] Level 1:colcon.colcon_core.package_identification:_identify(install) ignored
[2.013s] Level 1:colcon.colcon_core.package_identification:_identify(log) by extensions ['ignore', 'ignore_ament_install']
[2.013s] Level 1:colcon.colcon_core.package_identification:_identify(log) by extension 'ignore'
[2.013s] Level 1:colcon.colcon_core.package_identification:_identify(log) ignored
[2.013s] Level 1:colcon.colcon_core.package_identification:_identify(sanification) by extensions ['ignore', 'ignore_ament_install']
[2.014s] Level 1:colcon.colcon_core.package_identification:_identify(sanification) by extension 'ignore'
[2.014s] Level 1:colcon.colcon_core.package_identification:_identify(sanification) by extension 'ignore_ament_install'
[2.014s] Level 1:colcon.colcon_core.package_identification:_identify(sanification) by extensions ['colcon_pkg']
[2.014s] Level 1:colcon.colcon_core.package_identification:_identify(sanification) by extension 'colcon_pkg'
[2.014s] Level 1:colcon.colcon_core.package_identification:_identify(sanification) by extensions ['colcon_meta']
[2.014s] Level 1:colcon.colcon_core.package_identification:_identify(sanification) by extension 'colcon_meta'
[2.014s] Level 1:colcon.colcon_core.package_identification:_identify(sanification) by extensions ['ros']
[2.014s] Level 1:colcon.colcon_core.package_identification:_identify(sanification) by extension 'ros'
[2.015s] DEBUG:colcon.colcon_core.package_identification:Package 'sanification' with type 'ros.ament_python' and name 'sanification'
[2.015s] Level 1:colcon.colcon_core.package_identification:_identify(turtlebot3_gazebo) by extensions ['ignore', 'ignore_ament_install']
[2.015s] Level 1:colcon.colcon_core.package_identification:_identify(turtlebot3_gazebo) by extension 'ignore'
[2.015s] Level 1:colcon.colcon_core.package_identification:_identify(turtlebot3_gazebo) by extension 'ignore_ament_install'
[2.015s] Level 1:colcon.colcon_core.package_identification:_identify(turtlebot3_gazebo) by extensions ['colcon_pkg']
[2.015s] Level 1:colcon.colcon_core.package_identification:_identify(turtlebot3_gazebo) by extension 'colcon_pkg'
[2.015s] Level 1:colcon.colcon_core.package_identification:_identify(turtlebot3_gazebo) by extensions ['colcon_meta']
[2.015s] Level 1:colcon.colcon_core.package_identification:_identify(turtlebot3_gazebo) by extension 'colcon_meta'
[2.015s] Level 1:colcon.colcon_core.package_identification:_identify(turtlebot3_gazebo) by extensions ['ros']
[2.015s] Level 1:colcon.colcon_core.package_identification:_identify(turtlebot3_gazebo) by extension 'ros'
[2.017s] DEBUG:colcon.colcon_core.package_identification:Package 'turtlebot3_gazebo' with type 'ros.ament_cmake' and name 'turtlebot3_gazebo'
[2.017s] Level 1:colcon.colcon_core.package_discovery:discover_packages(recursive) using defaults
[2.017s] Level 1:colcon.colcon_core.package_discovery:discover_packages(ignore) discover
[2.017s] Level 1:colcon.colcon_core.package_discovery:discover_packages(ignore) using defaults
[2.017s] Level 1:colcon.colcon_core.package_discovery:discover_packages(path) discover
[2.017s] Level 1:colcon.colcon_core.package_discovery:discover_packages(path) using defaults
[2.186s] Level 1:colcon.colcon_core.package_discovery:discover_packages(prefix_path) check parameters
[2.186s] Level 1:colcon.colcon_core.package_discovery:discover_packages(prefix_path) discover
[2.244s] DEBUG:colcon.colcon_installed_package_information.package_discovery:Found 3 installed packages in /home/mengo/amr_project_ws/src/install
[2.274s] DEBUG:colcon.colcon_installed_package_information.package_discovery:Found 3 installed packages in /home/mengo/amr_project_ws/install
[2.301s] DEBUG:colcon.colcon_installed_package_information.package_discovery:Found 378 installed packages in /opt/ros/humble
[2.303s] Level 1:colcon.colcon_core.package_discovery:discover_packages(prefix_path) using defaults
[2.460s] Level 5:colcon.colcon_core.verb:set package 'exploration' build argument 'cmake_args' from command line to 'None'
[2.460s] Level 5:colcon.colcon_core.verb:set package 'exploration' build argument 'cmake_target' from command line to 'None'
[2.460s] Level 5:colcon.colcon_core.verb:set package 'exploration' build argument 'cmake_target_skip_unavailable' from command line to 'False'
[2.460s] Level 5:colcon.colcon_core.verb:set package 'exploration' build argument 'cmake_clean_cache' from command line to 'False'
[2.460s] Level 5:colcon.colcon_core.verb:set package 'exploration' build argument 'cmake_clean_first' from command line to 'False'
[2.460s] Level 5:colcon.colcon_core.verb:set package 'exploration' build argument 'cmake_force_configure' from command line to 'False'
[2.460s] Level 5:colcon.colcon_core.verb:set package 'exploration' build argument 'ament_cmake_args' from command line to 'None'
[2.460s] Level 5:colcon.colcon_core.verb:set package 'exploration' build argument 'catkin_cmake_args' from command line to 'None'
[2.460s] Level 5:colcon.colcon_core.verb:set package 'exploration' build argument 'catkin_skip_building_tests' from command line to 'False'
[2.460s] DEBUG:colcon.colcon_core.verb:Building package 'exploration' with the following arguments: {'ament_cmake_args': None, 'build_base': '/home/mengo/amr_project_ws/src/build/exploration', 'catkin_cmake_args': None, 'catkin_skip_building_tests': False, 'cmake_args': None, 'cmake_clean_cache': False, 'cmake_clean_first': False, 'cmake_force_configure': False, 'cmake_target': None, 'cmake_target_skip_unavailable': False, 'install_base': '/home/mengo/amr_project_ws/src/install/exploration', 'merge_install': False, 'path': '/home/mengo/amr_project_ws/src/exploration', 'symlink_install': False, 'test_result_base': None}
[2.489s] Level 5:colcon.colcon_core.verb:set package 'sanification' build argument 'cmake_args' from command line to 'None'
[2.489s] Level 5:colcon.colcon_core.verb:set package 'sanification' build argument 'cmake_target' from command line to 'None'
[2.489s] Level 5:colcon.colcon_core.verb:set package 'sanification' build argument 'cmake_target_skip_unavailable' from command line to 'False'
[2.490s] Level 5:colcon.colcon_core.verb:set package 'sanification' build argument 'cmake_clean_cache' from command line to 'False'
[2.490s] Level 5:colcon.colcon_core.verb:set package 'sanification' build argument 'cmake_clean_first' from command line to 'False'
[2.490s] Level 5:colcon.colcon_core.verb:set package 'sanification' build argument 'cmake_force_configure' from command line to 'False'
[2.490s] Level 5:colcon.colcon_core.verb:set package 'sanification' build argument 'ament_cmake_args' from command line to 'None'
[2.490s] Level 5:colcon.colcon_core.verb:set package 'sanification' build argument 'catkin_cmake_args' from command line to 'None'
[2.490s] Level 5:colcon.colcon_core.verb:set package 'sanification' build argument 'catkin_skip_building_tests' from command line to 'False'
[2.490s] DEBUG:colcon.colcon_core.verb:Building package 'sanification' with the following arguments: {'ament_cmake_args': None, 'build_base': '/home/mengo/amr_project_ws/src/build/sanification', 'catkin_cmake_args': None, 'catkin_skip_building_tests': False, 'cmake_args': None, 'cmake_clean_cache': False, 'cmake_clean_first': False, 'cmake_force_configure': False, 'cmake_target': None, 'cmake_target_skip_unavailable': False, 'install_base': '/home/mengo/amr_project_ws/src/install/sanification', 'merge_install': False, 'path': '/home/mengo/amr_project_ws/src/sanification', 'symlink_install': False, 'test_result_base': None}
[2.519s] Level 5:colcon.colcon_core.verb:set package 'turtlebot3_gazebo' build argument 'cmake_args' from command line to 'None'
[2.519s] Level 5:colcon.colcon_core.verb:set package 'turtlebot3_gazebo' build argument 'cmake_target' from command line to 'None'
[2.519s] Level 5:colcon.colcon_core.verb:set package 'turtlebot3_gazebo' build argument 'cmake_target_skip_unavailable' from command line to 'False'
[2.519s] Level 5:colcon.colcon_core.verb:set package 'turtlebot3_gazebo' build argument 'cmake_clean_cache' from command line to 'False'
[2.519s] Level 5:colcon.colcon_core.verb:set package 'turtlebot3_gazebo' build argument 'cmake_clean_first' from command line to 'False'
[2.519s] Level 5:colcon.colcon_core.verb:set package 'turtlebot3_gazebo' build argument 'cmake_force_configure' from command line to 'False'
[2.519s] Level 5:colcon.colcon_core.verb:set package 'turtlebot3_gazebo' build argument 'ament_cmake_args' from command line to 'None'
[2.519s] Level 5:colcon.colcon_core.verb:set package 'turtlebot3_gazebo' build argument 'catkin_cmake_args' from command line to 'None'
[2.519s] Level 5:colcon.colcon_core.verb:set package 'turtlebot3_gazebo' build argument 'catkin_skip_building_tests' from command line to 'False'
[2.519s] DEBUG:colcon.colcon_core.verb:Building package 'turtlebot3_gazebo' with the following arguments: {'ament_cmake_args': None, 'build_base': '/home/mengo/amr_project_ws/src/build/turtlebot3_gazebo', 'catkin_cmake_args': None, 'catkin_skip_building_tests': False, 'cmake_args': None, 'cmake_clean_cache': False, 'cmake_clean_first': False, 'cmake_force_configure': False, 'cmake_target': None, 'cmake_target_skip_unavailable': False, 'install_base': '/home/mengo/amr_project_ws/src/install/turtlebot3_gazebo', 'merge_install': False, 'path': '/home/mengo/amr_project_ws/src/turtlebot3_gazebo', 'symlink_install': False, 'test_result_base': None}
[2.549s] INFO:colcon.colcon_core.executor:Executing jobs using 'parallel' executor
[2.576s] DEBUG:colcon.colcon_parallel_executor.executor.parallel:run_until_complete
[2.576s] INFO:colcon.colcon_ros.task.ament_python.build:Building ROS package in '/home/mengo/amr_project_ws/src/exploration' with build type 'ament_python'
[2.577s] Level 1:colcon.colcon_core.shell:create_environment_hook('exploration', 'ament_prefix_path')
[2.604s] INFO:colcon.colcon_core.plugin_system:Skipping extension 'colcon_core.shell.bat': Not used on non-Windows systems
[2.604s] INFO:colcon.colcon_core.shell:Creating environment hook '/home/mengo/amr_project_ws/src/install/exploration/share/exploration/hook/ament_prefix_path.ps1'
[2.605s] INFO:colcon.colcon_core.shell:Creating environment descriptor '/home/mengo/amr_project_ws/src/install/exploration/share/exploration/hook/ament_prefix_path.dsv'
[2.606s] INFO:colcon.colcon_core.shell:Creating environment hook '/home/mengo/amr_project_ws/src/install/exploration/share/exploration/hook/ament_prefix_path.sh'
[2.636s] INFO:colcon.colcon_core.shell:Skip shell extension 'powershell' for command environment: Not usable outside of PowerShell
[2.636s] DEBUG:colcon.colcon_core.shell:Skip shell extension 'dsv' for command environment
[2.774s] INFO:colcon.colcon_ros.task.ament_python.build:Building ROS package in '/home/mengo/amr_project_ws/src/sanification' with build type 'ament_python'
[2.774s] Level 1:colcon.colcon_core.shell:create_environment_hook('sanification', 'ament_prefix_path')
[2.803s] INFO:colcon.colcon_core.shell:Creating environment hook '/home/mengo/amr_project_ws/src/install/sanification/share/sanification/hook/ament_prefix_path.ps1'
[2.804s] INFO:colcon.colcon_core.shell:Creating environment descriptor '/home/mengo/amr_project_ws/src/install/sanification/share/sanification/hook/ament_prefix_path.dsv'
[2.804s] INFO:colcon.colcon_core.shell:Creating environment hook '/home/mengo/amr_project_ws/src/install/sanification/share/sanification/hook/ament_prefix_path.sh'
[2.835s] INFO:colcon.colcon_core.shell:Skip shell extension 'powershell' for command environment: Not usable outside of PowerShell
[2.835s] DEBUG:colcon.colcon_core.shell:Skip shell extension 'dsv' for command environment
[2.953s] INFO:colcon.colcon_ros.task.ament_cmake.build:Building ROS package in '/home/mengo/amr_project_ws/src/turtlebot3_gazebo' with build type 'ament_cmake'
[2.954s] INFO:colcon.colcon_cmake.task.cmake.build:Building CMake package in '/home/mengo/amr_project_ws/src/turtlebot3_gazebo'
[2.984s] INFO:colcon.colcon_core.shell:Skip shell extension 'powershell' for command environment: Not usable outside of PowerShell
[2.984s] DEBUG:colcon.colcon_core.shell:Skip shell extension 'dsv' for command environment
[3.534s] INFO:colcon.colcon_core.task.python.build:Building Python package in '/home/mengo/amr_project_ws/src/exploration'
[3.559s] INFO:colcon.colcon_core.shell:Skip shell extension 'powershell' for command environment: Not usable outside of PowerShell
[3.559s] DEBUG:colcon.colcon_core.shell:Skip shell extension 'dsv' for command environment
[4.097s] INFO:colcon.colcon_core.task.python.build:Building Python package in '/home/mengo/amr_project_ws/src/sanification'
[4.121s] INFO:colcon.colcon_core.shell:Skip shell extension 'powershell' for command environment: Not usable outside of PowerShell
[4.121s] DEBUG:colcon.colcon_core.shell:Skip shell extension 'dsv' for command environment
[4.259s] DEBUG:colcon.colcon_core.event_handler.log_command:Invoking command in '/home/mengo/amr_project_ws/src/build/turtlebot3_gazebo': CMAKE_PREFIX_PATH=${CMAKE_PREFIX_PATH}:/home/mengo/amr_project_ws/src/install/sanification:/home/mengo/amr_project_ws/src/install/exploration:/home/mengo/amr_project_ws/install/sanification:/home/mengo/amr_project_ws/install/exploration:/opt/ros/humble CONDA_PROMPT_MODIFIER=(base) /usr/bin/cmake --build /home/mengo/amr_project_ws/src/build/turtlebot3_gazebo -- -j12 -l12
[4.389s] DEBUG:colcon.colcon_core.event_handler.log_command:Invoked command in '/home/mengo/amr_project_ws/src/build/turtlebot3_gazebo' returned '0': CMAKE_PREFIX_PATH=${CMAKE_PREFIX_PATH}:/home/mengo/amr_project_ws/src/install/sanification:/home/mengo/amr_project_ws/src/install/exploration:/home/mengo/amr_project_ws/install/sanification:/home/mengo/amr_project_ws/install/exploration:/opt/ros/humble CONDA_PROMPT_MODIFIER=(base) /usr/bin/cmake --build /home/mengo/amr_project_ws/src/build/turtlebot3_gazebo -- -j12 -l12
[4.463s] DEBUG:colcon.colcon_core.event_handler.log_command:Invoking command in '/home/mengo/amr_project_ws/src/build/turtlebot3_gazebo': CMAKE_PREFIX_PATH=${CMAKE_PREFIX_PATH}:/home/mengo/amr_project_ws/src/install/sanification:/home/mengo/amr_project_ws/src/install/exploration:/home/mengo/amr_project_ws/install/sanification:/home/mengo/amr_project_ws/install/exploration:/opt/ros/humble CONDA_PROMPT_MODIFIER=(base) /usr/bin/cmake --install /home/mengo/amr_project_ws/src/build/turtlebot3_gazebo
[4.481s] Level 1:colcon.colcon_core.environment:create_environment_scripts_only(turtlebot3_gazebo)
[4.508s] DEBUG:colcon.colcon_core.event_handler.log_command:Invoked command in '/home/mengo/amr_project_ws/src/build/turtlebot3_gazebo' returned '0': CMAKE_PREFIX_PATH=${CMAKE_PREFIX_PATH}:/home/mengo/amr_project_ws/src/install/sanification:/home/mengo/amr_project_ws/src/install/exploration:/home/mengo/amr_project_ws/install/sanification:/home/mengo/amr_project_ws/install/exploration:/opt/ros/humble CONDA_PROMPT_MODIFIER=(base) /usr/bin/cmake --install /home/mengo/amr_project_ws/src/build/turtlebot3_gazebo
[4.545s] Level 1:colcon.colcon_core.environment:checking '/home/mengo/amr_project_ws/src/install/turtlebot3_gazebo' for CMake module files
[4.546s] Level 1:colcon.colcon_core.environment:checking '/home/mengo/amr_project_ws/src/install/turtlebot3_gazebo' for CMake config files
[4.547s] Level 1:colcon.colcon_core.shell:create_environment_hook('turtlebot3_gazebo', 'cmake_prefix_path')
[4.587s] INFO:colcon.colcon_core.shell:Creating environment hook '/home/mengo/amr_project_ws/src/install/turtlebot3_gazebo/share/turtlebot3_gazebo/hook/cmake_prefix_path.ps1'
[4.588s] INFO:colcon.colcon_core.shell:Creating environment descriptor '/home/mengo/amr_project_ws/src/install/turtlebot3_gazebo/share/turtlebot3_gazebo/hook/cmake_prefix_path.dsv'
[4.588s] INFO:colcon.colcon_core.shell:Creating environment hook '/home/mengo/amr_project_ws/src/install/turtlebot3_gazebo/share/turtlebot3_gazebo/hook/cmake_prefix_path.sh'
[4.589s] Level 1:colcon.colcon_core.environment:checking '/home/mengo/amr_project_ws/src/install/turtlebot3_gazebo/lib'
[4.589s] Level 1:colcon.colcon_core.environment:checking '/home/mengo/amr_project_ws/src/install/turtlebot3_gazebo/bin'
[4.589s] Level 1:colcon.colcon_core.environment:checking '/home/mengo/amr_project_ws/src/install/turtlebot3_gazebo/lib/pkgconfig/turtlebot3_gazebo.pc'
[4.590s] Level 1:colcon.colcon_core.environment:checking '/home/mengo/amr_project_ws/src/install/turtlebot3_gazebo/lib/python3.10/site-packages'
[4.590s] Level 1:colcon.colcon_core.environment:checking '/home/mengo/amr_project_ws/src/install/turtlebot3_gazebo/bin'
[4.622s] INFO:colcon.colcon_core.shell:Creating package script '/home/mengo/amr_project_ws/src/install/turtlebot3_gazebo/share/turtlebot3_gazebo/package.ps1'
[4.624s] INFO:colcon.colcon_core.shell:Creating package descriptor '/home/mengo/amr_project_ws/src/install/turtlebot3_gazebo/share/turtlebot3_gazebo/package.dsv'
[4.624s] INFO:colcon.colcon_core.shell:Creating package script '/home/mengo/amr_project_ws/src/install/turtlebot3_gazebo/share/turtlebot3_gazebo/package.sh'
[4.626s] INFO:colcon.colcon_core.shell:Creating package script '/home/mengo/amr_project_ws/src/install/turtlebot3_gazebo/share/turtlebot3_gazebo/package.bash'
[4.628s] INFO:colcon.colcon_core.shell:Creating package script '/home/mengo/amr_project_ws/src/install/turtlebot3_gazebo/share/turtlebot3_gazebo/package.zsh'
[4.629s] Level 1:colcon.colcon_core.environment:create_file_with_runtime_dependencies(/home/mengo/amr_project_ws/src/install/turtlebot3_gazebo/share/colcon-core/packages/turtlebot3_gazebo)
[4.718s] Level 1:colcon.colcon_core.environment:create_environment_scripts_only(turtlebot3_gazebo)
[4.755s] Level 1:colcon.colcon_core.environment:checking '/home/mengo/amr_project_ws/src/install/turtlebot3_gazebo' for CMake module files
[4.756s] Level 1:colcon.colcon_core.environment:checking '/home/mengo/amr_project_ws/src/install/turtlebot3_gazebo' for CMake config files
[4.757s] Level 1:colcon.colcon_core.shell:create_environment_hook('turtlebot3_gazebo', 'cmake_prefix_path')
[4.794s] INFO:colcon.colcon_core.shell:Creating environment hook '/home/mengo/amr_project_ws/src/install/turtlebot3_gazebo/share/turtlebot3_gazebo/hook/cmake_prefix_path.ps1'
[4.794s] INFO:colcon.colcon_core.shell:Creating environment descriptor '/home/mengo/amr_project_ws/src/install/turtlebot3_gazebo/share/turtlebot3_gazebo/hook/cmake_prefix_path.dsv'
[4.795s] INFO:colcon.colcon_core.shell:Creating environment hook '/home/mengo/amr_project_ws/src/install/turtlebot3_gazebo/share/turtlebot3_gazebo/hook/cmake_prefix_path.sh'
[4.795s] Level 1:colcon.colcon_core.environment:checking '/home/mengo/amr_project_ws/src/install/turtlebot3_gazebo/lib'
[4.796s] Level 1:colcon.colcon_core.environment:checking '/home/mengo/amr_project_ws/src/install/turtlebot3_gazebo/bin'
[4.796s] Level 1:colcon.colcon_core.environment:checking '/home/mengo/amr_project_ws/src/install/turtlebot3_gazebo/lib/pkgconfig/turtlebot3_gazebo.pc'
[4.796s] Level 1:colcon.colcon_core.environment:checking '/home/mengo/amr_project_ws/src/install/turtlebot3_gazebo/lib/python3.10/site-packages'
[4.796s] Level 1:colcon.colcon_core.environment:checking '/home/mengo/amr_project_ws/src/install/turtlebot3_gazebo/bin'
[4.836s] INFO:colcon.colcon_core.shell:Creating package script '/home/mengo/amr_project_ws/src/install/turtlebot3_gazebo/share/turtlebot3_gazebo/package.ps1'
[4.837s] INFO:colcon.colcon_core.shell:Creating package descriptor '/home/mengo/amr_project_ws/src/install/turtlebot3_gazebo/share/turtlebot3_gazebo/package.dsv'
[4.838s] INFO:colcon.colcon_core.shell:Creating package script '/home/mengo/amr_project_ws/src/install/turtlebot3_gazebo/share/turtlebot3_gazebo/package.sh'
[4.839s] INFO:colcon.colcon_core.shell:Creating package script '/home/mengo/amr_project_ws/src/install/turtlebot3_gazebo/share/turtlebot3_gazebo/package.bash'
[4.839s] INFO:colcon.colcon_core.shell:Creating package script '/home/mengo/amr_project_ws/src/install/turtlebot3_gazebo/share/turtlebot3_gazebo/package.zsh'
[4.840s] Level 1:colcon.colcon_core.environment:create_file_with_runtime_dependencies(/home/mengo/amr_project_ws/src/install/turtlebot3_gazebo/share/colcon-core/packages/turtlebot3_gazebo)
[4.954s] DEBUG:colcon.colcon_core.event_handler.log_command:Invoking command in '/home/mengo/amr_project_ws/src/exploration': CONDA_PROMPT_MODIFIER=(base) PYTHONPATH=/home/mengo/amr_project_ws/src/build/exploration/prefix_override:/home/mengo/amr_project_ws/src/install/exploration/lib/python3.10/site-packages:${PYTHONPATH} /usr/bin/python3 setup.py egg_info --egg-base ../build/exploration build --build-base /home/mengo/amr_project_ws/src/build/exploration/build install --record /home/mengo/amr_project_ws/src/build/exploration/install.log --single-version-externally-managed
[4.990s] DEBUG:colcon.colcon_core.event_handler.log_command:Invoking command in '/home/mengo/amr_project_ws/src/sanification': CONDA_PROMPT_MODIFIER=(base) PYTHONPATH=/home/mengo/amr_project_ws/src/build/sanification/prefix_override:/home/mengo/amr_project_ws/src/install/sanification/lib/python3.10/site-packages:${PYTHONPATH} /usr/bin/python3 setup.py egg_info --egg-base ../build/sanification build --build-base /home/mengo/amr_project_ws/src/build/sanification/build install --record /home/mengo/amr_project_ws/src/build/sanification/install.log --single-version-externally-managed
[5.573s] DEBUG:colcon.colcon_core.event_handler.log_command:Invoked command in '/home/mengo/amr_project_ws/src/exploration' returned '0': CONDA_PROMPT_MODIFIER=(base) PYTHONPATH=/home/mengo/amr_project_ws/src/build/exploration/prefix_override:/home/mengo/amr_project_ws/src/install/exploration/lib/python3.10/site-packages:${PYTHONPATH} /usr/bin/python3 setup.py egg_info --egg-base ../build/exploration build --build-base /home/mengo/amr_project_ws/src/build/exploration/build install --record /home/mengo/amr_project_ws/src/build/exploration/install.log --single-version-externally-managed
[5.623s] Level 1:colcon.colcon_core.environment:checking '/home/mengo/amr_project_ws/src/install/exploration' for CMake module files
[5.624s] Level 1:colcon.colcon_core.environment:checking '/home/mengo/amr_project_ws/src/install/exploration' for CMake config files
[5.627s] Level 1:colcon.colcon_core.environment:checking '/home/mengo/amr_project_ws/src/install/exploration/lib'
[5.627s] Level 1:colcon.colcon_core.environment:checking '/home/mengo/amr_project_ws/src/install/exploration/bin'
[5.627s] Level 1:colcon.colcon_core.environment:checking '/home/mengo/amr_project_ws/src/install/exploration/lib/pkgconfig/exploration.pc'
[5.628s] Level 1:colcon.colcon_core.environment:checking '/home/mengo/amr_project_ws/src/install/exploration/lib/python3.10/site-packages'
[5.628s] Level 1:colcon.colcon_core.shell:create_environment_hook('exploration', 'pythonpath')
[5.693s] INFO:colcon.colcon_core.shell:Creating environment hook '/home/mengo/amr_project_ws/src/install/exploration/share/exploration/hook/pythonpath.ps1'
[5.693s] INFO:colcon.colcon_core.shell:Creating environment descriptor '/home/mengo/amr_project_ws/src/install/exploration/share/exploration/hook/pythonpath.dsv'
[5.694s] INFO:colcon.colcon_core.shell:Creating environment hook '/home/mengo/amr_project_ws/src/install/exploration/share/exploration/hook/pythonpath.sh'
[5.694s] Level 1:colcon.colcon_core.environment:checking '/home/mengo/amr_project_ws/src/install/exploration/bin'
[5.694s] Level 1:colcon.colcon_core.environment:create_environment_scripts_only(exploration)
[5.724s] INFO:colcon.colcon_core.shell:Creating package script '/home/mengo/amr_project_ws/src/install/exploration/share/exploration/package.ps1'
[5.725s] INFO:colcon.colcon_core.shell:Creating package descriptor '/home/mengo/amr_project_ws/src/install/exploration/share/exploration/package.dsv'
[5.726s] INFO:colcon.colcon_core.shell:Creating package script '/home/mengo/amr_project_ws/src/install/exploration/share/exploration/package.sh'
[5.726s] INFO:colcon.colcon_core.shell:Creating package script '/home/mengo/amr_project_ws/src/install/exploration/share/exploration/package.bash'
[5.727s] INFO:colcon.colcon_core.shell:Creating package script '/home/mengo/amr_project_ws/src/install/exploration/share/exploration/package.zsh'
[5.728s] Level 1:colcon.colcon_core.environment:create_file_with_runtime_dependencies(/home/mengo/amr_project_ws/src/install/exploration/share/colcon-core/packages/exploration)
[5.730s] DEBUG:colcon.colcon_core.event_handler.log_command:Invoked command in '/home/mengo/amr_project_ws/src/sanification' returned '0': CONDA_PROMPT_MODIFIER=(base) PYTHONPATH=/home/mengo/amr_project_ws/src/build/sanification/prefix_override:/home/mengo/amr_project_ws/src/install/sanification/lib/python3.10/site-packages:${PYTHONPATH} /usr/bin/python3 setup.py egg_info --egg-base ../build/sanification build --build-base /home/mengo/amr_project_ws/src/build/sanification/build install --record /home/mengo/amr_project_ws/src/build/sanification/install.log --single-version-externally-managed
[5.775s] Level 1:colcon.colcon_core.environment:checking '/home/mengo/amr_project_ws/src/install/sanification' for CMake module files
[5.775s] Level 1:colcon.colcon_core.environment:checking '/home/mengo/amr_project_ws/src/install/sanification' for CMake config files
[5.776s] Level 1:colcon.colcon_core.environment:checking '/home/mengo/amr_project_ws/src/install/sanification/lib'
[5.776s] Level 1:colcon.colcon_core.environment:checking '/home/mengo/amr_project_ws/src/install/sanification/bin'
[5.776s] Level 1:colcon.colcon_core.environment:checking '/home/mengo/amr_project_ws/src/install/sanification/lib/pkgconfig/sanification.pc'
[5.777s] Level 1:colcon.colcon_core.environment:checking '/home/mengo/amr_project_ws/src/install/sanification/lib/python3.10/site-packages'
[5.777s] Level 1:colcon.colcon_core.shell:create_environment_hook('sanification', 'pythonpath')
[5.816s] INFO:colcon.colcon_core.shell:Creating environment hook '/home/mengo/amr_project_ws/src/install/sanification/share/sanification/hook/pythonpath.ps1'
[5.818s] INFO:colcon.colcon_core.shell:Creating environment descriptor '/home/mengo/amr_project_ws/src/install/sanification/share/sanification/hook/pythonpath.dsv'
[5.818s] INFO:colcon.colcon_core.shell:Creating environment hook '/home/mengo/amr_project_ws/src/install/sanification/share/sanification/hook/pythonpath.sh'
[5.819s] Level 1:colcon.colcon_core.environment:checking '/home/mengo/amr_project_ws/src/install/sanification/bin'
[5.819s] Level 1:colcon.colcon_core.environment:create_environment_scripts_only(sanification)
[5.856s] INFO:colcon.colcon_core.shell:Creating package script '/home/mengo/amr_project_ws/src/install/sanification/share/sanification/package.ps1'
[5.857s] INFO:colcon.colcon_core.shell:Creating package descriptor '/home/mengo/amr_project_ws/src/install/sanification/share/sanification/package.dsv'
[5.857s] INFO:colcon.colcon_core.shell:Creating package script '/home/mengo/amr_project_ws/src/install/sanification/share/sanification/package.sh'
[5.858s] INFO:colcon.colcon_core.shell:Creating package script '/home/mengo/amr_project_ws/src/install/sanification/share/sanification/package.bash'
[5.858s] INFO:colcon.colcon_core.shell:Creating package script '/home/mengo/amr_project_ws/src/install/sanification/share/sanification/package.zsh'
[5.859s] Level 1:colcon.colcon_core.environment:create_file_with_runtime_dependencies(/home/mengo/amr_project_ws/src/install/sanification/share/colcon-core/packages/sanification)
[5.859s] DEBUG:colcon.colcon_parallel_executor.executor.parallel:closing loop
[5.860s] DEBUG:colcon.colcon_parallel_executor.executor.parallel:loop closed
[5.860s] DEBUG:colcon.colcon_parallel_executor.executor.parallel:run_until_complete finished with '0'
[5.860s] DEBUG:colcon.colcon_core.event_reactor:joining thread
[5.907s] INFO:colcon.colcon_core.plugin_system:Skipping extension 'colcon_notification.desktop_notification.terminal_notifier': Not used on non-Darwin systems
[5.907s] INFO:colcon.colcon_core.plugin_system:Skipping extension 'colcon_notification.desktop_notification.win32': Not used on non-Windows systems
[5.908s] INFO:colcon.colcon_notification.desktop_notification:Sending desktop notification using 'notify2'
[5.928s] DEBUG:colcon.colcon_core.event_reactor:joined thread
[5.980s] INFO:colcon.colcon_core.shell:Creating prefix script '/home/mengo/amr_project_ws/src/install/local_setup.ps1'
[5.982s] INFO:colcon.colcon_core.shell:Creating prefix util module '/home/mengo/amr_project_ws/src/install/_local_setup_util_ps1.py'
[5.985s] INFO:colcon.colcon_core.shell:Creating prefix chain script '/home/mengo/amr_project_ws/src/install/setup.ps1'
[6.035s] INFO:colcon.colcon_core.shell:Creating prefix script '/home/mengo/amr_project_ws/src/install/local_setup.sh'
[6.036s] INFO:colcon.colcon_core.shell:Creating prefix util module '/home/mengo/amr_project_ws/src/install/_local_setup_util_sh.py'
[6.037s] INFO:colcon.colcon_core.shell:Creating prefix chain script '/home/mengo/amr_project_ws/src/install/setup.sh'
[6.079s] INFO:colcon.colcon_core.shell:Creating prefix script '/home/mengo/amr_project_ws/src/install/local_setup.bash'
[6.080s] INFO:colcon.colcon_core.shell:Creating prefix chain script '/home/mengo/amr_project_ws/src/install/setup.bash'
[6.128s] INFO:colcon.colcon_core.shell:Creating prefix script '/home/mengo/amr_project_ws/src/install/local_setup.zsh'
[6.129s] INFO:colcon.colcon_core.shell:Creating prefix chain script '/home/mengo/amr_project_ws/src/install/setup.zsh'
