[2.952s] Invoking command in '/home/mengo/amr_project_ws/src/exploration': PYTHONPATH=/home/mengo/amr_project_ws/src/build/exploration/prefix_override:/home/mengo/amr_project_ws/src/install/exploration/lib/python3.10/site-packages:${PYTHONPATH} /usr/bin/python3 setup.py egg_info --egg-base ../build/exploration build --build-base /home/mengo/amr_project_ws/src/build/exploration/build install --record /home/mengo/amr_project_ws/src/build/exploration/install.log --single-version-externally-managed
[4.071s] running egg_info
[4.076s] writing ../build/exploration/exploration.egg-info/PKG-INFO
[4.078s] writing dependency_links to ../build/exploration/exploration.egg-info/dependency_links.txt
[4.081s] writing entry points to ../build/exploration/exploration.egg-info/entry_points.txt
[4.082s] writing requirements to ../build/exploration/exploration.egg-info/requires.txt
[4.083s] writing top-level names to ../build/exploration/exploration.egg-info/top_level.txt
[4.086s] reading manifest file '../build/exploration/exploration.egg-info/SOURCES.txt'
[4.087s] adding license file 'LICENSE'
[4.089s] writing manifest file '../build/exploration/exploration.egg-info/SOURCES.txt'
[4.089s] running build
[4.090s] running build_py
[4.091s] running install
[4.092s] running install_lib
[4.095s] running install_data
[4.097s] running install_egg_info
[4.106s] removing '/home/mengo/amr_project_ws/src/install/exploration/lib/python3.10/site-packages/exploration-0.0.0-py3.10.egg-info' (and everything under it)
[4.108s] Copying ../build/exploration/exploration.egg-info to /home/mengo/amr_project_ws/src/install/exploration/lib/python3.10/site-packages/exploration-0.0.0-py3.10.egg-info
[4.111s] running install_scripts
[4.170s] Installing navigation_to_pose script to /home/mengo/amr_project_ws/src/install/exploration/lib/exploration
[4.172s] writing list of installed files to '/home/mengo/amr_project_ws/src/build/exploration/install.log'
[4.261s] Invoked command in '/home/mengo/amr_project_ws/src/exploration' returned '0': PYTHONPATH=/home/mengo/amr_project_ws/src/build/exploration/prefix_override:/home/mengo/amr_project_ws/src/install/exploration/lib/python3.10/site-packages:${PYTHONPATH} /usr/bin/python3 setup.py egg_info --egg-base ../build/exploration build --build-base /home/mengo/amr_project_ws/src/build/exploration/build install --record /home/mengo/amr_project_ws/src/build/exploration/install.log --single-version-externally-managed
