[2.439s] Invoking command in '/home/mengo/amr_project_ws/src/exploration': PYTHONPATH=/home/mengo/amr_project_ws/build/exploration/prefix_override:/home/mengo/amr_project_ws/install/exploration/lib/python3.10/site-packages:${PYTHONPATH} /usr/bin/python3 setup.py egg_info --egg-base ../../build/exploration build --build-base /home/mengo/amr_project_ws/build/exploration/build install --record /home/mengo/amr_project_ws/build/exploration/install.log --single-version-externally-managed
[3.157s] running egg_info
[3.159s] writing ../../build/exploration/exploration.egg-info/PKG-INFO
[3.159s] writing dependency_links to ../../build/exploration/exploration.egg-info/dependency_links.txt
[3.159s] writing entry points to ../../build/exploration/exploration.egg-info/entry_points.txt
[3.159s] writing requirements to ../../build/exploration/exploration.egg-info/requires.txt
[3.159s] writing top-level names to ../../build/exploration/exploration.egg-info/top_level.txt
[3.163s] reading manifest file '../../build/exploration/exploration.egg-info/SOURCES.txt'
[3.164s] adding license file 'LICENSE'
[3.166s] writing manifest file '../../build/exploration/exploration.egg-info/SOURCES.txt'
[3.167s] running build
[3.169s] running build_py
[3.170s] copying exploration/navigation_to_pose.py -> /home/mengo/amr_project_ws/build/exploration/build/lib/exploration
[3.171s] running install
[3.172s] running install_lib
[3.174s] copying /home/mengo/amr_project_ws/build/exploration/build/lib/exploration/navigation_to_pose.py -> /home/mengo/amr_project_ws/install/exploration/lib/python3.10/site-packages/exploration
[3.175s] byte-compiling /home/mengo/amr_project_ws/install/exploration/lib/python3.10/site-packages/exploration/navigation_to_pose.py to navigation_to_pose.cpython-310.pyc
[3.177s] running install_data
[3.178s] running install_egg_info
[3.180s] removing '/home/mengo/amr_project_ws/install/exploration/lib/python3.10/site-packages/exploration-0.0.0-py3.10.egg-info' (and everything under it)
[3.181s] Copying ../../build/exploration/exploration.egg-info to /home/mengo/amr_project_ws/install/exploration/lib/python3.10/site-packages/exploration-0.0.0-py3.10.egg-info
[3.183s] running install_scripts
[3.228s] Installing navigation_to_pose script to /home/mengo/amr_project_ws/install/exploration/lib/exploration
[3.229s] writing list of installed files to '/home/mengo/amr_project_ws/build/exploration/install.log'
[3.313s] Invoked command in '/home/mengo/amr_project_ws/src/exploration' returned '0': PYTHONPATH=/home/mengo/amr_project_ws/build/exploration/prefix_override:/home/mengo/amr_project_ws/install/exploration/lib/python3.10/site-packages:${PYTHONPATH} /usr/bin/python3 setup.py egg_info --egg-base ../../build/exploration build --build-base /home/mengo/amr_project_ws/build/exploration/build install --record /home/mengo/amr_project_ws/build/exploration/install.log --single-version-externally-managed
