/home/mengo/Desktop/GithubRepositories/amr_slam_ros2/install/sanification/lib/python3.10/site-packages/sanification/test.py
/home/mengo/Desktop/GithubRepositories/amr_slam_ros2/install/sanification/lib/python3.10/site-packages/sanification/__init__.py
/home/mengo/Desktop/GithubRepositories/amr_slam_ros2/install/sanification/lib/python3.10/site-packages/sanification/planner.py
/home/mengo/Desktop/GithubRepositories/amr_slam_ros2/install/sanification/lib/python3.10/site-packages/sanification/localization.py
/home/mengo/Desktop/GithubRepositories/amr_slam_ros2/install/sanification/lib/python3.10/site-packages/sanification/navigation.py
/home/mengo/Desktop/GithubRepositories/amr_slam_ros2/install/sanification/lib/python3.10/site-packages/sanification/sanification.py
/home/mengo/Desktop/GithubRepositories/amr_slam_ros2/install/sanification/lib/python3.10/site-packages/sanification/__pycache__/test.cpython-310.pyc
/home/mengo/Desktop/GithubRepositories/amr_slam_ros2/install/sanification/lib/python3.10/site-packages/sanification/__pycache__/__init__.cpython-310.pyc
/home/mengo/Desktop/GithubRepositories/amr_slam_ros2/install/sanification/lib/python3.10/site-packages/sanification/__pycache__/planner.cpython-310.pyc
/home/mengo/Desktop/GithubRepositories/amr_slam_ros2/install/sanification/lib/python3.10/site-packages/sanification/__pycache__/localization.cpython-310.pyc
/home/mengo/Desktop/GithubRepositories/amr_slam_ros2/install/sanification/lib/python3.10/site-packages/sanification/__pycache__/navigation.cpython-310.pyc
/home/mengo/Desktop/GithubRepositories/amr_slam_ros2/install/sanification/lib/python3.10/site-packages/sanification/__pycache__/sanification.cpython-310.pyc
/home/mengo/Desktop/GithubRepositories/amr_slam_ros2/install/sanification/share/ament_index/resource_index/packages/sanification
/home/mengo/Desktop/GithubRepositories/amr_slam_ros2/install/sanification/share/sanification/package.xml
/home/mengo/Desktop/GithubRepositories/amr_slam_ros2/install/sanification/share/sanification/sanification.launch.py
/home/mengo/Desktop/GithubRepositories/amr_slam_ros2/install/sanification/lib/python3.10/site-packages/sanification-0.0.0-py3.10.egg-info/top_level.txt
/home/mengo/Desktop/GithubRepositories/amr_slam_ros2/install/sanification/lib/python3.10/site-packages/sanification-0.0.0-py3.10.egg-info/SOURCES.txt
/home/mengo/Desktop/GithubRepositories/amr_slam_ros2/install/sanification/lib/python3.10/site-packages/sanification-0.0.0-py3.10.egg-info/PKG-INFO
/home/mengo/Desktop/GithubRepositories/amr_slam_ros2/install/sanification/lib/python3.10/site-packages/sanification-0.0.0-py3.10.egg-info/zip-safe
/home/mengo/Desktop/GithubRepositories/amr_slam_ros2/install/sanification/lib/python3.10/site-packages/sanification-0.0.0-py3.10.egg-info/entry_points.txt
/home/mengo/Desktop/GithubRepositories/amr_slam_ros2/install/sanification/lib/python3.10/site-packages/sanification-0.0.0-py3.10.egg-info/dependency_links.txt
/home/mengo/Desktop/GithubRepositories/amr_slam_ros2/install/sanification/lib/python3.10/site-packages/sanification-0.0.0-py3.10.egg-info/requires.txt
/home/mengo/Desktop/GithubRepositories/amr_slam_ros2/install/sanification/lib/sanification/localization
/home/mengo/Desktop/GithubRepositories/amr_slam_ros2/install/sanification/lib/sanification/navigation
/home/mengo/Desktop/GithubRepositories/amr_slam_ros2/install/sanification/lib/sanification/planner
/home/mengo/Desktop/GithubRepositories/amr_slam_ros2/install/sanification/lib/sanification/sanification
