[2.906s] Invoking command in '/home/mengo/amr_project_ws/src/sanification': PYTHONPATH=/home/mengo/amr_project_ws/build/sanification/prefix_override:/home/mengo/amr_project_ws/install/sanification/lib/python3.10/site-packages:${PYTHONPATH} /usr/bin/python3 setup.py egg_info --egg-base ../../build/sanification build --build-base /home/mengo/amr_project_ws/build/sanification/build install --record /home/mengo/amr_project_ws/build/sanification/install.log --single-version-externally-managed
[3.716s] running egg_info
[3.719s] writing ../../build/sanification/sanification.egg-info/PKG-INFO
[3.719s] writing dependency_links to ../../build/sanification/sanification.egg-info/dependency_links.txt
[3.719s] writing entry points to ../../build/sanification/sanification.egg-info/entry_points.txt
[3.719s] writing requirements to ../../build/sanification/sanification.egg-info/requires.txt
[3.720s] writing top-level names to ../../build/sanification/sanification.egg-info/top_level.txt
[3.721s] reading manifest file '../../build/sanification/sanification.egg-info/SOURCES.txt'
[3.723s] writing manifest file '../../build/sanification/sanification.egg-info/SOURCES.txt'
[3.723s] running build
[3.724s] running build_py
[3.733s] copying sanification/sanification.py -> /home/mengo/amr_project_ws/build/sanification/build/lib/sanification
[3.733s] running install
[3.733s] running install_lib
[3.733s] copying /home/mengo/amr_project_ws/build/sanification/build/lib/sanification/sanification.py -> /home/mengo/amr_project_ws/install/sanification/lib/python3.10/site-packages/sanification
[3.733s] byte-compiling /home/mengo/amr_project_ws/install/sanification/lib/python3.10/site-packages/sanification/sanification.py to sanification.cpython-310.pyc
[3.737s] running install_data
[3.738s] running install_egg_info
[3.744s] removing '/home/mengo/amr_project_ws/install/sanification/lib/python3.10/site-packages/sanification-0.0.0-py3.10.egg-info' (and everything under it)
[3.745s] Copying ../../build/sanification/sanification.egg-info to /home/mengo/amr_project_ws/install/sanification/lib/python3.10/site-packages/sanification-0.0.0-py3.10.egg-info
[3.746s] running install_scripts
[3.794s] Installing localization script to /home/mengo/amr_project_ws/install/sanification/lib/sanification
[3.795s] Installing navigation script to /home/mengo/amr_project_ws/install/sanification/lib/sanification
[3.796s] Installing sanification script to /home/mengo/amr_project_ws/install/sanification/lib/sanification
[3.796s] writing list of installed files to '/home/mengo/amr_project_ws/build/sanification/install.log'
[4.058s] Invoked command in '/home/mengo/amr_project_ws/src/sanification' returned '0': PYTHONPATH=/home/mengo/amr_project_ws/build/sanification/prefix_override:/home/mengo/amr_project_ws/install/sanification/lib/python3.10/site-packages:${PYTHONPATH} /usr/bin/python3 setup.py egg_info --egg-base ../../build/sanification build --build-base /home/mengo/amr_project_ws/build/sanification/build install --record /home/mengo/amr_project_ws/build/sanification/install.log --single-version-externally-managed
