[2.394s] Invoking command in '/home/mengo/amr_project_ws/src/sanification': CONDA_PROMPT_MODIFIER=(base) PYTHONPATH=/home/mengo/amr_project_ws/src/build/sanification/prefix_override:/home/mengo/amr_project_ws/src/install/sanification/lib/python3.10/site-packages:${PYTHONPATH} /usr/bin/python3 setup.py egg_info --egg-base ../build/sanification build --build-base /home/mengo/amr_project_ws/src/build/sanification/build install --record /home/mengo/amr_project_ws/src/build/sanification/install.log --single-version-externally-managed
[2.942s] running egg_info
[2.943s] writing ../build/sanification/sanification.egg-info/PKG-INFO
[2.943s] writing dependency_links to ../build/sanification/sanification.egg-info/dependency_links.txt
[2.944s] writing entry points to ../build/sanification/sanification.egg-info/entry_points.txt
[2.944s] writing requirements to ../build/sanification/sanification.egg-info/requires.txt
[2.944s] writing top-level names to ../build/sanification/sanification.egg-info/top_level.txt
[2.947s] reading manifest file '../build/sanification/sanification.egg-info/SOURCES.txt'
[2.949s] writing manifest file '../build/sanification/sanification.egg-info/SOURCES.txt'
[2.949s] running build
[2.949s] running build_py
[2.950s] copying sanification/navigation.py -> /home/mengo/amr_project_ws/src/build/sanification/build/lib/sanification
[2.951s] running install
[2.953s] running install_lib
[2.954s] copying /home/mengo/amr_project_ws/src/build/sanification/build/lib/sanification/navigation.py -> /home/mengo/amr_project_ws/src/install/sanification/lib/python3.10/site-packages/sanification
[2.955s] byte-compiling /home/mengo/amr_project_ws/src/install/sanification/lib/python3.10/site-packages/sanification/navigation.py to navigation.cpython-310.pyc
[2.958s] running install_data
[2.959s] running install_egg_info
[2.962s] removing '/home/mengo/amr_project_ws/src/install/sanification/lib/python3.10/site-packages/sanification-0.0.0-py3.10.egg-info' (and everything under it)
[2.963s] Copying ../build/sanification/sanification.egg-info to /home/mengo/amr_project_ws/src/install/sanification/lib/python3.10/site-packages/sanification-0.0.0-py3.10.egg-info
[2.965s] running install_scripts
[3.005s] Installing localization script to /home/mengo/amr_project_ws/src/install/sanification/lib/sanification
[3.006s] Installing navigation script to /home/mengo/amr_project_ws/src/install/sanification/lib/sanification
[3.006s] Installing planner script to /home/mengo/amr_project_ws/src/install/sanification/lib/sanification
[3.006s] Installing sanification script to /home/mengo/amr_project_ws/src/install/sanification/lib/sanification
[3.007s] writing list of installed files to '/home/mengo/amr_project_ws/src/build/sanification/install.log'
[3.073s] Invoked command in '/home/mengo/amr_project_ws/src/sanification' returned '0': CONDA_PROMPT_MODIFIER=(base) PYTHONPATH=/home/mengo/amr_project_ws/src/build/sanification/prefix_override:/home/mengo/amr_project_ws/src/install/sanification/lib/python3.10/site-packages:${PYTHONPATH} /usr/bin/python3 setup.py egg_info --egg-base ../build/sanification build --build-base /home/mengo/amr_project_ws/src/build/sanification/build install --record /home/mengo/amr_project_ws/src/build/sanification/install.log --single-version-externally-managed
