[2.442s] Invoking command in '/home/mengo/amr_project_ws/src/exploration': CONDA_PROMPT_MODIFIER=(base) PYTHONPATH=/home/mengo/amr_project_ws/src/build/exploration/prefix_override:/home/mengo/amr_project_ws/src/install/exploration/lib/python3.10/site-packages:${PYTHONPATH} /usr/bin/python3 setup.py egg_info --egg-base ../build/exploration build --build-base /home/mengo/amr_project_ws/src/build/exploration/build install --record /home/mengo/amr_project_ws/src/build/exploration/install.log --single-version-externally-managed
[2.877s] running egg_info
[2.878s] writing ../build/exploration/exploration.egg-info/PKG-INFO
[2.879s] writing dependency_links to ../build/exploration/exploration.egg-info/dependency_links.txt
[2.879s] writing entry points to ../build/exploration/exploration.egg-info/entry_points.txt
[2.879s] writing requirements to ../build/exploration/exploration.egg-info/requires.txt
[2.879s] writing top-level names to ../build/exploration/exploration.egg-info/top_level.txt
[2.882s] reading manifest file '../build/exploration/exploration.egg-info/SOURCES.txt'
[2.883s] adding license file 'LICENSE'
[2.884s] writing manifest file '../build/exploration/exploration.egg-info/SOURCES.txt'
[2.884s] running build
[2.884s] running build_py
[2.885s] running install
[2.885s] running install_lib
[2.887s] running install_data
[2.889s] running install_egg_info
[2.893s] removing '/home/mengo/amr_project_ws/src/install/exploration/lib/python3.10/site-packages/exploration-0.0.0-py3.10.egg-info' (and everything under it)
[2.894s] Copying ../build/exploration/exploration.egg-info to /home/mengo/amr_project_ws/src/install/exploration/lib/python3.10/site-packages/exploration-0.0.0-py3.10.egg-info
[2.895s] running install_scripts
[2.929s] Installing exploration script to /home/mengo/amr_project_ws/src/install/exploration/lib/exploration
[2.929s] writing list of installed files to '/home/mengo/amr_project_ws/src/build/exploration/install.log'
[3.079s] Invoked command in '/home/mengo/amr_project_ws/src/exploration' returned '0': CONDA_PROMPT_MODIFIER=(base) PYTHONPATH=/home/mengo/amr_project_ws/src/build/exploration/prefix_override:/home/mengo/amr_project_ws/src/install/exploration/lib/python3.10/site-packages:${PYTHONPATH} /usr/bin/python3 setup.py egg_info --egg-base ../build/exploration build --build-base /home/mengo/amr_project_ws/src/build/exploration/build install --record /home/mengo/amr_project_ws/src/build/exploration/install.log --single-version-externally-managed
