[2.438s] Invoking command in '/home/mengo/amr_project_ws/src/exploration': CONDA_PROMPT_MODIFIER=(base) PYTHONPATH=/home/mengo/amr_project_ws/src/build/exploration/prefix_override:/home/mengo/amr_project_ws/src/install/exploration/lib/python3.10/site-packages:${PYTHONPATH} /usr/bin/python3 setup.py egg_info --egg-base ../build/exploration build --build-base /home/mengo/amr_project_ws/src/build/exploration/build install --record /home/mengo/amr_project_ws/src/build/exploration/install.log --single-version-externally-managed
[2.949s] running egg_info
[2.949s] writing ../build/exploration/exploration.egg-info/PKG-INFO
[2.950s] writing dependency_links to ../build/exploration/exploration.egg-info/dependency_links.txt
[2.950s] writing entry points to ../build/exploration/exploration.egg-info/entry_points.txt
[2.950s] writing requirements to ../build/exploration/exploration.egg-info/requires.txt
[2.950s] writing top-level names to ../build/exploration/exploration.egg-info/top_level.txt
[2.953s] reading manifest file '../build/exploration/exploration.egg-info/SOURCES.txt'
[2.954s] adding license file 'LICENSE'
[2.954s] writing manifest file '../build/exploration/exploration.egg-info/SOURCES.txt'
[2.955s] running build
[2.955s] running build_py
[2.955s] running install
[2.955s] running install_lib
[2.957s] running install_data
[2.958s] running install_egg_info
[2.962s] removing '/home/mengo/amr_project_ws/src/install/exploration/lib/python3.10/site-packages/exploration-0.0.0-py3.10.egg-info' (and everything under it)
[2.962s] Copying ../build/exploration/exploration.egg-info to /home/mengo/amr_project_ws/src/install/exploration/lib/python3.10/site-packages/exploration-0.0.0-py3.10.egg-info
[2.963s] running install_scripts
[2.994s] Installing exploration script to /home/mengo/amr_project_ws/src/install/exploration/lib/exploration
[2.995s] writing list of installed files to '/home/mengo/amr_project_ws/src/build/exploration/install.log'
[3.085s] Invoked command in '/home/mengo/amr_project_ws/src/exploration' returned '0': CONDA_PROMPT_MODIFIER=(base) PYTHONPATH=/home/mengo/amr_project_ws/src/build/exploration/prefix_override:/home/mengo/amr_project_ws/src/install/exploration/lib/python3.10/site-packages:${PYTHONPATH} /usr/bin/python3 setup.py egg_info --egg-base ../build/exploration build --build-base /home/mengo/amr_project_ws/src/build/exploration/build install --record /home/mengo/amr_project_ws/src/build/exploration/install.log --single-version-externally-managed
