[1.824s] Invoking command in '/home/mengo/amr_project_ws/src/exploration': PYTHONPATH=/home/mengo/amr_project_ws/src/build/exploration/prefix_override:/home/mengo/amr_project_ws/src/install/exploration/lib/python3.10/site-packages:${PYTHONPATH} /usr/bin/python3 setup.py egg_info --egg-base ../build/exploration build --build-base /home/mengo/amr_project_ws/src/build/exploration/build install --record /home/mengo/amr_project_ws/src/build/exploration/install.log --single-version-externally-managed
[2.442s] running egg_info
[2.446s] writing ../build/exploration/exploration.egg-info/PKG-INFO
[2.447s] writing dependency_links to ../build/exploration/exploration.egg-info/dependency_links.txt
[2.448s] writing entry points to ../build/exploration/exploration.egg-info/entry_points.txt
[2.448s] writing requirements to ../build/exploration/exploration.egg-info/requires.txt
[2.448s] writing top-level names to ../build/exploration/exploration.egg-info/top_level.txt
[2.450s] reading manifest file '../build/exploration/exploration.egg-info/SOURCES.txt'
[2.451s] adding license file 'LICENSE'
[2.451s] writing manifest file '../build/exploration/exploration.egg-info/SOURCES.txt'
[2.452s] running build
[2.452s] running build_py
[2.452s] running install
[2.453s] running install_lib
[2.454s] running install_data
[2.455s] running install_egg_info
[2.457s] removing '/home/mengo/amr_project_ws/src/install/exploration/lib/python3.10/site-packages/exploration-0.0.0-py3.10.egg-info' (and everything under it)
[2.458s] Copying ../build/exploration/exploration.egg-info to /home/mengo/amr_project_ws/src/install/exploration/lib/python3.10/site-packages/exploration-0.0.0-py3.10.egg-info
[2.459s] running install_scripts
[2.505s] Installing navigation_to_pose script to /home/mengo/amr_project_ws/src/install/exploration/lib/exploration
[2.506s] writing list of installed files to '/home/mengo/amr_project_ws/src/build/exploration/install.log'
[2.569s] Invoked command in '/home/mengo/amr_project_ws/src/exploration' returned '0': PYTHONPATH=/home/mengo/amr_project_ws/src/build/exploration/prefix_override:/home/mengo/amr_project_ws/src/install/exploration/lib/python3.10/site-packages:${PYTHONPATH} /usr/bin/python3 setup.py egg_info --egg-base ../build/exploration build --build-base /home/mengo/amr_project_ws/src/build/exploration/build install --record /home/mengo/amr_project_ws/src/build/exploration/install.log --single-version-externally-managed
