[1.435s] Invoking command in '/home/mengo/amr_project_ws/src/sanification': PYTHONPATH=/home/mengo/amr_project_ws/build/sanification/prefix_override:/home/mengo/amr_project_ws/install/sanification/lib/python3.10/site-packages:${PYTHONPATH} /usr/bin/python3 setup.py egg_info --egg-base ../../build/sanification build --build-base /home/mengo/amr_project_ws/build/sanification/build install --record /home/mengo/amr_project_ws/build/sanification/install.log --single-version-externally-managed
[1.803s] running egg_info
[1.804s] writing ../../build/sanification/sanification.egg-info/PKG-INFO
[1.804s] writing dependency_links to ../../build/sanification/sanification.egg-info/dependency_links.txt
[1.804s] writing entry points to ../../build/sanification/sanification.egg-info/entry_points.txt
[1.804s] writing requirements to ../../build/sanification/sanification.egg-info/requires.txt
[1.804s] writing top-level names to ../../build/sanification/sanification.egg-info/top_level.txt
[1.806s] reading manifest file '../../build/sanification/sanification.egg-info/SOURCES.txt'
[1.807s] writing manifest file '../../build/sanification/sanification.egg-info/SOURCES.txt'
[1.807s] running build
[1.807s] running build_py
[1.808s] copying sanification/test.py -> /home/mengo/amr_project_ws/build/sanification/build/lib/sanification
[1.808s] copying sanification/__init__.py -> /home/mengo/amr_project_ws/build/sanification/build/lib/sanification
[1.808s] copying sanification/planner.py -> /home/mengo/amr_project_ws/build/sanification/build/lib/sanification
[1.808s] copying sanification/localization.py -> /home/mengo/amr_project_ws/build/sanification/build/lib/sanification
[1.808s] copying sanification/navigation.py -> /home/mengo/amr_project_ws/build/sanification/build/lib/sanification
[1.808s] copying sanification/sanification.py -> /home/mengo/amr_project_ws/build/sanification/build/lib/sanification
[1.808s] running install
[1.809s] running install_lib
[1.809s] copying /home/mengo/amr_project_ws/build/sanification/build/lib/sanification/test.py -> /home/mengo/amr_project_ws/install/sanification/lib/python3.10/site-packages/sanification
[1.810s] copying /home/mengo/amr_project_ws/build/sanification/build/lib/sanification/__init__.py -> /home/mengo/amr_project_ws/install/sanification/lib/python3.10/site-packages/sanification
[1.810s] copying /home/mengo/amr_project_ws/build/sanification/build/lib/sanification/planner.py -> /home/mengo/amr_project_ws/install/sanification/lib/python3.10/site-packages/sanification
[1.810s] copying /home/mengo/amr_project_ws/build/sanification/build/lib/sanification/localization.py -> /home/mengo/amr_project_ws/install/sanification/lib/python3.10/site-packages/sanification
[1.810s] copying /home/mengo/amr_project_ws/build/sanification/build/lib/sanification/navigation.py -> /home/mengo/amr_project_ws/install/sanification/lib/python3.10/site-packages/sanification
[1.810s] copying /home/mengo/amr_project_ws/build/sanification/build/lib/sanification/sanification.py -> /home/mengo/amr_project_ws/install/sanification/lib/python3.10/site-packages/sanification
[1.811s] running install_data
[1.812s] copying resource/sanification -> /home/mengo/amr_project_ws/install/sanification/share/ament_index/resource_index/packages
[1.812s] copying package.xml -> /home/mengo/amr_project_ws/install/sanification/share/sanification
[1.812s] copying launch/sanification.launch.py -> /home/mengo/amr_project_ws/install/sanification/share/sanification
[1.812s] running install_egg_info
[1.814s] removing '/home/mengo/amr_project_ws/install/sanification/lib/python3.10/site-packages/sanification-0.0.0-py3.10.egg-info' (and everything under it)
[1.814s] Copying ../../build/sanification/sanification.egg-info to /home/mengo/amr_project_ws/install/sanification/lib/python3.10/site-packages/sanification-0.0.0-py3.10.egg-info
[1.815s] running install_scripts
[1.839s] Installing localization script to /home/mengo/amr_project_ws/install/sanification/lib/sanification
[1.839s] Installing navigation script to /home/mengo/amr_project_ws/install/sanification/lib/sanification
[1.839s] Installing sanification script to /home/mengo/amr_project_ws/install/sanification/lib/sanification
[1.840s] writing list of installed files to '/home/mengo/amr_project_ws/build/sanification/install.log'
[1.890s] Invoked command in '/home/mengo/amr_project_ws/src/sanification' returned '0': PYTHONPATH=/home/mengo/amr_project_ws/build/sanification/prefix_override:/home/mengo/amr_project_ws/install/sanification/lib/python3.10/site-packages:${PYTHONPATH} /usr/bin/python3 setup.py egg_info --egg-base ../../build/sanification build --build-base /home/mengo/amr_project_ws/build/sanification/build install --record /home/mengo/amr_project_ws/build/sanification/install.log --single-version-externally-managed
