[2.110s] Invoking command in '/home/mengo/amr_project_ws/src/sanification': CONDA_PROMPT_MODIFIER=(base) PYTHONPATH=/home/mengo/amr_project_ws/src/build/sanification/prefix_override:/home/mengo/amr_project_ws/src/install/sanification/lib/python3.10/site-packages:${PYTHONPATH} /usr/bin/python3 setup.py egg_info --egg-base ../build/sanification build --build-base /home/mengo/amr_project_ws/src/build/sanification/build install --record /home/mengo/amr_project_ws/src/build/sanification/install.log --single-version-externally-managed
[2.531s] running egg_info
[2.531s] writing ../build/sanification/sanification.egg-info/PKG-INFO
[2.531s] writing dependency_links to ../build/sanification/sanification.egg-info/dependency_links.txt
[2.532s] writing entry points to ../build/sanification/sanification.egg-info/entry_points.txt
[2.532s] writing requirements to ../build/sanification/sanification.egg-info/requires.txt
[2.532s] writing top-level names to ../build/sanification/sanification.egg-info/top_level.txt
[2.534s] reading manifest file '../build/sanification/sanification.egg-info/SOURCES.txt'
[2.535s] writing manifest file '../build/sanification/sanification.egg-info/SOURCES.txt'
[2.535s] running build
[2.535s] running build_py
[2.535s] copying sanification/navigation.py -> /home/mengo/amr_project_ws/src/build/sanification/build/lib/sanification
[2.536s] running install
[2.536s] running install_lib
[2.537s] copying /home/mengo/amr_project_ws/src/build/sanification/build/lib/sanification/navigation.py -> /home/mengo/amr_project_ws/src/install/sanification/lib/python3.10/site-packages/sanification
[2.538s] byte-compiling /home/mengo/amr_project_ws/src/install/sanification/lib/python3.10/site-packages/sanification/navigation.py to navigation.cpython-310.pyc
[2.540s] running install_data
[2.541s] running install_egg_info
[2.543s] removing '/home/mengo/amr_project_ws/src/install/sanification/lib/python3.10/site-packages/sanification-0.0.0-py3.10.egg-info' (and everything under it)
[2.543s] Copying ../build/sanification/sanification.egg-info to /home/mengo/amr_project_ws/src/install/sanification/lib/python3.10/site-packages/sanification-0.0.0-py3.10.egg-info
[2.544s] running install_scripts
[2.572s] Installing localization script to /home/mengo/amr_project_ws/src/install/sanification/lib/sanification
[2.573s] Installing navigation script to /home/mengo/amr_project_ws/src/install/sanification/lib/sanification
[2.573s] Installing planner script to /home/mengo/amr_project_ws/src/install/sanification/lib/sanification
[2.573s] Installing sanification script to /home/mengo/amr_project_ws/src/install/sanification/lib/sanification
[2.573s] writing list of installed files to '/home/mengo/amr_project_ws/src/build/sanification/install.log'
[2.617s] Invoked command in '/home/mengo/amr_project_ws/src/sanification' returned '0': CONDA_PROMPT_MODIFIER=(base) PYTHONPATH=/home/mengo/amr_project_ws/src/build/sanification/prefix_override:/home/mengo/amr_project_ws/src/install/sanification/lib/python3.10/site-packages:${PYTHONPATH} /usr/bin/python3 setup.py egg_info --egg-base ../build/sanification build --build-base /home/mengo/amr_project_ws/src/build/sanification/build install --record /home/mengo/amr_project_ws/src/build/sanification/install.log --single-version-externally-managed
