[1.919s] Invoking command in '/home/mengo/amr_project_ws/src/exploration': PYTHONPATH=/home/mengo/amr_project_ws/build/exploration/prefix_override:/home/mengo/amr_project_ws/install/exploration/lib/python3.10/site-packages:${PYTHONPATH} /usr/bin/python3 setup.py egg_info --egg-base ../../build/exploration build --build-base /home/mengo/amr_project_ws/build/exploration/build install --record /home/mengo/amr_project_ws/build/exploration/install.log --single-version-externally-managed
[2.355s] running egg_info
[2.356s] writing ../../build/exploration/exploration.egg-info/PKG-INFO
[2.356s] writing dependency_links to ../../build/exploration/exploration.egg-info/dependency_links.txt
[2.356s] writing entry points to ../../build/exploration/exploration.egg-info/entry_points.txt
[2.356s] writing requirements to ../../build/exploration/exploration.egg-info/requires.txt
[2.356s] writing top-level names to ../../build/exploration/exploration.egg-info/top_level.txt
[2.358s] reading manifest file '../../build/exploration/exploration.egg-info/SOURCES.txt'
[2.359s] adding license file 'LICENSE'
[2.359s] writing manifest file '../../build/exploration/exploration.egg-info/SOURCES.txt'
[2.360s] running build
[2.360s] running build_py
[2.360s] copying exploration/navigation_to_pose.py -> /home/mengo/amr_project_ws/build/exploration/build/lib/exploration
[2.360s] running install
[2.360s] running install_lib
[2.361s] copying /home/mengo/amr_project_ws/build/exploration/build/lib/exploration/navigation_to_pose.py -> /home/mengo/amr_project_ws/install/exploration/lib/python3.10/site-packages/exploration
[2.363s] byte-compiling /home/mengo/amr_project_ws/install/exploration/lib/python3.10/site-packages/exploration/navigation_to_pose.py to navigation_to_pose.cpython-310.pyc
[2.366s] running install_data
[2.367s] running install_egg_info
[2.370s] removing '/home/mengo/amr_project_ws/install/exploration/lib/python3.10/site-packages/exploration-0.0.0-py3.10.egg-info' (and everything under it)
[2.371s] Copying ../../build/exploration/exploration.egg-info to /home/mengo/amr_project_ws/install/exploration/lib/python3.10/site-packages/exploration-0.0.0-py3.10.egg-info
[2.372s] running install_scripts
[2.399s] Installing navigation_to_pose script to /home/mengo/amr_project_ws/install/exploration/lib/exploration
[2.400s] writing list of installed files to '/home/mengo/amr_project_ws/build/exploration/install.log'
[2.444s] Invoked command in '/home/mengo/amr_project_ws/src/exploration' returned '0': PYTHONPATH=/home/mengo/amr_project_ws/build/exploration/prefix_override:/home/mengo/amr_project_ws/install/exploration/lib/python3.10/site-packages:${PYTHONPATH} /usr/bin/python3 setup.py egg_info --egg-base ../../build/exploration build --build-base /home/mengo/amr_project_ws/build/exploration/build install --record /home/mengo/amr_project_ws/build/exploration/install.log --single-version-externally-managed
