[1.603s] Invoking command in '/home/mengo/amr_project_ws/src/sanification': PYTHONPATH=/home/mengo/amr_project_ws/build/sanification/prefix_override:/home/mengo/amr_project_ws/install/sanification/lib/python3.10/site-packages:${PYTHONPATH} /usr/bin/python3 setup.py egg_info --egg-base ../../build/sanification build --build-base /home/mengo/amr_project_ws/build/sanification/build install --record /home/mengo/amr_project_ws/build/sanification/install.log --single-version-externally-managed
[2.166s] running egg_info
[2.166s] writing ../../build/sanification/sanification.egg-info/PKG-INFO
[2.166s] writing dependency_links to ../../build/sanification/sanification.egg-info/dependency_links.txt
[2.167s] writing entry points to ../../build/sanification/sanification.egg-info/entry_points.txt
[2.167s] writing requirements to ../../build/sanification/sanification.egg-info/requires.txt
[2.167s] writing top-level names to ../../build/sanification/sanification.egg-info/top_level.txt
[2.169s] reading manifest file '../../build/sanification/sanification.egg-info/SOURCES.txt'
[2.170s] writing manifest file '../../build/sanification/sanification.egg-info/SOURCES.txt'
[2.170s] running build
[2.170s] running build_py
[2.171s] running install
[2.171s] running install_lib
[2.173s] running install_data
[2.173s] running install_egg_info
[2.175s] removing '/home/mengo/amr_project_ws/install/sanification/lib/python3.10/site-packages/sanification-0.0.0-py3.10.egg-info' (and everything under it)
[2.176s] Copying ../../build/sanification/sanification.egg-info to /home/mengo/amr_project_ws/install/sanification/lib/python3.10/site-packages/sanification-0.0.0-py3.10.egg-info
[2.177s] running install_scripts
[2.203s] Installing localization script to /home/mengo/amr_project_ws/install/sanification/lib/sanification
[2.203s] Installing navigation script to /home/mengo/amr_project_ws/install/sanification/lib/sanification
[2.204s] Installing sanification script to /home/mengo/amr_project_ws/install/sanification/lib/sanification
[2.204s] writing list of installed files to '/home/mengo/amr_project_ws/build/sanification/install.log'
[2.291s] Invoked command in '/home/mengo/amr_project_ws/src/sanification' returned '0': PYTHONPATH=/home/mengo/amr_project_ws/build/sanification/prefix_override:/home/mengo/amr_project_ws/install/sanification/lib/python3.10/site-packages:${PYTHONPATH} /usr/bin/python3 setup.py egg_info --egg-base ../../build/sanification build --build-base /home/mengo/amr_project_ws/build/sanification/build install --record /home/mengo/amr_project_ws/build/sanification/install.log --single-version-externally-managed
