[1.583s] Invoking command in '/home/mengo/amr_project_ws/src/exploration': PYTHONPATH=/home/mengo/amr_project_ws/build/exploration/prefix_override:/home/mengo/amr_project_ws/install/exploration/lib/python3.10/site-packages:${PYTHONPATH} /usr/bin/python3 setup.py egg_info --egg-base ../../build/exploration build --build-base /home/mengo/amr_project_ws/build/exploration/build install --record /home/mengo/amr_project_ws/build/exploration/install.log --single-version-externally-managed
[1.995s] running egg_info
[1.996s] writing ../../build/exploration/exploration.egg-info/PKG-INFO
[1.996s] writing dependency_links to ../../build/exploration/exploration.egg-info/dependency_links.txt
[1.996s] writing entry points to ../../build/exploration/exploration.egg-info/entry_points.txt
[1.996s] writing requirements to ../../build/exploration/exploration.egg-info/requires.txt
[1.996s] writing top-level names to ../../build/exploration/exploration.egg-info/top_level.txt
[1.998s] reading manifest file '../../build/exploration/exploration.egg-info/SOURCES.txt'
[1.998s] adding license file 'LICENSE'
[1.999s] writing manifest file '../../build/exploration/exploration.egg-info/SOURCES.txt'
[1.999s] running build
[1.999s] running build_py
[1.999s] copying exploration/navigation_to_pose.py -> /home/mengo/amr_project_ws/build/exploration/build/lib/exploration
[1.999s] running install
[2.000s] running install_lib
[2.000s] copying /home/mengo/amr_project_ws/build/exploration/build/lib/exploration/navigation_to_pose.py -> /home/mengo/amr_project_ws/install/exploration/lib/python3.10/site-packages/exploration
[2.001s] byte-compiling /home/mengo/amr_project_ws/install/exploration/lib/python3.10/site-packages/exploration/navigation_to_pose.py to navigation_to_pose.cpython-310.pyc
[2.002s] running install_data
[2.003s] running install_egg_info
[2.006s] removing '/home/mengo/amr_project_ws/install/exploration/lib/python3.10/site-packages/exploration-0.0.0-py3.10.egg-info' (and everything under it)
[2.006s] Copying ../../build/exploration/exploration.egg-info to /home/mengo/amr_project_ws/install/exploration/lib/python3.10/site-packages/exploration-0.0.0-py3.10.egg-info
[2.007s] running install_scripts
[2.027s] Installing navigation_to_pose script to /home/mengo/amr_project_ws/install/exploration/lib/exploration
[2.027s] writing list of installed files to '/home/mengo/amr_project_ws/build/exploration/install.log'
[2.077s] Invoked command in '/home/mengo/amr_project_ws/src/exploration' returned '0': PYTHONPATH=/home/mengo/amr_project_ws/build/exploration/prefix_override:/home/mengo/amr_project_ws/install/exploration/lib/python3.10/site-packages:${PYTHONPATH} /usr/bin/python3 setup.py egg_info --egg-base ../../build/exploration build --build-base /home/mengo/amr_project_ws/build/exploration/build install --record /home/mengo/amr_project_ws/build/exploration/install.log --single-version-externally-managed
