[2.277s] Invoking command in '/home/mengo/amr_project_ws/src/exploration': PYTHONPATH=/home/mengo/amr_project_ws/build/exploration/prefix_override:/home/mengo/amr_project_ws/install/exploration/lib/python3.10/site-packages:${PYTHONPATH} /usr/bin/python3 setup.py egg_info --egg-base ../../build/exploration build --build-base /home/mengo/amr_project_ws/build/exploration/build install --record /home/mengo/amr_project_ws/build/exploration/install.log --single-version-externally-managed
[2.573s] running egg_info
[2.574s] writing ../../build/exploration/exploration.egg-info/PKG-INFO
[2.574s] writing dependency_links to ../../build/exploration/exploration.egg-info/dependency_links.txt
[2.574s] writing entry points to ../../build/exploration/exploration.egg-info/entry_points.txt
[2.574s] writing requirements to ../../build/exploration/exploration.egg-info/requires.txt
[2.574s] writing top-level names to ../../build/exploration/exploration.egg-info/top_level.txt
[2.576s] reading manifest file '../../build/exploration/exploration.egg-info/SOURCES.txt'
[2.576s] adding license file 'LICENSE'
[2.576s] writing manifest file '../../build/exploration/exploration.egg-info/SOURCES.txt'
[2.577s] running build
[2.577s] running build_py
[2.577s] copying exploration/velocity_controller.py -> /home/mengo/amr_project_ws/build/exploration/build/lib/exploration
[2.577s] running install
[2.577s] running install_lib
[2.578s] copying /home/mengo/amr_project_ws/build/exploration/build/lib/exploration/velocity_controller.py -> /home/mengo/amr_project_ws/install/exploration/lib/python3.10/site-packages/exploration
[2.578s] byte-compiling /home/mengo/amr_project_ws/install/exploration/lib/python3.10/site-packages/exploration/velocity_controller.py to velocity_controller.cpython-310.pyc
[2.578s] running install_data
[2.579s] running install_egg_info
[2.580s] removing '/home/mengo/amr_project_ws/install/exploration/lib/python3.10/site-packages/exploration-0.0.0-py3.10.egg-info' (and everything under it)
[2.580s] Copying ../../build/exploration/exploration.egg-info to /home/mengo/amr_project_ws/install/exploration/lib/python3.10/site-packages/exploration-0.0.0-py3.10.egg-info
[2.581s] running install_scripts
[2.598s] Installing velocity_controller script to /home/mengo/amr_project_ws/install/exploration/lib/exploration
[2.599s] writing list of installed files to '/home/mengo/amr_project_ws/build/exploration/install.log'
[2.620s] Invoked command in '/home/mengo/amr_project_ws/src/exploration' returned '0': PYTHONPATH=/home/mengo/amr_project_ws/build/exploration/prefix_override:/home/mengo/amr_project_ws/install/exploration/lib/python3.10/site-packages:${PYTHONPATH} /usr/bin/python3 setup.py egg_info --egg-base ../../build/exploration build --build-base /home/mengo/amr_project_ws/build/exploration/build install --record /home/mengo/amr_project_ws/build/exploration/install.log --single-version-externally-managed
