[2.400s] Invoking command in '/home/mengo/amr_project_ws/src/exploration': PYTHONPATH=/home/mengo/amr_project_ws/build/exploration/prefix_override:/home/mengo/amr_project_ws/install/exploration/lib/python3.10/site-packages:${PYTHONPATH} /usr/bin/python3 setup.py egg_info --egg-base ../../build/exploration build --build-base /home/mengo/amr_project_ws/build/exploration/build install --record /home/mengo/amr_project_ws/build/exploration/install.log --single-version-externally-managed
[3.102s] running egg_info
[3.104s] writing ../../build/exploration/exploration.egg-info/PKG-INFO
[3.105s] writing dependency_links to ../../build/exploration/exploration.egg-info/dependency_links.txt
[3.105s] writing entry points to ../../build/exploration/exploration.egg-info/entry_points.txt
[3.105s] writing requirements to ../../build/exploration/exploration.egg-info/requires.txt
[3.105s] writing top-level names to ../../build/exploration/exploration.egg-info/top_level.txt
[3.108s] reading manifest file '../../build/exploration/exploration.egg-info/SOURCES.txt'
[3.109s] adding license file 'LICENSE'
[3.110s] writing manifest file '../../build/exploration/exploration.egg-info/SOURCES.txt'
[3.110s] running build
[3.110s] running build_py
[3.110s] copying exploration/navigation_to_pose.py -> /home/mengo/amr_project_ws/build/exploration/build/lib/exploration
[3.111s] running install
[3.115s] running install_lib
[3.117s] copying /home/mengo/amr_project_ws/build/exploration/build/lib/exploration/navigation_to_pose.py -> /home/mengo/amr_project_ws/install/exploration/lib/python3.10/site-packages/exploration
[3.118s] byte-compiling /home/mengo/amr_project_ws/install/exploration/lib/python3.10/site-packages/exploration/navigation_to_pose.py to navigation_to_pose.cpython-310.pyc
[3.119s] running install_data
[3.123s] running install_egg_info
[3.124s] removing '/home/mengo/amr_project_ws/install/exploration/lib/python3.10/site-packages/exploration-0.0.0-py3.10.egg-info' (and everything under it)
[3.124s] Copying ../../build/exploration/exploration.egg-info to /home/mengo/amr_project_ws/install/exploration/lib/python3.10/site-packages/exploration-0.0.0-py3.10.egg-info
[3.126s] running install_scripts
[3.163s] Installing navigation_to_pose script to /home/mengo/amr_project_ws/install/exploration/lib/exploration
[3.164s] writing list of installed files to '/home/mengo/amr_project_ws/build/exploration/install.log'
[3.242s] Invoked command in '/home/mengo/amr_project_ws/src/exploration' returned '0': PYTHONPATH=/home/mengo/amr_project_ws/build/exploration/prefix_override:/home/mengo/amr_project_ws/install/exploration/lib/python3.10/site-packages:${PYTHONPATH} /usr/bin/python3 setup.py egg_info --egg-base ../../build/exploration build --build-base /home/mengo/amr_project_ws/build/exploration/build install --record /home/mengo/amr_project_ws/build/exploration/install.log --single-version-externally-managed
