[0.917s] Invoking command in '/home/mengo/amr_project_ws/build/turtlebot3_gazebo': CMAKE_PREFIX_PATH=${CMAKE_PREFIX_PATH}:/home/mengo/amr_project_ws/install/sanification:/home/mengo/amr_project_ws/install/exploration:/opt/ros/humble CONDA_PROMPT_MODIFIER=(base) /usr/bin/cmake --build /home/mengo/amr_project_ws/build/turtlebot3_gazebo -- -j12 -l12
[0.983s] [ 12%] [32mBuilding CXX object CMakeFiles/turtlebot3_drive.dir/src/turtlebot3_drive.cpp.o[0m
[1.004s] [ 25%] [32mBuilding CXX object CMakeFiles/obstacle2.dir/models/turtlebot3_dqn_world/obstacle_plugin/obstacle2.cc.o[0m
[1.005s] [ 37%] [32mBuilding CXX object CMakeFiles/obstacles.dir/models/turtlebot3_dqn_world/obstacle_plugin/obstacles.cc.o[0m
[1.007s] [ 50%] [32mBuilding CXX object CMakeFiles/obstacle1.dir/models/turtlebot3_dqn_world/obstacle_plugin/obstacle1.cc.o[0m
[15.331s] [ 62%] [32m[1mLinking CXX shared library libobstacles.so[0m
[15.395s] [ 75%] [32m[1mLinking CXX shared library libobstacle1.so[0m
[15.494s] [ 87%] [32m[1mLinking CXX shared library libobstacle2.so[0m
[15.692s] [ 87%] Built target obstacles
[15.759s] [100%] [32m[1mLinking CXX executable turtlebot3_drive[0m
[15.786s] [100%] Built target obstacle1
[15.862s] [100%] Built target obstacle2
[16.416s] [100%] Built target turtlebot3_drive
[16.427s] Invoked command in '/home/mengo/amr_project_ws/build/turtlebot3_gazebo' returned '0': CMAKE_PREFIX_PATH=${CMAKE_PREFIX_PATH}:/home/mengo/amr_project_ws/install/sanification:/home/mengo/amr_project_ws/install/exploration:/opt/ros/humble CONDA_PROMPT_MODIFIER=(base) /usr/bin/cmake --build /home/mengo/amr_project_ws/build/turtlebot3_gazebo -- -j12 -l12
[16.472s] Invoking command in '/home/mengo/amr_project_ws/build/turtlebot3_gazebo': CMAKE_PREFIX_PATH=${CMAKE_PREFIX_PATH}:/home/mengo/amr_project_ws/install/sanification:/home/mengo/amr_project_ws/install/exploration:/opt/ros/humble CONDA_PROMPT_MODIFIER=(base) /usr/bin/cmake --install /home/mengo/amr_project_ws/build/turtlebot3_gazebo
[16.479s] -- Install configuration: ""
[16.479s] -- Installing: /home/mengo/amr_project_ws/install/turtlebot3_gazebo/lib/turtlebot3_gazebo/turtlebot3_drive
[16.487s] -- Set runtime path of "/home/mengo/amr_project_ws/install/turtlebot3_gazebo/lib/turtlebot3_gazebo/turtlebot3_drive" to ""
[16.487s] -- Up-to-date: /home/mengo/amr_project_ws/install/turtlebot3_gazebo/share/turtlebot3_gazebo//launch
[16.487s] -- Up-to-date: /home/mengo/amr_project_ws/install/turtlebot3_gazebo/share/turtlebot3_gazebo//launch/turtlebot3_dqn_stage1.launch.py
[16.488s] -- Up-to-date: /home/mengo/amr_project_ws/install/turtlebot3_gazebo/share/turtlebot3_gazebo//launch/turtlebot3_house.launch.py
[16.488s] -- Up-to-date: /home/mengo/amr_project_ws/install/turtlebot3_gazebo/share/turtlebot3_gazebo//launch/turtlebot3_dqn_stage2.launch.py
[16.488s] -- Up-to-date: /home/mengo/amr_project_ws/install/turtlebot3_gazebo/share/turtlebot3_gazebo//launch/turtlebot3_world.launch.py
[16.488s] -- Up-to-date: /home/mengo/amr_project_ws/install/turtlebot3_gazebo/share/turtlebot3_gazebo//launch/turtlebot3_big_house.launch.py
[16.488s] -- Up-to-date: /home/mengo/amr_project_ws/install/turtlebot3_gazebo/share/turtlebot3_gazebo//launch/robot_state_publisher.launch.py
[16.488s] -- Up-to-date: /home/mengo/amr_project_ws/install/turtlebot3_gazebo/share/turtlebot3_gazebo//launch/turtlebot3_dqn_stage4.launch.py
[16.488s] -- Up-to-date: /home/mengo/amr_project_ws/install/turtlebot3_gazebo/share/turtlebot3_gazebo//launch/empty_world.launch.py
[16.489s] -- Up-to-date: /home/mengo/amr_project_ws/install/turtlebot3_gazebo/share/turtlebot3_gazebo//launch/spawn_turtlebot3.launch.py
[16.489s] -- Up-to-date: /home/mengo/amr_project_ws/install/turtlebot3_gazebo/share/turtlebot3_gazebo//launch/turtlebot3_dqn_stage3.launch.py
[16.489s] -- Up-to-date: /home/mengo/amr_project_ws/install/turtlebot3_gazebo/share/turtlebot3_gazebo//models
[16.489s] -- Up-to-date: /home/mengo/amr_project_ws/install/turtlebot3_gazebo/share/turtlebot3_gazebo//models/turtlebot3_burger
[16.489s] -- Up-to-date: /home/mengo/amr_project_ws/install/turtlebot3_gazebo/share/turtlebot3_gazebo//models/turtlebot3_burger/model-1_4.sdf
[16.489s] -- Up-to-date: /home/mengo/amr_project_ws/install/turtlebot3_gazebo/share/turtlebot3_gazebo//models/turtlebot3_burger/model.sdf
[16.489s] -- Up-to-date: /home/mengo/amr_project_ws/install/turtlebot3_gazebo/share/turtlebot3_gazebo//models/turtlebot3_burger/model.config
[16.489s] -- Up-to-date: /home/mengo/amr_project_ws/install/turtlebot3_gazebo/share/turtlebot3_gazebo//models/turtlebot3_dqn_world
[16.490s] -- Up-to-date: /home/mengo/amr_project_ws/install/turtlebot3_gazebo/share/turtlebot3_gazebo//models/turtlebot3_dqn_world/obstacle_plugin
[16.490s] -- Up-to-date: /home/mengo/amr_project_ws/install/turtlebot3_gazebo/share/turtlebot3_gazebo//models/turtlebot3_dqn_world/obstacle_plugin/obstacle1.cc
[16.490s] -- Up-to-date: /home/mengo/amr_project_ws/install/turtlebot3_gazebo/share/turtlebot3_gazebo//models/turtlebot3_dqn_world/obstacle_plugin/CMakeLists.txt
[16.490s] -- Up-to-date: /home/mengo/amr_project_ws/install/turtlebot3_gazebo/share/turtlebot3_gazebo//models/turtlebot3_dqn_world/obstacle_plugin/obstacle2.cc
[16.490s] -- Up-to-date: /home/mengo/amr_project_ws/install/turtlebot3_gazebo/share/turtlebot3_gazebo//models/turtlebot3_dqn_world/obstacle_plugin/obstacles.cc
[16.490s] -- Up-to-date: /home/mengo/amr_project_ws/install/turtlebot3_gazebo/share/turtlebot3_gazebo//models/turtlebot3_dqn_world/goal_box
[16.490s] -- Up-to-date: /home/mengo/amr_project_ws/install/turtlebot3_gazebo/share/turtlebot3_gazebo//models/turtlebot3_dqn_world/goal_box/model.sdf
[16.490s] -- Up-to-date: /home/mengo/amr_project_ws/install/turtlebot3_gazebo/share/turtlebot3_gazebo//models/turtlebot3_dqn_world/goal_box/model.config
[16.491s] -- Up-to-date: /home/mengo/amr_project_ws/install/turtlebot3_gazebo/share/turtlebot3_gazebo//models/turtlebot3_dqn_world/obstacle1
[16.491s] -- Up-to-date: /home/mengo/amr_project_ws/install/turtlebot3_gazebo/share/turtlebot3_gazebo//models/turtlebot3_dqn_world/obstacle1/model.sdf
[16.491s] -- Up-to-date: /home/mengo/amr_project_ws/install/turtlebot3_gazebo/share/turtlebot3_gazebo//models/turtlebot3_dqn_world/obstacle1/model.config
[16.491s] -- Up-to-date: /home/mengo/amr_project_ws/install/turtlebot3_gazebo/share/turtlebot3_gazebo//models/turtlebot3_dqn_world/inner_walls
[16.491s] -- Up-to-date: /home/mengo/amr_project_ws/install/turtlebot3_gazebo/share/turtlebot3_gazebo//models/turtlebot3_dqn_world/inner_walls/model.sdf
[16.491s] -- Up-to-date: /home/mengo/amr_project_ws/install/turtlebot3_gazebo/share/turtlebot3_gazebo//models/turtlebot3_dqn_world/inner_walls/model.config
[16.491s] -- Up-to-date: /home/mengo/amr_project_ws/install/turtlebot3_gazebo/share/turtlebot3_gazebo//models/turtlebot3_dqn_world/model.sdf
[16.491s] -- Up-to-date: /home/mengo/amr_project_ws/install/turtlebot3_gazebo/share/turtlebot3_gazebo//models/turtlebot3_dqn_world/obstacle2
[16.492s] -- Up-to-date: /home/mengo/amr_project_ws/install/turtlebot3_gazebo/share/turtlebot3_gazebo//models/turtlebot3_dqn_world/obstacle2/model.sdf
[16.492s] -- Up-to-date: /home/mengo/amr_project_ws/install/turtlebot3_gazebo/share/turtlebot3_gazebo//models/turtlebot3_dqn_world/obstacle2/model.config
[16.492s] -- Up-to-date: /home/mengo/amr_project_ws/install/turtlebot3_gazebo/share/turtlebot3_gazebo//models/turtlebot3_dqn_world/obstacles
[16.493s] -- Up-to-date: /home/mengo/amr_project_ws/install/turtlebot3_gazebo/share/turtlebot3_gazebo//models/turtlebot3_dqn_world/obstacles/model.sdf
[16.493s] -- Up-to-date: /home/mengo/amr_project_ws/install/turtlebot3_gazebo/share/turtlebot3_gazebo//models/turtlebot3_dqn_world/obstacles/model.config
[16.493s] -- Up-to-date: /home/mengo/amr_project_ws/install/turtlebot3_gazebo/share/turtlebot3_gazebo//models/turtlebot3_dqn_world/model.config
[16.493s] -- Up-to-date: /home/mengo/amr_project_ws/install/turtlebot3_gazebo/share/turtlebot3_gazebo//models/turtlebot3_common
[16.494s] -- Up-to-date: /home/mengo/amr_project_ws/install/turtlebot3_gazebo/share/turtlebot3_gazebo//models/turtlebot3_common/model.config
[16.494s] -- Up-to-date: /home/mengo/amr_project_ws/install/turtlebot3_gazebo/share/turtlebot3_gazebo//models/turtlebot3_common/meshes
[16.494s] -- Up-to-date: /home/mengo/amr_project_ws/install/turtlebot3_gazebo/share/turtlebot3_gazebo//models/turtlebot3_common/meshes/tire.dae
[16.494s] -- Up-to-date: /home/mengo/amr_project_ws/install/turtlebot3_gazebo/share/turtlebot3_gazebo//models/turtlebot3_common/meshes/burger_base.dae
[16.494s] -- Up-to-date: /home/mengo/amr_project_ws/install/turtlebot3_gazebo/share/turtlebot3_gazebo//models/turtlebot3_common/meshes/lds.dae
[16.495s] -- Up-to-date: /home/mengo/amr_project_ws/install/turtlebot3_gazebo/share/turtlebot3_gazebo//models/turtlebot3_common/meshes/waffle_pi_base.dae
[16.495s] -- Up-to-date: /home/mengo/amr_project_ws/install/turtlebot3_gazebo/share/turtlebot3_gazebo//models/turtlebot3_common/meshes/waffle_base.dae
[16.495s] -- Up-to-date: /home/mengo/amr_project_ws/install/turtlebot3_gazebo/share/turtlebot3_gazebo//models/turtlebot3_common/meshes/r200.dae
[16.495s] -- Up-to-date: /home/mengo/amr_project_ws/install/turtlebot3_gazebo/share/turtlebot3_gazebo//models/turtlebot3_waffle
[16.495s] -- Up-to-date: /home/mengo/amr_project_ws/install/turtlebot3_gazebo/share/turtlebot3_gazebo//models/turtlebot3_waffle/model-1_4.sdf
[16.496s] -- Up-to-date: /home/mengo/amr_project_ws/install/turtlebot3_gazebo/share/turtlebot3_gazebo//models/turtlebot3_waffle/model.sdf
[16.496s] -- Up-to-date: /home/mengo/amr_project_ws/install/turtlebot3_gazebo/share/turtlebot3_gazebo//models/turtlebot3_waffle/model.config
[16.496s] -- Up-to-date: /home/mengo/amr_project_ws/install/turtlebot3_gazebo/share/turtlebot3_gazebo//models/turtlebot3_waffle_pi
[16.496s] -- Up-to-date: /home/mengo/amr_project_ws/install/turtlebot3_gazebo/share/turtlebot3_gazebo//models/turtlebot3_waffle_pi/model.sdf
[16.496s] -- Up-to-date: /home/mengo/amr_project_ws/install/turtlebot3_gazebo/share/turtlebot3_gazebo//models/turtlebot3_waffle_pi/model.config
[16.497s] -- Up-to-date: /home/mengo/amr_project_ws/install/turtlebot3_gazebo/share/turtlebot3_gazebo//models/turtlebot3_waffle_pi/model-1_4_.sdf
[16.497s] -- Up-to-date: /home/mengo/amr_project_ws/install/turtlebot3_gazebo/share/turtlebot3_gazebo//models/turtlebot3_house
[16.497s] -- Up-to-date: /home/mengo/amr_project_ws/install/turtlebot3_gazebo/share/turtlebot3_gazebo//models/turtlebot3_house/model.sdf
[16.497s] -- Up-to-date: /home/mengo/amr_project_ws/install/turtlebot3_gazebo/share/turtlebot3_gazebo//models/turtlebot3_house/model.config
[16.497s] -- Up-to-date: /home/mengo/amr_project_ws/install/turtlebot3_gazebo/share/turtlebot3_gazebo//models/turtlebot3_big_house
[16.497s] -- Up-to-date: /home/mengo/amr_project_ws/install/turtlebot3_gazebo/share/turtlebot3_gazebo//models/turtlebot3_big_house/model.sdf
[16.498s] -- Up-to-date: /home/mengo/amr_project_ws/install/turtlebot3_gazebo/share/turtlebot3_gazebo//models/turtlebot3_big_house/model.config
[16.498s] -- Up-to-date: /home/mengo/amr_project_ws/install/turtlebot3_gazebo/share/turtlebot3_gazebo//models/turtlebot3_world
[16.498s] -- Up-to-date: /home/mengo/amr_project_ws/install/turtlebot3_gazebo/share/turtlebot3_gazebo//models/turtlebot3_world/model-1_4.sdf
[16.498s] -- Up-to-date: /home/mengo/amr_project_ws/install/turtlebot3_gazebo/share/turtlebot3_gazebo//models/turtlebot3_world/model.sdf
[16.498s] -- Up-to-date: /home/mengo/amr_project_ws/install/turtlebot3_gazebo/share/turtlebot3_gazebo//models/turtlebot3_world/model.config
[16.498s] -- Up-to-date: /home/mengo/amr_project_ws/install/turtlebot3_gazebo/share/turtlebot3_gazebo//models/turtlebot3_world/meshes
[16.499s] -- Up-to-date: /home/mengo/amr_project_ws/install/turtlebot3_gazebo/share/turtlebot3_gazebo//models/turtlebot3_world/meshes/hexagon.dae
[16.499s] -- Up-to-date: /home/mengo/amr_project_ws/install/turtlebot3_gazebo/share/turtlebot3_gazebo//models/turtlebot3_world/meshes/wall.dae
[16.499s] -- Up-to-date: /home/mengo/amr_project_ws/install/turtlebot3_gazebo/share/turtlebot3_gazebo//rviz
[16.499s] -- Up-to-date: /home/mengo/amr_project_ws/install/turtlebot3_gazebo/share/turtlebot3_gazebo//rviz/tb3_gazebo.rviz
[16.499s] -- Up-to-date: /home/mengo/amr_project_ws/install/turtlebot3_gazebo/share/turtlebot3_gazebo//urdf
[16.500s] -- Up-to-date: /home/mengo/amr_project_ws/install/turtlebot3_gazebo/share/turtlebot3_gazebo//urdf/turtlebot3_waffle.urdf
[16.500s] -- Up-to-date: /home/mengo/amr_project_ws/install/turtlebot3_gazebo/share/turtlebot3_gazebo//urdf/turtlebot3_waffle_pi.urdf
[16.500s] -- Up-to-date: /home/mengo/amr_project_ws/install/turtlebot3_gazebo/share/turtlebot3_gazebo//urdf/turtlebot3_burger.urdf
[16.500s] -- Up-to-date: /home/mengo/amr_project_ws/install/turtlebot3_gazebo/share/turtlebot3_gazebo//urdf/common_properties.urdf
[16.500s] -- Up-to-date: /home/mengo/amr_project_ws/install/turtlebot3_gazebo/share/turtlebot3_gazebo//worlds
[16.501s] -- Up-to-date: /home/mengo/amr_project_ws/install/turtlebot3_gazebo/share/turtlebot3_gazebo//worlds/turtlebot3_dqn_stage3.world
[16.501s] -- Up-to-date: /home/mengo/amr_project_ws/install/turtlebot3_gazebo/share/turtlebot3_gazebo//worlds/empty_world.world
[16.501s] -- Up-to-date: /home/mengo/amr_project_ws/install/turtlebot3_gazebo/share/turtlebot3_gazebo//worlds/turtlebot3_world.world
[16.501s] -- Up-to-date: /home/mengo/amr_project_ws/install/turtlebot3_gazebo/share/turtlebot3_gazebo//worlds/turtlebot3_house.world
[16.501s] -- Up-to-date: /home/mengo/amr_project_ws/install/turtlebot3_gazebo/share/turtlebot3_gazebo//worlds/turtlebot3_big_houses
[16.502s] -- Up-to-date: /home/mengo/amr_project_ws/install/turtlebot3_gazebo/share/turtlebot3_gazebo//worlds/turtlebot3_big_houses/burger.model
[16.502s] -- Up-to-date: /home/mengo/amr_project_ws/install/turtlebot3_gazebo/share/turtlebot3_gazebo//worlds/turtlebot3_big_houses/waffle_pi.model
[16.502s] -- Up-to-date: /home/mengo/amr_project_ws/install/turtlebot3_gazebo/share/turtlebot3_gazebo//worlds/turtlebot3_big_houses/waffle.model
[16.502s] -- Up-to-date: /home/mengo/amr_project_ws/install/turtlebot3_gazebo/share/turtlebot3_gazebo//worlds/turtlebot3_dqn_stage4.world
[16.502s] -- Up-to-date: /home/mengo/amr_project_ws/install/turtlebot3_gazebo/share/turtlebot3_gazebo//worlds/turtlebot3_dqn_stage2.world
[16.502s] -- Up-to-date: /home/mengo/amr_project_ws/install/turtlebot3_gazebo/share/turtlebot3_gazebo//worlds/turtlebot3_dqn_stage1.world
[16.503s] -- Up-to-date: /home/mengo/amr_project_ws/install/turtlebot3_gazebo/include/
[16.503s] -- Up-to-date: /home/mengo/amr_project_ws/install/turtlebot3_gazebo/include//turtlebot3_gazebo
[16.503s] -- Up-to-date: /home/mengo/amr_project_ws/install/turtlebot3_gazebo/include//turtlebot3_gazebo/turtlebot3_drive.hpp
[16.503s] -- Up-to-date: /home/mengo/amr_project_ws/install/turtlebot3_gazebo/share/ament_index/resource_index/package_run_dependencies/turtlebot3_gazebo
[16.503s] -- Up-to-date: /home/mengo/amr_project_ws/install/turtlebot3_gazebo/share/ament_index/resource_index/parent_prefix_path/turtlebot3_gazebo
[16.504s] -- Up-to-date: /home/mengo/amr_project_ws/install/turtlebot3_gazebo/share/turtlebot3_gazebo/environment/ament_prefix_path.sh
[16.504s] -- Up-to-date: /home/mengo/amr_project_ws/install/turtlebot3_gazebo/share/turtlebot3_gazebo/environment/ament_prefix_path.dsv
[16.504s] -- Up-to-date: /home/mengo/amr_project_ws/install/turtlebot3_gazebo/share/turtlebot3_gazebo/environment/path.sh
[16.504s] -- Up-to-date: /home/mengo/amr_project_ws/install/turtlebot3_gazebo/share/turtlebot3_gazebo/environment/path.dsv
[16.504s] -- Up-to-date: /home/mengo/amr_project_ws/install/turtlebot3_gazebo/share/turtlebot3_gazebo/local_setup.bash
[16.505s] -- Up-to-date: /home/mengo/amr_project_ws/install/turtlebot3_gazebo/share/turtlebot3_gazebo/local_setup.sh
[16.505s] -- Up-to-date: /home/mengo/amr_project_ws/install/turtlebot3_gazebo/share/turtlebot3_gazebo/local_setup.zsh
[16.505s] -- Up-to-date: /home/mengo/amr_project_ws/install/turtlebot3_gazebo/share/turtlebot3_gazebo/local_setup.dsv
[16.505s] -- Installing: /home/mengo/amr_project_ws/install/turtlebot3_gazebo/share/turtlebot3_gazebo/package.dsv
[16.505s] -- Up-to-date: /home/mengo/amr_project_ws/install/turtlebot3_gazebo/share/ament_index/resource_index/packages/turtlebot3_gazebo
[16.505s] -- Up-to-date: /home/mengo/amr_project_ws/install/turtlebot3_gazebo/share/turtlebot3_gazebo/cmake/ament_cmake_export_include_directories-extras.cmake
[16.506s] -- Up-to-date: /home/mengo/amr_project_ws/install/turtlebot3_gazebo/share/turtlebot3_gazebo/cmake/ament_cmake_export_dependencies-extras.cmake
[16.506s] -- Up-to-date: /home/mengo/amr_project_ws/install/turtlebot3_gazebo/share/turtlebot3_gazebo/cmake/turtlebot3_gazeboConfig.cmake
[16.506s] -- Up-to-date: /home/mengo/amr_project_ws/install/turtlebot3_gazebo/share/turtlebot3_gazebo/cmake/turtlebot3_gazeboConfig-version.cmake
[16.506s] -- Up-to-date: /home/mengo/amr_project_ws/install/turtlebot3_gazebo/share/turtlebot3_gazebo/package.xml
[16.506s] Invoked command in '/home/mengo/amr_project_ws/build/turtlebot3_gazebo' returned '0': CMAKE_PREFIX_PATH=${CMAKE_PREFIX_PATH}:/home/mengo/amr_project_ws/install/sanification:/home/mengo/amr_project_ws/install/exploration:/opt/ros/humble CONDA_PROMPT_MODIFIER=(base) /usr/bin/cmake --install /home/mengo/amr_project_ws/build/turtlebot3_gazebo
