[1.926s] DEBUG:colcon:Command line arguments: ['/usr/bin/colcon', 'build']
[1.926s] DEBUG:colcon:Parsed command line arguments: Namespace(log_base=None, log_level=None, verb_name='build', build_base='build', install_base='install', merge_install=False, symlink_install=False, test_result_base=None, continue_on_error=False, executor='parallel', parallel_workers=12, event_handlers=None, ignore_user_meta=False, metas=['./colcon.meta'], base_paths=['.'], packages_ignore=None, packages_ignore_regex=None, paths=None, packages_up_to=None, packages_up_to_regex=None, packages_above=None, packages_above_and_dependencies=None, packages_above_depth=None, packages_select_by_dep=None, packages_skip_by_dep=None, packages_skip_up_to=None, packages_select_build_failed=False, packages_skip_build_finished=False, packages_select_test_failures=False, packages_skip_test_passed=False, packages_select=None, packages_skip=None, packages_select_regex=None, packages_skip_regex=None, packages_start=None, packages_end=None, allow_overriding=[], cmake_args=None, cmake_target=None, cmake_target_skip_unavailable=False, cmake_clean_cache=False, cmake_clean_first=False, cmake_force_configure=False, ament_cmake_args=None, catkin_cmake_args=None, catkin_skip_building_tests=False, verb_parser=<colcon_defaults.argument_parser.defaults.DefaultArgumentsDecorator object at 0x7f75f9ffdbd0>, verb_extension=<colcon_core.verb.build.BuildVerb object at 0x7f75fa2c6d40>, main=<bound method BuildVerb.main of <colcon_core.verb.build.BuildVerb object at 0x7f75fa2c6d40>>)
[2.025s] Level 1:colcon.colcon_core.package_discovery:discover_packages(colcon_meta) check parameters
[2.025s] Level 1:colcon.colcon_core.package_discovery:discover_packages(recursive) check parameters
[2.025s] Level 1:colcon.colcon_core.package_discovery:discover_packages(ignore) check parameters
[2.025s] Level 1:colcon.colcon_core.package_discovery:discover_packages(path) check parameters
[2.025s] Level 1:colcon.colcon_core.package_discovery:discover_packages(colcon_meta) discover
[2.025s] Level 1:colcon.colcon_core.package_discovery:discover_packages(recursive) discover
[2.026s] INFO:colcon.colcon_core.package_discovery:Crawling recursively for packages in '/home/mengo/amr_project_ws'
[2.026s] Level 1:colcon.colcon_core.package_identification:_identify(.) by extensions ['ignore', 'ignore_ament_install']
[2.026s] Level 1:colcon.colcon_core.package_identification:_identify(.) by extension 'ignore'
[2.026s] Level 1:colcon.colcon_core.package_identification:_identify(.) by extension 'ignore_ament_install'
[2.026s] Level 1:colcon.colcon_core.package_identification:_identify(.) by extensions ['colcon_pkg']
[2.026s] Level 1:colcon.colcon_core.package_identification:_identify(.) by extension 'colcon_pkg'
[2.026s] Level 1:colcon.colcon_core.package_identification:_identify(.) by extensions ['colcon_meta']
[2.026s] Level 1:colcon.colcon_core.package_identification:_identify(.) by extension 'colcon_meta'
[2.026s] Level 1:colcon.colcon_core.package_identification:_identify(.) by extensions ['ros']
[2.026s] Level 1:colcon.colcon_core.package_identification:_identify(.) by extension 'ros'
[2.048s] Level 1:colcon.colcon_core.package_identification:_identify(.) by extensions ['cmake', 'python']
[2.048s] Level 1:colcon.colcon_core.package_identification:_identify(.) by extension 'cmake'
[2.048s] Level 1:colcon.colcon_core.package_identification:_identify(.) by extension 'python'
[2.049s] Level 1:colcon.colcon_core.package_identification:_identify(.) by extensions ['python_setup_py']
[2.049s] Level 1:colcon.colcon_core.package_identification:_identify(.) by extension 'python_setup_py'
[2.049s] Level 1:colcon.colcon_core.package_identification:_identify(PICTURES) by extensions ['ignore', 'ignore_ament_install']
[2.049s] Level 1:colcon.colcon_core.package_identification:_identify(PICTURES) by extension 'ignore'
[2.049s] Level 1:colcon.colcon_core.package_identification:_identify(PICTURES) by extension 'ignore_ament_install'
[2.049s] Level 1:colcon.colcon_core.package_identification:_identify(PICTURES) by extensions ['colcon_pkg']
[2.049s] Level 1:colcon.colcon_core.package_identification:_identify(PICTURES) by extension 'colcon_pkg'
[2.049s] Level 1:colcon.colcon_core.package_identification:_identify(PICTURES) by extensions ['colcon_meta']
[2.049s] Level 1:colcon.colcon_core.package_identification:_identify(PICTURES) by extension 'colcon_meta'
[2.050s] Level 1:colcon.colcon_core.package_identification:_identify(PICTURES) by extensions ['ros']
[2.050s] Level 1:colcon.colcon_core.package_identification:_identify(PICTURES) by extension 'ros'
[2.050s] Level 1:colcon.colcon_core.package_identification:_identify(PICTURES) by extensions ['cmake', 'python']
[2.050s] Level 1:colcon.colcon_core.package_identification:_identify(PICTURES) by extension 'cmake'
[2.050s] Level 1:colcon.colcon_core.package_identification:_identify(PICTURES) by extension 'python'
[2.050s] Level 1:colcon.colcon_core.package_identification:_identify(PICTURES) by extensions ['python_setup_py']
[2.050s] Level 1:colcon.colcon_core.package_identification:_identify(PICTURES) by extension 'python_setup_py'
[2.050s] Level 1:colcon.colcon_core.package_identification:_identify(PICTURES/Task2) by extensions ['ignore', 'ignore_ament_install']
[2.050s] Level 1:colcon.colcon_core.package_identification:_identify(PICTURES/Task2) by extension 'ignore'
[2.051s] Level 1:colcon.colcon_core.package_identification:_identify(PICTURES/Task2) by extension 'ignore_ament_install'
[2.051s] Level 1:colcon.colcon_core.package_identification:_identify(PICTURES/Task2) by extensions ['colcon_pkg']
[2.051s] Level 1:colcon.colcon_core.package_identification:_identify(PICTURES/Task2) by extension 'colcon_pkg'
[2.051s] Level 1:colcon.colcon_core.package_identification:_identify(PICTURES/Task2) by extensions ['colcon_meta']
[2.051s] Level 1:colcon.colcon_core.package_identification:_identify(PICTURES/Task2) by extension 'colcon_meta'
[2.051s] Level 1:colcon.colcon_core.package_identification:_identify(PICTURES/Task2) by extensions ['ros']
[2.051s] Level 1:colcon.colcon_core.package_identification:_identify(PICTURES/Task2) by extension 'ros'
[2.051s] Level 1:colcon.colcon_core.package_identification:_identify(PICTURES/Task2) by extensions ['cmake', 'python']
[2.051s] Level 1:colcon.colcon_core.package_identification:_identify(PICTURES/Task2) by extension 'cmake'
[2.051s] Level 1:colcon.colcon_core.package_identification:_identify(PICTURES/Task2) by extension 'python'
[2.051s] Level 1:colcon.colcon_core.package_identification:_identify(PICTURES/Task2) by extensions ['python_setup_py']
[2.052s] Level 1:colcon.colcon_core.package_identification:_identify(PICTURES/Task2) by extension 'python_setup_py'
[2.052s] Level 1:colcon.colcon_core.package_identification:_identify(build) by extensions ['ignore', 'ignore_ament_install']
[2.052s] Level 1:colcon.colcon_core.package_identification:_identify(build) by extension 'ignore'
[2.052s] Level 1:colcon.colcon_core.package_identification:_identify(build) ignored
[2.052s] Level 1:colcon.colcon_core.package_identification:_identify(extra_files) by extensions ['ignore', 'ignore_ament_install']
[2.052s] Level 1:colcon.colcon_core.package_identification:_identify(extra_files) by extension 'ignore'
[2.053s] Level 1:colcon.colcon_core.package_identification:_identify(extra_files) by extension 'ignore_ament_install'
[2.053s] Level 1:colcon.colcon_core.package_identification:_identify(extra_files) by extensions ['colcon_pkg']
[2.053s] Level 1:colcon.colcon_core.package_identification:_identify(extra_files) by extension 'colcon_pkg'
[2.053s] Level 1:colcon.colcon_core.package_identification:_identify(extra_files) by extensions ['colcon_meta']
[2.053s] Level 1:colcon.colcon_core.package_identification:_identify(extra_files) by extension 'colcon_meta'
[2.053s] Level 1:colcon.colcon_core.package_identification:_identify(extra_files) by extensions ['ros']
[2.053s] Level 1:colcon.colcon_core.package_identification:_identify(extra_files) by extension 'ros'
[2.053s] Level 1:colcon.colcon_core.package_identification:_identify(extra_files) by extensions ['cmake', 'python']
[2.053s] Level 1:colcon.colcon_core.package_identification:_identify(extra_files) by extension 'cmake'
[2.053s] Level 1:colcon.colcon_core.package_identification:_identify(extra_files) by extension 'python'
[2.054s] Level 1:colcon.colcon_core.package_identification:_identify(extra_files) by extensions ['python_setup_py']
[2.054s] Level 1:colcon.colcon_core.package_identification:_identify(extra_files) by extension 'python_setup_py'
[2.054s] Level 1:colcon.colcon_core.package_identification:_identify(install) by extensions ['ignore', 'ignore_ament_install']
[2.054s] Level 1:colcon.colcon_core.package_identification:_identify(install) by extension 'ignore'
[2.054s] Level 1:colcon.colcon_core.package_identification:_identify(install) ignored
[2.055s] Level 1:colcon.colcon_core.package_identification:_identify(log) by extensions ['ignore', 'ignore_ament_install']
[2.055s] Level 1:colcon.colcon_core.package_identification:_identify(log) by extension 'ignore'
[2.055s] Level 1:colcon.colcon_core.package_identification:_identify(log) ignored
[2.055s] Level 1:colcon.colcon_core.package_identification:_identify(src) by extensions ['ignore', 'ignore_ament_install']
[2.055s] Level 1:colcon.colcon_core.package_identification:_identify(src) by extension 'ignore'
[2.055s] Level 1:colcon.colcon_core.package_identification:_identify(src) by extension 'ignore_ament_install'
[2.056s] Level 1:colcon.colcon_core.package_identification:_identify(src) by extensions ['colcon_pkg']
[2.056s] Level 1:colcon.colcon_core.package_identification:_identify(src) by extension 'colcon_pkg'
[2.056s] Level 1:colcon.colcon_core.package_identification:_identify(src) by extensions ['colcon_meta']
[2.056s] Level 1:colcon.colcon_core.package_identification:_identify(src) by extension 'colcon_meta'
[2.056s] Level 1:colcon.colcon_core.package_identification:_identify(src) by extensions ['ros']
[2.056s] Level 1:colcon.colcon_core.package_identification:_identify(src) by extension 'ros'
[2.056s] Level 1:colcon.colcon_core.package_identification:_identify(src) by extensions ['cmake', 'python']
[2.056s] Level 1:colcon.colcon_core.package_identification:_identify(src) by extension 'cmake'
[2.056s] Level 1:colcon.colcon_core.package_identification:_identify(src) by extension 'python'
[2.056s] Level 1:colcon.colcon_core.package_identification:_identify(src) by extensions ['python_setup_py']
[2.056s] Level 1:colcon.colcon_core.package_identification:_identify(src) by extension 'python_setup_py'
[2.057s] Level 1:colcon.colcon_core.package_identification:_identify(src/build) by extensions ['ignore', 'ignore_ament_install']
[2.057s] Level 1:colcon.colcon_core.package_identification:_identify(src/build) by extension 'ignore'
[2.057s] Level 1:colcon.colcon_core.package_identification:_identify(src/build) ignored
[2.057s] Level 1:colcon.colcon_core.package_identification:_identify(src/exploration) by extensions ['ignore', 'ignore_ament_install']
[2.057s] Level 1:colcon.colcon_core.package_identification:_identify(src/exploration) by extension 'ignore'
[2.057s] Level 1:colcon.colcon_core.package_identification:_identify(src/exploration) by extension 'ignore_ament_install'
[2.057s] Level 1:colcon.colcon_core.package_identification:_identify(src/exploration) by extensions ['colcon_pkg']
[2.057s] Level 1:colcon.colcon_core.package_identification:_identify(src/exploration) by extension 'colcon_pkg'
[2.057s] Level 1:colcon.colcon_core.package_identification:_identify(src/exploration) by extensions ['colcon_meta']
[2.058s] Level 1:colcon.colcon_core.package_identification:_identify(src/exploration) by extension 'colcon_meta'
[2.058s] Level 1:colcon.colcon_core.package_identification:_identify(src/exploration) by extensions ['ros']
[2.058s] Level 1:colcon.colcon_core.package_identification:_identify(src/exploration) by extension 'ros'
[2.063s] DEBUG:colcon.colcon_core.package_identification:Package 'src/exploration' with type 'ros.ament_python' and name 'exploration'
[2.063s] Level 1:colcon.colcon_core.package_identification:_identify(src/install) by extensions ['ignore', 'ignore_ament_install']
[2.063s] Level 1:colcon.colcon_core.package_identification:_identify(src/install) by extension 'ignore'
[2.063s] Level 1:colcon.colcon_core.package_identification:_identify(src/install) ignored
[2.063s] Level 1:colcon.colcon_core.package_identification:_identify(src/log) by extensions ['ignore', 'ignore_ament_install']
[2.064s] Level 1:colcon.colcon_core.package_identification:_identify(src/log) by extension 'ignore'
[2.064s] Level 1:colcon.colcon_core.package_identification:_identify(src/log) ignored
[2.064s] Level 1:colcon.colcon_core.package_identification:_identify(src/sanification) by extensions ['ignore', 'ignore_ament_install']
[2.064s] Level 1:colcon.colcon_core.package_identification:_identify(src/sanification) by extension 'ignore'
[2.064s] Level 1:colcon.colcon_core.package_identification:_identify(src/sanification) by extension 'ignore_ament_install'
[2.064s] Level 1:colcon.colcon_core.package_identification:_identify(src/sanification) by extensions ['colcon_pkg']
[2.064s] Level 1:colcon.colcon_core.package_identification:_identify(src/sanification) by extension 'colcon_pkg'
[2.064s] Level 1:colcon.colcon_core.package_identification:_identify(src/sanification) by extensions ['colcon_meta']
[2.064s] Level 1:colcon.colcon_core.package_identification:_identify(src/sanification) by extension 'colcon_meta'
[2.064s] Level 1:colcon.colcon_core.package_identification:_identify(src/sanification) by extensions ['ros']
[2.065s] Level 1:colcon.colcon_core.package_identification:_identify(src/sanification) by extension 'ros'
[2.065s] DEBUG:colcon.colcon_core.package_identification:Package 'src/sanification' with type 'ros.ament_python' and name 'sanification'
[2.066s] Level 1:colcon.colcon_core.package_identification:_identify(src/turtlebot3_gazebo) by extensions ['ignore', 'ignore_ament_install']
[2.066s] Level 1:colcon.colcon_core.package_identification:_identify(src/turtlebot3_gazebo) by extension 'ignore'
[2.066s] Level 1:colcon.colcon_core.package_identification:_identify(src/turtlebot3_gazebo) by extension 'ignore_ament_install'
[2.066s] Level 1:colcon.colcon_core.package_identification:_identify(src/turtlebot3_gazebo) by extensions ['colcon_pkg']
[2.066s] Level 1:colcon.colcon_core.package_identification:_identify(src/turtlebot3_gazebo) by extension 'colcon_pkg'
[2.066s] Level 1:colcon.colcon_core.package_identification:_identify(src/turtlebot3_gazebo) by extensions ['colcon_meta']
[2.066s] Level 1:colcon.colcon_core.package_identification:_identify(src/turtlebot3_gazebo) by extension 'colcon_meta'
[2.066s] Level 1:colcon.colcon_core.package_identification:_identify(src/turtlebot3_gazebo) by extensions ['ros']
[2.066s] Level 1:colcon.colcon_core.package_identification:_identify(src/turtlebot3_gazebo) by extension 'ros'
[2.068s] DEBUG:colcon.colcon_core.package_identification:Package 'src/turtlebot3_gazebo' with type 'ros.ament_cmake' and name 'turtlebot3_gazebo'
[2.068s] Level 1:colcon.colcon_core.package_discovery:discover_packages(recursive) using defaults
[2.068s] Level 1:colcon.colcon_core.package_discovery:discover_packages(ignore) discover
[2.069s] Level 1:colcon.colcon_core.package_discovery:discover_packages(ignore) using defaults
[2.069s] Level 1:colcon.colcon_core.package_discovery:discover_packages(path) discover
[2.069s] Level 1:colcon.colcon_core.package_discovery:discover_packages(path) using defaults
[2.262s] Level 1:colcon.colcon_core.package_discovery:discover_packages(prefix_path) check parameters
[2.263s] Level 1:colcon.colcon_core.package_discovery:discover_packages(prefix_path) discover
[2.322s] DEBUG:colcon.colcon_installed_package_information.package_discovery:Found 3 installed packages in /home/mengo/amr_project_ws/install
[2.349s] DEBUG:colcon.colcon_installed_package_information.package_discovery:Found 378 installed packages in /opt/ros/humble
[2.350s] Level 1:colcon.colcon_core.package_discovery:discover_packages(prefix_path) using defaults
[2.511s] Level 5:colcon.colcon_core.verb:set package 'exploration' build argument 'cmake_args' from command line to 'None'
[2.511s] Level 5:colcon.colcon_core.verb:set package 'exploration' build argument 'cmake_target' from command line to 'None'
[2.511s] Level 5:colcon.colcon_core.verb:set package 'exploration' build argument 'cmake_target_skip_unavailable' from command line to 'False'
[2.511s] Level 5:colcon.colcon_core.verb:set package 'exploration' build argument 'cmake_clean_cache' from command line to 'False'
[2.511s] Level 5:colcon.colcon_core.verb:set package 'exploration' build argument 'cmake_clean_first' from command line to 'False'
[2.511s] Level 5:colcon.colcon_core.verb:set package 'exploration' build argument 'cmake_force_configure' from command line to 'False'
[2.511s] Level 5:colcon.colcon_core.verb:set package 'exploration' build argument 'ament_cmake_args' from command line to 'None'
[2.511s] Level 5:colcon.colcon_core.verb:set package 'exploration' build argument 'catkin_cmake_args' from command line to 'None'
[2.511s] Level 5:colcon.colcon_core.verb:set package 'exploration' build argument 'catkin_skip_building_tests' from command line to 'False'
[2.511s] DEBUG:colcon.colcon_core.verb:Building package 'exploration' with the following arguments: {'ament_cmake_args': None, 'build_base': '/home/mengo/amr_project_ws/build/exploration', 'catkin_cmake_args': None, 'catkin_skip_building_tests': False, 'cmake_args': None, 'cmake_clean_cache': False, 'cmake_clean_first': False, 'cmake_force_configure': False, 'cmake_target': None, 'cmake_target_skip_unavailable': False, 'install_base': '/home/mengo/amr_project_ws/install/exploration', 'merge_install': False, 'path': '/home/mengo/amr_project_ws/src/exploration', 'symlink_install': False, 'test_result_base': None}
[2.539s] Level 5:colcon.colcon_core.verb:set package 'sanification' build argument 'cmake_args' from command line to 'None'
[2.539s] Level 5:colcon.colcon_core.verb:set package 'sanification' build argument 'cmake_target' from command line to 'None'
[2.539s] Level 5:colcon.colcon_core.verb:set package 'sanification' build argument 'cmake_target_skip_unavailable' from command line to 'False'
[2.539s] Level 5:colcon.colcon_core.verb:set package 'sanification' build argument 'cmake_clean_cache' from command line to 'False'
[2.540s] Level 5:colcon.colcon_core.verb:set package 'sanification' build argument 'cmake_clean_first' from command line to 'False'
[2.540s] Level 5:colcon.colcon_core.verb:set package 'sanification' build argument 'cmake_force_configure' from command line to 'False'
[2.540s] Level 5:colcon.colcon_core.verb:set package 'sanification' build argument 'ament_cmake_args' from command line to 'None'
[2.540s] Level 5:colcon.colcon_core.verb:set package 'sanification' build argument 'catkin_cmake_args' from command line to 'None'
[2.540s] Level 5:colcon.colcon_core.verb:set package 'sanification' build argument 'catkin_skip_building_tests' from command line to 'False'
[2.540s] DEBUG:colcon.colcon_core.verb:Building package 'sanification' with the following arguments: {'ament_cmake_args': None, 'build_base': '/home/mengo/amr_project_ws/build/sanification', 'catkin_cmake_args': None, 'catkin_skip_building_tests': False, 'cmake_args': None, 'cmake_clean_cache': False, 'cmake_clean_first': False, 'cmake_force_configure': False, 'cmake_target': None, 'cmake_target_skip_unavailable': False, 'install_base': '/home/mengo/amr_project_ws/install/sanification', 'merge_install': False, 'path': '/home/mengo/amr_project_ws/src/sanification', 'symlink_install': False, 'test_result_base': None}
[2.566s] Level 5:colcon.colcon_core.verb:set package 'turtlebot3_gazebo' build argument 'cmake_args' from command line to 'None'
[2.566s] Level 5:colcon.colcon_core.verb:set package 'turtlebot3_gazebo' build argument 'cmake_target' from command line to 'None'
[2.566s] Level 5:colcon.colcon_core.verb:set package 'turtlebot3_gazebo' build argument 'cmake_target_skip_unavailable' from command line to 'False'
[2.566s] Level 5:colcon.colcon_core.verb:set package 'turtlebot3_gazebo' build argument 'cmake_clean_cache' from command line to 'False'
[2.566s] Level 5:colcon.colcon_core.verb:set package 'turtlebot3_gazebo' build argument 'cmake_clean_first' from command line to 'False'
[2.566s] Level 5:colcon.colcon_core.verb:set package 'turtlebot3_gazebo' build argument 'cmake_force_configure' from command line to 'False'
[2.566s] Level 5:colcon.colcon_core.verb:set package 'turtlebot3_gazebo' build argument 'ament_cmake_args' from command line to 'None'
[2.566s] Level 5:colcon.colcon_core.verb:set package 'turtlebot3_gazebo' build argument 'catkin_cmake_args' from command line to 'None'
[2.566s] Level 5:colcon.colcon_core.verb:set package 'turtlebot3_gazebo' build argument 'catkin_skip_building_tests' from command line to 'False'
[2.566s] DEBUG:colcon.colcon_core.verb:Building package 'turtlebot3_gazebo' with the following arguments: {'ament_cmake_args': None, 'build_base': '/home/mengo/amr_project_ws/build/turtlebot3_gazebo', 'catkin_cmake_args': None, 'catkin_skip_building_tests': False, 'cmake_args': None, 'cmake_clean_cache': False, 'cmake_clean_first': False, 'cmake_force_configure': False, 'cmake_target': None, 'cmake_target_skip_unavailable': False, 'install_base': '/home/mengo/amr_project_ws/install/turtlebot3_gazebo', 'merge_install': False, 'path': '/home/mengo/amr_project_ws/src/turtlebot3_gazebo', 'symlink_install': False, 'test_result_base': None}
[2.597s] INFO:colcon.colcon_core.executor:Executing jobs using 'parallel' executor
[2.633s] DEBUG:colcon.colcon_parallel_executor.executor.parallel:run_until_complete
[2.634s] INFO:colcon.colcon_ros.task.ament_python.build:Building ROS package in '/home/mengo/amr_project_ws/src/exploration' with build type 'ament_python'
[2.634s] Level 1:colcon.colcon_core.shell:create_environment_hook('exploration', 'ament_prefix_path')
[2.661s] INFO:colcon.colcon_core.plugin_system:Skipping extension 'colcon_core.shell.bat': Not used on non-Windows systems
[2.661s] INFO:colcon.colcon_core.shell:Creating environment hook '/home/mengo/amr_project_ws/install/exploration/share/exploration/hook/ament_prefix_path.ps1'
[2.662s] INFO:colcon.colcon_core.shell:Creating environment descriptor '/home/mengo/amr_project_ws/install/exploration/share/exploration/hook/ament_prefix_path.dsv'
[2.662s] INFO:colcon.colcon_core.shell:Creating environment hook '/home/mengo/amr_project_ws/install/exploration/share/exploration/hook/ament_prefix_path.sh'
[2.690s] INFO:colcon.colcon_core.shell:Skip shell extension 'powershell' for command environment: Not usable outside of PowerShell
[2.691s] DEBUG:colcon.colcon_core.shell:Skip shell extension 'dsv' for command environment
[2.782s] INFO:colcon.colcon_ros.task.ament_python.build:Building ROS package in '/home/mengo/amr_project_ws/src/sanification' with build type 'ament_python'
[2.782s] Level 1:colcon.colcon_core.shell:create_environment_hook('sanification', 'ament_prefix_path')
[2.809s] INFO:colcon.colcon_core.shell:Creating environment hook '/home/mengo/amr_project_ws/install/sanification/share/sanification/hook/ament_prefix_path.ps1'
[2.810s] INFO:colcon.colcon_core.shell:Creating environment descriptor '/home/mengo/amr_project_ws/install/sanification/share/sanification/hook/ament_prefix_path.dsv'
[2.810s] INFO:colcon.colcon_core.shell:Creating environment hook '/home/mengo/amr_project_ws/install/sanification/share/sanification/hook/ament_prefix_path.sh'
[2.840s] INFO:colcon.colcon_core.shell:Skip shell extension 'powershell' for command environment: Not usable outside of PowerShell
[2.840s] DEBUG:colcon.colcon_core.shell:Skip shell extension 'dsv' for command environment
[2.925s] INFO:colcon.colcon_ros.task.ament_cmake.build:Building ROS package in '/home/mengo/amr_project_ws/src/turtlebot3_gazebo' with build type 'ament_cmake'
[2.925s] INFO:colcon.colcon_cmake.task.cmake.build:Building CMake package in '/home/mengo/amr_project_ws/src/turtlebot3_gazebo'
[2.953s] INFO:colcon.colcon_core.shell:Skip shell extension 'powershell' for command environment: Not usable outside of PowerShell
[2.953s] DEBUG:colcon.colcon_core.shell:Skip shell extension 'dsv' for command environment
[3.459s] INFO:colcon.colcon_core.task.python.build:Building Python package in '/home/mengo/amr_project_ws/src/exploration'
[3.482s] INFO:colcon.colcon_core.shell:Skip shell extension 'powershell' for command environment: Not usable outside of PowerShell
[3.482s] DEBUG:colcon.colcon_core.shell:Skip shell extension 'dsv' for command environment
[4.007s] INFO:colcon.colcon_core.task.python.build:Building Python package in '/home/mengo/amr_project_ws/src/sanification'
[4.031s] INFO:colcon.colcon_core.shell:Skip shell extension 'powershell' for command environment: Not usable outside of PowerShell
[4.031s] DEBUG:colcon.colcon_core.shell:Skip shell extension 'dsv' for command environment
[4.126s] DEBUG:colcon.colcon_core.event_handler.log_command:Invoking command in '/home/mengo/amr_project_ws/build/turtlebot3_gazebo': CMAKE_PREFIX_PATH=${CMAKE_PREFIX_PATH}:/home/mengo/amr_project_ws/install/sanification:/home/mengo/amr_project_ws/install/exploration:/opt/ros/humble /usr/bin/cmake --build /home/mengo/amr_project_ws/build/turtlebot3_gazebo -- -j12 -l12
[4.270s] DEBUG:colcon.colcon_core.event_handler.log_command:Invoked command in '/home/mengo/amr_project_ws/build/turtlebot3_gazebo' returned '0': CMAKE_PREFIX_PATH=${CMAKE_PREFIX_PATH}:/home/mengo/amr_project_ws/install/sanification:/home/mengo/amr_project_ws/install/exploration:/opt/ros/humble /usr/bin/cmake --build /home/mengo/amr_project_ws/build/turtlebot3_gazebo -- -j12 -l12
[4.332s] DEBUG:colcon.colcon_core.event_handler.log_command:Invoking command in '/home/mengo/amr_project_ws/build/turtlebot3_gazebo': CMAKE_PREFIX_PATH=${CMAKE_PREFIX_PATH}:/home/mengo/amr_project_ws/install/sanification:/home/mengo/amr_project_ws/install/exploration:/opt/ros/humble /usr/bin/cmake --install /home/mengo/amr_project_ws/build/turtlebot3_gazebo
[4.350s] Level 1:colcon.colcon_core.environment:create_environment_scripts_only(turtlebot3_gazebo)
[4.372s] DEBUG:colcon.colcon_core.event_handler.log_command:Invoked command in '/home/mengo/amr_project_ws/build/turtlebot3_gazebo' returned '0': CMAKE_PREFIX_PATH=${CMAKE_PREFIX_PATH}:/home/mengo/amr_project_ws/install/sanification:/home/mengo/amr_project_ws/install/exploration:/opt/ros/humble /usr/bin/cmake --install /home/mengo/amr_project_ws/build/turtlebot3_gazebo
[4.406s] Level 1:colcon.colcon_core.environment:checking '/home/mengo/amr_project_ws/install/turtlebot3_gazebo' for CMake module files
[4.408s] Level 1:colcon.colcon_core.environment:checking '/home/mengo/amr_project_ws/install/turtlebot3_gazebo' for CMake config files
[4.408s] Level 1:colcon.colcon_core.shell:create_environment_hook('turtlebot3_gazebo', 'cmake_prefix_path')
[4.445s] INFO:colcon.colcon_core.shell:Creating environment hook '/home/mengo/amr_project_ws/install/turtlebot3_gazebo/share/turtlebot3_gazebo/hook/cmake_prefix_path.ps1'
[4.445s] INFO:colcon.colcon_core.shell:Creating environment descriptor '/home/mengo/amr_project_ws/install/turtlebot3_gazebo/share/turtlebot3_gazebo/hook/cmake_prefix_path.dsv'
[4.445s] INFO:colcon.colcon_core.shell:Creating environment hook '/home/mengo/amr_project_ws/install/turtlebot3_gazebo/share/turtlebot3_gazebo/hook/cmake_prefix_path.sh'
[4.446s] Level 1:colcon.colcon_core.environment:checking '/home/mengo/amr_project_ws/install/turtlebot3_gazebo/lib'
[4.446s] Level 1:colcon.colcon_core.environment:checking '/home/mengo/amr_project_ws/install/turtlebot3_gazebo/bin'
[4.446s] Level 1:colcon.colcon_core.environment:checking '/home/mengo/amr_project_ws/install/turtlebot3_gazebo/lib/pkgconfig/turtlebot3_gazebo.pc'
[4.447s] Level 1:colcon.colcon_core.environment:checking '/home/mengo/amr_project_ws/install/turtlebot3_gazebo/lib/python3.10/site-packages'
[4.447s] Level 1:colcon.colcon_core.environment:checking '/home/mengo/amr_project_ws/install/turtlebot3_gazebo/bin'
[4.479s] INFO:colcon.colcon_core.shell:Creating package script '/home/mengo/amr_project_ws/install/turtlebot3_gazebo/share/turtlebot3_gazebo/package.ps1'
[4.481s] INFO:colcon.colcon_core.shell:Creating package descriptor '/home/mengo/amr_project_ws/install/turtlebot3_gazebo/share/turtlebot3_gazebo/package.dsv'
[4.481s] INFO:colcon.colcon_core.shell:Creating package script '/home/mengo/amr_project_ws/install/turtlebot3_gazebo/share/turtlebot3_gazebo/package.sh'
[4.482s] INFO:colcon.colcon_core.shell:Creating package script '/home/mengo/amr_project_ws/install/turtlebot3_gazebo/share/turtlebot3_gazebo/package.bash'
[4.483s] INFO:colcon.colcon_core.shell:Creating package script '/home/mengo/amr_project_ws/install/turtlebot3_gazebo/share/turtlebot3_gazebo/package.zsh'
[4.485s] Level 1:colcon.colcon_core.environment:create_file_with_runtime_dependencies(/home/mengo/amr_project_ws/install/turtlebot3_gazebo/share/colcon-core/packages/turtlebot3_gazebo)
[4.581s] Level 1:colcon.colcon_core.environment:create_environment_scripts_only(turtlebot3_gazebo)
[4.628s] Level 1:colcon.colcon_core.environment:checking '/home/mengo/amr_project_ws/install/turtlebot3_gazebo' for CMake module files
[4.630s] Level 1:colcon.colcon_core.environment:checking '/home/mengo/amr_project_ws/install/turtlebot3_gazebo' for CMake config files
[4.630s] Level 1:colcon.colcon_core.shell:create_environment_hook('turtlebot3_gazebo', 'cmake_prefix_path')
[4.676s] INFO:colcon.colcon_core.shell:Creating environment hook '/home/mengo/amr_project_ws/install/turtlebot3_gazebo/share/turtlebot3_gazebo/hook/cmake_prefix_path.ps1'
[4.676s] INFO:colcon.colcon_core.shell:Creating environment descriptor '/home/mengo/amr_project_ws/install/turtlebot3_gazebo/share/turtlebot3_gazebo/hook/cmake_prefix_path.dsv'
[4.677s] INFO:colcon.colcon_core.shell:Creating environment hook '/home/mengo/amr_project_ws/install/turtlebot3_gazebo/share/turtlebot3_gazebo/hook/cmake_prefix_path.sh'
[4.678s] Level 1:colcon.colcon_core.environment:checking '/home/mengo/amr_project_ws/install/turtlebot3_gazebo/lib'
[4.678s] Level 1:colcon.colcon_core.environment:checking '/home/mengo/amr_project_ws/install/turtlebot3_gazebo/bin'
[4.678s] Level 1:colcon.colcon_core.environment:checking '/home/mengo/amr_project_ws/install/turtlebot3_gazebo/lib/pkgconfig/turtlebot3_gazebo.pc'
[4.678s] Level 1:colcon.colcon_core.environment:checking '/home/mengo/amr_project_ws/install/turtlebot3_gazebo/lib/python3.10/site-packages'
[4.679s] Level 1:colcon.colcon_core.environment:checking '/home/mengo/amr_project_ws/install/turtlebot3_gazebo/bin'
[4.723s] INFO:colcon.colcon_core.shell:Creating package script '/home/mengo/amr_project_ws/install/turtlebot3_gazebo/share/turtlebot3_gazebo/package.ps1'
[4.724s] INFO:colcon.colcon_core.shell:Creating package descriptor '/home/mengo/amr_project_ws/install/turtlebot3_gazebo/share/turtlebot3_gazebo/package.dsv'
[4.725s] INFO:colcon.colcon_core.shell:Creating package script '/home/mengo/amr_project_ws/install/turtlebot3_gazebo/share/turtlebot3_gazebo/package.sh'
[4.725s] INFO:colcon.colcon_core.shell:Creating package script '/home/mengo/amr_project_ws/install/turtlebot3_gazebo/share/turtlebot3_gazebo/package.bash'
[4.726s] INFO:colcon.colcon_core.shell:Creating package script '/home/mengo/amr_project_ws/install/turtlebot3_gazebo/share/turtlebot3_gazebo/package.zsh'
[4.727s] Level 1:colcon.colcon_core.environment:create_file_with_runtime_dependencies(/home/mengo/amr_project_ws/install/turtlebot3_gazebo/share/colcon-core/packages/turtlebot3_gazebo)
[4.800s] DEBUG:colcon.colcon_core.event_handler.log_command:Invoking command in '/home/mengo/amr_project_ws/src/sanification': PYTHONPATH=/home/mengo/amr_project_ws/build/sanification/prefix_override:/home/mengo/amr_project_ws/install/sanification/lib/python3.10/site-packages:${PYTHONPATH} /usr/bin/python3 setup.py egg_info --egg-base ../../build/sanification build --build-base /home/mengo/amr_project_ws/build/sanification/build install --record /home/mengo/amr_project_ws/build/sanification/install.log --single-version-externally-managed
[4.816s] DEBUG:colcon.colcon_core.event_handler.log_command:Invoking command in '/home/mengo/amr_project_ws/src/exploration': PYTHONPATH=/home/mengo/amr_project_ws/build/exploration/prefix_override:/home/mengo/amr_project_ws/install/exploration/lib/python3.10/site-packages:${PYTHONPATH} /usr/bin/python3 setup.py egg_info --egg-base ../../build/exploration build --build-base /home/mengo/amr_project_ws/build/exploration/build install --record /home/mengo/amr_project_ws/build/exploration/install.log --single-version-externally-managed
[5.376s] DEBUG:colcon.colcon_core.event_handler.log_command:Invoked command in '/home/mengo/amr_project_ws/src/exploration' returned '0': PYTHONPATH=/home/mengo/amr_project_ws/build/exploration/prefix_override:/home/mengo/amr_project_ws/install/exploration/lib/python3.10/site-packages:${PYTHONPATH} /usr/bin/python3 setup.py egg_info --egg-base ../../build/exploration build --build-base /home/mengo/amr_project_ws/build/exploration/build install --record /home/mengo/amr_project_ws/build/exploration/install.log --single-version-externally-managed
[5.408s] Level 1:colcon.colcon_core.environment:checking '/home/mengo/amr_project_ws/install/exploration' for CMake module files
[5.409s] Level 1:colcon.colcon_core.environment:checking '/home/mengo/amr_project_ws/install/exploration' for CMake config files
[5.409s] Level 1:colcon.colcon_core.environment:checking '/home/mengo/amr_project_ws/install/exploration/lib'
[5.410s] Level 1:colcon.colcon_core.environment:checking '/home/mengo/amr_project_ws/install/exploration/bin'
[5.410s] Level 1:colcon.colcon_core.environment:checking '/home/mengo/amr_project_ws/install/exploration/lib/pkgconfig/exploration.pc'
[5.410s] Level 1:colcon.colcon_core.environment:checking '/home/mengo/amr_project_ws/install/exploration/lib/python3.10/site-packages'
[5.410s] Level 1:colcon.colcon_core.shell:create_environment_hook('exploration', 'pythonpath')
[5.447s] INFO:colcon.colcon_core.shell:Creating environment hook '/home/mengo/amr_project_ws/install/exploration/share/exploration/hook/pythonpath.ps1'
[5.450s] INFO:colcon.colcon_core.shell:Creating environment descriptor '/home/mengo/amr_project_ws/install/exploration/share/exploration/hook/pythonpath.dsv'
[5.450s] INFO:colcon.colcon_core.shell:Creating environment hook '/home/mengo/amr_project_ws/install/exploration/share/exploration/hook/pythonpath.sh'
[5.451s] Level 1:colcon.colcon_core.environment:checking '/home/mengo/amr_project_ws/install/exploration/bin'
[5.451s] Level 1:colcon.colcon_core.environment:create_environment_scripts_only(exploration)
[5.485s] INFO:colcon.colcon_core.shell:Creating package script '/home/mengo/amr_project_ws/install/exploration/share/exploration/package.ps1'
[5.486s] INFO:colcon.colcon_core.shell:Creating package descriptor '/home/mengo/amr_project_ws/install/exploration/share/exploration/package.dsv'
[5.486s] INFO:colcon.colcon_core.shell:Creating package script '/home/mengo/amr_project_ws/install/exploration/share/exploration/package.sh'
[5.487s] INFO:colcon.colcon_core.shell:Creating package script '/home/mengo/amr_project_ws/install/exploration/share/exploration/package.bash'
[5.487s] INFO:colcon.colcon_core.shell:Creating package script '/home/mengo/amr_project_ws/install/exploration/share/exploration/package.zsh'
[5.488s] Level 1:colcon.colcon_core.environment:create_file_with_runtime_dependencies(/home/mengo/amr_project_ws/install/exploration/share/colcon-core/packages/exploration)
[5.490s] DEBUG:colcon.colcon_core.event_handler.log_command:Invoked command in '/home/mengo/amr_project_ws/src/sanification' returned '0': PYTHONPATH=/home/mengo/amr_project_ws/build/sanification/prefix_override:/home/mengo/amr_project_ws/install/sanification/lib/python3.10/site-packages:${PYTHONPATH} /usr/bin/python3 setup.py egg_info --egg-base ../../build/sanification build --build-base /home/mengo/amr_project_ws/build/sanification/build install --record /home/mengo/amr_project_ws/build/sanification/install.log --single-version-externally-managed
[5.528s] Level 1:colcon.colcon_core.environment:checking '/home/mengo/amr_project_ws/install/sanification' for CMake module files
[5.529s] Level 1:colcon.colcon_core.environment:checking '/home/mengo/amr_project_ws/install/sanification' for CMake config files
[5.530s] Level 1:colcon.colcon_core.environment:checking '/home/mengo/amr_project_ws/install/sanification/lib'
[5.530s] Level 1:colcon.colcon_core.environment:checking '/home/mengo/amr_project_ws/install/sanification/bin'
[5.530s] Level 1:colcon.colcon_core.environment:checking '/home/mengo/amr_project_ws/install/sanification/lib/pkgconfig/sanification.pc'
[5.530s] Level 1:colcon.colcon_core.environment:checking '/home/mengo/amr_project_ws/install/sanification/lib/python3.10/site-packages'
[5.530s] Level 1:colcon.colcon_core.shell:create_environment_hook('sanification', 'pythonpath')
[5.568s] INFO:colcon.colcon_core.shell:Creating environment hook '/home/mengo/amr_project_ws/install/sanification/share/sanification/hook/pythonpath.ps1'
[5.569s] INFO:colcon.colcon_core.shell:Creating environment descriptor '/home/mengo/amr_project_ws/install/sanification/share/sanification/hook/pythonpath.dsv'
[5.571s] INFO:colcon.colcon_core.shell:Creating environment hook '/home/mengo/amr_project_ws/install/sanification/share/sanification/hook/pythonpath.sh'
[5.573s] Level 1:colcon.colcon_core.environment:checking '/home/mengo/amr_project_ws/install/sanification/bin'
[5.573s] Level 1:colcon.colcon_core.environment:create_environment_scripts_only(sanification)
[5.604s] INFO:colcon.colcon_core.shell:Creating package script '/home/mengo/amr_project_ws/install/sanification/share/sanification/package.ps1'
[5.605s] INFO:colcon.colcon_core.shell:Creating package descriptor '/home/mengo/amr_project_ws/install/sanification/share/sanification/package.dsv'
[5.606s] INFO:colcon.colcon_core.shell:Creating package script '/home/mengo/amr_project_ws/install/sanification/share/sanification/package.sh'
[5.606s] INFO:colcon.colcon_core.shell:Creating package script '/home/mengo/amr_project_ws/install/sanification/share/sanification/package.bash'
[5.607s] INFO:colcon.colcon_core.shell:Creating package script '/home/mengo/amr_project_ws/install/sanification/share/sanification/package.zsh'
[5.607s] Level 1:colcon.colcon_core.environment:create_file_with_runtime_dependencies(/home/mengo/amr_project_ws/install/sanification/share/colcon-core/packages/sanification)
[5.608s] DEBUG:colcon.colcon_parallel_executor.executor.parallel:closing loop
[5.608s] DEBUG:colcon.colcon_parallel_executor.executor.parallel:loop closed
[5.608s] DEBUG:colcon.colcon_parallel_executor.executor.parallel:run_until_complete finished with '0'
[5.609s] DEBUG:colcon.colcon_core.event_reactor:joining thread
[5.653s] INFO:colcon.colcon_core.plugin_system:Skipping extension 'colcon_notification.desktop_notification.terminal_notifier': Not used on non-Darwin systems
[5.653s] INFO:colcon.colcon_core.plugin_system:Skipping extension 'colcon_notification.desktop_notification.win32': Not used on non-Windows systems
[5.653s] INFO:colcon.colcon_notification.desktop_notification:Sending desktop notification using 'notify2'
[5.673s] DEBUG:colcon.colcon_core.event_reactor:joined thread
[5.729s] INFO:colcon.colcon_core.shell:Creating prefix script '/home/mengo/amr_project_ws/install/local_setup.ps1'
[5.730s] INFO:colcon.colcon_core.shell:Creating prefix util module '/home/mengo/amr_project_ws/install/_local_setup_util_ps1.py'
[5.732s] INFO:colcon.colcon_core.shell:Creating prefix chain script '/home/mengo/amr_project_ws/install/setup.ps1'
[5.766s] INFO:colcon.colcon_core.shell:Creating prefix script '/home/mengo/amr_project_ws/install/local_setup.sh'
[5.767s] INFO:colcon.colcon_core.shell:Creating prefix util module '/home/mengo/amr_project_ws/install/_local_setup_util_sh.py'
[5.767s] INFO:colcon.colcon_core.shell:Creating prefix chain script '/home/mengo/amr_project_ws/install/setup.sh'
[5.798s] INFO:colcon.colcon_core.shell:Creating prefix script '/home/mengo/amr_project_ws/install/local_setup.bash'
[5.799s] INFO:colcon.colcon_core.shell:Creating prefix chain script '/home/mengo/amr_project_ws/install/setup.bash'
[5.834s] INFO:colcon.colcon_core.shell:Creating prefix script '/home/mengo/amr_project_ws/install/local_setup.zsh'
[5.834s] INFO:colcon.colcon_core.shell:Creating prefix chain script '/home/mengo/amr_project_ws/install/setup.zsh'
